Start time: Sun Dec 12 22:19:13 2021

              |=============================|
              |      REGENIE v2.0.2.gz      |
              |=============================|

Copyright (c) 2020 Joelle Mbatchou and Jonathan Marchini.
Distributed under the MIT License.
Compiled with Boost Iostream library.
Using Intel MKL with Eigen.

Log of output saved in file : regenie_output/PCa_ukb_step1_ltfh.log

Options in effect:
  --step 1 \
  --bed /mnt/stsi/stsi1/ptseng/UKBB_Resources/filtered_noimpute_bed/ukb_cal_allChrs_prune \
  --phenoFile regenie_input/PCa_ltfh.txt \
  --covarFile regenie_input/PCa_covar.txt \
  --remove /gpfs/home/ptseng/Torkamani_Projects/20210901_PD_UKBB/ukbb_relatedness/king_output/king_degree_4_unrelatedunrelated_toberemoved.txt \
  --exclude /mnt/stsi/stsi1/ptseng/UKBB_Resources/ID_list/ICLD_low-complexity.exclude \
  --bsize 1000 \
  --out regenie_output/PCa_ukb_step1_ltfh

Fitting null model
 * bim              : [/mnt/stsi/stsi1/ptseng/UKBB_Resources/filtered_noimpute_bed/ukb_cal_allChrs_prune.bim] n_snps = 487427
   -removing variants specified in [/mnt/stsi/stsi1/ptseng/UKBB_Resources/ID_list/ICLD_low-complexity.exclude]
     +number of variants remaining in the analysis = 487427
 * fam              : [/mnt/stsi/stsi1/ptseng/UKBB_Resources/filtered_noimpute_bed/ukb_cal_allChrs_prune.fam] n_samples = 460108
   -removing individuals specified in [/gpfs/home/ptseng/Torkamani_Projects/20210901_PD_UKBB/ukbb_relatedness/king_output/king_degree_4_unrelatedunrelated_toberemoved.txt]
     +number of genotyped individuals to exclude from the analysis = 34787
 * bed              : [/mnt/stsi/stsi1/ptseng/UKBB_Resources/filtered_noimpute_bed/ukb_cal_allChrs_prune.bed]
 * phenotypes       : [regenie_input/PCa_ltfh.txt] n_pheno = 1
   -dropping observations with missing values at any of the phenotypes
   -number of phenotyped individuals = 425107
   -number of individuals remaining with non-missing phenotypes = 425107
 * covariates       : [regenie_input/PCa_covar.txt] n_cov = 21
   -number of individuals with covariate data = 425140
 * number of individuals used in analysis = 425107
   -residualizing and scaling phenotypes...done (10ms) 
 * # threads        : [15]
 * block size       : [1000]
 * # blocks         : [498]
 * # CV folds       : [5]
 * ridge data_l0    : [5 : 0.01 0.25 0.5 0.75 0.99 ]
 * ridge data_l1    : [5 : 0.01 0.25 0.5 0.75 0.99 ]
 * approximate memory usage : 12GB
 * setting memory...done

Chromosome 1
 block [1] : 1000 snps  (70657ms) 
   -residualizing and scaling genotypes...done (21009ms) 
   -calc working matrices...done (4442ms) 
   -calc level 0 ridge...done (5722ms) 
 block [2] : 1000 snps  (79547ms) 
   -residualizing and scaling genotypes...done (19914ms) 
   -calc working matrices...done (4475ms) 
   -calc level 0 ridge...done (5617ms) 
 block [3] : 1000 snps  (116108ms) 
   -residualizing and scaling genotypes...done (29153ms) 
   -calc working matrices...done (4386ms) 
   -calc level 0 ridge...done (6349ms) 
 block [4] : 1000 snps  (95242ms) 
   -residualizing and scaling genotypes...done (28097ms) 
   -calc working matrices...done (5099ms) 
   -calc level 0 ridge...done (5604ms) 
 block [5] : 1000 snps  (89940ms) 
   -residualizing and scaling genotypes...done (28369ms) 
   -calc working matrices...done (4453ms) 
   -calc level 0 ridge...done (5731ms) 
 block [6] : 1000 snps  (94766ms) 
   -residualizing and scaling genotypes...done (28224ms) 
   -calc working matrices...done (4460ms) 
   -calc level 0 ridge...done (5819ms) 
 block [7] : 1000 snps  (94179ms) 
   -residualizing and scaling genotypes...done (28255ms) 
   -calc working matrices...done (4458ms) 
   -calc level 0 ridge...done (5783ms) 
 block [8] : 1000 snps  (94109ms) 
   -residualizing and scaling genotypes...done (28363ms) 
   -calc working matrices...done (4457ms) 
   -calc level 0 ridge...done (5894ms) 
 block [9] : 1000 snps  (94417ms) 
   -residualizing and scaling genotypes...done (28283ms) 
   -calc working matrices...done (4472ms) 
   -calc level 0 ridge...done (5724ms) 
 block [10] : 1000 snps  (106957ms) 
   -residualizing and scaling genotypes...done (28949ms) 
   -calc working matrices...done (4285ms) 
   -calc level 0 ridge...done (5820ms) 
 block [11] : 1000 snps  (87084ms) 
   -residualizing and scaling genotypes...done (28302ms) 
   -calc working matrices...done (4453ms) 
   -calc level 0 ridge...done (5826ms) 
 block [12] : 1000 snps  (85003ms) 
   -residualizing and scaling genotypes...done (28271ms) 
   -calc working matrices...done (4332ms) 
   -calc level 0 ridge...done (5919ms) 
 block [13] : 1000 snps  (84906ms) 
   -residualizing and scaling genotypes...done (28278ms) 
   -calc working matrices...done (4555ms) 
   -calc level 0 ridge...done (5884ms) 
 block [14] : 1000 snps  (84742ms) 
   -residualizing and scaling genotypes...done (28341ms) 
   -calc working matrices...done (4872ms) 
   -calc level 0 ridge...done (5856ms) 
 block [15] : 1000 snps  (86983ms) 
   -residualizing and scaling genotypes...done (28342ms) 
   -calc working matrices...done (4486ms) 
   -calc level 0 ridge...done (5860ms) 
 block [16] : 1000 snps  (84904ms) 
   -residualizing and scaling genotypes...done (28515ms) 
   -calc working matrices...done (4520ms) 
   -calc level 0 ridge...done (5801ms) 
 block [17] : 1000 snps  (84930ms) 
   -residualizing and scaling genotypes...done (28451ms) 
   -calc working matrices...done (4587ms) 
   -calc level 0 ridge...done (5980ms) 
 block [18] : 1000 snps  (87384ms) 
   -residualizing and scaling genotypes...done (28241ms) 
   -calc working matrices...done (4502ms) 
   -calc level 0 ridge...done (5959ms) 
 block [19] : 1000 snps  (86119ms) 
   -residualizing and scaling genotypes...done (28289ms) 
   -calc working matrices...done (4480ms) 
   -calc level 0 ridge...done (5763ms) 
 block [20] : 1000 snps  (87063ms) 
   -residualizing and scaling genotypes...done (28446ms) 
   -calc working matrices...done (4557ms) 
   -calc level 0 ridge...done (5962ms) 
 block [21] : 1000 snps  (84902ms) 
   -residualizing and scaling genotypes...done (28161ms) 
   -calc working matrices...done (4455ms) 
   -calc level 0 ridge...done (5796ms) 
 block [22] : 1000 snps  (90122ms) 
   -residualizing and scaling genotypes...done (20647ms) 
   -calc working matrices...done (4536ms) 
   -calc level 0 ridge...done (5857ms) 
 block [23] : 1000 snps  (72607ms) 
   -residualizing and scaling genotypes...done (20815ms) 
   -calc working matrices...done (4471ms) 
   -calc level 0 ridge...done (5680ms) 
 block [24] : 1000 snps  (75281ms) 
   -residualizing and scaling genotypes...done (20554ms) 
   -calc working matrices...done (4462ms) 
   -calc level 0 ridge...done (5699ms) 
 block [25] : 1000 snps  (105697ms) 
   -residualizing and scaling genotypes...done (28328ms) 
   -calc working matrices...done (4742ms) 
   -calc level 0 ridge...done (5975ms) 
 block [26] : 1000 snps  (86476ms) 
   -residualizing and scaling genotypes...done (28513ms) 
   -calc working matrices...done (4515ms) 
   -calc level 0 ridge...done (5679ms) 
 block [27] : 1000 snps  (93519ms) 
   -residualizing and scaling genotypes...done (19528ms) 
   -calc working matrices...done (4438ms) 
   -calc level 0 ridge...done (5850ms) 
 block [28] : 1000 snps  (73182ms) 
   -residualizing and scaling genotypes...done (23817ms) 
   -calc working matrices...done (4557ms) 
   -calc level 0 ridge...done (5739ms) 
 block [29] : 1000 snps  (93074ms) 
   -residualizing and scaling genotypes...done (20113ms) 
   -calc working matrices...done (4459ms) 
   -calc level 0 ridge...done (5200ms) 
 block [30] : 1000 snps  (85987ms) 
   -residualizing and scaling genotypes...done (20224ms) 
   -calc working matrices...done (4538ms) 
   -calc level 0 ridge...done (5768ms) 
 block [31] : 1000 snps  (80233ms) 
   -residualizing and scaling genotypes...done (20820ms) 
   -calc working matrices...done (4391ms) 
   -calc level 0 ridge...done (5707ms) 
 block [32] : 1000 snps  (88752ms) 
   -residualizing and scaling genotypes...done (32861ms) 
   -calc working matrices...done (4509ms) 
   -calc level 0 ridge...done (5870ms) 
 block [33] : 1000 snps  (92392ms) 
   -residualizing and scaling genotypes...done (28420ms) 
   -calc working matrices...done (4369ms) 
   -calc level 0 ridge...done (6070ms) 
 block [34] : 1000 snps  (91014ms) 
   -residualizing and scaling genotypes...done (22606ms) 
   -calc working matrices...done (4389ms) 
   -calc level 0 ridge...done (6093ms) 
 block [35] : 1000 snps  (102651ms) 
   -residualizing and scaling genotypes...done (28373ms) 
   -calc working matrices...done (4531ms) 
   -calc level 0 ridge...done (5765ms) 
 block [36] : 1000 snps  (91491ms) 
   -residualizing and scaling genotypes...done (20084ms) 
   -calc working matrices...done (4354ms) 
   -calc level 0 ridge...done (6223ms) 
 block [37] : 1000 snps  (100108ms) 
   -residualizing and scaling genotypes...done (28335ms) 
   -calc working matrices...done (4627ms) 
   -calc level 0 ridge...done (6005ms) 
 block [38] : 1000 snps  (94122ms) 
   -residualizing and scaling genotypes...done (20516ms) 
   -calc working matrices...done (4376ms) 
   -calc level 0 ridge...done (5900ms) 
 block [39] : 862 snps  (57386ms) 
   -residualizing and scaling genotypes...done (21486ms) 
   -calc working matrices...done (3483ms) 
   -calc level 0 ridge...done (4540ms) 
Chromosome 2
 block [40] : 1000 snps  (61005ms) 
   -residualizing and scaling genotypes...done (12029ms) 
   -calc working matrices...done (4211ms) 
   -calc level 0 ridge...done (5133ms) 
 block [41] : 1000 snps  (65237ms) 
   -residualizing and scaling genotypes...done (12222ms) 
   -calc working matrices...done (4164ms) 
   -calc level 0 ridge...done (5250ms) 
 block [42] : 1000 snps  (65460ms) 
   -residualizing and scaling genotypes...done (12247ms) 
   -calc working matrices...done (4145ms) 
   -calc level 0 ridge...done (5456ms) 
 block [43] : 1000 snps  (64609ms) 
   -residualizing and scaling genotypes...done (12211ms) 
   -calc working matrices...done (4208ms) 
   -calc level 0 ridge...done (5861ms) 
 block [44] : 1000 snps  (61389ms) 
   -residualizing and scaling genotypes...done (12513ms) 
   -calc working matrices...done (4257ms) 
   -calc level 0 ridge...done (5865ms) 
 block [45] : 1000 snps  (60981ms) 
   -residualizing and scaling genotypes...done (12401ms) 
   -calc working matrices...done (4218ms) 
   -calc level 0 ridge...done (5761ms) 
 block [46] : 1000 snps  (61446ms) 
   -residualizing and scaling genotypes...done (12292ms) 
   -calc working matrices...done (4187ms) 
   -calc level 0 ridge...done (5630ms) 
 block [47] : 1000 snps  (70926ms) 
   -residualizing and scaling genotypes...done (12287ms) 
   -calc working matrices...done (4293ms) 
   -calc level 0 ridge...done (5645ms) 
 block [48] : 1000 snps  (64657ms) 
   -residualizing and scaling genotypes...done (12241ms) 
   -calc working matrices...done (4201ms) 
   -calc level 0 ridge...done (5312ms) 
 block [49] : 1000 snps  (65933ms) 
   -residualizing and scaling genotypes...done (15180ms) 
   -calc working matrices...done (4184ms) 
   -calc level 0 ridge...done (5037ms) 
 block [50] : 1000 snps  (64677ms) 
   -residualizing and scaling genotypes...done (12213ms) 
   -calc working matrices...done (4065ms) 
   -calc level 0 ridge...done (5524ms) 
 block [51] : 1000 snps  (62657ms) 
   -residualizing and scaling genotypes...done (11888ms) 
   -calc working matrices...done (4470ms) 
   -calc level 0 ridge...done (5407ms) 
 block [52] : 1000 snps  (78396ms) 
   -residualizing and scaling genotypes...done (12746ms) 
   -calc working matrices...done (4213ms) 
   -calc level 0 ridge...done (5245ms) 
 block [53] : 1000 snps  (65451ms) 
   -residualizing and scaling genotypes...done (11985ms) 
   -calc working matrices...done (4053ms) 
   -calc level 0 ridge...done (5425ms) 
 block [54] : 1000 snps  (104209ms) 
   -residualizing and scaling genotypes...done (16372ms) 
   -calc working matrices...done (4025ms) 
   -calc level 0 ridge...done (4517ms) 
 block [55] : 1000 snps  (66687ms) 
   -residualizing and scaling genotypes...done (12507ms) 
   -calc working matrices...done (4145ms) 
   -calc level 0 ridge...done (5628ms) 
 block [56] : 1000 snps  (63299ms) 
   -residualizing and scaling genotypes...done (12537ms) 
   -calc working matrices...done (4213ms) 
   -calc level 0 ridge...done (5499ms) 
 block [57] : 1000 snps  (67259ms) 
   -residualizing and scaling genotypes...done (12372ms) 
   -calc working matrices...done (4204ms) 
   -calc level 0 ridge...done (5511ms) 
 block [58] : 1000 snps  (103983ms) 
   -residualizing and scaling genotypes...done (17221ms) 
   -calc working matrices...done (4263ms) 
   -calc level 0 ridge...done (4269ms) 
 block [59] : 1000 snps  (66214ms) 
   -residualizing and scaling genotypes...done (12203ms) 
   -calc working matrices...done (4167ms) 
   -calc level 0 ridge...done (5563ms) 
 block [60] : 1000 snps  (65886ms) 
   -residualizing and scaling genotypes...done (12480ms) 
   -calc working matrices...done (4274ms) 
   -calc level 0 ridge...done (5414ms) 
 block [61] : 1000 snps  (62969ms) 
   -residualizing and scaling genotypes...done (12373ms) 
   -calc working matrices...done (4222ms) 
   -calc level 0 ridge...done (5344ms) 
 block [62] : 1000 snps  (62557ms) 
   -residualizing and scaling genotypes...done (12469ms) 
   -calc working matrices...done (3996ms) 
   -calc level 0 ridge...done (5353ms) 
 block [63] : 1000 snps  (63941ms) 
   -residualizing and scaling genotypes...done (12247ms) 
   -calc working matrices...done (4045ms) 
   -calc level 0 ridge...done (5590ms) 
 block [64] : 1000 snps  (71349ms) 
   -residualizing and scaling genotypes...done (12517ms) 
   -calc working matrices...done (4145ms) 
   -calc level 0 ridge...done (5462ms) 
 block [65] : 1000 snps  (87580ms) 
   -residualizing and scaling genotypes...done (12481ms) 
   -calc working matrices...done (4062ms) 
   -calc level 0 ridge...done (5289ms) 
 block [66] : 1000 snps  (63141ms) 
   -residualizing and scaling genotypes...done (12225ms) 
   -calc working matrices...done (4187ms) 
   -calc level 0 ridge...done (5433ms) 
 block [67] : 1000 snps  (62792ms) 
   -residualizing and scaling genotypes...done (12458ms) 
   -calc working matrices...done (4100ms) 
   -calc level 0 ridge...done (5469ms) 
 block [68] : 1000 snps  (62834ms) 
   -residualizing and scaling genotypes...done (12321ms) 
   -calc working matrices...done (4251ms) 
   -calc level 0 ridge...done (5526ms) 
 block [69] : 1000 snps  (62734ms) 
   -residualizing and scaling genotypes...done (12412ms) 
   -calc working matrices...done (4258ms) 
   -calc level 0 ridge...done (5469ms) 
 block [70] : 1000 snps  (62399ms) 
   -residualizing and scaling genotypes...done (11976ms) 
   -calc working matrices...done (4206ms) 
   -calc level 0 ridge...done (5516ms) 
 block [71] : 1000 snps  (62613ms) 
   -residualizing and scaling genotypes...done (11957ms) 
   -calc working matrices...done (4282ms) 
   -calc level 0 ridge...done (5437ms) 
 block [72] : 1000 snps  (103730ms) 
   -residualizing and scaling genotypes...done (16137ms) 
   -calc working matrices...done (4060ms) 
   -calc level 0 ridge...done (4807ms) 
 block [73] : 1000 snps  (65976ms) 
   -residualizing and scaling genotypes...done (12330ms) 
   -calc working matrices...done (4215ms) 
   -calc level 0 ridge...done (5607ms) 
 block [74] : 1000 snps  (65285ms) 
   -residualizing and scaling genotypes...done (12244ms) 
   -calc working matrices...done (4267ms) 
   -calc level 0 ridge...done (5582ms) 
 block [75] : 1000 snps  (63188ms) 
   -residualizing and scaling genotypes...done (12482ms) 
   -calc working matrices...done (4253ms) 
   -calc level 0 ridge...done (5497ms) 
 block [76] : 1000 snps  (69072ms) 
   -residualizing and scaling genotypes...done (12410ms) 
   -calc working matrices...done (4269ms) 
   -calc level 0 ridge...done (5489ms) 
 block [77] : 1000 snps  (63657ms) 
   -residualizing and scaling genotypes...done (12425ms) 
   -calc working matrices...done (4207ms) 
   -calc level 0 ridge...done (5583ms) 
 block [78] : 1000 snps  (63399ms) 
   -residualizing and scaling genotypes...done (12263ms) 
   -calc working matrices...done (4200ms) 
   -calc level 0 ridge...done (5562ms) 
 block [79] : 403 snps  (30262ms) 
   -residualizing and scaling genotypes...done (5970ms) 
   -calc working matrices...done (991ms) 
   -calc level 0 ridge...done (1966ms) 
Chromosome 3
 block [80] : 1000 snps  (61415ms) 
   -residualizing and scaling genotypes...done (12944ms) 
   -calc working matrices...done (4214ms) 
   -calc level 0 ridge...done (5715ms) 
 block [81] : 1000 snps  (92892ms) 
   -residualizing and scaling genotypes...done (13687ms) 
   -calc working matrices...done (4296ms) 
   -calc level 0 ridge...done (5385ms) 
 block [82] : 1000 snps  (78543ms) 
   -residualizing and scaling genotypes...done (12767ms) 
   -calc working matrices...done (4177ms) 
   -calc level 0 ridge...done (5805ms) 
 block [83] : 1000 snps  (102163ms) 
   -residualizing and scaling genotypes...done (13528ms) 
   -calc working matrices...done (4261ms) 
   -calc level 0 ridge...done (4578ms) 
 block [84] : 1000 snps  (68179ms) 
   -residualizing and scaling genotypes...done (12648ms) 
   -calc working matrices...done (4157ms) 
   -calc level 0 ridge...done (5606ms) 
 block [85] : 1000 snps  (61834ms) 
   -residualizing and scaling genotypes...done (12207ms) 
   -calc working matrices...done (4064ms) 
   -calc level 0 ridge...done (5529ms) 
 block [86] : 1000 snps  (96770ms) 
   -residualizing and scaling genotypes...done (13122ms) 
   -calc working matrices...done (4244ms) 
   -calc level 0 ridge...done (5072ms) 
 block [87] : 1000 snps  (66521ms) 
   -residualizing and scaling genotypes...done (12530ms) 
   -calc working matrices...done (4072ms) 
   -calc level 0 ridge...done (5476ms) 
 block [88] : 1000 snps  (91464ms) 
   -residualizing and scaling genotypes...done (12827ms) 
   -calc working matrices...done (4226ms) 
   -calc level 0 ridge...done (5566ms) 
 block [89] : 1000 snps  (64056ms) 
   -residualizing and scaling genotypes...done (13007ms) 
   -calc working matrices...done (4141ms) 
   -calc level 0 ridge...done (5531ms) 
 block [90] : 1000 snps  (61908ms) 
   -residualizing and scaling genotypes...done (12250ms) 
   -calc working matrices...done (3988ms) 
   -calc level 0 ridge...done (5520ms) 
 block [91] : 1000 snps  (95770ms) 
   -residualizing and scaling genotypes...done (12835ms) 
   -calc working matrices...done (4250ms) 
   -calc level 0 ridge...done (5519ms) 
 block [92] : 1000 snps  (77278ms) 
   -residualizing and scaling genotypes...done (13944ms) 
   -calc working matrices...done (4174ms) 
   -calc level 0 ridge...done (5612ms) 
 block [93] : 1000 snps  (61880ms) 
   -residualizing and scaling genotypes...done (12500ms) 
   -calc working matrices...done (4201ms) 
   -calc level 0 ridge...done (5611ms) 
 block [94] : 1000 snps  (63761ms) 
   -residualizing and scaling genotypes...done (17147ms) 
   -calc working matrices...done (4158ms) 
   -calc level 0 ridge...done (5639ms) 
 block [95] : 1000 snps  (91365ms) 
   -residualizing and scaling genotypes...done (12587ms) 
   -calc working matrices...done (4396ms) 
   -calc level 0 ridge...done (5409ms) 
 block [96] : 1000 snps  (67330ms) 
   -residualizing and scaling genotypes...done (12395ms) 
   -calc working matrices...done (4043ms) 
   -calc level 0 ridge...done (5550ms) 
 block [97] : 1000 snps  (64200ms) 
   -residualizing and scaling genotypes...done (12458ms) 
   -calc working matrices...done (4212ms) 
   -calc level 0 ridge...done (5738ms) 
 block [98] : 1000 snps  (66044ms) 
   -residualizing and scaling genotypes...done (12730ms) 
   -calc working matrices...done (4460ms) 
   -calc level 0 ridge...done (5483ms) 
 block [99] : 1000 snps  (67567ms) 
   -residualizing and scaling genotypes...done (12920ms) 
   -calc working matrices...done (4224ms) 
   -calc level 0 ridge...done (5653ms) 
 block [100] : 1000 snps  (65153ms) 
   -residualizing and scaling genotypes...done (12883ms) 
   -calc working matrices...done (4216ms) 
   -calc level 0 ridge...done (4782ms) 
 block [101] : 1000 snps  (68398ms) 
   -residualizing and scaling genotypes...done (12923ms) 
   -calc working matrices...done (4160ms) 
   -calc level 0 ridge...done (5643ms) 
 block [102] : 1000 snps  (66285ms) 
   -residualizing and scaling genotypes...done (12951ms) 
   -calc working matrices...done (4267ms) 
   -calc level 0 ridge...done (5436ms) 
 block [103] : 1000 snps  (91626ms) 
   -residualizing and scaling genotypes...done (13461ms) 
   -calc working matrices...done (4166ms) 
   -calc level 0 ridge...done (5286ms) 
 block [104] : 1000 snps  (78725ms) 
   -residualizing and scaling genotypes...done (12905ms) 
   -calc working matrices...done (4150ms) 
   -calc level 0 ridge...done (5542ms) 
 block [105] : 1000 snps  (74117ms) 
   -residualizing and scaling genotypes...done (12821ms) 
   -calc working matrices...done (4169ms) 
   -calc level 0 ridge...done (5282ms) 
 block [106] : 1000 snps  (73765ms) 
   -residualizing and scaling genotypes...done (12912ms) 
   -calc working matrices...done (4220ms) 
   -calc level 0 ridge...done (5357ms) 
 block [107] : 1000 snps  (99638ms) 
   -residualizing and scaling genotypes...done (16572ms) 
   -calc working matrices...done (4170ms) 
   -calc level 0 ridge...done (4233ms) 
 block [108] : 1000 snps  (71259ms) 
   -residualizing and scaling genotypes...done (12715ms) 
   -calc working matrices...done (4308ms) 
   -calc level 0 ridge...done (5233ms) 
 block [109] : 1000 snps  (65853ms) 
   -residualizing and scaling genotypes...done (12862ms) 
   -calc working matrices...done (4219ms) 
   -calc level 0 ridge...done (5416ms) 
 block [110] : 1000 snps  (63396ms) 
   -residualizing and scaling genotypes...done (12385ms) 
   -calc working matrices...done (3997ms) 
   -calc level 0 ridge...done (5470ms) 
 block [111] : 1000 snps  (63757ms) 
   -residualizing and scaling genotypes...done (12864ms) 
   -calc working matrices...done (4054ms) 
   -calc level 0 ridge...done (5341ms) 
 block [112] : 1000 snps  (63789ms) 
   -residualizing and scaling genotypes...done (12776ms) 
   -calc working matrices...done (4016ms) 
   -calc level 0 ridge...done (5392ms) 
 block [113] : 332 snps  (18901ms) 
   -residualizing and scaling genotypes...done (3208ms) 
   -calc working matrices...done (727ms) 
   -calc level 0 ridge...done (1618ms) 
Chromosome 4
 block [114] : 1000 snps  (70075ms) 
   -residualizing and scaling genotypes...done (19245ms) 
   -calc working matrices...done (4424ms) 
   -calc level 0 ridge...done (5731ms) 
 block [115] : 1000 snps  (72213ms) 
   -residualizing and scaling genotypes...done (19186ms) 
   -calc working matrices...done (4397ms) 
   -calc level 0 ridge...done (5752ms) 
 block [116] : 1000 snps  (100120ms) 
   -residualizing and scaling genotypes...done (25067ms) 
   -calc working matrices...done (4709ms) 
   -calc level 0 ridge...done (6096ms) 
 block [117] : 1000 snps  (83769ms) 
   -residualizing and scaling genotypes...done (24922ms) 
   -calc working matrices...done (4615ms) 
   -calc level 0 ridge...done (5733ms) 
 block [118] : 1000 snps  (98392ms) 
   -residualizing and scaling genotypes...done (25402ms) 
   -calc working matrices...done (4408ms) 
   -calc level 0 ridge...done (5773ms) 
 block [119] : 1000 snps  (92260ms) 
   -residualizing and scaling genotypes...done (25438ms) 
   -calc working matrices...done (4350ms) 
   -calc level 0 ridge...done (5747ms) 
 block [120] : 1000 snps  (89183ms) 
   -residualizing and scaling genotypes...done (25297ms) 
   -calc working matrices...done (4568ms) 
   -calc level 0 ridge...done (5577ms) 
 block [121] : 1000 snps  (90548ms) 
   -residualizing and scaling genotypes...done (25180ms) 
   -calc working matrices...done (4515ms) 
   -calc level 0 ridge...done (5754ms) 
 block [122] : 1000 snps  (92231ms) 
   -residualizing and scaling genotypes...done (19011ms) 
   -calc working matrices...done (4279ms) 
   -calc level 0 ridge...done (5585ms) 
 block [123] : 1000 snps  (100979ms) 
   -residualizing and scaling genotypes...done (25368ms) 
   -calc working matrices...done (4308ms) 
   -calc level 0 ridge...done (5711ms) 
 block [124] : 1000 snps  (79882ms) 
   -residualizing and scaling genotypes...done (25250ms) 
   -calc working matrices...done (4517ms) 
   -calc level 0 ridge...done (5802ms) 
 block [125] : 1000 snps  (79359ms) 
   -residualizing and scaling genotypes...done (25267ms) 
   -calc working matrices...done (4334ms) 
   -calc level 0 ridge...done (5766ms) 
 block [126] : 1000 snps  (79560ms) 
   -residualizing and scaling genotypes...done (25274ms) 
   -calc working matrices...done (4360ms) 
   -calc level 0 ridge...done (5803ms) 
 block [127] : 1000 snps  (79432ms) 
   -residualizing and scaling genotypes...done (25376ms) 
   -calc working matrices...done (4312ms) 
   -calc level 0 ridge...done (5805ms) 
 block [128] : 1000 snps  (79636ms) 
   -residualizing and scaling genotypes...done (25448ms) 
   -calc working matrices...done (4359ms) 
   -calc level 0 ridge...done (5698ms) 
 block [129] : 1000 snps  (90905ms) 
   -residualizing and scaling genotypes...done (25444ms) 
   -calc working matrices...done (4350ms) 
   -calc level 0 ridge...done (5797ms) 
 block [130] : 1000 snps  (89167ms) 
   -residualizing and scaling genotypes...done (25398ms) 
   -calc working matrices...done (4395ms) 
   -calc level 0 ridge...done (5706ms) 
 block [131] : 1000 snps  (89481ms) 
   -residualizing and scaling genotypes...done (25423ms) 
   -calc working matrices...done (4304ms) 
   -calc level 0 ridge...done (5787ms) 
 block [132] : 1000 snps  (89156ms) 
   -residualizing and scaling genotypes...done (25429ms) 
   -calc working matrices...done (4013ms) 
   -calc level 0 ridge...done (5621ms) 
 block [133] : 1000 snps  (89071ms) 
   -residualizing and scaling genotypes...done (25380ms) 
   -calc working matrices...done (4327ms) 
   -calc level 0 ridge...done (5630ms) 
 block [134] : 1000 snps  (99727ms) 
   -residualizing and scaling genotypes...done (25464ms) 
   -calc working matrices...done (4370ms) 
   -calc level 0 ridge...done (5716ms) 
 block [135] : 1000 snps  (94824ms) 
   -residualizing and scaling genotypes...done (25268ms) 
   -calc working matrices...done (4598ms) 
   -calc level 0 ridge...done (5630ms) 
 block [136] : 1000 snps  (91663ms) 
   -residualizing and scaling genotypes...done (25278ms) 
   -calc working matrices...done (4474ms) 
   -calc level 0 ridge...done (5682ms) 
 block [137] : 1000 snps  (90180ms) 
   -residualizing and scaling genotypes...done (25404ms) 
   -calc working matrices...done (4383ms) 
   -calc level 0 ridge...done (5829ms) 
 block [138] : 1000 snps  (89710ms) 
   -residualizing and scaling genotypes...done (25131ms) 
   -calc working matrices...done (4157ms) 
   -calc level 0 ridge...done (5817ms) 
 block [139] : 1000 snps  (90274ms) 
   -residualizing and scaling genotypes...done (25347ms) 
   -calc working matrices...done (4284ms) 
   -calc level 0 ridge...done (5883ms) 
 block [140] : 1000 snps  (90019ms) 
   -residualizing and scaling genotypes...done (25376ms) 
   -calc working matrices...done (4409ms) 
   -calc level 0 ridge...done (5694ms) 
 block [141] : 1000 snps  (90009ms) 
   -residualizing and scaling genotypes...done (25375ms) 
   -calc working matrices...done (4453ms) 
   -calc level 0 ridge...done (5863ms) 
 block [142] : 1000 snps  (90070ms) 
   -residualizing and scaling genotypes...done (25147ms) 
   -calc working matrices...done (4274ms) 
   -calc level 0 ridge...done (5794ms) 
 block [143] : 1000 snps  (89611ms) 
   -residualizing and scaling genotypes...done (25195ms) 
   -calc working matrices...done (4276ms) 
   -calc level 0 ridge...done (5662ms) 
 block [144] : 1000 snps  (88758ms) 
   -residualizing and scaling genotypes...done (18818ms) 
   -calc working matrices...done (4304ms) 
   -calc level 0 ridge...done (5728ms) 
 block [145] : 195 snps  (10555ms) 
   -residualizing and scaling genotypes...done (1918ms) 
   -calc working matrices...done (315ms) 
   -calc level 0 ridge...done (953ms) 
Chromosome 5
 block [146] : 1000 snps  (87896ms) 
   -residualizing and scaling genotypes...done (18100ms) 
   -calc working matrices...done (4457ms) 
   -calc level 0 ridge...done (4754ms) 
 block [147] : 1000 snps  (92792ms) 
   -residualizing and scaling genotypes...done (17982ms) 
   -calc working matrices...done (4178ms) 
   -calc level 0 ridge...done (3297ms) 
 block [148] : 1000 snps  (90988ms) 
   -residualizing and scaling genotypes...done (15626ms) 
   -calc working matrices...done (4314ms) 
   -calc level 0 ridge...done (5207ms) 
 block [149] : 1000 snps  (69675ms) 
   -residualizing and scaling genotypes...done (14192ms) 
   -calc working matrices...done (4299ms) 
   -calc level 0 ridge...done (5586ms) 
 block [150] : 1000 snps  (64320ms) 
   -residualizing and scaling genotypes...done (14175ms) 
   -calc working matrices...done (4237ms) 
   -calc level 0 ridge...done (5755ms) 
 block [151] : 1000 snps  (64409ms) 
   -residualizing and scaling genotypes...done (13582ms) 
   -calc working matrices...done (4198ms) 
   -calc level 0 ridge...done (5718ms) 
 block [152] : 1000 snps  (78935ms) 
   -residualizing and scaling genotypes...done (14278ms) 
   -calc working matrices...done (4290ms) 
   -calc level 0 ridge...done (5441ms) 
 block [153] : 1000 snps  (74095ms) 
   -residualizing and scaling genotypes...done (14083ms) 
   -calc working matrices...done (4242ms) 
   -calc level 0 ridge...done (5631ms) 
 block [154] : 1000 snps  (82382ms) 
   -residualizing and scaling genotypes...done (14436ms) 
   -calc working matrices...done (4196ms) 
   -calc level 0 ridge...done (5558ms) 
 block [155] : 1000 snps  (63934ms) 
   -residualizing and scaling genotypes...done (13431ms) 
   -calc working matrices...done (4105ms) 
   -calc level 0 ridge...done (5578ms) 
 block [156] : 1000 snps  (64124ms) 
   -residualizing and scaling genotypes...done (14037ms) 
   -calc working matrices...done (4065ms) 
   -calc level 0 ridge...done (5538ms) 
 block [157] : 1000 snps  (64656ms) 
   -residualizing and scaling genotypes...done (13776ms) 
   -calc working matrices...done (4078ms) 
   -calc level 0 ridge...done (5713ms) 
 block [158] : 1000 snps  (65918ms) 
   -residualizing and scaling genotypes...done (14856ms) 
   -calc working matrices...done (4158ms) 
   -calc level 0 ridge...done (5454ms) 
 block [159] : 1000 snps  (66231ms) 
   -residualizing and scaling genotypes...done (13805ms) 
   -calc working matrices...done (4152ms) 
   -calc level 0 ridge...done (5506ms) 
 block [160] : 1000 snps  (90937ms) 
   -residualizing and scaling genotypes...done (14190ms) 
   -calc working matrices...done (4143ms) 
   -calc level 0 ridge...done (5547ms) 
 block [161] : 1000 snps  (64712ms) 
   -residualizing and scaling genotypes...done (14080ms) 
   -calc working matrices...done (4201ms) 
   -calc level 0 ridge...done (5436ms) 
 block [162] : 1000 snps  (65979ms) 
   -residualizing and scaling genotypes...done (14120ms) 
   -calc working matrices...done (4368ms) 
   -calc level 0 ridge...done (5531ms) 
 block [163] : 1000 snps  (65147ms) 
   -residualizing and scaling genotypes...done (13599ms) 
   -calc working matrices...done (3999ms) 
   -calc level 0 ridge...done (5489ms) 
 block [164] : 1000 snps  (80222ms) 
   -residualizing and scaling genotypes...done (14530ms) 
   -calc working matrices...done (3977ms) 
   -calc level 0 ridge...done (5488ms) 
 block [165] : 1000 snps  (72817ms) 
   -residualizing and scaling genotypes...done (14066ms) 
   -calc working matrices...done (4175ms) 
   -calc level 0 ridge...done (5497ms) 
 block [166] : 1000 snps  (70082ms) 
   -residualizing and scaling genotypes...done (13624ms) 
   -calc working matrices...done (4255ms) 
   -calc level 0 ridge...done (5575ms) 
 block [167] : 1000 snps  (69697ms) 
   -residualizing and scaling genotypes...done (14288ms) 
   -calc working matrices...done (4219ms) 
   -calc level 0 ridge...done (5687ms) 
 block [168] : 1000 snps  (73131ms) 
   -residualizing and scaling genotypes...done (14089ms) 
   -calc working matrices...done (4331ms) 
   -calc level 0 ridge...done (5706ms) 
 block [169] : 1000 snps  (72562ms) 
   -residualizing and scaling genotypes...done (14115ms) 
   -calc working matrices...done (4239ms) 
   -calc level 0 ridge...done (5635ms) 
 block [170] : 1000 snps  (72473ms) 
   -residualizing and scaling genotypes...done (14112ms) 
   -calc working matrices...done (4247ms) 
   -calc level 0 ridge...done (5577ms) 
 block [171] : 1000 snps  (72560ms) 
   -residualizing and scaling genotypes...done (14166ms) 
   -calc working matrices...done (4154ms) 
   -calc level 0 ridge...done (5929ms) 
 block [172] : 1000 snps  (76923ms) 
   -residualizing and scaling genotypes...done (14159ms) 
   -calc working matrices...done (4323ms) 
   -calc level 0 ridge...done (4812ms) 
 block [173] : 1000 snps  (79383ms) 
   -residualizing and scaling genotypes...done (14222ms) 
   -calc working matrices...done (4326ms) 
   -calc level 0 ridge...done (5425ms) 
 block [174] : 1000 snps  (95898ms) 
   -residualizing and scaling genotypes...done (14685ms) 
   -calc working matrices...done (4234ms) 
   -calc level 0 ridge...done (5737ms) 
 block [175] : 940 snps  (57312ms) 
   -residualizing and scaling genotypes...done (12476ms) 
   -calc working matrices...done (3864ms) 
   -calc level 0 ridge...done (5340ms) 
Chromosome 6
 block [176] : 1000 snps  (107849ms) 
   -residualizing and scaling genotypes...done (24676ms) 
   -calc working matrices...done (4294ms) 
   -calc level 0 ridge...done (5928ms) 
 block [177] : 1000 snps  (86507ms) 
   -residualizing and scaling genotypes...done (22974ms) 
   -calc working matrices...done (4309ms) 
   -calc level 0 ridge...done (5305ms) 
 block [178] : 1000 snps  (90635ms) 
   -residualizing and scaling genotypes...done (22894ms) 
   -calc working matrices...done (4290ms) 
   -calc level 0 ridge...done (5650ms) 
 block [179] : 1000 snps  (86399ms) 
   -residualizing and scaling genotypes...done (22005ms) 
   -calc working matrices...done (4298ms) 
   -calc level 0 ridge...done (5731ms) 
 block [180] : 1000 snps  (101590ms) 
   -residualizing and scaling genotypes...done (22647ms) 
   -calc working matrices...done (4251ms) 
   -calc level 0 ridge...done (5738ms) 
 block [181] : 1000 snps  (73444ms) 
   -residualizing and scaling genotypes...done (21055ms) 
   -calc working matrices...done (4206ms) 
   -calc level 0 ridge...done (5799ms) 
 block [182] : 1000 snps  (73608ms) 
   -residualizing and scaling genotypes...done (21244ms) 
   -calc working matrices...done (4250ms) 
   -calc level 0 ridge...done (5594ms) 
 block [183] : 1000 snps  (73510ms) 
   -residualizing and scaling genotypes...done (20799ms) 
   -calc working matrices...done (4521ms) 
   -calc level 0 ridge...done (5248ms) 
 block [184] : 1000 snps  (91598ms) 
   -residualizing and scaling genotypes...done (21280ms) 
   -calc working matrices...done (3946ms) 
   -calc level 0 ridge...done (5628ms) 
 block [185] : 1000 snps  (82891ms) 
   -residualizing and scaling genotypes...done (21188ms) 
   -calc working matrices...done (4220ms) 
   -calc level 0 ridge...done (5793ms) 
 block [186] : 1000 snps  (82841ms) 
   -residualizing and scaling genotypes...done (21435ms) 
   -calc working matrices...done (4173ms) 
   -calc level 0 ridge...done (5691ms) 
 block [187] : 1000 snps  (83157ms) 
   -residualizing and scaling genotypes...done (21191ms) 
   -calc working matrices...done (4225ms) 
   -calc level 0 ridge...done (5716ms) 
 block [188] : 1000 snps  (82668ms) 
   -residualizing and scaling genotypes...done (21305ms) 
   -calc working matrices...done (4210ms) 
   -calc level 0 ridge...done (6137ms) 
 block [189] : 1000 snps  (86726ms) 
   -residualizing and scaling genotypes...done (21411ms) 
   -calc working matrices...done (4151ms) 
   -calc level 0 ridge...done (5843ms) 
 block [190] : 1000 snps  (84010ms) 
   -residualizing and scaling genotypes...done (21233ms) 
   -calc working matrices...done (4197ms) 
   -calc level 0 ridge...done (5716ms) 
 block [191] : 1000 snps  (83295ms) 
   -residualizing and scaling genotypes...done (21343ms) 
   -calc working matrices...done (4171ms) 
   -calc level 0 ridge...done (5977ms) 
 block [192] : 1000 snps  (98872ms) 
   -residualizing and scaling genotypes...done (22383ms) 
   -calc working matrices...done (4258ms) 
   -calc level 0 ridge...done (5388ms) 
 block [193] : 1000 snps  (86654ms) 
   -residualizing and scaling genotypes...done (21218ms) 
   -calc working matrices...done (4198ms) 
   -calc level 0 ridge...done (5702ms) 
 block [194] : 1000 snps  (82244ms) 
   -residualizing and scaling genotypes...done (21174ms) 
   -calc working matrices...done (4301ms) 
   -calc level 0 ridge...done (5700ms) 
 block [195] : 1000 snps  (89335ms) 
   -residualizing and scaling genotypes...done (18975ms) 
   -calc working matrices...done (4036ms) 
   -calc level 0 ridge...done (5019ms) 
 block [196] : 1000 snps  (86365ms) 
   -residualizing and scaling genotypes...done (21101ms) 
   -calc working matrices...done (4094ms) 
   -calc level 0 ridge...done (5738ms) 
 block [197] : 1000 snps  (82614ms) 
   -residualizing and scaling genotypes...done (21237ms) 
   -calc working matrices...done (4226ms) 
   -calc level 0 ridge...done (5833ms) 
 block [198] : 1000 snps  (81964ms) 
   -residualizing and scaling genotypes...done (21198ms) 
   -calc working matrices...done (4168ms) 
   -calc level 0 ridge...done (5708ms) 
 block [199] : 1000 snps  (82288ms) 
   -residualizing and scaling genotypes...done (21068ms) 
   -calc working matrices...done (4208ms) 
   -calc level 0 ridge...done (5712ms) 
 block [200] : 1000 snps  (82040ms) 
   -residualizing and scaling genotypes...done (21371ms) 
   -calc working matrices...done (4222ms) 
   -calc level 0 ridge...done (5714ms) 
 block [201] : 1000 snps  (82031ms) 
   -residualizing and scaling genotypes...done (21356ms) 
   -calc working matrices...done (4101ms) 
   -calc level 0 ridge...done (5576ms) 
 block [202] : 1000 snps  (82347ms) 
   -residualizing and scaling genotypes...done (21068ms) 
   -calc working matrices...done (4230ms) 
   -calc level 0 ridge...done (5770ms) 
 block [203] : 1000 snps  (82087ms) 
   -residualizing and scaling genotypes...done (21204ms) 
   -calc working matrices...done (4145ms) 
   -calc level 0 ridge...done (5676ms) 
 block [204] : 1000 snps  (83445ms) 
   -residualizing and scaling genotypes...done (21089ms) 
   -calc working matrices...done (4196ms) 
   -calc level 0 ridge...done (5713ms) 
 block [205] : 625 snps  (45667ms) 
   -residualizing and scaling genotypes...done (6893ms) 
   -calc working matrices...done (1816ms) 
   -calc level 0 ridge...done (2647ms) 
Chromosome 7
 block [206] : 1000 snps  (99681ms) 
   -residualizing and scaling genotypes...done (24221ms) 
   -calc working matrices...done (4474ms) 
   -calc level 0 ridge...done (5633ms) 
 block [207] : 1000 snps  (87045ms) 
   -residualizing and scaling genotypes...done (23949ms) 
   -calc working matrices...done (4241ms) 
   -calc level 0 ridge...done (6401ms) 
 block [208] : 1000 snps  (91755ms) 
   -residualizing and scaling genotypes...done (24198ms) 
   -calc working matrices...done (4223ms) 
   -calc level 0 ridge...done (6376ms) 
 block [209] : 1000 snps  (89123ms) 
   -residualizing and scaling genotypes...done (24174ms) 
   -calc working matrices...done (4237ms) 
   -calc level 0 ridge...done (5962ms) 
 block [210] : 1000 snps  (94746ms) 
   -residualizing and scaling genotypes...done (24113ms) 
   -calc working matrices...done (4739ms) 
   -calc level 0 ridge...done (5533ms) 
 block [211] : 1000 snps  (98333ms) 
   -residualizing and scaling genotypes...done (18514ms) 
   -calc working matrices...done (4505ms) 
   -calc level 0 ridge...done (5245ms) 
 block [212] : 1000 snps  (84530ms) 
   -residualizing and scaling genotypes...done (19098ms) 
   -calc working matrices...done (4098ms) 
   -calc level 0 ridge...done (6062ms) 
 block [213] : 1000 snps  (80313ms) 
   -residualizing and scaling genotypes...done (18976ms) 
   -calc working matrices...done (4378ms) 
   -calc level 0 ridge...done (5660ms) 
 block [214] : 1000 snps  (77251ms) 
   -residualizing and scaling genotypes...done (18465ms) 
   -calc working matrices...done (4528ms) 
   -calc level 0 ridge...done (5779ms) 
 block [215] : 1000 snps  (85868ms) 
   -residualizing and scaling genotypes...done (24338ms) 
   -calc working matrices...done (4177ms) 
   -calc level 0 ridge...done (5754ms) 
 block [216] : 1000 snps  (94846ms) 
   -residualizing and scaling genotypes...done (24702ms) 
   -calc working matrices...done (4123ms) 
   -calc level 0 ridge...done (5678ms) 
 block [217] : 1000 snps  (87762ms) 
   -residualizing and scaling genotypes...done (17627ms) 
   -calc working matrices...done (4181ms) 
   -calc level 0 ridge...done (5718ms) 
 block [218] : 1000 snps  (67753ms) 
   -residualizing and scaling genotypes...done (17475ms) 
   -calc working matrices...done (4264ms) 
   -calc level 0 ridge...done (5761ms) 
 block [219] : 1000 snps  (69164ms) 
   -residualizing and scaling genotypes...done (23385ms) 
   -calc working matrices...done (4372ms) 
   -calc level 0 ridge...done (5483ms) 
 block [220] : 1000 snps  (96830ms) 
   -residualizing and scaling genotypes...done (26953ms) 
   -calc working matrices...done (4175ms) 
   -calc level 0 ridge...done (5558ms) 
 block [221] : 1000 snps  (80484ms) 
   -residualizing and scaling genotypes...done (20416ms) 
   -calc working matrices...done (4279ms) 
   -calc level 0 ridge...done (5143ms) 
 block [222] : 1000 snps  (96591ms) 
   -residualizing and scaling genotypes...done (19033ms) 
   -calc working matrices...done (4075ms) 
   -calc level 0 ridge...done (4854ms) 
 block [223] : 1000 snps  (95918ms) 
   -residualizing and scaling genotypes...done (27473ms) 
   -calc working matrices...done (4226ms) 
   -calc level 0 ridge...done (5758ms) 
 block [224] : 1000 snps  (80051ms) 
   -residualizing and scaling genotypes...done (24490ms) 
   -calc working matrices...done (4213ms) 
   -calc level 0 ridge...done (5635ms) 
 block [225] : 1000 snps  (84259ms) 
   -residualizing and scaling genotypes...done (17574ms) 
   -calc working matrices...done (4119ms) 
   -calc level 0 ridge...done (5720ms) 
 block [226] : 1000 snps  (67691ms) 
   -residualizing and scaling genotypes...done (18193ms) 
   -calc working matrices...done (4173ms) 
   -calc level 0 ridge...done (5455ms) 
 block [227] : 1000 snps  (92240ms) 
   -residualizing and scaling genotypes...done (24239ms) 
   -calc working matrices...done (4144ms) 
   -calc level 0 ridge...done (5771ms) 
 block [228] : 1000 snps  (77571ms) 
   -residualizing and scaling genotypes...done (24286ms) 
   -calc working matrices...done (4208ms) 
   -calc level 0 ridge...done (5655ms) 
 block [229] : 1000 snps  (78236ms) 
   -residualizing and scaling genotypes...done (24103ms) 
   -calc working matrices...done (4864ms) 
   -calc level 0 ridge...done (5655ms) 
 block [230] : 1000 snps  (78232ms) 
   -residualizing and scaling genotypes...done (24156ms) 
   -calc working matrices...done (4264ms) 
   -calc level 0 ridge...done (5672ms) 
 block [231] : 1000 snps  (88659ms) 
   -residualizing and scaling genotypes...done (24379ms) 
   -calc working matrices...done (4132ms) 
   -calc level 0 ridge...done (5745ms) 
 block [232] : 1000 snps  (86273ms) 
   -residualizing and scaling genotypes...done (17749ms) 
   -calc working matrices...done (4599ms) 
   -calc level 0 ridge...done (5997ms) 
 block [233] : 128 snps  (6925ms) 
   -residualizing and scaling genotypes...done (1180ms) 
   -calc working matrices...done (156ms) 
   -calc level 0 ridge...done (934ms) 
Chromosome 8
 block [234] : 1000 snps  (69129ms) 
   -residualizing and scaling genotypes...done (18774ms) 
   -calc working matrices...done (4511ms) 
   -calc level 0 ridge...done (6047ms) 
 block [235] : 1000 snps  (81582ms) 
   -residualizing and scaling genotypes...done (24865ms) 
   -calc working matrices...done (4659ms) 
   -calc level 0 ridge...done (4369ms) 
 block [236] : 1000 snps  (87929ms) 
   -residualizing and scaling genotypes...done (23951ms) 
   -calc working matrices...done (4240ms) 
   -calc level 0 ridge...done (5712ms) 
 block [237] : 1000 snps  (85777ms) 
   -residualizing and scaling genotypes...done (18290ms) 
   -calc working matrices...done (4277ms) 
   -calc level 0 ridge...done (5686ms) 
 block [238] : 1000 snps  (68183ms) 
   -residualizing and scaling genotypes...done (18264ms) 
   -calc working matrices...done (4133ms) 
   -calc level 0 ridge...done (5641ms) 
 block [239] : 1000 snps  (82140ms) 
   -residualizing and scaling genotypes...done (27666ms) 
   -calc working matrices...done (4435ms) 
   -calc level 0 ridge...done (5250ms) 
 block [240] : 1000 snps  (80549ms) 
   -residualizing and scaling genotypes...done (24154ms) 
   -calc working matrices...done (4151ms) 
   -calc level 0 ridge...done (5655ms) 
 block [241] : 1000 snps  (77546ms) 
   -residualizing and scaling genotypes...done (24408ms) 
   -calc working matrices...done (4184ms) 
   -calc level 0 ridge...done (5809ms) 
 block [242] : 1000 snps  (77503ms) 
   -residualizing and scaling genotypes...done (24257ms) 
   -calc working matrices...done (4216ms) 
   -calc level 0 ridge...done (5630ms) 
 block [243] : 1000 snps  (80636ms) 
   -residualizing and scaling genotypes...done (24330ms) 
   -calc working matrices...done (4232ms) 
   -calc level 0 ridge...done (5760ms) 
 block [244] : 1000 snps  (78405ms) 
   -residualizing and scaling genotypes...done (24328ms) 
   -calc working matrices...done (4325ms) 
   -calc level 0 ridge...done (5751ms) 
 block [245] : 1000 snps  (86344ms) 
   -residualizing and scaling genotypes...done (20060ms) 
   -calc working matrices...done (4516ms) 
   -calc level 0 ridge...done (5356ms) 
 block [246] : 1000 snps  (86101ms) 
   -residualizing and scaling genotypes...done (24305ms) 
   -calc working matrices...done (4274ms) 
   -calc level 0 ridge...done (5887ms) 
 block [247] : 1000 snps  (78385ms) 
   -residualizing and scaling genotypes...done (24209ms) 
   -calc working matrices...done (4247ms) 
   -calc level 0 ridge...done (5970ms) 
 block [248] : 1000 snps  (80002ms) 
   -residualizing and scaling genotypes...done (24357ms) 
   -calc working matrices...done (4182ms) 
   -calc level 0 ridge...done (5590ms) 
 block [249] : 1000 snps  (90844ms) 
   -residualizing and scaling genotypes...done (17600ms) 
   -calc working matrices...done (4105ms) 
   -calc level 0 ridge...done (5660ms) 
 block [250] : 1000 snps  (97796ms) 
   -residualizing and scaling genotypes...done (24089ms) 
   -calc working matrices...done (4106ms) 
   -calc level 0 ridge...done (5827ms) 
 block [251] : 1000 snps  (77639ms) 
   -residualizing and scaling genotypes...done (24110ms) 
   -calc working matrices...done (4177ms) 
   -calc level 0 ridge...done (5763ms) 
 block [252] : 1000 snps  (87512ms) 
   -residualizing and scaling genotypes...done (24300ms) 
   -calc working matrices...done (4120ms) 
   -calc level 0 ridge...done (5665ms) 
 block [253] : 1000 snps  (78424ms) 
   -residualizing and scaling genotypes...done (24205ms) 
   -calc working matrices...done (4133ms) 
   -calc level 0 ridge...done (5725ms) 
 block [254] : 1000 snps  (77803ms) 
   -residualizing and scaling genotypes...done (24266ms) 
   -calc working matrices...done (4150ms) 
   -calc level 0 ridge...done (5738ms) 
 block [255] : 1000 snps  (78112ms) 
   -residualizing and scaling genotypes...done (24187ms) 
   -calc working matrices...done (4223ms) 
   -calc level 0 ridge...done (5656ms) 
 block [256] : 1000 snps  (78453ms) 
   -residualizing and scaling genotypes...done (24228ms) 
   -calc working matrices...done (4503ms) 
   -calc level 0 ridge...done (5667ms) 
 block [257] : 1000 snps  (78398ms) 
   -residualizing and scaling genotypes...done (24332ms) 
   -calc working matrices...done (4246ms) 
   -calc level 0 ridge...done (5838ms) 
 block [258] : 1000 snps  (77994ms) 
   -residualizing and scaling genotypes...done (24477ms) 
   -calc working matrices...done (4218ms) 
   -calc level 0 ridge...done (6121ms) 
 block [259] : 794 snps  (48568ms) 
   -residualizing and scaling genotypes...done (12678ms) 
   -calc working matrices...done (2965ms) 
   -calc level 0 ridge...done (4582ms) 
Chromosome 9
 block [260] : 1000 snps  (67713ms) 
   -residualizing and scaling genotypes...done (23455ms) 
   -calc working matrices...done (4442ms) 
   -calc level 0 ridge...done (4574ms) 
 block [261] : 1000 snps  (90306ms) 
   -residualizing and scaling genotypes...done (22521ms) 
   -calc working matrices...done (4152ms) 
   -calc level 0 ridge...done (5893ms) 
 block [262] : 1000 snps  (84751ms) 
   -residualizing and scaling genotypes...done (22505ms) 
   -calc working matrices...done (4251ms) 
   -calc level 0 ridge...done (5747ms) 
 block [263] : 1000 snps  (84708ms) 
   -residualizing and scaling genotypes...done (22573ms) 
   -calc working matrices...done (4227ms) 
   -calc level 0 ridge...done (5779ms) 
 block [264] : 1000 snps  (84640ms) 
   -residualizing and scaling genotypes...done (22719ms) 
   -calc working matrices...done (4234ms) 
   -calc level 0 ridge...done (5666ms) 
 block [265] : 1000 snps  (84512ms) 
   -residualizing and scaling genotypes...done (22427ms) 
   -calc working matrices...done (4341ms) 
   -calc level 0 ridge...done (5613ms) 
 block [266] : 1000 snps  (85717ms) 
   -residualizing and scaling genotypes...done (17549ms) 
   -calc working matrices...done (4156ms) 
   -calc level 0 ridge...done (5954ms) 
 block [267] : 1000 snps  (70378ms) 
   -residualizing and scaling genotypes...done (17358ms) 
   -calc working matrices...done (4167ms) 
   -calc level 0 ridge...done (5807ms) 
 block [268] : 1000 snps  (68550ms) 
   -residualizing and scaling genotypes...done (17263ms) 
   -calc working matrices...done (4099ms) 
   -calc level 0 ridge...done (5712ms) 
 block [269] : 1000 snps  (68237ms) 
   -residualizing and scaling genotypes...done (17347ms) 
   -calc working matrices...done (4167ms) 
   -calc level 0 ridge...done (5753ms) 
 block [270] : 1000 snps  (68239ms) 
   -residualizing and scaling genotypes...done (17100ms) 
   -calc working matrices...done (4172ms) 
   -calc level 0 ridge...done (5678ms) 
 block [271] : 1000 snps  (67347ms) 
   -residualizing and scaling genotypes...done (17630ms) 
   -calc working matrices...done (4150ms) 
   -calc level 0 ridge...done (5645ms) 
 block [272] : 1000 snps  (73529ms) 
   -residualizing and scaling genotypes...done (25196ms) 
   -calc working matrices...done (4705ms) 
   -calc level 0 ridge...done (4472ms) 
 block [273] : 1000 snps  (81462ms) 
   -residualizing and scaling genotypes...done (19325ms) 
   -calc working matrices...done (4518ms) 
   -calc level 0 ridge...done (5541ms) 
 block [274] : 1000 snps  (91997ms) 
   -residualizing and scaling genotypes...done (22399ms) 
   -calc working matrices...done (4260ms) 
   -calc level 0 ridge...done (6103ms) 
 block [275] : 1000 snps  (78840ms) 
   -residualizing and scaling genotypes...done (22772ms) 
   -calc working matrices...done (4414ms) 
   -calc level 0 ridge...done (6040ms) 
 block [276] : 1000 snps  (80768ms) 
   -residualizing and scaling genotypes...done (22712ms) 
   -calc working matrices...done (4231ms) 
   -calc level 0 ridge...done (5742ms) 
 block [277] : 1000 snps  (75967ms) 
   -residualizing and scaling genotypes...done (22583ms) 
   -calc working matrices...done (4252ms) 
   -calc level 0 ridge...done (5538ms) 
 block [278] : 1000 snps  (86779ms) 
   -residualizing and scaling genotypes...done (22578ms) 
   -calc working matrices...done (4291ms) 
   -calc level 0 ridge...done (5676ms) 
 block [279] : 1000 snps  (85204ms) 
   -residualizing and scaling genotypes...done (22742ms) 
   -calc working matrices...done (4173ms) 
   -calc level 0 ridge...done (5741ms) 
 block [280] : 1000 snps  (85208ms) 
   -residualizing and scaling genotypes...done (22638ms) 
   -calc working matrices...done (4115ms) 
   -calc level 0 ridge...done (5736ms) 
 block [281] : 841 snps  (62509ms) 
   -residualizing and scaling genotypes...done (12679ms) 
   -calc working matrices...done (3043ms) 
   -calc level 0 ridge...done (4654ms) 
Chromosome 10
 block [282] : 1000 snps  (76818ms) 
   -residualizing and scaling genotypes...done (16931ms) 
   -calc working matrices...done (4178ms) 
   -calc level 0 ridge...done (5654ms) 
 block [283] : 1000 snps  (77080ms) 
   -residualizing and scaling genotypes...done (16605ms) 
   -calc working matrices...done (4225ms) 
   -calc level 0 ridge...done (5837ms) 
 block [284] : 1000 snps  (76794ms) 
   -residualizing and scaling genotypes...done (17337ms) 
   -calc working matrices...done (4307ms) 
   -calc level 0 ridge...done (5745ms) 
 block [285] : 1000 snps  (76717ms) 
   -residualizing and scaling genotypes...done (17091ms) 
   -calc working matrices...done (4294ms) 
   -calc level 0 ridge...done (5631ms) 
 block [286] : 1000 snps  (78033ms) 
   -residualizing and scaling genotypes...done (17102ms) 
   -calc working matrices...done (4246ms) 
   -calc level 0 ridge...done (5635ms) 
 block [287] : 1000 snps  (76930ms) 
   -residualizing and scaling genotypes...done (17310ms) 
   -calc working matrices...done (4175ms) 
   -calc level 0 ridge...done (5642ms) 
 block [288] : 1000 snps  (76545ms) 
   -residualizing and scaling genotypes...done (16687ms) 
   -calc working matrices...done (4185ms) 
   -calc level 0 ridge...done (5564ms) 
 block [289] : 1000 snps  (76658ms) 
   -residualizing and scaling genotypes...done (16594ms) 
   -calc working matrices...done (4179ms) 
   -calc level 0 ridge...done (5640ms) 
 block [290] : 1000 snps  (77634ms) 
   -residualizing and scaling genotypes...done (16810ms) 
   -calc working matrices...done (4140ms) 
   -calc level 0 ridge...done (5790ms) 
 block [291] : 1000 snps  (77103ms) 
   -residualizing and scaling genotypes...done (16994ms) 
   -calc working matrices...done (4209ms) 
   -calc level 0 ridge...done (5775ms) 
 block [292] : 1000 snps  (77664ms) 
   -residualizing and scaling genotypes...done (17336ms) 
   -calc working matrices...done (4019ms) 
   -calc level 0 ridge...done (5707ms) 
 block [293] : 1000 snps  (79583ms) 
   -residualizing and scaling genotypes...done (17019ms) 
   -calc working matrices...done (4115ms) 
   -calc level 0 ridge...done (5851ms) 
 block [294] : 1000 snps  (76836ms) 
   -residualizing and scaling genotypes...done (17183ms) 
   -calc working matrices...done (4121ms) 
   -calc level 0 ridge...done (5555ms) 
 block [295] : 1000 snps  (76365ms) 
   -residualizing and scaling genotypes...done (16597ms) 
   -calc working matrices...done (4156ms) 
   -calc level 0 ridge...done (5654ms) 
 block [296] : 1000 snps  (76611ms) 
   -residualizing and scaling genotypes...done (16603ms) 
   -calc working matrices...done (4095ms) 
   -calc level 0 ridge...done (5772ms) 
 block [297] : 1000 snps  (76757ms) 
   -residualizing and scaling genotypes...done (16944ms) 
   -calc working matrices...done (4115ms) 
   -calc level 0 ridge...done (5821ms) 
 block [298] : 1000 snps  (76574ms) 
   -residualizing and scaling genotypes...done (17085ms) 
   -calc working matrices...done (4227ms) 
   -calc level 0 ridge...done (5765ms) 
 block [299] : 1000 snps  (79166ms) 
   -residualizing and scaling genotypes...done (17248ms) 
   -calc working matrices...done (4178ms) 
   -calc level 0 ridge...done (5957ms) 
 block [300] : 1000 snps  (78520ms) 
   -residualizing and scaling genotypes...done (17090ms) 
   -calc working matrices...done (4152ms) 
   -calc level 0 ridge...done (5931ms) 
 block [301] : 1000 snps  (77007ms) 
   -residualizing and scaling genotypes...done (17281ms) 
   -calc working matrices...done (4145ms) 
   -calc level 0 ridge...done (5661ms) 
 block [302] : 1000 snps  (82349ms) 
   -residualizing and scaling genotypes...done (17479ms) 
   -calc working matrices...done (4533ms) 
   -calc level 0 ridge...done (5522ms) 
 block [303] : 1000 snps  (77984ms) 
   -residualizing and scaling genotypes...done (16905ms) 
   -calc working matrices...done (4085ms) 
   -calc level 0 ridge...done (5767ms) 
 block [304] : 1000 snps  (77173ms) 
   -residualizing and scaling genotypes...done (22702ms) 
   -calc working matrices...done (3991ms) 
   -calc level 0 ridge...done (5271ms) 
 block [305] : 1000 snps  (80527ms) 
   -residualizing and scaling genotypes...done (17137ms) 
   -calc working matrices...done (4228ms) 
   -calc level 0 ridge...done (5785ms) 
 block [306] : 487 snps  (34368ms) 
   -residualizing and scaling genotypes...done (5792ms) 
   -calc working matrices...done (1193ms) 
   -calc level 0 ridge...done (2525ms) 
Chromosome 11
 block [307] : 1000 snps  (77093ms) 
   -residualizing and scaling genotypes...done (16973ms) 
   -calc working matrices...done (4446ms) 
   -calc level 0 ridge...done (5807ms) 
 block [308] : 1000 snps  (76899ms) 
   -residualizing and scaling genotypes...done (17130ms) 
   -calc working matrices...done (4234ms) 
   -calc level 0 ridge...done (5619ms) 
 block [309] : 1000 snps  (76472ms) 
   -residualizing and scaling genotypes...done (17003ms) 
   -calc working matrices...done (4117ms) 
   -calc level 0 ridge...done (5860ms) 
 block [310] : 1000 snps  (79211ms) 
   -residualizing and scaling genotypes...done (16971ms) 
   -calc working matrices...done (4232ms) 
   -calc level 0 ridge...done (5808ms) 
 block [311] : 1000 snps  (76599ms) 
   -residualizing and scaling genotypes...done (16135ms) 
   -calc working matrices...done (4514ms) 
   -calc level 0 ridge...done (5511ms) 
 block [312] : 1000 snps  (77222ms) 
   -residualizing and scaling genotypes...done (16953ms) 
   -calc working matrices...done (4106ms) 
   -calc level 0 ridge...done (5645ms) 
 block [313] : 1000 snps  (77032ms) 
   -residualizing and scaling genotypes...done (16754ms) 
   -calc working matrices...done (4139ms) 
   -calc level 0 ridge...done (5766ms) 
 block [314] : 1000 snps  (76770ms) 
   -residualizing and scaling genotypes...done (19455ms) 
   -calc working matrices...done (4251ms) 
   -calc level 0 ridge...done (5641ms) 
 block [315] : 1000 snps  (80534ms) 
   -residualizing and scaling genotypes...done (17114ms) 
   -calc working matrices...done (4067ms) 
   -calc level 0 ridge...done (5703ms) 
 block [316] : 1000 snps  (85046ms) 
   -residualizing and scaling genotypes...done (16926ms) 
   -calc working matrices...done (4268ms) 
   -calc level 0 ridge...done (5735ms) 
 block [317] : 1000 snps  (72674ms) 
   -residualizing and scaling genotypes...done (16931ms) 
   -calc working matrices...done (4248ms) 
   -calc level 0 ridge...done (5633ms) 
 block [318] : 1000 snps  (80729ms) 
   -residualizing and scaling genotypes...done (16811ms) 
   -calc working matrices...done (4160ms) 
   -calc level 0 ridge...done (5708ms) 
 block [319] : 1000 snps  (77083ms) 
   -residualizing and scaling genotypes...done (16933ms) 
   -calc working matrices...done (4291ms) 
   -calc level 0 ridge...done (5930ms) 
 block [320] : 1000 snps  (80176ms) 
   -residualizing and scaling genotypes...done (17224ms) 
   -calc working matrices...done (4247ms) 
   -calc level 0 ridge...done (5841ms) 
 block [321] : 1000 snps  (81654ms) 
   -residualizing and scaling genotypes...done (17201ms) 
   -calc working matrices...done (4168ms) 
   -calc level 0 ridge...done (5589ms) 
 block [322] : 1000 snps  (76796ms) 
   -residualizing and scaling genotypes...done (16509ms) 
   -calc working matrices...done (4145ms) 
   -calc level 0 ridge...done (5739ms) 
 block [323] : 1000 snps  (76607ms) 
   -residualizing and scaling genotypes...done (17437ms) 
   -calc working matrices...done (4455ms) 
   -calc level 0 ridge...done (5513ms) 
 block [324] : 1000 snps  (84159ms) 
   -residualizing and scaling genotypes...done (16846ms) 
   -calc working matrices...done (4377ms) 
   -calc level 0 ridge...done (5199ms) 
 block [325] : 1000 snps  (81336ms) 
   -residualizing and scaling genotypes...done (17462ms) 
   -calc working matrices...done (4287ms) 
   -calc level 0 ridge...done (5595ms) 
 block [326] : 1000 snps  (77052ms) 
   -residualizing and scaling genotypes...done (17119ms) 
   -calc working matrices...done (4251ms) 
   -calc level 0 ridge...done (5658ms) 
 block [327] : 1000 snps  (77108ms) 
   -residualizing and scaling genotypes...done (17320ms) 
   -calc working matrices...done (4076ms) 
   -calc level 0 ridge...done (5635ms) 
 block [328] : 1000 snps  (77166ms) 
   -residualizing and scaling genotypes...done (17153ms) 
   -calc working matrices...done (4107ms) 
   -calc level 0 ridge...done (5397ms) 
 block [329] : 1000 snps  (80320ms) 
   -residualizing and scaling genotypes...done (16567ms) 
   -calc working matrices...done (4241ms) 
   -calc level 0 ridge...done (5325ms) 
 block [330] : 937 snps  (71246ms) 
   -residualizing and scaling genotypes...done (15691ms) 
   -calc working matrices...done (4000ms) 
   -calc level 0 ridge...done (5491ms) 
Chromosome 12
 block [331] : 1000 snps  (100431ms) 
   -residualizing and scaling genotypes...done (21952ms) 
   -calc working matrices...done (4302ms) 
   -calc level 0 ridge...done (5684ms) 
 block [332] : 1000 snps  (83210ms) 
   -residualizing and scaling genotypes...done (21770ms) 
   -calc working matrices...done (4079ms) 
   -calc level 0 ridge...done (5604ms) 
 block [333] : 1000 snps  (83083ms) 
   -residualizing and scaling genotypes...done (21734ms) 
   -calc working matrices...done (4081ms) 
   -calc level 0 ridge...done (5636ms) 
 block [334] : 1000 snps  (83938ms) 
   -residualizing and scaling genotypes...done (21756ms) 
   -calc working matrices...done (4329ms) 
   -calc level 0 ridge...done (5676ms) 
 block [335] : 1000 snps  (85683ms) 
   -residualizing and scaling genotypes...done (21622ms) 
   -calc working matrices...done (4206ms) 
   -calc level 0 ridge...done (5676ms) 
 block [336] : 1000 snps  (83123ms) 
   -residualizing and scaling genotypes...done (21955ms) 
   -calc working matrices...done (4206ms) 
   -calc level 0 ridge...done (5832ms) 
 block [337] : 1000 snps  (83261ms) 
   -residualizing and scaling genotypes...done (22083ms) 
   -calc working matrices...done (4232ms) 
   -calc level 0 ridge...done (5830ms) 
 block [338] : 1000 snps  (83255ms) 
   -residualizing and scaling genotypes...done (21990ms) 
   -calc working matrices...done (4694ms) 
   -calc level 0 ridge...done (5577ms) 
 block [339] : 1000 snps  (87941ms) 
   -residualizing and scaling genotypes...done (21109ms) 
   -calc working matrices...done (4053ms) 
   -calc level 0 ridge...done (5830ms) 
 block [340] : 1000 snps  (85074ms) 
   -residualizing and scaling genotypes...done (21944ms) 
   -calc working matrices...done (4129ms) 
   -calc level 0 ridge...done (5681ms) 
 block [341] : 1000 snps  (83746ms) 
   -residualizing and scaling genotypes...done (21050ms) 
   -calc working matrices...done (4111ms) 
   -calc level 0 ridge...done (5328ms) 
 block [342] : 1000 snps  (90636ms) 
   -residualizing and scaling genotypes...done (22185ms) 
   -calc working matrices...done (4186ms) 
   -calc level 0 ridge...done (5775ms) 
 block [343] : 1000 snps  (83606ms) 
   -residualizing and scaling genotypes...done (21972ms) 
   -calc working matrices...done (4202ms) 
   -calc level 0 ridge...done (5688ms) 
 block [344] : 1000 snps  (84057ms) 
   -residualizing and scaling genotypes...done (21771ms) 
   -calc working matrices...done (4147ms) 
   -calc level 0 ridge...done (5607ms) 
 block [345] : 1000 snps  (85823ms) 
   -residualizing and scaling genotypes...done (21499ms) 
   -calc working matrices...done (4194ms) 
   -calc level 0 ridge...done (5660ms) 
 block [346] : 1000 snps  (85129ms) 
   -residualizing and scaling genotypes...done (21838ms) 
   -calc working matrices...done (4374ms) 
   -calc level 0 ridge...done (5668ms) 
 block [347] : 1000 snps  (83638ms) 
   -residualizing and scaling genotypes...done (21849ms) 
   -calc working matrices...done (4194ms) 
   -calc level 0 ridge...done (5872ms) 
 block [348] : 1000 snps  (83197ms) 
   -residualizing and scaling genotypes...done (21829ms) 
   -calc working matrices...done (4257ms) 
   -calc level 0 ridge...done (5800ms) 
 block [349] : 1000 snps  (83210ms) 
   -residualizing and scaling genotypes...done (21974ms) 
   -calc working matrices...done (4163ms) 
   -calc level 0 ridge...done (5714ms) 
 block [350] : 1000 snps  (83242ms) 
   -residualizing and scaling genotypes...done (22098ms) 
   -calc working matrices...done (4224ms) 
   -calc level 0 ridge...done (5810ms) 
 block [351] : 1000 snps  (84416ms) 
   -residualizing and scaling genotypes...done (22041ms) 
   -calc working matrices...done (4209ms) 
   -calc level 0 ridge...done (5588ms) 
 block [352] : 1000 snps  (84428ms) 
   -residualizing and scaling genotypes...done (22006ms) 
   -calc working matrices...done (4175ms) 
   -calc level 0 ridge...done (5759ms) 
 block [353] : 1000 snps  (83443ms) 
   -residualizing and scaling genotypes...done (22131ms) 
   -calc working matrices...done (4255ms) 
   -calc level 0 ridge...done (5731ms) 
 block [354] : 482 snps  (33945ms) 
   -residualizing and scaling genotypes...done (5731ms) 
   -calc working matrices...done (1123ms) 
   -calc level 0 ridge...done (2414ms) 
Chromosome 13
 block [355] : 1000 snps  (76955ms) 
   -residualizing and scaling genotypes...done (17718ms) 
   -calc working matrices...done (4406ms) 
   -calc level 0 ridge...done (5913ms) 
 block [356] : 1000 snps  (78978ms) 
   -residualizing and scaling genotypes...done (17746ms) 
   -calc working matrices...done (4266ms) 
   -calc level 0 ridge...done (5886ms) 
 block [357] : 1000 snps  (78272ms) 
   -residualizing and scaling genotypes...done (18018ms) 
   -calc working matrices...done (4587ms) 
   -calc level 0 ridge...done (5575ms) 
 block [358] : 1000 snps  (84579ms) 
   -residualizing and scaling genotypes...done (17813ms) 
   -calc working matrices...done (4146ms) 
   -calc level 0 ridge...done (5544ms) 
 block [359] : 1000 snps  (83359ms) 
   -residualizing and scaling genotypes...done (17245ms) 
   -calc working matrices...done (4568ms) 
   -calc level 0 ridge...done (5237ms) 
 block [360] : 1000 snps  (81921ms) 
   -residualizing and scaling genotypes...done (17944ms) 
   -calc working matrices...done (4171ms) 
   -calc level 0 ridge...done (5692ms) 
 block [361] : 1000 snps  (78981ms) 
   -residualizing and scaling genotypes...done (18026ms) 
   -calc working matrices...done (4200ms) 
   -calc level 0 ridge...done (5834ms) 
 block [362] : 1000 snps  (78847ms) 
   -residualizing and scaling genotypes...done (17693ms) 
   -calc working matrices...done (4155ms) 
   -calc level 0 ridge...done (5828ms) 
 block [363] : 1000 snps  (77852ms) 
   -residualizing and scaling genotypes...done (17935ms) 
   -calc working matrices...done (4148ms) 
   -calc level 0 ridge...done (5646ms) 
 block [364] : 1000 snps  (77565ms) 
   -residualizing and scaling genotypes...done (17896ms) 
   -calc working matrices...done (4208ms) 
   -calc level 0 ridge...done (5572ms) 
 block [365] : 1000 snps  (77399ms) 
   -residualizing and scaling genotypes...done (17094ms) 
   -calc working matrices...done (4090ms) 
   -calc level 0 ridge...done (5696ms) 
 block [366] : 1000 snps  (77670ms) 
   -residualizing and scaling genotypes...done (17585ms) 
   -calc working matrices...done (4097ms) 
   -calc level 0 ridge...done (5586ms) 
 block [367] : 1000 snps  (78028ms) 
   -residualizing and scaling genotypes...done (17905ms) 
   -calc working matrices...done (4132ms) 
   -calc level 0 ridge...done (5672ms) 
 block [368] : 1000 snps  (77806ms) 
   -residualizing and scaling genotypes...done (17600ms) 
   -calc working matrices...done (4173ms) 
   -calc level 0 ridge...done (5697ms) 
 block [369] : 1000 snps  (77776ms) 
   -residualizing and scaling genotypes...done (17652ms) 
   -calc working matrices...done (4187ms) 
   -calc level 0 ridge...done (5816ms) 
 block [370] : 1000 snps  (77429ms) 
   -residualizing and scaling genotypes...done (18266ms) 
   -calc working matrices...done (4193ms) 
   -calc level 0 ridge...done (5442ms) 
 block [371] : 1000 snps  (77447ms) 
   -residualizing and scaling genotypes...done (17490ms) 
   -calc working matrices...done (4300ms) 
   -calc level 0 ridge...done (6091ms) 
 block [372] : 207 snps  (11070ms) 
   -residualizing and scaling genotypes...done (2075ms) 
   -calc working matrices...done (393ms) 
   -calc level 0 ridge...done (1017ms) 
Chromosome 14
 block [373] : 1000 snps  (87332ms) 
   -residualizing and scaling genotypes...done (23750ms) 
   -calc working matrices...done (4228ms) 
   -calc level 0 ridge...done (5321ms) 
 block [374] : 1000 snps  (82596ms) 
   -residualizing and scaling genotypes...done (22156ms) 
   -calc working matrices...done (4391ms) 
   -calc level 0 ridge...done (5433ms) 
 block [375] : 1000 snps  (75813ms) 
   -residualizing and scaling genotypes...done (22395ms) 
   -calc working matrices...done (4243ms) 
   -calc level 0 ridge...done (5582ms) 
 block [376] : 1000 snps  (72822ms) 
   -residualizing and scaling genotypes...done (16500ms) 
   -calc working matrices...done (4033ms) 
   -calc level 0 ridge...done (5994ms) 
 block [377] : 1000 snps  (69842ms) 
   -residualizing and scaling genotypes...done (16846ms) 
   -calc working matrices...done (4606ms) 
   -calc level 0 ridge...done (5375ms) 
 block [378] : 1000 snps  (82502ms) 
   -residualizing and scaling genotypes...done (24624ms) 
   -calc working matrices...done (4346ms) 
   -calc level 0 ridge...done (4947ms) 
 block [379] : 1000 snps  (73231ms) 
   -residualizing and scaling genotypes...done (16767ms) 
   -calc working matrices...done (4206ms) 
   -calc level 0 ridge...done (5746ms) 
 block [380] : 1000 snps  (66871ms) 
   -residualizing and scaling genotypes...done (16707ms) 
   -calc working matrices...done (4097ms) 
   -calc level 0 ridge...done (5767ms) 
 block [381] : 1000 snps  (66297ms) 
   -residualizing and scaling genotypes...done (16718ms) 
   -calc working matrices...done (4156ms) 
   -calc level 0 ridge...done (5460ms) 
 block [382] : 1000 snps  (66872ms) 
   -residualizing and scaling genotypes...done (16560ms) 
   -calc working matrices...done (4128ms) 
   -calc level 0 ridge...done (5628ms) 
 block [383] : 1000 snps  (65674ms) 
   -residualizing and scaling genotypes...done (22116ms) 
   -calc working matrices...done (4034ms) 
   -calc level 0 ridge...done (4738ms) 
 block [384] : 1000 snps  (83500ms) 
   -residualizing and scaling genotypes...done (22159ms) 
   -calc working matrices...done (4538ms) 
   -calc level 0 ridge...done (5628ms) 
 block [385] : 1000 snps  (92362ms) 
   -residualizing and scaling genotypes...done (22467ms) 
   -calc working matrices...done (4227ms) 
   -calc level 0 ridge...done (5633ms) 
 block [386] : 1000 snps  (84582ms) 
   -residualizing and scaling genotypes...done (22642ms) 
   -calc working matrices...done (4069ms) 
   -calc level 0 ridge...done (5106ms) 
 block [387] : 1000 snps  (85642ms) 
   -residualizing and scaling genotypes...done (22806ms) 
   -calc working matrices...done (4067ms) 
   -calc level 0 ridge...done (5453ms) 
 block [388] : 1000 snps  (96128ms) 
   -residualizing and scaling genotypes...done (22447ms) 
   -calc working matrices...done (4169ms) 
   -calc level 0 ridge...done (5512ms) 
 block [389] : 106 snps  (5418ms) 
   -residualizing and scaling genotypes...done (1201ms) 
   -calc working matrices...done (141ms) 
   -calc level 0 ridge...done (616ms) 
Chromosome 15
 block [390] : 1000 snps  (80267ms) 
   -residualizing and scaling genotypes...done (18684ms) 
   -calc working matrices...done (4459ms) 
   -calc level 0 ridge...done (5069ms) 
 block [391] : 1000 snps  (86869ms) 
   -residualizing and scaling genotypes...done (20618ms) 
   -calc working matrices...done (4212ms) 
   -calc level 0 ridge...done (5840ms) 
 block [392] : 1000 snps  (77980ms) 
   -residualizing and scaling genotypes...done (20662ms) 
   -calc working matrices...done (4222ms) 
   -calc level 0 ridge...done (3516ms) 
 block [393] : 1000 snps  (73166ms) 
   -residualizing and scaling genotypes...done (18827ms) 
   -calc working matrices...done (4261ms) 
   -calc level 0 ridge...done (5662ms) 
 block [394] : 1000 snps  (69325ms) 
   -residualizing and scaling genotypes...done (18850ms) 
   -calc working matrices...done (4152ms) 
   -calc level 0 ridge...done (5792ms) 
 block [395] : 1000 snps  (69335ms) 
   -residualizing and scaling genotypes...done (18039ms) 
   -calc working matrices...done (4160ms) 
   -calc level 0 ridge...done (5683ms) 
 block [396] : 1000 snps  (101694ms) 
   -residualizing and scaling genotypes...done (19449ms) 
   -calc working matrices...done (4048ms) 
   -calc level 0 ridge...done (5400ms) 
 block [397] : 1000 snps  (77826ms) 
   -residualizing and scaling genotypes...done (18985ms) 
   -calc working matrices...done (4343ms) 
   -calc level 0 ridge...done (5820ms) 
 block [398] : 1000 snps  (82853ms) 
   -residualizing and scaling genotypes...done (18697ms) 
   -calc working matrices...done (4245ms) 
   -calc level 0 ridge...done (5764ms) 
 block [399] : 1000 snps  (94107ms) 
   -residualizing and scaling genotypes...done (18621ms) 
   -calc working matrices...done (4019ms) 
   -calc level 0 ridge...done (5595ms) 
 block [400] : 1000 snps  (75091ms) 
   -residualizing and scaling genotypes...done (18874ms) 
   -calc working matrices...done (4159ms) 
   -calc level 0 ridge...done (5313ms) 
 block [401] : 1000 snps  (74800ms) 
   -residualizing and scaling genotypes...done (18699ms) 
   -calc working matrices...done (4135ms) 
   -calc level 0 ridge...done (5432ms) 
 block [402] : 1000 snps  (74377ms) 
   -residualizing and scaling genotypes...done (17958ms) 
   -calc working matrices...done (4096ms) 
   -calc level 0 ridge...done (5644ms) 
 block [403] : 1000 snps  (76204ms) 
   -residualizing and scaling genotypes...done (18620ms) 
   -calc working matrices...done (4106ms) 
   -calc level 0 ridge...done (5531ms) 
 block [404] : 1000 snps  (75679ms) 
   -residualizing and scaling genotypes...done (18602ms) 
   -calc working matrices...done (4154ms) 
   -calc level 0 ridge...done (5500ms) 
 block [405] : 386 snps  (25439ms) 
   -residualizing and scaling genotypes...done (4085ms) 
   -calc working matrices...done (780ms) 
   -calc level 0 ridge...done (1905ms) 
Chromosome 16
 block [406] : 1000 snps  (81322ms) 
   -residualizing and scaling genotypes...done (19501ms) 
   -calc working matrices...done (4201ms) 
   -calc level 0 ridge...done (5444ms) 
 block [407] : 1000 snps  (83175ms) 
   -residualizing and scaling genotypes...done (19529ms) 
   -calc working matrices...done (4237ms) 
   -calc level 0 ridge...done (5347ms) 
 block [408] : 1000 snps  (83117ms) 
   -residualizing and scaling genotypes...done (19800ms) 
   -calc working matrices...done (3992ms) 
   -calc level 0 ridge...done (5140ms) 
 block [409] : 1000 snps  (82925ms) 
   -residualizing and scaling genotypes...done (19655ms) 
   -calc working matrices...done (4203ms) 
   -calc level 0 ridge...done (5390ms) 
 block [410] : 1000 snps  (83389ms) 
   -residualizing and scaling genotypes...done (19784ms) 
   -calc working matrices...done (4223ms) 
   -calc level 0 ridge...done (5562ms) 
 block [411] : 1000 snps  (82396ms) 
   -residualizing and scaling genotypes...done (19689ms) 
   -calc working matrices...done (4168ms) 
   -calc level 0 ridge...done (5470ms) 
 block [412] : 1000 snps  (84659ms) 
   -residualizing and scaling genotypes...done (19753ms) 
   -calc working matrices...done (4091ms) 
   -calc level 0 ridge...done (5421ms) 
 block [413] : 1000 snps  (83012ms) 
   -residualizing and scaling genotypes...done (19852ms) 
   -calc working matrices...done (4259ms) 
   -calc level 0 ridge...done (5735ms) 
 block [414] : 1000 snps  (86004ms) 
   -residualizing and scaling genotypes...done (19897ms) 
   -calc working matrices...done (4135ms) 
   -calc level 0 ridge...done (5448ms) 
 block [415] : 1000 snps  (84026ms) 
   -residualizing and scaling genotypes...done (19633ms) 
   -calc working matrices...done (4254ms) 
   -calc level 0 ridge...done (5402ms) 
 block [416] : 1000 snps  (85826ms) 
   -residualizing and scaling genotypes...done (22853ms) 
   -calc working matrices...done (4424ms) 
   -calc level 0 ridge...done (4954ms) 
 block [417] : 1000 snps  (88351ms) 
   -residualizing and scaling genotypes...done (20124ms) 
   -calc working matrices...done (4225ms) 
   -calc level 0 ridge...done (5099ms) 
 block [418] : 1000 snps  (86814ms) 
   -residualizing and scaling genotypes...done (20292ms) 
   -calc working matrices...done (4256ms) 
   -calc level 0 ridge...done (5112ms) 
 block [419] : 1000 snps  (85185ms) 
   -residualizing and scaling genotypes...done (19971ms) 
   -calc working matrices...done (4216ms) 
   -calc level 0 ridge...done (5166ms) 
 block [420] : 1000 snps  (85331ms) 
   -residualizing and scaling genotypes...done (20156ms) 
   -calc working matrices...done (4225ms) 
   -calc level 0 ridge...done (5019ms) 
 block [421] : 1000 snps  (85251ms) 
   -residualizing and scaling genotypes...done (19516ms) 
   -calc working matrices...done (4212ms) 
   -calc level 0 ridge...done (5034ms) 
 block [422] : 1000 snps  (85425ms) 
   -residualizing and scaling genotypes...done (20240ms) 
   -calc working matrices...done (4272ms) 
   -calc level 0 ridge...done (5141ms) 
 block [423] : 404 snps  (27888ms) 
   -residualizing and scaling genotypes...done (4693ms) 
   -calc working matrices...done (928ms) 
   -calc level 0 ridge...done (1985ms) 
Chromosome 17
 block [424] : 1000 snps  (98415ms) 
   -residualizing and scaling genotypes...done (21321ms) 
   -calc working matrices...done (4125ms) 
   -calc level 0 ridge...done (5142ms) 
 block [425] : 1000 snps  (88101ms) 
   -residualizing and scaling genotypes...done (23125ms) 
   -calc working matrices...done (4118ms) 
   -calc level 0 ridge...done (5366ms) 
 block [426] : 1000 snps  (88920ms) 
   -residualizing and scaling genotypes...done (21248ms) 
   -calc working matrices...done (4199ms) 
   -calc level 0 ridge...done (5250ms) 
 block [427] : 1000 snps  (90877ms) 
   -residualizing and scaling genotypes...done (21222ms) 
   -calc working matrices...done (4078ms) 
   -calc level 0 ridge...done (4763ms) 
 block [428] : 1000 snps  (99933ms) 
   -residualizing and scaling genotypes...done (19842ms) 
   -calc working matrices...done (4279ms) 
   -calc level 0 ridge...done (4168ms) 
 block [429] : 1000 snps  (87548ms) 
   -residualizing and scaling genotypes...done (20549ms) 
   -calc working matrices...done (4136ms) 
   -calc level 0 ridge...done (4851ms) 
 block [430] : 1000 snps  (82362ms) 
   -residualizing and scaling genotypes...done (20666ms) 
   -calc working matrices...done (4149ms) 
   -calc level 0 ridge...done (4933ms) 
 block [431] : 1000 snps  (82432ms) 
   -residualizing and scaling genotypes...done (20339ms) 
   -calc working matrices...done (4135ms) 
   -calc level 0 ridge...done (4895ms) 
 block [432] : 1000 snps  (82187ms) 
   -residualizing and scaling genotypes...done (20458ms) 
   -calc working matrices...done (4168ms) 
   -calc level 0 ridge...done (4871ms) 
 block [433] : 1000 snps  (81806ms) 
   -residualizing and scaling genotypes...done (20424ms) 
   -calc working matrices...done (4046ms) 
   -calc level 0 ridge...done (5008ms) 
 block [434] : 1000 snps  (99278ms) 
   -residualizing and scaling genotypes...done (19566ms) 
   -calc working matrices...done (4234ms) 
   -calc level 0 ridge...done (5481ms) 
 block [435] : 1000 snps  (90898ms) 
   -residualizing and scaling genotypes...done (20044ms) 
   -calc working matrices...done (4080ms) 
   -calc level 0 ridge...done (4251ms) 
 block [436] : 1000 snps  (82091ms) 
   -residualizing and scaling genotypes...done (20181ms) 
   -calc working matrices...done (4178ms) 
   -calc level 0 ridge...done (4746ms) 
 block [437] : 1000 snps  (85325ms) 
   -residualizing and scaling genotypes...done (19881ms) 
   -calc working matrices...done (4118ms) 
   -calc level 0 ridge...done (4420ms) 
 block [438] : 1000 snps  (82442ms) 
   -residualizing and scaling genotypes...done (20051ms) 
   -calc working matrices...done (4439ms) 
   -calc level 0 ridge...done (4127ms) 
 block [439] : 798 snps  (57984ms) 
   -residualizing and scaling genotypes...done (14400ms) 
   -calc working matrices...done (3049ms) 
   -calc level 0 ridge...done (4182ms) 
Chromosome 18
 block [440] : 1000 snps  (90531ms) 
   -residualizing and scaling genotypes...done (22010ms) 
   -calc working matrices...done (4190ms) 
   -calc level 0 ridge...done (4767ms) 
 block [441] : 1000 snps  (85425ms) 
   -residualizing and scaling genotypes...done (21596ms) 
   -calc working matrices...done (4092ms) 
   -calc level 0 ridge...done (4765ms) 
 block [442] : 1000 snps  (86022ms) 
   -residualizing and scaling genotypes...done (21761ms) 
   -calc working matrices...done (4009ms) 
   -calc level 0 ridge...done (4337ms) 
 block [443] : 1000 snps  (90090ms) 
   -residualizing and scaling genotypes...done (20016ms) 
   -calc working matrices...done (4314ms) 
   -calc level 0 ridge...done (5665ms) 
 block [444] : 1000 snps  (70432ms) 
   -residualizing and scaling genotypes...done (19745ms) 
   -calc working matrices...done (3967ms) 
   -calc level 0 ridge...done (5760ms) 
 block [445] : 1000 snps  (71001ms) 
   -residualizing and scaling genotypes...done (19582ms) 
   -calc working matrices...done (4150ms) 
   -calc level 0 ridge...done (5756ms) 
 block [446] : 1000 snps  (70893ms) 
   -residualizing and scaling genotypes...done (20463ms) 
   -calc working matrices...done (3994ms) 
   -calc level 0 ridge...done (5654ms) 
 block [447] : 1000 snps  (72887ms) 
   -residualizing and scaling genotypes...done (19559ms) 
   -calc working matrices...done (4198ms) 
   -calc level 0 ridge...done (5601ms) 
 block [448] : 1000 snps  (70852ms) 
   -residualizing and scaling genotypes...done (20024ms) 
   -calc working matrices...done (4275ms) 
   -calc level 0 ridge...done (5755ms) 
 block [449] : 1000 snps  (71054ms) 
   -residualizing and scaling genotypes...done (20222ms) 
   -calc working matrices...done (4009ms) 
   -calc level 0 ridge...done (5730ms) 
 block [450] : 1000 snps  (71180ms) 
   -residualizing and scaling genotypes...done (20364ms) 
   -calc working matrices...done (4134ms) 
   -calc level 0 ridge...done (5685ms) 
 block [451] : 1000 snps  (70685ms) 
   -residualizing and scaling genotypes...done (21683ms) 
   -calc working matrices...done (4738ms) 
   -calc level 0 ridge...done (5264ms) 
 block [452] : 1000 snps  (77935ms) 
   -residualizing and scaling genotypes...done (21350ms) 
   -calc working matrices...done (4602ms) 
   -calc level 0 ridge...done (5103ms) 
 block [453] : 1000 snps  (88619ms) 
   -residualizing and scaling genotypes...done (20597ms) 
   -calc working matrices...done (4240ms) 
   -calc level 0 ridge...done (5790ms) 
 block [454] : 1000 snps  (99383ms) 
   -residualizing and scaling genotypes...done (21804ms) 
   -calc working matrices...done (4392ms) 
   -calc level 0 ridge...done (4787ms) 
 block [455] : 133 snps  (7154ms) 
   -residualizing and scaling genotypes...done (1239ms) 
   -calc working matrices...done (175ms) 
   -calc level 0 ridge...done (970ms) 
Chromosome 19
 block [456] : 1000 snps  (95097ms) 
   -residualizing and scaling genotypes...done (22740ms) 
   -calc working matrices...done (4356ms) 
   -calc level 0 ridge...done (5141ms) 
 block [457] : 1000 snps  (94537ms) 
   -residualizing and scaling genotypes...done (22143ms) 
   -calc working matrices...done (4292ms) 
   -calc level 0 ridge...done (4345ms) 
 block [458] : 1000 snps  (92504ms) 
   -residualizing and scaling genotypes...done (23203ms) 
   -calc working matrices...done (4076ms) 
   -calc level 0 ridge...done (3909ms) 
 block [459] : 1000 snps  (92050ms) 
   -residualizing and scaling genotypes...done (23067ms) 
   -calc working matrices...done (4213ms) 
   -calc level 0 ridge...done (4336ms) 
 block [460] : 1000 snps  (93049ms) 
   -residualizing and scaling genotypes...done (22924ms) 
   -calc working matrices...done (4300ms) 
   -calc level 0 ridge...done (4077ms) 
 block [461] : 1000 snps  (94930ms) 
   -residualizing and scaling genotypes...done (22796ms) 
   -calc working matrices...done (4025ms) 
   -calc level 0 ridge...done (3859ms) 
 block [462] : 1000 snps  (92636ms) 
   -residualizing and scaling genotypes...done (23094ms) 
   -calc working matrices...done (4270ms) 
   -calc level 0 ridge...done (3885ms) 
 block [463] : 1000 snps  (92727ms) 
   -residualizing and scaling genotypes...done (23013ms) 
   -calc working matrices...done (4033ms) 
   -calc level 0 ridge...done (3970ms) 
 block [464] : 1000 snps  (93059ms) 
   -residualizing and scaling genotypes...done (22865ms) 
   -calc working matrices...done (4131ms) 
   -calc level 0 ridge...done (3920ms) 
 block [465] : 1000 snps  (93095ms) 
   -residualizing and scaling genotypes...done (22879ms) 
   -calc working matrices...done (4149ms) 
   -calc level 0 ridge...done (4018ms) 
 block [466] : 1000 snps  (93366ms) 
   -residualizing and scaling genotypes...done (22959ms) 
   -calc working matrices...done (4141ms) 
   -calc level 0 ridge...done (3990ms) 
 block [467] : 1000 snps  (93348ms) 
   -residualizing and scaling genotypes...done (23042ms) 
   -calc working matrices...done (4153ms) 
   -calc level 0 ridge...done (4005ms) 
 block [468] : 551 snps  (34896ms) 
   -residualizing and scaling genotypes...done (8493ms) 
   -calc working matrices...done (1549ms) 
   -calc level 0 ridge...done (2852ms) 
Chromosome 20
 block [469] : 1000 snps  (97408ms) 
   -residualizing and scaling genotypes...done (22962ms) 
   -calc working matrices...done (3962ms) 
   -calc level 0 ridge...done (4148ms) 
 block [470] : 1000 snps  (92832ms) 
   -residualizing and scaling genotypes...done (23230ms) 
   -calc working matrices...done (4026ms) 
   -calc level 0 ridge...done (3982ms) 
 block [471] : 1000 snps  (92325ms) 
   -residualizing and scaling genotypes...done (22939ms) 
   -calc working matrices...done (4085ms) 
   -calc level 0 ridge...done (4285ms) 
 block [472] : 1000 snps  (92016ms) 
   -residualizing and scaling genotypes...done (22820ms) 
   -calc working matrices...done (4106ms) 
   -calc level 0 ridge...done (4111ms) 
 block [473] : 1000 snps  (93525ms) 
   -residualizing and scaling genotypes...done (22882ms) 
   -calc working matrices...done (4165ms) 
   -calc level 0 ridge...done (4030ms) 
 block [474] : 1000 snps  (92986ms) 
   -residualizing and scaling genotypes...done (23104ms) 
   -calc working matrices...done (4131ms) 
   -calc level 0 ridge...done (3809ms) 
 block [475] : 1000 snps  (92650ms) 
   -residualizing and scaling genotypes...done (22901ms) 
   -calc working matrices...done (3960ms) 
   -calc level 0 ridge...done (3586ms) 
 block [476] : 1000 snps  (92231ms) 
   -residualizing and scaling genotypes...done (22937ms) 
   -calc working matrices...done (4190ms) 
   -calc level 0 ridge...done (3890ms) 
 block [477] : 1000 snps  (92649ms) 
   -residualizing and scaling genotypes...done (23140ms) 
   -calc working matrices...done (4935ms) 
   -calc level 0 ridge...done (4194ms) 
 block [478] : 1000 snps  (94849ms) 
   -residualizing and scaling genotypes...done (22947ms) 
   -calc working matrices...done (4271ms) 
   -calc level 0 ridge...done (3976ms) 
 block [479] : 1000 snps  (93095ms) 
   -residualizing and scaling genotypes...done (22931ms) 
   -calc working matrices...done (4048ms) 
   -calc level 0 ridge...done (3924ms) 
 block [480] : 1000 snps  (93074ms) 
   -residualizing and scaling genotypes...done (23005ms) 
   -calc working matrices...done (4075ms) 
   -calc level 0 ridge...done (3973ms) 
 block [481] : 1000 snps  (93200ms) 
   -residualizing and scaling genotypes...done (22715ms) 
   -calc working matrices...done (4057ms) 
   -calc level 0 ridge...done (3902ms) 
 block [482] : 299 snps  (16805ms) 
   -residualizing and scaling genotypes...done (3493ms) 
   -calc working matrices...done (659ms) 
   -calc level 0 ridge...done (1455ms) 
Chromosome 21
 block [483] : 1000 snps  (99198ms) 
   -residualizing and scaling genotypes...done (23324ms) 
   -calc working matrices...done (4219ms) 
   -calc level 0 ridge...done (4347ms) 
 block [484] : 1000 snps  (95787ms) 
   -residualizing and scaling genotypes...done (23803ms) 
   -calc working matrices...done (4162ms) 
   -calc level 0 ridge...done (3956ms) 
 block [485] : 1000 snps  (97691ms) 
   -residualizing and scaling genotypes...done (23950ms) 
   -calc working matrices...done (4329ms) 
   -calc level 0 ridge...done (3613ms) 
 block [486] : 1000 snps  (96693ms) 
   -residualizing and scaling genotypes...done (23581ms) 
   -calc working matrices...done (3900ms) 
   -calc level 0 ridge...done (3592ms) 
 block [487] : 1000 snps  (96192ms) 
   -residualizing and scaling genotypes...done (23961ms) 
   -calc working matrices...done (4093ms) 
   -calc level 0 ridge...done (3640ms) 
 block [488] : 1000 snps  (96363ms) 
   -residualizing and scaling genotypes...done (23656ms) 
   -calc working matrices...done (4154ms) 
   -calc level 0 ridge...done (3613ms) 
 block [489] : 1000 snps  (98369ms) 
   -residualizing and scaling genotypes...done (20728ms) 
   -calc working matrices...done (4069ms) 
   -calc level 0 ridge...done (3683ms) 
 block [490] : 550 snps  (36075ms) 
   -residualizing and scaling genotypes...done (6340ms) 
   -calc working matrices...done (1383ms) 
   -calc level 0 ridge...done (2802ms) 
Chromosome 22
 block [491] : 1000 snps  (95488ms) 
   -residualizing and scaling genotypes...done (23243ms) 
   -calc working matrices...done (3987ms) 
   -calc level 0 ridge...done (4079ms) 
 block [492] : 1000 snps  (97182ms) 
   -residualizing and scaling genotypes...done (23276ms) 
   -calc working matrices...done (3946ms) 
   -calc level 0 ridge...done (3919ms) 
 block [493] : 1000 snps  (96108ms) 
   -residualizing and scaling genotypes...done (23582ms) 
   -calc working matrices...done (3927ms) 
   -calc level 0 ridge...done (3747ms) 
 block [494] : 1000 snps  (96010ms) 
   -residualizing and scaling genotypes...done (23783ms) 
   -calc working matrices...done (4170ms) 
   -calc level 0 ridge...done (3646ms) 
 block [495] : 1000 snps  (95670ms) 
   -residualizing and scaling genotypes...done (23574ms) 
   -calc working matrices...done (4294ms) 
   -calc level 0 ridge...done (3434ms) 
 block [496] : 1000 snps  (96636ms) 
   -residualizing and scaling genotypes...done (23501ms) 
   -calc working matrices...done (4065ms) 
   -calc level 0 ridge...done (3650ms) 
 block [497] : 1000 snps  (96366ms) 
   -residualizing and scaling genotypes...done (23710ms) 
   -calc working matrices...done (4571ms) 
   -calc level 0 ridge...done (3777ms) 
 block [498] : 967 snps  (95497ms) 
   -residualizing and scaling genotypes...done (22546ms) 
   -calc working matrices...done (4056ms) 
   -calc level 0 ridge...done (4011ms) 

 Level 1 ridge...
   -on phenotype 1 (ltfh)...done (29884ms) 

Output
------
phenotype 1 (ltfh) : 
  0.01  : Rsq = 0.00882097, MSE = 0.991176
  0.25  : Rsq = 0.00990205, MSE = 0.990467
  0.5   : Rsq = 0.010153, MSE = 0.990396
  0.75  : Rsq = 0.0103524, MSE = 0.990397
  0.99  : Rsq = 0.01088, MSE = 0.990364<- min value
  * making predictions...writing LOCO predictions...done (9214ms) 

List of blup files written to: [regenie_output/PCa_ukb_step1_ltfh_pred.list]

Elapsed time : 54401.5s
End time: Mon Dec 13 13:25:55 2021

