Start time: Sun Dec 12 22:19:02 2021

              |=============================|
              |      REGENIE v2.0.2.gz      |
              |=============================|

Copyright (c) 2020 Joelle Mbatchou and Jonathan Marchini.
Distributed under the MIT License.
Compiled with Boost Iostream library.
Using Intel MKL with Eigen.

Log of output saved in file : regenie_output/PCa_ukb_step1_ltfh.log

Options in effect:
  --step 1 \
  --bed /mnt/stsi/stsi1/ptseng/UKBB_Resources/filtered_noimpute_bed/ukb_cal_allChrs_prune \
  --phenoFile regenie_input/PCa_ltfh.txt \
  --covarFile regenie_input/PCa_covar.txt \
  --remove /gpfs/home/ptseng/Torkamani_Projects/20210901_PD_UKBB/ukbb_relatedness/king_output/king_degree_3_unrelatedunrelated_toberemoved.txt \
  --exclude /mnt/stsi/stsi1/ptseng/UKBB_Resources/ID_list/ICLD_low-complexity.exclude \
  --bsize 1000 \
  --out regenie_output/PCa_ukb_step1_ltfh

Fitting null model
 * bim              : [/mnt/stsi/stsi1/ptseng/UKBB_Resources/filtered_noimpute_bed/ukb_cal_allChrs_prune.bim] n_snps = 487427
   -removing variants specified in [/mnt/stsi/stsi1/ptseng/UKBB_Resources/ID_list/ICLD_low-complexity.exclude]
     +number of variants remaining in the analysis = 487427
 * fam              : [/mnt/stsi/stsi1/ptseng/UKBB_Resources/filtered_noimpute_bed/ukb_cal_allChrs_prune.fam] n_samples = 460108
   -removing individuals specified in [/gpfs/home/ptseng/Torkamani_Projects/20210901_PD_UKBB/ukbb_relatedness/king_output/king_degree_3_unrelatedunrelated_toberemoved.txt]
     +number of genotyped individuals to exclude from the analysis = 34787
 * bed              : [/mnt/stsi/stsi1/ptseng/UKBB_Resources/filtered_noimpute_bed/ukb_cal_allChrs_prune.bed]
 * phenotypes       : [regenie_input/PCa_ltfh.txt] n_pheno = 1
   -dropping observations with missing values at any of the phenotypes
   -number of phenotyped individuals = 425107
   -number of individuals remaining with non-missing phenotypes = 425107
 * covariates       : [regenie_input/PCa_covar.txt] n_cov = 21
   -number of individuals with covariate data = 425140
 * number of individuals used in analysis = 425107
   -residualizing and scaling phenotypes...done (10ms) 
 * # threads        : [15]
 * block size       : [1000]
 * # blocks         : [498]
 * # CV folds       : [5]
 * ridge data_l0    : [5 : 0.01 0.25 0.5 0.75 0.99 ]
 * ridge data_l1    : [5 : 0.01 0.25 0.5 0.75 0.99 ]
 * approximate memory usage : 12GB
 * setting memory...done

Chromosome 1
 block [1] : 1000 snps  (58711ms) 
   -residualizing and scaling genotypes...done (9496ms) 
   -calc working matrices...done (4001ms) 
   -calc level 0 ridge...done (4781ms) 
 block [2] : 1000 snps  (83607ms) 
   -residualizing and scaling genotypes...done (9611ms) 
   -calc working matrices...done (4001ms) 
   -calc level 0 ridge...done (4831ms) 
 block [3] : 1000 snps  (65764ms) 
   -residualizing and scaling genotypes...done (9489ms) 
   -calc working matrices...done (4199ms) 
   -calc level 0 ridge...done (4981ms) 
 block [4] : 1000 snps  (69844ms) 
   -residualizing and scaling genotypes...done (9450ms) 
   -calc working matrices...done (4276ms) 
   -calc level 0 ridge...done (5601ms) 
 block [5] : 1000 snps  (76371ms) 
   -residualizing and scaling genotypes...done (9564ms) 
   -calc working matrices...done (4174ms) 
   -calc level 0 ridge...done (4447ms) 
 block [6] : 1000 snps  (72542ms) 
   -residualizing and scaling genotypes...done (9330ms) 
   -calc working matrices...done (4179ms) 
   -calc level 0 ridge...done (5497ms) 
 block [7] : 1000 snps  (64645ms) 
   -residualizing and scaling genotypes...done (9414ms) 
   -calc working matrices...done (4293ms) 
   -calc level 0 ridge...done (5675ms) 
 block [8] : 1000 snps  (58780ms) 
   -residualizing and scaling genotypes...done (9367ms) 
   -calc working matrices...done (4302ms) 
   -calc level 0 ridge...done (5250ms) 
 block [9] : 1000 snps  (75692ms) 
   -residualizing and scaling genotypes...done (9419ms) 
   -calc working matrices...done (4286ms) 
   -calc level 0 ridge...done (4759ms) 
 block [10] : 1000 snps  (70526ms) 
   -residualizing and scaling genotypes...done (9458ms) 
   -calc working matrices...done (4168ms) 
   -calc level 0 ridge...done (5665ms) 
 block [11] : 1000 snps  (75091ms) 
   -residualizing and scaling genotypes...done (9485ms) 
   -calc working matrices...done (4227ms) 
   -calc level 0 ridge...done (4630ms) 
 block [12] : 1000 snps  (71277ms) 
   -residualizing and scaling genotypes...done (9505ms) 
   -calc working matrices...done (4065ms) 
   -calc level 0 ridge...done (5414ms) 
 block [13] : 1000 snps  (65416ms) 
   -residualizing and scaling genotypes...done (9597ms) 
   -calc working matrices...done (4099ms) 
   -calc level 0 ridge...done (5695ms) 
 block [14] : 1000 snps  (58308ms) 
   -residualizing and scaling genotypes...done (9500ms) 
   -calc working matrices...done (4137ms) 
   -calc level 0 ridge...done (5591ms) 
 block [15] : 1000 snps  (58274ms) 
   -residualizing and scaling genotypes...done (9374ms) 
   -calc working matrices...done (4212ms) 
   -calc level 0 ridge...done (5489ms) 
 block [16] : 1000 snps  (71756ms) 
   -residualizing and scaling genotypes...done (9561ms) 
   -calc working matrices...done (4218ms) 
   -calc level 0 ridge...done (5574ms) 
 block [17] : 1000 snps  (59195ms) 
   -residualizing and scaling genotypes...done (9479ms) 
   -calc working matrices...done (4289ms) 
   -calc level 0 ridge...done (5626ms) 
 block [18] : 1000 snps  (81669ms) 
   -residualizing and scaling genotypes...done (9461ms) 
   -calc working matrices...done (4205ms) 
   -calc level 0 ridge...done (5525ms) 
 block [19] : 1000 snps  (58531ms) 
   -residualizing and scaling genotypes...done (10614ms) 
   -calc working matrices...done (4244ms) 
   -calc level 0 ridge...done (5406ms) 
 block [20] : 1000 snps  (60876ms) 
   -residualizing and scaling genotypes...done (9383ms) 
   -calc working matrices...done (4261ms) 
   -calc level 0 ridge...done (5687ms) 
 block [21] : 1000 snps  (58828ms) 
   -residualizing and scaling genotypes...done (9351ms) 
   -calc working matrices...done (4249ms) 
   -calc level 0 ridge...done (5513ms) 
 block [22] : 1000 snps  (96283ms) 
   -residualizing and scaling genotypes...done (12488ms) 
   -calc working matrices...done (4215ms) 
   -calc level 0 ridge...done (4028ms) 
 block [23] : 1000 snps  (67913ms) 
   -residualizing and scaling genotypes...done (9535ms) 
   -calc working matrices...done (4312ms) 
   -calc level 0 ridge...done (5539ms) 
 block [24] : 1000 snps  (71884ms) 
   -residualizing and scaling genotypes...done (9533ms) 
   -calc working matrices...done (4281ms) 
   -calc level 0 ridge...done (5522ms) 
 block [25] : 1000 snps  (75357ms) 
   -residualizing and scaling genotypes...done (9549ms) 
   -calc working matrices...done (4214ms) 
   -calc level 0 ridge...done (5689ms) 
 block [26] : 1000 snps  (58928ms) 
   -residualizing and scaling genotypes...done (9689ms) 
   -calc working matrices...done (4248ms) 
   -calc level 0 ridge...done (5619ms) 
 block [27] : 1000 snps  (59040ms) 
   -residualizing and scaling genotypes...done (9440ms) 
   -calc working matrices...done (4179ms) 
   -calc level 0 ridge...done (5240ms) 
 block [28] : 1000 snps  (60496ms) 
   -residualizing and scaling genotypes...done (9428ms) 
   -calc working matrices...done (4147ms) 
   -calc level 0 ridge...done (5622ms) 
 block [29] : 1000 snps  (58938ms) 
   -residualizing and scaling genotypes...done (9416ms) 
   -calc working matrices...done (4216ms) 
   -calc level 0 ridge...done (5611ms) 
 block [30] : 1000 snps  (59145ms) 
   -residualizing and scaling genotypes...done (9553ms) 
   -calc working matrices...done (4210ms) 
   -calc level 0 ridge...done (5555ms) 
 block [31] : 1000 snps  (58963ms) 
   -residualizing and scaling genotypes...done (9431ms) 
   -calc working matrices...done (4196ms) 
   -calc level 0 ridge...done (5560ms) 
 block [32] : 1000 snps  (58909ms) 
   -residualizing and scaling genotypes...done (9423ms) 
   -calc working matrices...done (4310ms) 
   -calc level 0 ridge...done (5619ms) 
 block [33] : 1000 snps  (58909ms) 
   -residualizing and scaling genotypes...done (9425ms) 
   -calc working matrices...done (4219ms) 
   -calc level 0 ridge...done (5683ms) 
 block [34] : 1000 snps  (59059ms) 
   -residualizing and scaling genotypes...done (9381ms) 
   -calc working matrices...done (4225ms) 
   -calc level 0 ridge...done (5674ms) 
 block [35] : 1000 snps  (59207ms) 
   -residualizing and scaling genotypes...done (9412ms) 
   -calc working matrices...done (4244ms) 
   -calc level 0 ridge...done (5645ms) 
 block [36] : 1000 snps  (59361ms) 
   -residualizing and scaling genotypes...done (9547ms) 
   -calc working matrices...done (4259ms) 
   -calc level 0 ridge...done (5636ms) 
 block [37] : 1000 snps  (59391ms) 
   -residualizing and scaling genotypes...done (9553ms) 
   -calc working matrices...done (4092ms) 
   -calc level 0 ridge...done (5608ms) 
 block [38] : 1000 snps  (59512ms) 
   -residualizing and scaling genotypes...done (9590ms) 
   -calc working matrices...done (4101ms) 
   -calc level 0 ridge...done (5618ms) 
 block [39] : 862 snps  (49089ms) 
   -residualizing and scaling genotypes...done (8202ms) 
   -calc working matrices...done (3421ms) 
   -calc level 0 ridge...done (4693ms) 
Chromosome 2
 block [40] : 1000 snps  (57986ms) 
   -residualizing and scaling genotypes...done (9445ms) 
   -calc working matrices...done (4169ms) 
   -calc level 0 ridge...done (4737ms) 
 block [41] : 1000 snps  (69391ms) 
   -residualizing and scaling genotypes...done (9380ms) 
   -calc working matrices...done (4110ms) 
   -calc level 0 ridge...done (5640ms) 
 block [42] : 1000 snps  (82571ms) 
   -residualizing and scaling genotypes...done (9451ms) 
   -calc working matrices...done (4180ms) 
   -calc level 0 ridge...done (4892ms) 
 block [43] : 1000 snps  (69055ms) 
   -residualizing and scaling genotypes...done (9517ms) 
   -calc working matrices...done (4115ms) 
   -calc level 0 ridge...done (5671ms) 
 block [44] : 1000 snps  (59844ms) 
   -residualizing and scaling genotypes...done (9703ms) 
   -calc working matrices...done (4059ms) 
   -calc level 0 ridge...done (5656ms) 
 block [45] : 1000 snps  (69849ms) 
   -residualizing and scaling genotypes...done (9654ms) 
   -calc working matrices...done (4032ms) 
   -calc level 0 ridge...done (5666ms) 
 block [46] : 1000 snps  (67740ms) 
   -residualizing and scaling genotypes...done (9631ms) 
   -calc working matrices...done (4189ms) 
   -calc level 0 ridge...done (5597ms) 
 block [47] : 1000 snps  (68231ms) 
   -residualizing and scaling genotypes...done (9686ms) 
   -calc working matrices...done (4111ms) 
   -calc level 0 ridge...done (5657ms) 
 block [48] : 1000 snps  (67602ms) 
   -residualizing and scaling genotypes...done (9678ms) 
   -calc working matrices...done (4174ms) 
   -calc level 0 ridge...done (5144ms) 
 block [49] : 1000 snps  (74335ms) 
   -residualizing and scaling genotypes...done (9692ms) 
   -calc working matrices...done (4219ms) 
   -calc level 0 ridge...done (5644ms) 
 block [50] : 1000 snps  (69171ms) 
   -residualizing and scaling genotypes...done (9682ms) 
   -calc working matrices...done (4178ms) 
   -calc level 0 ridge...done (5567ms) 
 block [51] : 1000 snps  (66528ms) 
   -residualizing and scaling genotypes...done (9657ms) 
   -calc working matrices...done (4182ms) 
   -calc level 0 ridge...done (4915ms) 
 block [52] : 1000 snps  (71496ms) 
   -residualizing and scaling genotypes...done (9731ms) 
   -calc working matrices...done (4182ms) 
   -calc level 0 ridge...done (5617ms) 
 block [53] : 1000 snps  (66406ms) 
   -residualizing and scaling genotypes...done (9652ms) 
   -calc working matrices...done (4119ms) 
   -calc level 0 ridge...done (5623ms) 
 block [54] : 1000 snps  (66401ms) 
   -residualizing and scaling genotypes...done (9635ms) 
   -calc working matrices...done (4174ms) 
   -calc level 0 ridge...done (5577ms) 
 block [55] : 1000 snps  (66432ms) 
   -residualizing and scaling genotypes...done (9593ms) 
   -calc working matrices...done (4231ms) 
   -calc level 0 ridge...done (5597ms) 
 block [56] : 1000 snps  (66562ms) 
   -residualizing and scaling genotypes...done (9633ms) 
   -calc working matrices...done (4154ms) 
   -calc level 0 ridge...done (5510ms) 
 block [57] : 1000 snps  (66478ms) 
   -residualizing and scaling genotypes...done (9656ms) 
   -calc working matrices...done (4215ms) 
   -calc level 0 ridge...done (5539ms) 
 block [58] : 1000 snps  (66704ms) 
   -residualizing and scaling genotypes...done (11020ms) 
   -calc working matrices...done (4207ms) 
   -calc level 0 ridge...done (5310ms) 
 block [59] : 1000 snps  (61110ms) 
   -residualizing and scaling genotypes...done (13369ms) 
   -calc working matrices...done (4157ms) 
   -calc level 0 ridge...done (4186ms) 
 block [60] : 1000 snps  (59002ms) 
   -residualizing and scaling genotypes...done (9494ms) 
   -calc working matrices...done (4157ms) 
   -calc level 0 ridge...done (5358ms) 
 block [61] : 1000 snps  (63327ms) 
   -residualizing and scaling genotypes...done (9476ms) 
   -calc working matrices...done (4142ms) 
   -calc level 0 ridge...done (5442ms) 
 block [62] : 1000 snps  (60264ms) 
   -residualizing and scaling genotypes...done (10741ms) 
   -calc working matrices...done (4196ms) 
   -calc level 0 ridge...done (5372ms) 
 block [63] : 1000 snps  (66880ms) 
   -residualizing and scaling genotypes...done (9558ms) 
   -calc working matrices...done (4194ms) 
   -calc level 0 ridge...done (4538ms) 
 block [64] : 1000 snps  (71860ms) 
   -residualizing and scaling genotypes...done (13866ms) 
   -calc working matrices...done (4192ms) 
   -calc level 0 ridge...done (5002ms) 
 block [65] : 1000 snps  (67134ms) 
   -residualizing and scaling genotypes...done (9462ms) 
   -calc working matrices...done (4120ms) 
   -calc level 0 ridge...done (5654ms) 
 block [66] : 1000 snps  (58402ms) 
   -residualizing and scaling genotypes...done (9455ms) 
   -calc working matrices...done (4232ms) 
   -calc level 0 ridge...done (5550ms) 
 block [67] : 1000 snps  (60710ms) 
   -residualizing and scaling genotypes...done (9425ms) 
   -calc working matrices...done (4208ms) 
   -calc level 0 ridge...done (5573ms) 
 block [68] : 1000 snps  (79675ms) 
   -residualizing and scaling genotypes...done (10062ms) 
   -calc working matrices...done (4124ms) 
   -calc level 0 ridge...done (5295ms) 
 block [69] : 1000 snps  (67844ms) 
   -residualizing and scaling genotypes...done (9626ms) 
   -calc working matrices...done (4107ms) 
   -calc level 0 ridge...done (5250ms) 
 block [70] : 1000 snps  (68969ms) 
   -residualizing and scaling genotypes...done (9684ms) 
   -calc working matrices...done (4115ms) 
   -calc level 0 ridge...done (5588ms) 
 block [71] : 1000 snps  (67601ms) 
   -residualizing and scaling genotypes...done (9645ms) 
   -calc working matrices...done (4293ms) 
   -calc level 0 ridge...done (5706ms) 
 block [72] : 1000 snps  (77394ms) 
   -residualizing and scaling genotypes...done (9432ms) 
   -calc working matrices...done (4171ms) 
   -calc level 0 ridge...done (4876ms) 
 block [73] : 1000 snps  (81340ms) 
   -residualizing and scaling genotypes...done (10572ms) 
   -calc working matrices...done (4183ms) 
   -calc level 0 ridge...done (4595ms) 
 block [74] : 1000 snps  (73138ms) 
   -residualizing and scaling genotypes...done (9544ms) 
   -calc working matrices...done (4002ms) 
   -calc level 0 ridge...done (5382ms) 
 block [75] : 1000 snps  (72361ms) 
   -residualizing and scaling genotypes...done (9537ms) 
   -calc working matrices...done (4162ms) 
   -calc level 0 ridge...done (5630ms) 
 block [76] : 1000 snps  (62361ms) 
   -residualizing and scaling genotypes...done (9475ms) 
   -calc working matrices...done (4129ms) 
   -calc level 0 ridge...done (4974ms) 
 block [77] : 1000 snps  (67366ms) 
   -residualizing and scaling genotypes...done (9464ms) 
   -calc working matrices...done (4087ms) 
   -calc level 0 ridge...done (5531ms) 
 block [78] : 1000 snps  (64952ms) 
   -residualizing and scaling genotypes...done (9464ms) 
   -calc working matrices...done (4075ms) 
   -calc level 0 ridge...done (5438ms) 
 block [79] : 403 snps  (24636ms) 
   -residualizing and scaling genotypes...done (3654ms) 
   -calc working matrices...done (981ms) 
   -calc level 0 ridge...done (1965ms) 
Chromosome 3
 block [80] : 1000 snps  (58741ms) 
   -residualizing and scaling genotypes...done (9486ms) 
   -calc working matrices...done (4262ms) 
   -calc level 0 ridge...done (5633ms) 
 block [81] : 1000 snps  (59785ms) 
   -residualizing and scaling genotypes...done (9421ms) 
   -calc working matrices...done (4067ms) 
   -calc level 0 ridge...done (5622ms) 
 block [82] : 1000 snps  (73773ms) 
   -residualizing and scaling genotypes...done (9477ms) 
   -calc working matrices...done (4149ms) 
   -calc level 0 ridge...done (5594ms) 
 block [83] : 1000 snps  (69190ms) 
   -residualizing and scaling genotypes...done (9419ms) 
   -calc working matrices...done (4200ms) 
   -calc level 0 ridge...done (5578ms) 
 block [84] : 1000 snps  (72521ms) 
   -residualizing and scaling genotypes...done (9449ms) 
   -calc working matrices...done (4167ms) 
   -calc level 0 ridge...done (5635ms) 
 block [85] : 1000 snps  (67206ms) 
   -residualizing and scaling genotypes...done (9372ms) 
   -calc working matrices...done (4261ms) 
   -calc level 0 ridge...done (5443ms) 
 block [86] : 1000 snps  (74809ms) 
   -residualizing and scaling genotypes...done (9395ms) 
   -calc working matrices...done (4072ms) 
   -calc level 0 ridge...done (5638ms) 
 block [87] : 1000 snps  (67080ms) 
   -residualizing and scaling genotypes...done (9488ms) 
   -calc working matrices...done (4017ms) 
   -calc level 0 ridge...done (5692ms) 
 block [88] : 1000 snps  (66803ms) 
   -residualizing and scaling genotypes...done (9397ms) 
   -calc working matrices...done (4132ms) 
   -calc level 0 ridge...done (5698ms) 
 block [89] : 1000 snps  (66720ms) 
   -residualizing and scaling genotypes...done (9461ms) 
   -calc working matrices...done (4093ms) 
   -calc level 0 ridge...done (5369ms) 
 block [90] : 1000 snps  (68517ms) 
   -residualizing and scaling genotypes...done (9494ms) 
   -calc working matrices...done (4036ms) 
   -calc level 0 ridge...done (5478ms) 
 block [91] : 1000 snps  (71099ms) 
   -residualizing and scaling genotypes...done (9571ms) 
   -calc working matrices...done (4082ms) 
   -calc level 0 ridge...done (5549ms) 
 block [92] : 1000 snps  (59588ms) 
   -residualizing and scaling genotypes...done (9534ms) 
   -calc working matrices...done (4116ms) 
   -calc level 0 ridge...done (5568ms) 
 block [93] : 1000 snps  (59690ms) 
   -residualizing and scaling genotypes...done (9400ms) 
   -calc working matrices...done (4145ms) 
   -calc level 0 ridge...done (5266ms) 
 block [94] : 1000 snps  (63305ms) 
   -residualizing and scaling genotypes...done (9383ms) 
   -calc working matrices...done (4073ms) 
   -calc level 0 ridge...done (5352ms) 
 block [95] : 1000 snps  (64794ms) 
   -residualizing and scaling genotypes...done (9670ms) 
   -calc working matrices...done (4158ms) 
   -calc level 0 ridge...done (5592ms) 
 block [96] : 1000 snps  (59297ms) 
   -residualizing and scaling genotypes...done (9339ms) 
   -calc working matrices...done (4192ms) 
   -calc level 0 ridge...done (5614ms) 
 block [97] : 1000 snps  (59359ms) 
   -residualizing and scaling genotypes...done (9374ms) 
   -calc working matrices...done (4188ms) 
   -calc level 0 ridge...done (5617ms) 
 block [98] : 1000 snps  (60012ms) 
   -residualizing and scaling genotypes...done (9353ms) 
   -calc working matrices...done (4172ms) 
   -calc level 0 ridge...done (5481ms) 
 block [99] : 1000 snps  (59480ms) 
   -residualizing and scaling genotypes...done (9414ms) 
   -calc working matrices...done (4067ms) 
   -calc level 0 ridge...done (5597ms) 
 block [100] : 1000 snps  (59764ms) 
   -residualizing and scaling genotypes...done (9382ms) 
   -calc working matrices...done (4069ms) 
   -calc level 0 ridge...done (5133ms) 
 block [101] : 1000 snps  (68550ms) 
   -residualizing and scaling genotypes...done (9489ms) 
   -calc working matrices...done (4023ms) 
   -calc level 0 ridge...done (5606ms) 
 block [102] : 1000 snps  (59811ms) 
   -residualizing and scaling genotypes...done (9547ms) 
   -calc working matrices...done (4127ms) 
   -calc level 0 ridge...done (5584ms) 
 block [103] : 1000 snps  (59673ms) 
   -residualizing and scaling genotypes...done (13557ms) 
   -calc working matrices...done (4119ms) 
   -calc level 0 ridge...done (4964ms) 
 block [104] : 1000 snps  (75162ms) 
   -residualizing and scaling genotypes...done (9337ms) 
   -calc working matrices...done (4089ms) 
   -calc level 0 ridge...done (4891ms) 
 block [105] : 1000 snps  (63613ms) 
   -residualizing and scaling genotypes...done (9377ms) 
   -calc working matrices...done (4211ms) 
   -calc level 0 ridge...done (4707ms) 
 block [106] : 1000 snps  (65394ms) 
   -residualizing and scaling genotypes...done (9365ms) 
   -calc working matrices...done (4230ms) 
   -calc level 0 ridge...done (5592ms) 
 block [107] : 1000 snps  (66806ms) 
   -residualizing and scaling genotypes...done (9453ms) 
   -calc working matrices...done (4101ms) 
   -calc level 0 ridge...done (5694ms) 
 block [108] : 1000 snps  (58329ms) 
   -residualizing and scaling genotypes...done (9422ms) 
   -calc working matrices...done (4224ms) 
   -calc level 0 ridge...done (5096ms) 
 block [109] : 1000 snps  (66848ms) 
   -residualizing and scaling genotypes...done (9512ms) 
   -calc working matrices...done (4214ms) 
   -calc level 0 ridge...done (5352ms) 
 block [110] : 1000 snps  (62646ms) 
   -residualizing and scaling genotypes...done (9470ms) 
   -calc working matrices...done (4187ms) 
   -calc level 0 ridge...done (5477ms) 
 block [111] : 1000 snps  (60697ms) 
   -residualizing and scaling genotypes...done (9458ms) 
   -calc working matrices...done (4242ms) 
   -calc level 0 ridge...done (5703ms) 
 block [112] : 1000 snps  (59078ms) 
   -residualizing and scaling genotypes...done (9466ms) 
   -calc working matrices...done (4100ms) 
   -calc level 0 ridge...done (5662ms) 
 block [113] : 332 snps  (21247ms) 
   -residualizing and scaling genotypes...done (3117ms) 
   -calc working matrices...done (648ms) 
   -calc level 0 ridge...done (1619ms) 
Chromosome 4
 block [114] : 1000 snps  (67867ms) 
   -residualizing and scaling genotypes...done (9420ms) 
   -calc working matrices...done (4266ms) 
   -calc level 0 ridge...done (5685ms) 
 block [115] : 1000 snps  (68112ms) 
   -residualizing and scaling genotypes...done (9451ms) 
   -calc working matrices...done (4131ms) 
   -calc level 0 ridge...done (5680ms) 
 block [116] : 1000 snps  (67810ms) 
   -residualizing and scaling genotypes...done (9398ms) 
   -calc working matrices...done (4221ms) 
   -calc level 0 ridge...done (5727ms) 
 block [117] : 1000 snps  (67650ms) 
   -residualizing and scaling genotypes...done (9512ms) 
   -calc working matrices...done (4145ms) 
   -calc level 0 ridge...done (5712ms) 
 block [118] : 1000 snps  (67606ms) 
   -residualizing and scaling genotypes...done (9390ms) 
   -calc working matrices...done (4042ms) 
   -calc level 0 ridge...done (5440ms) 
 block [119] : 1000 snps  (67782ms) 
   -residualizing and scaling genotypes...done (13491ms) 
   -calc working matrices...done (4207ms) 
   -calc level 0 ridge...done (4667ms) 
 block [120] : 1000 snps  (69288ms) 
   -residualizing and scaling genotypes...done (9506ms) 
   -calc working matrices...done (4224ms) 
   -calc level 0 ridge...done (5599ms) 
 block [121] : 1000 snps  (69154ms) 
   -residualizing and scaling genotypes...done (9421ms) 
   -calc working matrices...done (4282ms) 
   -calc level 0 ridge...done (5662ms) 
 block [122] : 1000 snps  (67304ms) 
   -residualizing and scaling genotypes...done (9370ms) 
   -calc working matrices...done (4163ms) 
   -calc level 0 ridge...done (5598ms) 
 block [123] : 1000 snps  (67450ms) 
   -residualizing and scaling genotypes...done (9387ms) 
   -calc working matrices...done (4253ms) 
   -calc level 0 ridge...done (5619ms) 
 block [124] : 1000 snps  (67668ms) 
   -residualizing and scaling genotypes...done (9452ms) 
   -calc working matrices...done (4227ms) 
   -calc level 0 ridge...done (5517ms) 
 block [125] : 1000 snps  (68571ms) 
   -residualizing and scaling genotypes...done (9400ms) 
   -calc working matrices...done (4241ms) 
   -calc level 0 ridge...done (5624ms) 
 block [126] : 1000 snps  (67514ms) 
   -residualizing and scaling genotypes...done (9398ms) 
   -calc working matrices...done (4242ms) 
   -calc level 0 ridge...done (5525ms) 
 block [127] : 1000 snps  (67400ms) 
   -residualizing and scaling genotypes...done (9418ms) 
   -calc working matrices...done (4356ms) 
   -calc level 0 ridge...done (5468ms) 
 block [128] : 1000 snps  (72458ms) 
   -residualizing and scaling genotypes...done (9395ms) 
   -calc working matrices...done (4160ms) 
   -calc level 0 ridge...done (5672ms) 
 block [129] : 1000 snps  (68724ms) 
   -residualizing and scaling genotypes...done (9482ms) 
   -calc working matrices...done (4341ms) 
   -calc level 0 ridge...done (5728ms) 
 block [130] : 1000 snps  (67245ms) 
   -residualizing and scaling genotypes...done (9381ms) 
   -calc working matrices...done (4166ms) 
   -calc level 0 ridge...done (5599ms) 
 block [131] : 1000 snps  (67289ms) 
   -residualizing and scaling genotypes...done (9403ms) 
   -calc working matrices...done (4053ms) 
   -calc level 0 ridge...done (5594ms) 
 block [132] : 1000 snps  (79308ms) 
   -residualizing and scaling genotypes...done (9637ms) 
   -calc working matrices...done (4131ms) 
   -calc level 0 ridge...done (5498ms) 
 block [133] : 1000 snps  (67041ms) 
   -residualizing and scaling genotypes...done (13499ms) 
   -calc working matrices...done (4152ms) 
   -calc level 0 ridge...done (4573ms) 
 block [134] : 1000 snps  (59692ms) 
   -residualizing and scaling genotypes...done (9462ms) 
   -calc working matrices...done (4116ms) 
   -calc level 0 ridge...done (5703ms) 
 block [135] : 1000 snps  (58591ms) 
   -residualizing and scaling genotypes...done (9446ms) 
   -calc working matrices...done (4285ms) 
   -calc level 0 ridge...done (5396ms) 
 block [136] : 1000 snps  (61912ms) 
   -residualizing and scaling genotypes...done (13479ms) 
   -calc working matrices...done (4142ms) 
   -calc level 0 ridge...done (4823ms) 
 block [137] : 1000 snps  (60987ms) 
   -residualizing and scaling genotypes...done (9437ms) 
   -calc working matrices...done (4240ms) 
   -calc level 0 ridge...done (5675ms) 
 block [138] : 1000 snps  (60010ms) 
   -residualizing and scaling genotypes...done (9489ms) 
   -calc working matrices...done (4143ms) 
   -calc level 0 ridge...done (5519ms) 
 block [139] : 1000 snps  (62270ms) 
   -residualizing and scaling genotypes...done (9415ms) 
   -calc working matrices...done (4053ms) 
   -calc level 0 ridge...done (5619ms) 
 block [140] : 1000 snps  (59157ms) 
   -residualizing and scaling genotypes...done (9342ms) 
   -calc working matrices...done (4249ms) 
   -calc level 0 ridge...done (5629ms) 
 block [141] : 1000 snps  (58714ms) 
   -residualizing and scaling genotypes...done (9352ms) 
   -calc working matrices...done (4209ms) 
   -calc level 0 ridge...done (5626ms) 
 block [142] : 1000 snps  (80446ms) 
   -residualizing and scaling genotypes...done (9532ms) 
   -calc working matrices...done (4239ms) 
   -calc level 0 ridge...done (5530ms) 
 block [143] : 1000 snps  (77088ms) 
   -residualizing and scaling genotypes...done (9396ms) 
   -calc working matrices...done (4220ms) 
   -calc level 0 ridge...done (5590ms) 
 block [144] : 1000 snps  (89832ms) 
   -residualizing and scaling genotypes...done (13147ms) 
   -calc working matrices...done (4156ms) 
   -calc level 0 ridge...done (4065ms) 
 block [145] : 195 snps  (12666ms) 
   -residualizing and scaling genotypes...done (1844ms) 
   -calc working matrices...done (278ms) 
   -calc level 0 ridge...done (1041ms) 
Chromosome 5
 block [146] : 1000 snps  (66519ms) 
   -residualizing and scaling genotypes...done (9397ms) 
   -calc working matrices...done (4248ms) 
   -calc level 0 ridge...done (4552ms) 
 block [147] : 1000 snps  (76515ms) 
   -residualizing and scaling genotypes...done (9423ms) 
   -calc working matrices...done (4084ms) 
   -calc level 0 ridge...done (5611ms) 
 block [148] : 1000 snps  (66661ms) 
   -residualizing and scaling genotypes...done (9443ms) 
   -calc working matrices...done (3969ms) 
   -calc level 0 ridge...done (4942ms) 
 block [149] : 1000 snps  (81266ms) 
   -residualizing and scaling genotypes...done (9399ms) 
   -calc working matrices...done (4177ms) 
   -calc level 0 ridge...done (5563ms) 
 block [150] : 1000 snps  (66821ms) 
   -residualizing and scaling genotypes...done (9330ms) 
   -calc working matrices...done (4229ms) 
   -calc level 0 ridge...done (5349ms) 
 block [151] : 1000 snps  (69985ms) 
   -residualizing and scaling genotypes...done (9312ms) 
   -calc working matrices...done (4171ms) 
   -calc level 0 ridge...done (5608ms) 
 block [152] : 1000 snps  (67198ms) 
   -residualizing and scaling genotypes...done (9306ms) 
   -calc working matrices...done (4211ms) 
   -calc level 0 ridge...done (5137ms) 
 block [153] : 1000 snps  (68880ms) 
   -residualizing and scaling genotypes...done (9311ms) 
   -calc working matrices...done (4170ms) 
   -calc level 0 ridge...done (5505ms) 
 block [154] : 1000 snps  (66954ms) 
   -residualizing and scaling genotypes...done (9298ms) 
   -calc working matrices...done (4195ms) 
   -calc level 0 ridge...done (5465ms) 
 block [155] : 1000 snps  (72474ms) 
   -residualizing and scaling genotypes...done (9328ms) 
   -calc working matrices...done (4167ms) 
   -calc level 0 ridge...done (5570ms) 
 block [156] : 1000 snps  (67209ms) 
   -residualizing and scaling genotypes...done (9347ms) 
   -calc working matrices...done (4208ms) 
   -calc level 0 ridge...done (5692ms) 
 block [157] : 1000 snps  (84559ms) 
   -residualizing and scaling genotypes...done (10733ms) 
   -calc working matrices...done (4100ms) 
   -calc level 0 ridge...done (5586ms) 
 block [158] : 1000 snps  (59133ms) 
   -residualizing and scaling genotypes...done (9371ms) 
   -calc working matrices...done (4106ms) 
   -calc level 0 ridge...done (5629ms) 
 block [159] : 1000 snps  (58898ms) 
   -residualizing and scaling genotypes...done (9474ms) 
   -calc working matrices...done (4114ms) 
   -calc level 0 ridge...done (5511ms) 
 block [160] : 1000 snps  (71614ms) 
   -residualizing and scaling genotypes...done (9522ms) 
   -calc working matrices...done (4149ms) 
   -calc level 0 ridge...done (5665ms) 
 block [161] : 1000 snps  (67628ms) 
   -residualizing and scaling genotypes...done (9504ms) 
   -calc working matrices...done (4132ms) 
   -calc level 0 ridge...done (5670ms) 
 block [162] : 1000 snps  (67586ms) 
   -residualizing and scaling genotypes...done (9516ms) 
   -calc working matrices...done (4152ms) 
   -calc level 0 ridge...done (5706ms) 
 block [163] : 1000 snps  (69352ms) 
   -residualizing and scaling genotypes...done (9496ms) 
   -calc working matrices...done (4199ms) 
   -calc level 0 ridge...done (5594ms) 
 block [164] : 1000 snps  (67517ms) 
   -residualizing and scaling genotypes...done (9493ms) 
   -calc working matrices...done (3950ms) 
   -calc level 0 ridge...done (5525ms) 
 block [165] : 1000 snps  (69020ms) 
   -residualizing and scaling genotypes...done (9540ms) 
   -calc working matrices...done (4093ms) 
   -calc level 0 ridge...done (5633ms) 
 block [166] : 1000 snps  (67746ms) 
   -residualizing and scaling genotypes...done (9518ms) 
   -calc working matrices...done (4012ms) 
   -calc level 0 ridge...done (4691ms) 
 block [167] : 1000 snps  (72596ms) 
   -residualizing and scaling genotypes...done (9508ms) 
   -calc working matrices...done (4083ms) 
   -calc level 0 ridge...done (5592ms) 
 block [168] : 1000 snps  (67352ms) 
   -residualizing and scaling genotypes...done (9505ms) 
   -calc working matrices...done (4091ms) 
   -calc level 0 ridge...done (5659ms) 
 block [169] : 1000 snps  (67734ms) 
   -residualizing and scaling genotypes...done (9438ms) 
   -calc working matrices...done (4016ms) 
   -calc level 0 ridge...done (5629ms) 
 block [170] : 1000 snps  (67361ms) 
   -residualizing and scaling genotypes...done (9363ms) 
   -calc working matrices...done (4180ms) 
   -calc level 0 ridge...done (5555ms) 
 block [171] : 1000 snps  (75585ms) 
   -residualizing and scaling genotypes...done (9640ms) 
   -calc working matrices...done (4115ms) 
   -calc level 0 ridge...done (4924ms) 
 block [172] : 1000 snps  (75244ms) 
   -residualizing and scaling genotypes...done (9315ms) 
   -calc working matrices...done (4251ms) 
   -calc level 0 ridge...done (4884ms) 
 block [173] : 1000 snps  (63809ms) 
   -residualizing and scaling genotypes...done (9356ms) 
   -calc working matrices...done (4216ms) 
   -calc level 0 ridge...done (5612ms) 
 block [174] : 1000 snps  (58492ms) 
   -residualizing and scaling genotypes...done (9347ms) 
   -calc working matrices...done (4140ms) 
   -calc level 0 ridge...done (5627ms) 
 block [175] : 940 snps  (53922ms) 
   -residualizing and scaling genotypes...done (8641ms) 
   -calc working matrices...done (3897ms) 
   -calc level 0 ridge...done (5342ms) 
Chromosome 6
 block [176] : 1000 snps  (85816ms) 
   -residualizing and scaling genotypes...done (13305ms) 
   -calc working matrices...done (4063ms) 
   -calc level 0 ridge...done (5445ms) 
 block [177] : 1000 snps  (72905ms) 
   -residualizing and scaling genotypes...done (10077ms) 
   -calc working matrices...done (4194ms) 
   -calc level 0 ridge...done (5639ms) 
 block [178] : 1000 snps  (67087ms) 
   -residualizing and scaling genotypes...done (13545ms) 
   -calc working matrices...done (4052ms) 
   -calc level 0 ridge...done (4925ms) 
 block [179] : 1000 snps  (68839ms) 
   -residualizing and scaling genotypes...done (10833ms) 
   -calc working matrices...done (4034ms) 
   -calc level 0 ridge...done (4612ms) 
 block [180] : 1000 snps  (69669ms) 
   -residualizing and scaling genotypes...done (9455ms) 
   -calc working matrices...done (4179ms) 
   -calc level 0 ridge...done (5580ms) 
 block [181] : 1000 snps  (62279ms) 
   -residualizing and scaling genotypes...done (9651ms) 
   -calc working matrices...done (4149ms) 
   -calc level 0 ridge...done (5524ms) 
 block [182] : 1000 snps  (91428ms) 
   -residualizing and scaling genotypes...done (12111ms) 
   -calc working matrices...done (3953ms) 
   -calc level 0 ridge...done (4300ms) 
 block [183] : 1000 snps  (71723ms) 
   -residualizing and scaling genotypes...done (9651ms) 
   -calc working matrices...done (3993ms) 
   -calc level 0 ridge...done (5569ms) 
 block [184] : 1000 snps  (58865ms) 
   -residualizing and scaling genotypes...done (9643ms) 
   -calc working matrices...done (4110ms) 
   -calc level 0 ridge...done (5669ms) 
 block [185] : 1000 snps  (59072ms) 
   -residualizing and scaling genotypes...done (9507ms) 
   -calc working matrices...done (4250ms) 
   -calc level 0 ridge...done (5594ms) 
 block [186] : 1000 snps  (58918ms) 
   -residualizing and scaling genotypes...done (9487ms) 
   -calc working matrices...done (3979ms) 
   -calc level 0 ridge...done (5526ms) 
 block [187] : 1000 snps  (59044ms) 
   -residualizing and scaling genotypes...done (9498ms) 
   -calc working matrices...done (3933ms) 
   -calc level 0 ridge...done (5531ms) 
 block [188] : 1000 snps  (58810ms) 
   -residualizing and scaling genotypes...done (9508ms) 
   -calc working matrices...done (3979ms) 
   -calc level 0 ridge...done (5616ms) 
 block [189] : 1000 snps  (58931ms) 
   -residualizing and scaling genotypes...done (9492ms) 
   -calc working matrices...done (4223ms) 
   -calc level 0 ridge...done (5618ms) 
 block [190] : 1000 snps  (58896ms) 
   -residualizing and scaling genotypes...done (9483ms) 
   -calc working matrices...done (4193ms) 
   -calc level 0 ridge...done (5618ms) 
 block [191] : 1000 snps  (59088ms) 
   -residualizing and scaling genotypes...done (9634ms) 
   -calc working matrices...done (4142ms) 
   -calc level 0 ridge...done (5659ms) 
 block [192] : 1000 snps  (58828ms) 
   -residualizing and scaling genotypes...done (9489ms) 
   -calc working matrices...done (4112ms) 
   -calc level 0 ridge...done (5634ms) 
 block [193] : 1000 snps  (58913ms) 
   -residualizing and scaling genotypes...done (9488ms) 
   -calc working matrices...done (4032ms) 
   -calc level 0 ridge...done (5671ms) 
 block [194] : 1000 snps  (59181ms) 
   -residualizing and scaling genotypes...done (9542ms) 
   -calc working matrices...done (4167ms) 
   -calc level 0 ridge...done (5551ms) 
 block [195] : 1000 snps  (76270ms) 
   -residualizing and scaling genotypes...done (9387ms) 
   -calc working matrices...done (4020ms) 
   -calc level 0 ridge...done (5473ms) 
 block [196] : 1000 snps  (79351ms) 
   -residualizing and scaling genotypes...done (9433ms) 
   -calc working matrices...done (4245ms) 
   -calc level 0 ridge...done (5550ms) 
 block [197] : 1000 snps  (76305ms) 
   -residualizing and scaling genotypes...done (9572ms) 
   -calc working matrices...done (4070ms) 
   -calc level 0 ridge...done (5660ms) 
 block [198] : 1000 snps  (81490ms) 
   -residualizing and scaling genotypes...done (13463ms) 
   -calc working matrices...done (4080ms) 
   -calc level 0 ridge...done (5360ms) 
 block [199] : 1000 snps  (76721ms) 
   -residualizing and scaling genotypes...done (9494ms) 
   -calc working matrices...done (4146ms) 
   -calc level 0 ridge...done (5317ms) 
 block [200] : 1000 snps  (64580ms) 
   -residualizing and scaling genotypes...done (9683ms) 
   -calc working matrices...done (4064ms) 
   -calc level 0 ridge...done (4692ms) 
 block [201] : 1000 snps  (68182ms) 
   -residualizing and scaling genotypes...done (9608ms) 
   -calc working matrices...done (3951ms) 
   -calc level 0 ridge...done (5044ms) 
 block [202] : 1000 snps  (65751ms) 
   -residualizing and scaling genotypes...done (9625ms) 
   -calc working matrices...done (4110ms) 
   -calc level 0 ridge...done (5629ms) 
 block [203] : 1000 snps  (58974ms) 
   -residualizing and scaling genotypes...done (9627ms) 
   -calc working matrices...done (3980ms) 
   -calc level 0 ridge...done (4962ms) 
 block [204] : 1000 snps  (80478ms) 
   -residualizing and scaling genotypes...done (9314ms) 
   -calc working matrices...done (4085ms) 
   -calc level 0 ridge...done (5570ms) 
 block [205] : 625 snps  (45324ms) 
   -residualizing and scaling genotypes...done (6024ms) 
   -calc working matrices...done (2052ms) 
   -calc level 0 ridge...done (2517ms) 
Chromosome 7
 block [206] : 1000 snps  (74108ms) 
   -residualizing and scaling genotypes...done (9633ms) 
   -calc working matrices...done (4233ms) 
   -calc level 0 ridge...done (4391ms) 
 block [207] : 1000 snps  (67276ms) 
   -residualizing and scaling genotypes...done (9546ms) 
   -calc working matrices...done (3971ms) 
   -calc level 0 ridge...done (5351ms) 
 block [208] : 1000 snps  (64955ms) 
   -residualizing and scaling genotypes...done (9666ms) 
   -calc working matrices...done (4194ms) 
   -calc level 0 ridge...done (5512ms) 
 block [209] : 1000 snps  (59052ms) 
   -residualizing and scaling genotypes...done (9479ms) 
   -calc working matrices...done (4119ms) 
   -calc level 0 ridge...done (5372ms) 
 block [210] : 1000 snps  (76519ms) 
   -residualizing and scaling genotypes...done (9521ms) 
   -calc working matrices...done (4141ms) 
   -calc level 0 ridge...done (5725ms) 
 block [211] : 1000 snps  (67583ms) 
   -residualizing and scaling genotypes...done (9595ms) 
   -calc working matrices...done (4128ms) 
   -calc level 0 ridge...done (5540ms) 
 block [212] : 1000 snps  (67884ms) 
   -residualizing and scaling genotypes...done (9475ms) 
   -calc working matrices...done (4007ms) 
   -calc level 0 ridge...done (5676ms) 
 block [213] : 1000 snps  (67357ms) 
   -residualizing and scaling genotypes...done (9564ms) 
   -calc working matrices...done (4145ms) 
   -calc level 0 ridge...done (5584ms) 
 block [214] : 1000 snps  (67405ms) 
   -residualizing and scaling genotypes...done (9508ms) 
   -calc working matrices...done (4103ms) 
   -calc level 0 ridge...done (5626ms) 
 block [215] : 1000 snps  (67577ms) 
   -residualizing and scaling genotypes...done (9503ms) 
   -calc working matrices...done (4174ms) 
   -calc level 0 ridge...done (5554ms) 
 block [216] : 1000 snps  (70788ms) 
   -residualizing and scaling genotypes...done (9551ms) 
   -calc working matrices...done (4144ms) 
   -calc level 0 ridge...done (5557ms) 
 block [217] : 1000 snps  (67862ms) 
   -residualizing and scaling genotypes...done (9604ms) 
   -calc working matrices...done (4080ms) 
   -calc level 0 ridge...done (5673ms) 
 block [218] : 1000 snps  (67103ms) 
   -residualizing and scaling genotypes...done (9519ms) 
   -calc working matrices...done (4261ms) 
   -calc level 0 ridge...done (5612ms) 
 block [219] : 1000 snps  (67182ms) 
   -residualizing and scaling genotypes...done (9474ms) 
   -calc working matrices...done (4091ms) 
   -calc level 0 ridge...done (5615ms) 
 block [220] : 1000 snps  (66947ms) 
   -residualizing and scaling genotypes...done (9476ms) 
   -calc working matrices...done (4021ms) 
   -calc level 0 ridge...done (5721ms) 
 block [221] : 1000 snps  (67056ms) 
   -residualizing and scaling genotypes...done (9622ms) 
   -calc working matrices...done (4118ms) 
   -calc level 0 ridge...done (5554ms) 
 block [222] : 1000 snps  (73306ms) 
   -residualizing and scaling genotypes...done (9531ms) 
   -calc working matrices...done (4214ms) 
   -calc level 0 ridge...done (5516ms) 
 block [223] : 1000 snps  (67082ms) 
   -residualizing and scaling genotypes...done (9471ms) 
   -calc working matrices...done (4137ms) 
   -calc level 0 ridge...done (5210ms) 
 block [224] : 1000 snps  (70320ms) 
   -residualizing and scaling genotypes...done (9574ms) 
   -calc working matrices...done (4136ms) 
   -calc level 0 ridge...done (5610ms) 
 block [225] : 1000 snps  (82070ms) 
   -residualizing and scaling genotypes...done (13449ms) 
   -calc working matrices...done (4084ms) 
   -calc level 0 ridge...done (4674ms) 
 block [226] : 1000 snps  (70257ms) 
   -residualizing and scaling genotypes...done (9646ms) 
   -calc working matrices...done (3990ms) 
   -calc level 0 ridge...done (5550ms) 
 block [227] : 1000 snps  (67820ms) 
   -residualizing and scaling genotypes...done (9655ms) 
   -calc working matrices...done (4009ms) 
   -calc level 0 ridge...done (5631ms) 
 block [228] : 1000 snps  (67753ms) 
   -residualizing and scaling genotypes...done (9655ms) 
   -calc working matrices...done (4182ms) 
   -calc level 0 ridge...done (5551ms) 
 block [229] : 1000 snps  (77534ms) 
   -residualizing and scaling genotypes...done (9573ms) 
   -calc working matrices...done (4163ms) 
   -calc level 0 ridge...done (5645ms) 
 block [230] : 1000 snps  (72073ms) 
   -residualizing and scaling genotypes...done (13927ms) 
   -calc working matrices...done (4081ms) 
   -calc level 0 ridge...done (4023ms) 
 block [231] : 1000 snps  (69312ms) 
   -residualizing and scaling genotypes...done (9720ms) 
   -calc working matrices...done (4384ms) 
   -calc level 0 ridge...done (5703ms) 
 block [232] : 1000 snps  (59195ms) 
   -residualizing and scaling genotypes...done (9694ms) 
   -calc working matrices...done (4259ms) 
   -calc level 0 ridge...done (5639ms) 
 block [233] : 128 snps  (6928ms) 
   -residualizing and scaling genotypes...done (1173ms) 
   -calc working matrices...done (153ms) 
   -calc level 0 ridge...done (684ms) 
Chromosome 8
 block [234] : 1000 snps  (58447ms) 
   -residualizing and scaling genotypes...done (9510ms) 
   -calc working matrices...done (4228ms) 
   -calc level 0 ridge...done (4223ms) 
 block [235] : 1000 snps  (79235ms) 
   -residualizing and scaling genotypes...done (9503ms) 
   -calc working matrices...done (4092ms) 
   -calc level 0 ridge...done (5385ms) 
 block [236] : 1000 snps  (76229ms) 
   -residualizing and scaling genotypes...done (13546ms) 
   -calc working matrices...done (4128ms) 
   -calc level 0 ridge...done (4862ms) 
 block [237] : 1000 snps  (68152ms) 
   -residualizing and scaling genotypes...done (13475ms) 
   -calc working matrices...done (3918ms) 
   -calc level 0 ridge...done (5012ms) 
 block [238] : 1000 snps  (72417ms) 
   -residualizing and scaling genotypes...done (9490ms) 
   -calc working matrices...done (4356ms) 
   -calc level 0 ridge...done (5672ms) 
 block [239] : 1000 snps  (58656ms) 
   -residualizing and scaling genotypes...done (9474ms) 
   -calc working matrices...done (3935ms) 
   -calc level 0 ridge...done (5489ms) 
 block [240] : 1000 snps  (76503ms) 
   -residualizing and scaling genotypes...done (9489ms) 
   -calc working matrices...done (4075ms) 
   -calc level 0 ridge...done (4657ms) 
 block [241] : 1000 snps  (77078ms) 
   -residualizing and scaling genotypes...done (9535ms) 
   -calc working matrices...done (4143ms) 
   -calc level 0 ridge...done (5639ms) 
 block [242] : 1000 snps  (58605ms) 
   -residualizing and scaling genotypes...done (9507ms) 
   -calc working matrices...done (4098ms) 
   -calc level 0 ridge...done (5691ms) 
 block [243] : 1000 snps  (58903ms) 
   -residualizing and scaling genotypes...done (9559ms) 
   -calc working matrices...done (4120ms) 
   -calc level 0 ridge...done (5618ms) 
 block [244] : 1000 snps  (58586ms) 
   -residualizing and scaling genotypes...done (9546ms) 
   -calc working matrices...done (4083ms) 
   -calc level 0 ridge...done (5522ms) 
 block [245] : 1000 snps  (72922ms) 
   -residualizing and scaling genotypes...done (9426ms) 
   -calc working matrices...done (4204ms) 
   -calc level 0 ridge...done (5802ms) 
 block [246] : 1000 snps  (78888ms) 
   -residualizing and scaling genotypes...done (9456ms) 
   -calc working matrices...done (3935ms) 
   -calc level 0 ridge...done (4158ms) 
 block [247] : 1000 snps  (75712ms) 
   -residualizing and scaling genotypes...done (9529ms) 
   -calc working matrices...done (3904ms) 
   -calc level 0 ridge...done (5632ms) 
 block [248] : 1000 snps  (62599ms) 
   -residualizing and scaling genotypes...done (13912ms) 
   -calc working matrices...done (4156ms) 
   -calc level 0 ridge...done (4467ms) 
 block [249] : 1000 snps  (67794ms) 
   -residualizing and scaling genotypes...done (9354ms) 
   -calc working matrices...done (4217ms) 
   -calc level 0 ridge...done (5388ms) 
 block [250] : 1000 snps  (71551ms) 
   -residualizing and scaling genotypes...done (9376ms) 
   -calc working matrices...done (4060ms) 
   -calc level 0 ridge...done (5621ms) 
 block [251] : 1000 snps  (72867ms) 
   -residualizing and scaling genotypes...done (9398ms) 
   -calc working matrices...done (4148ms) 
   -calc level 0 ridge...done (5297ms) 
 block [252] : 1000 snps  (70507ms) 
   -residualizing and scaling genotypes...done (9337ms) 
   -calc working matrices...done (4118ms) 
   -calc level 0 ridge...done (5583ms) 
 block [253] : 1000 snps  (66916ms) 
   -residualizing and scaling genotypes...done (9346ms) 
   -calc working matrices...done (4242ms) 
   -calc level 0 ridge...done (5534ms) 
 block [254] : 1000 snps  (67188ms) 
   -residualizing and scaling genotypes...done (9336ms) 
   -calc working matrices...done (4254ms) 
   -calc level 0 ridge...done (5588ms) 
 block [255] : 1000 snps  (67597ms) 
   -residualizing and scaling genotypes...done (9397ms) 
   -calc working matrices...done (4160ms) 
   -calc level 0 ridge...done (5016ms) 
 block [256] : 1000 snps  (74123ms) 
   -residualizing and scaling genotypes...done (9323ms) 
   -calc working matrices...done (4113ms) 
   -calc level 0 ridge...done (5580ms) 
 block [257] : 1000 snps  (67062ms) 
   -residualizing and scaling genotypes...done (9326ms) 
   -calc working matrices...done (4155ms) 
   -calc level 0 ridge...done (5612ms) 
 block [258] : 1000 snps  (67101ms) 
   -residualizing and scaling genotypes...done (9323ms) 
   -calc working matrices...done (4154ms) 
   -calc level 0 ridge...done (5581ms) 
 block [259] : 794 snps  (52735ms) 
   -residualizing and scaling genotypes...done (7179ms) 
   -calc working matrices...done (2886ms) 
   -calc level 0 ridge...done (4216ms) 
Chromosome 9
 block [260] : 1000 snps  (67277ms) 
   -residualizing and scaling genotypes...done (9315ms) 
   -calc working matrices...done (4158ms) 
   -calc level 0 ridge...done (5597ms) 
 block [261] : 1000 snps  (80689ms) 
   -residualizing and scaling genotypes...done (9439ms) 
   -calc working matrices...done (4057ms) 
   -calc level 0 ridge...done (4412ms) 
 block [262] : 1000 snps  (75924ms) 
   -residualizing and scaling genotypes...done (9498ms) 
   -calc working matrices...done (4106ms) 
   -calc level 0 ridge...done (5688ms) 
 block [263] : 1000 snps  (58911ms) 
   -residualizing and scaling genotypes...done (9468ms) 
   -calc working matrices...done (4126ms) 
   -calc level 0 ridge...done (4872ms) 
 block [264] : 1000 snps  (69694ms) 
   -residualizing and scaling genotypes...done (9431ms) 
   -calc working matrices...done (4240ms) 
   -calc level 0 ridge...done (5571ms) 
 block [265] : 1000 snps  (58542ms) 
   -residualizing and scaling genotypes...done (9473ms) 
   -calc working matrices...done (4240ms) 
   -calc level 0 ridge...done (5570ms) 
 block [266] : 1000 snps  (58646ms) 
   -residualizing and scaling genotypes...done (9516ms) 
   -calc working matrices...done (4264ms) 
   -calc level 0 ridge...done (5539ms) 
 block [267] : 1000 snps  (81867ms) 
   -residualizing and scaling genotypes...done (9465ms) 
   -calc working matrices...done (4119ms) 
   -calc level 0 ridge...done (5607ms) 
 block [268] : 1000 snps  (81370ms) 
   -residualizing and scaling genotypes...done (9474ms) 
   -calc working matrices...done (4212ms) 
   -calc level 0 ridge...done (5515ms) 
 block [269] : 1000 snps  (73098ms) 
   -residualizing and scaling genotypes...done (9514ms) 
   -calc working matrices...done (4088ms) 
   -calc level 0 ridge...done (5013ms) 
 block [270] : 1000 snps  (65840ms) 
   -residualizing and scaling genotypes...done (9679ms) 
   -calc working matrices...done (4219ms) 
   -calc level 0 ridge...done (5544ms) 
 block [271] : 1000 snps  (58339ms) 
   -residualizing and scaling genotypes...done (9481ms) 
   -calc working matrices...done (4109ms) 
   -calc level 0 ridge...done (5645ms) 
 block [272] : 1000 snps  (61430ms) 
   -residualizing and scaling genotypes...done (9449ms) 
   -calc working matrices...done (4137ms) 
   -calc level 0 ridge...done (5559ms) 
 block [273] : 1000 snps  (60360ms) 
   -residualizing and scaling genotypes...done (9433ms) 
   -calc working matrices...done (4148ms) 
   -calc level 0 ridge...done (5718ms) 
 block [274] : 1000 snps  (68071ms) 
   -residualizing and scaling genotypes...done (13495ms) 
   -calc working matrices...done (4114ms) 
   -calc level 0 ridge...done (4736ms) 
 block [275] : 1000 snps  (68037ms) 
   -residualizing and scaling genotypes...done (9447ms) 
   -calc working matrices...done (4045ms) 
   -calc level 0 ridge...done (5663ms) 
 block [276] : 1000 snps  (82003ms) 
   -residualizing and scaling genotypes...done (9326ms) 
   -calc working matrices...done (4170ms) 
   -calc level 0 ridge...done (5304ms) 
 block [277] : 1000 snps  (62748ms) 
   -residualizing and scaling genotypes...done (9395ms) 
   -calc working matrices...done (4171ms) 
   -calc level 0 ridge...done (5642ms) 
 block [278] : 1000 snps  (59733ms) 
   -residualizing and scaling genotypes...done (9357ms) 
   -calc working matrices...done (4200ms) 
   -calc level 0 ridge...done (5569ms) 
 block [279] : 1000 snps  (68754ms) 
   -residualizing and scaling genotypes...done (9407ms) 
   -calc working matrices...done (4008ms) 
   -calc level 0 ridge...done (5651ms) 
 block [280] : 1000 snps  (78007ms) 
   -residualizing and scaling genotypes...done (9508ms) 
   -calc working matrices...done (4181ms) 
   -calc level 0 ridge...done (5073ms) 
 block [281] : 841 snps  (46347ms) 
   -residualizing and scaling genotypes...done (7678ms) 
   -calc working matrices...done (3059ms) 
   -calc level 0 ridge...done (3842ms) 
Chromosome 10
 block [282] : 1000 snps  (58101ms) 
   -residualizing and scaling genotypes...done (9463ms) 
   -calc working matrices...done (4168ms) 
   -calc level 0 ridge...done (4856ms) 
 block [283] : 1000 snps  (66834ms) 
   -residualizing and scaling genotypes...done (9619ms) 
   -calc working matrices...done (4151ms) 
   -calc level 0 ridge...done (4310ms) 
 block [284] : 1000 snps  (74547ms) 
   -residualizing and scaling genotypes...done (9506ms) 
   -calc working matrices...done (4202ms) 
   -calc level 0 ridge...done (4581ms) 
 block [285] : 1000 snps  (75543ms) 
   -residualizing and scaling genotypes...done (9411ms) 
   -calc working matrices...done (4095ms) 
   -calc level 0 ridge...done (4648ms) 
 block [286] : 1000 snps  (75863ms) 
   -residualizing and scaling genotypes...done (13324ms) 
   -calc working matrices...done (4087ms) 
   -calc level 0 ridge...done (4872ms) 
 block [287] : 1000 snps  (68225ms) 
   -residualizing and scaling genotypes...done (9460ms) 
   -calc working matrices...done (4199ms) 
   -calc level 0 ridge...done (4549ms) 
 block [288] : 1000 snps  (66510ms) 
   -residualizing and scaling genotypes...done (9486ms) 
   -calc working matrices...done (4108ms) 
   -calc level 0 ridge...done (4050ms) 
 block [289] : 1000 snps  (72082ms) 
   -residualizing and scaling genotypes...done (9572ms) 
   -calc working matrices...done (4056ms) 
   -calc level 0 ridge...done (4868ms) 
 block [290] : 1000 snps  (70056ms) 
   -residualizing and scaling genotypes...done (9561ms) 
   -calc working matrices...done (4002ms) 
   -calc level 0 ridge...done (5608ms) 
 block [291] : 1000 snps  (66365ms) 
   -residualizing and scaling genotypes...done (9378ms) 
   -calc working matrices...done (4016ms) 
   -calc level 0 ridge...done (5548ms) 
 block [292] : 1000 snps  (66104ms) 
   -residualizing and scaling genotypes...done (9455ms) 
   -calc working matrices...done (4201ms) 
   -calc level 0 ridge...done (5271ms) 
 block [293] : 1000 snps  (74065ms) 
   -residualizing and scaling genotypes...done (13327ms) 
   -calc working matrices...done (3921ms) 
   -calc level 0 ridge...done (5224ms) 
 block [294] : 1000 snps  (67963ms) 
   -residualizing and scaling genotypes...done (9505ms) 
   -calc working matrices...done (4049ms) 
   -calc level 0 ridge...done (5279ms) 
 block [295] : 1000 snps  (70362ms) 
   -residualizing and scaling genotypes...done (9469ms) 
   -calc working matrices...done (3941ms) 
   -calc level 0 ridge...done (4691ms) 
 block [296] : 1000 snps  (73963ms) 
   -residualizing and scaling genotypes...done (10245ms) 
   -calc working matrices...done (4004ms) 
   -calc level 0 ridge...done (5369ms) 
 block [297] : 1000 snps  (69079ms) 
   -residualizing and scaling genotypes...done (9520ms) 
   -calc working matrices...done (4191ms) 
   -calc level 0 ridge...done (5688ms) 
 block [298] : 1000 snps  (66950ms) 
   -residualizing and scaling genotypes...done (9533ms) 
   -calc working matrices...done (4106ms) 
   -calc level 0 ridge...done (5669ms) 
 block [299] : 1000 snps  (67109ms) 
   -residualizing and scaling genotypes...done (9519ms) 
   -calc working matrices...done (4115ms) 
   -calc level 0 ridge...done (5668ms) 
 block [300] : 1000 snps  (66752ms) 
   -residualizing and scaling genotypes...done (9532ms) 
   -calc working matrices...done (4057ms) 
   -calc level 0 ridge...done (5690ms) 
 block [301] : 1000 snps  (66849ms) 
   -residualizing and scaling genotypes...done (13631ms) 
   -calc working matrices...done (4094ms) 
   -calc level 0 ridge...done (5515ms) 
 block [302] : 1000 snps  (72547ms) 
   -residualizing and scaling genotypes...done (9492ms) 
   -calc working matrices...done (4238ms) 
   -calc level 0 ridge...done (4399ms) 
 block [303] : 1000 snps  (80813ms) 
   -residualizing and scaling genotypes...done (9491ms) 
   -calc working matrices...done (4147ms) 
   -calc level 0 ridge...done (4614ms) 
 block [304] : 1000 snps  (74634ms) 
   -residualizing and scaling genotypes...done (9591ms) 
   -calc working matrices...done (4197ms) 
   -calc level 0 ridge...done (5468ms) 
 block [305] : 1000 snps  (72327ms) 
   -residualizing and scaling genotypes...done (9512ms) 
   -calc working matrices...done (4240ms) 
   -calc level 0 ridge...done (5644ms) 
 block [306] : 487 snps  (33802ms) 
   -residualizing and scaling genotypes...done (4646ms) 
   -calc working matrices...done (1193ms) 
   -calc level 0 ridge...done (2451ms) 
Chromosome 11
 block [307] : 1000 snps  (67552ms) 
   -residualizing and scaling genotypes...done (9323ms) 
   -calc working matrices...done (4235ms) 
   -calc level 0 ridge...done (5340ms) 
 block [308] : 1000 snps  (74460ms) 
   -residualizing and scaling genotypes...done (9394ms) 
   -calc working matrices...done (4229ms) 
   -calc level 0 ridge...done (5633ms) 
 block [309] : 1000 snps  (73062ms) 
   -residualizing and scaling genotypes...done (9506ms) 
   -calc working matrices...done (4283ms) 
   -calc level 0 ridge...done (5601ms) 
 block [310] : 1000 snps  (67742ms) 
   -residualizing and scaling genotypes...done (9472ms) 
   -calc working matrices...done (4240ms) 
   -calc level 0 ridge...done (5614ms) 
 block [311] : 1000 snps  (67589ms) 
   -residualizing and scaling genotypes...done (9365ms) 
   -calc working matrices...done (4261ms) 
   -calc level 0 ridge...done (5636ms) 
 block [312] : 1000 snps  (67354ms) 
   -residualizing and scaling genotypes...done (9359ms) 
   -calc working matrices...done (4020ms) 
   -calc level 0 ridge...done (4474ms) 
 block [313] : 1000 snps  (71181ms) 
   -residualizing and scaling genotypes...done (9673ms) 
   -calc working matrices...done (4094ms) 
   -calc level 0 ridge...done (5603ms) 
 block [314] : 1000 snps  (79149ms) 
   -residualizing and scaling genotypes...done (9396ms) 
   -calc working matrices...done (4191ms) 
   -calc level 0 ridge...done (5647ms) 
 block [315] : 1000 snps  (58760ms) 
   -residualizing and scaling genotypes...done (9415ms) 
   -calc working matrices...done (4052ms) 
   -calc level 0 ridge...done (5623ms) 
 block [316] : 1000 snps  (80904ms) 
   -residualizing and scaling genotypes...done (13044ms) 
   -calc working matrices...done (4114ms) 
   -calc level 0 ridge...done (5511ms) 
 block [317] : 1000 snps  (73282ms) 
   -residualizing and scaling genotypes...done (9483ms) 
   -calc working matrices...done (4093ms) 
   -calc level 0 ridge...done (5625ms) 
 block [318] : 1000 snps  (58746ms) 
   -residualizing and scaling genotypes...done (9486ms) 
   -calc working matrices...done (4220ms) 
   -calc level 0 ridge...done (5552ms) 
 block [319] : 1000 snps  (76038ms) 
   -residualizing and scaling genotypes...done (9511ms) 
   -calc working matrices...done (4029ms) 
   -calc level 0 ridge...done (5658ms) 
 block [320] : 1000 snps  (66987ms) 
   -residualizing and scaling genotypes...done (9359ms) 
   -calc working matrices...done (4051ms) 
   -calc level 0 ridge...done (5257ms) 
 block [321] : 1000 snps  (73640ms) 
   -residualizing and scaling genotypes...done (13337ms) 
   -calc working matrices...done (4149ms) 
   -calc level 0 ridge...done (4883ms) 
 block [322] : 1000 snps  (67894ms) 
   -residualizing and scaling genotypes...done (9351ms) 
   -calc working matrices...done (4090ms) 
   -calc level 0 ridge...done (5612ms) 
 block [323] : 1000 snps  (66869ms) 
   -residualizing and scaling genotypes...done (9321ms) 
   -calc working matrices...done (4253ms) 
   -calc level 0 ridge...done (5623ms) 
 block [324] : 1000 snps  (66925ms) 
   -residualizing and scaling genotypes...done (9387ms) 
   -calc working matrices...done (4238ms) 
   -calc level 0 ridge...done (5550ms) 
 block [325] : 1000 snps  (66857ms) 
   -residualizing and scaling genotypes...done (9435ms) 
   -calc working matrices...done (4230ms) 
   -calc level 0 ridge...done (5673ms) 
 block [326] : 1000 snps  (66773ms) 
   -residualizing and scaling genotypes...done (9503ms) 
   -calc working matrices...done (4183ms) 
   -calc level 0 ridge...done (5751ms) 
 block [327] : 1000 snps  (77596ms) 
   -residualizing and scaling genotypes...done (9652ms) 
   -calc working matrices...done (4107ms) 
   -calc level 0 ridge...done (5645ms) 
 block [328] : 1000 snps  (59190ms) 
   -residualizing and scaling genotypes...done (9681ms) 
   -calc working matrices...done (4149ms) 
   -calc level 0 ridge...done (5612ms) 
 block [329] : 1000 snps  (58919ms) 
   -residualizing and scaling genotypes...done (9864ms) 
   -calc working matrices...done (4189ms) 
   -calc level 0 ridge...done (5678ms) 
 block [330] : 937 snps  (52435ms) 
   -residualizing and scaling genotypes...done (8611ms) 
   -calc working matrices...done (4011ms) 
   -calc level 0 ridge...done (4688ms) 
Chromosome 12
 block [331] : 1000 snps  (59087ms) 
   -residualizing and scaling genotypes...done (9880ms) 
   -calc working matrices...done (4327ms) 
   -calc level 0 ridge...done (5586ms) 
 block [332] : 1000 snps  (59312ms) 
   -residualizing and scaling genotypes...done (9976ms) 
   -calc working matrices...done (4234ms) 
   -calc level 0 ridge...done (5509ms) 
 block [333] : 1000 snps  (77146ms) 
   -residualizing and scaling genotypes...done (10757ms) 
   -calc working matrices...done (4210ms) 
   -calc level 0 ridge...done (5006ms) 
 block [334] : 1000 snps  (68629ms) 
   -residualizing and scaling genotypes...done (10019ms) 
   -calc working matrices...done (4238ms) 
   -calc level 0 ridge...done (5585ms) 
 block [335] : 1000 snps  (67240ms) 
   -residualizing and scaling genotypes...done (10056ms) 
   -calc working matrices...done (4179ms) 
   -calc level 0 ridge...done (5591ms) 
 block [336] : 1000 snps  (67545ms) 
   -residualizing and scaling genotypes...done (14057ms) 
   -calc working matrices...done (4138ms) 
   -calc level 0 ridge...done (5597ms) 
 block [337] : 1000 snps  (67458ms) 
   -residualizing and scaling genotypes...done (10303ms) 
   -calc working matrices...done (4170ms) 
   -calc level 0 ridge...done (5514ms) 
 block [338] : 1000 snps  (67103ms) 
   -residualizing and scaling genotypes...done (10385ms) 
   -calc working matrices...done (4268ms) 
   -calc level 0 ridge...done (5571ms) 
 block [339] : 1000 snps  (67227ms) 
   -residualizing and scaling genotypes...done (13604ms) 
   -calc working matrices...done (4207ms) 
   -calc level 0 ridge...done (4792ms) 
 block [340] : 1000 snps  (68293ms) 
   -residualizing and scaling genotypes...done (10559ms) 
   -calc working matrices...done (4179ms) 
   -calc level 0 ridge...done (5486ms) 
 block [341] : 1000 snps  (76416ms) 
   -residualizing and scaling genotypes...done (9478ms) 
   -calc working matrices...done (4180ms) 
   -calc level 0 ridge...done (5624ms) 
 block [342] : 1000 snps  (58345ms) 
   -residualizing and scaling genotypes...done (9522ms) 
   -calc working matrices...done (4269ms) 
   -calc level 0 ridge...done (5642ms) 
 block [343] : 1000 snps  (58214ms) 
   -residualizing and scaling genotypes...done (9447ms) 
   -calc working matrices...done (4207ms) 
   -calc level 0 ridge...done (5648ms) 
 block [344] : 1000 snps  (78464ms) 
   -residualizing and scaling genotypes...done (10588ms) 
   -calc working matrices...done (4188ms) 
   -calc level 0 ridge...done (5661ms) 
 block [345] : 1000 snps  (58678ms) 
   -residualizing and scaling genotypes...done (10594ms) 
   -calc working matrices...done (4206ms) 
   -calc level 0 ridge...done (5602ms) 
 block [346] : 1000 snps  (58990ms) 
   -residualizing and scaling genotypes...done (10739ms) 
   -calc working matrices...done (4192ms) 
   -calc level 0 ridge...done (5623ms) 
 block [347] : 1000 snps  (58903ms) 
   -residualizing and scaling genotypes...done (11094ms) 
   -calc working matrices...done (4048ms) 
   -calc level 0 ridge...done (5649ms) 
 block [348] : 1000 snps  (58960ms) 
   -residualizing and scaling genotypes...done (11010ms) 
   -calc working matrices...done (4254ms) 
   -calc level 0 ridge...done (5580ms) 
 block [349] : 1000 snps  (58691ms) 
   -residualizing and scaling genotypes...done (10960ms) 
   -calc working matrices...done (4215ms) 
   -calc level 0 ridge...done (4251ms) 
 block [350] : 1000 snps  (70723ms) 
   -residualizing and scaling genotypes...done (11256ms) 
   -calc working matrices...done (4167ms) 
   -calc level 0 ridge...done (5225ms) 
 block [351] : 1000 snps  (75569ms) 
   -residualizing and scaling genotypes...done (9596ms) 
   -calc working matrices...done (4184ms) 
   -calc level 0 ridge...done (4939ms) 
 block [352] : 1000 snps  (66188ms) 
   -residualizing and scaling genotypes...done (9561ms) 
   -calc working matrices...done (4150ms) 
   -calc level 0 ridge...done (5647ms) 
 block [353] : 1000 snps  (58788ms) 
   -residualizing and scaling genotypes...done (9581ms) 
   -calc working matrices...done (4193ms) 
   -calc level 0 ridge...done (5567ms) 
 block [354] : 482 snps  (27680ms) 
   -residualizing and scaling genotypes...done (4538ms) 
   -calc working matrices...done (1122ms) 
   -calc level 0 ridge...done (2423ms) 
Chromosome 13
 block [355] : 1000 snps  (85642ms) 
   -residualizing and scaling genotypes...done (11233ms) 
   -calc working matrices...done (4255ms) 
   -calc level 0 ridge...done (5024ms) 
 block [356] : 1000 snps  (75856ms) 
   -residualizing and scaling genotypes...done (11339ms) 
   -calc working matrices...done (4186ms) 
   -calc level 0 ridge...done (5591ms) 
 block [357] : 1000 snps  (68060ms) 
   -residualizing and scaling genotypes...done (11328ms) 
   -calc working matrices...done (4087ms) 
   -calc level 0 ridge...done (5030ms) 
 block [358] : 1000 snps  (69260ms) 
   -residualizing and scaling genotypes...done (11308ms) 
   -calc working matrices...done (4114ms) 
   -calc level 0 ridge...done (5645ms) 
 block [359] : 1000 snps  (67454ms) 
   -residualizing and scaling genotypes...done (11410ms) 
   -calc working matrices...done (4100ms) 
   -calc level 0 ridge...done (5613ms) 
 block [360] : 1000 snps  (67394ms) 
   -residualizing and scaling genotypes...done (11459ms) 
   -calc working matrices...done (4175ms) 
   -calc level 0 ridge...done (5641ms) 
 block [361] : 1000 snps  (67394ms) 
   -residualizing and scaling genotypes...done (11454ms) 
   -calc working matrices...done (4043ms) 
   -calc level 0 ridge...done (5667ms) 
 block [362] : 1000 snps  (67276ms) 
   -residualizing and scaling genotypes...done (11471ms) 
   -calc working matrices...done (4091ms) 
   -calc level 0 ridge...done (4529ms) 
 block [363] : 1000 snps  (73241ms) 
   -residualizing and scaling genotypes...done (9345ms) 
   -calc working matrices...done (4198ms) 
   -calc level 0 ridge...done (4564ms) 
 block [364] : 1000 snps  (89077ms) 
   -residualizing and scaling genotypes...done (10407ms) 
   -calc working matrices...done (4054ms) 
   -calc level 0 ridge...done (5160ms) 
 block [365] : 1000 snps  (60177ms) 
   -residualizing and scaling genotypes...done (9377ms) 
   -calc working matrices...done (4054ms) 
   -calc level 0 ridge...done (5778ms) 
 block [366] : 1000 snps  (58012ms) 
   -residualizing and scaling genotypes...done (13394ms) 
   -calc working matrices...done (4152ms) 
   -calc level 0 ridge...done (5447ms) 
 block [367] : 1000 snps  (58882ms) 
   -residualizing and scaling genotypes...done (13390ms) 
   -calc working matrices...done (3910ms) 
   -calc level 0 ridge...done (5399ms) 
 block [368] : 1000 snps  (58220ms) 
   -residualizing and scaling genotypes...done (9326ms) 
   -calc working matrices...done (4068ms) 
   -calc level 0 ridge...done (5536ms) 
 block [369] : 1000 snps  (58363ms) 
   -residualizing and scaling genotypes...done (13383ms) 
   -calc working matrices...done (4086ms) 
   -calc level 0 ridge...done (4150ms) 
 block [370] : 1000 snps  (60116ms) 
   -residualizing and scaling genotypes...done (9388ms) 
   -calc working matrices...done (3961ms) 
   -calc level 0 ridge...done (5642ms) 
 block [371] : 1000 snps  (73080ms) 
   -residualizing and scaling genotypes...done (11868ms) 
   -calc working matrices...done (4144ms) 
   -calc level 0 ridge...done (5631ms) 
 block [372] : 207 snps  (10969ms) 
   -residualizing and scaling genotypes...done (1972ms) 
   -calc working matrices...done (364ms) 
   -calc level 0 ridge...done (1024ms) 
Chromosome 14
 block [373] : 1000 snps  (67763ms) 
   -residualizing and scaling genotypes...done (11334ms) 
   -calc working matrices...done (4108ms) 
   -calc level 0 ridge...done (4728ms) 
 block [374] : 1000 snps  (79180ms) 
   -residualizing and scaling genotypes...done (9496ms) 
   -calc working matrices...done (4179ms) 
   -calc level 0 ridge...done (4351ms) 
 block [375] : 1000 snps  (76307ms) 
   -residualizing and scaling genotypes...done (13441ms) 
   -calc working matrices...done (4221ms) 
   -calc level 0 ridge...done (5157ms) 
 block [376] : 1000 snps  (71307ms) 
   -residualizing and scaling genotypes...done (11517ms) 
   -calc working matrices...done (4178ms) 
   -calc level 0 ridge...done (5150ms) 
 block [377] : 1000 snps  (82276ms) 
   -residualizing and scaling genotypes...done (11706ms) 
   -calc working matrices...done (4076ms) 
   -calc level 0 ridge...done (5266ms) 
 block [378] : 1000 snps  (72290ms) 
   -residualizing and scaling genotypes...done (11696ms) 
   -calc working matrices...done (4048ms) 
   -calc level 0 ridge...done (5515ms) 
 block [379] : 1000 snps  (89109ms) 
   -residualizing and scaling genotypes...done (11715ms) 
   -calc working matrices...done (4100ms) 
   -calc level 0 ridge...done (5372ms) 
 block [380] : 1000 snps  (60421ms) 
   -residualizing and scaling genotypes...done (11571ms) 
   -calc working matrices...done (4137ms) 
   -calc level 0 ridge...done (5363ms) 
 block [381] : 1000 snps  (61953ms) 
   -residualizing and scaling genotypes...done (11862ms) 
   -calc working matrices...done (4075ms) 
   -calc level 0 ridge...done (4444ms) 
 block [382] : 1000 snps  (61886ms) 
   -residualizing and scaling genotypes...done (9533ms) 
   -calc working matrices...done (4138ms) 
   -calc level 0 ridge...done (5703ms) 
 block [383] : 1000 snps  (58470ms) 
   -residualizing and scaling genotypes...done (9521ms) 
   -calc working matrices...done (4129ms) 
   -calc level 0 ridge...done (5635ms) 
 block [384] : 1000 snps  (58505ms) 
   -residualizing and scaling genotypes...done (9632ms) 
   -calc working matrices...done (4033ms) 
   -calc level 0 ridge...done (5442ms) 
 block [385] : 1000 snps  (65819ms) 
   -residualizing and scaling genotypes...done (9698ms) 
   -calc working matrices...done (4146ms) 
   -calc level 0 ridge...done (5632ms) 
 block [386] : 1000 snps  (75498ms) 
   -residualizing and scaling genotypes...done (11627ms) 
   -calc working matrices...done (4084ms) 
   -calc level 0 ridge...done (5611ms) 
 block [387] : 1000 snps  (60827ms) 
   -residualizing and scaling genotypes...done (11681ms) 
   -calc working matrices...done (4113ms) 
   -calc level 0 ridge...done (4492ms) 
 block [388] : 1000 snps  (66264ms) 
   -residualizing and scaling genotypes...done (11901ms) 
   -calc working matrices...done (4162ms) 
   -calc level 0 ridge...done (5080ms) 
 block [389] : 106 snps  (5558ms) 
   -residualizing and scaling genotypes...done (1112ms) 
   -calc working matrices...done (127ms) 
   -calc level 0 ridge...done (690ms) 
Chromosome 15
 block [390] : 1000 snps  (66008ms) 
   -residualizing and scaling genotypes...done (13259ms) 
   -calc working matrices...done (4096ms) 
   -calc level 0 ridge...done (4573ms) 
 block [391] : 1000 snps  (73803ms) 
   -residualizing and scaling genotypes...done (10648ms) 
   -calc working matrices...done (4157ms) 
   -calc level 0 ridge...done (5651ms) 
 block [392] : 1000 snps  (63729ms) 
   -residualizing and scaling genotypes...done (10565ms) 
   -calc working matrices...done (4091ms) 
   -calc level 0 ridge...done (5376ms) 
 block [393] : 1000 snps  (60414ms) 
   -residualizing and scaling genotypes...done (10969ms) 
   -calc working matrices...done (4179ms) 
   -calc level 0 ridge...done (5630ms) 
 block [394] : 1000 snps  (80955ms) 
   -residualizing and scaling genotypes...done (14903ms) 
   -calc working matrices...done (4101ms) 
   -calc level 0 ridge...done (5572ms) 
 block [395] : 1000 snps  (80204ms) 
   -residualizing and scaling genotypes...done (10855ms) 
   -calc working matrices...done (4161ms) 
   -calc level 0 ridge...done (5623ms) 
 block [396] : 1000 snps  (59905ms) 
   -residualizing and scaling genotypes...done (14834ms) 
   -calc working matrices...done (4136ms) 
   -calc level 0 ridge...done (5525ms) 
 block [397] : 1000 snps  (74206ms) 
   -residualizing and scaling genotypes...done (13558ms) 
   -calc working matrices...done (4153ms) 
   -calc level 0 ridge...done (5170ms) 
 block [398] : 1000 snps  (71185ms) 
   -residualizing and scaling genotypes...done (13708ms) 
   -calc working matrices...done (4105ms) 
   -calc level 0 ridge...done (5052ms) 
 block [399] : 1000 snps  (79931ms) 
   -residualizing and scaling genotypes...done (12716ms) 
   -calc working matrices...done (4238ms) 
   -calc level 0 ridge...done (4015ms) 
 block [400] : 1000 snps  (74470ms) 
   -residualizing and scaling genotypes...done (10383ms) 
   -calc working matrices...done (4185ms) 
   -calc level 0 ridge...done (5669ms) 
 block [401] : 1000 snps  (68584ms) 
   -residualizing and scaling genotypes...done (10734ms) 
   -calc working matrices...done (4247ms) 
   -calc level 0 ridge...done (5602ms) 
 block [402] : 1000 snps  (83495ms) 
   -residualizing and scaling genotypes...done (13690ms) 
   -calc working matrices...done (3963ms) 
   -calc level 0 ridge...done (5017ms) 
 block [403] : 1000 snps  (71955ms) 
   -residualizing and scaling genotypes...done (13826ms) 
   -calc working matrices...done (4119ms) 
   -calc level 0 ridge...done (4878ms) 
 block [404] : 1000 snps  (71922ms) 
   -residualizing and scaling genotypes...done (15042ms) 
   -calc working matrices...done (3964ms) 
   -calc level 0 ridge...done (4372ms) 
 block [405] : 386 snps  (21456ms) 
   -residualizing and scaling genotypes...done (3458ms) 
   -calc working matrices...done (792ms) 
   -calc level 0 ridge...done (1907ms) 
Chromosome 16
 block [406] : 1000 snps  (85192ms) 
   -residualizing and scaling genotypes...done (15688ms) 
   -calc working matrices...done (4009ms) 
   -calc level 0 ridge...done (4923ms) 
 block [407] : 1000 snps  (71262ms) 
   -residualizing and scaling genotypes...done (14938ms) 
   -calc working matrices...done (4185ms) 
   -calc level 0 ridge...done (5159ms) 
 block [408] : 1000 snps  (67491ms) 
   -residualizing and scaling genotypes...done (14953ms) 
   -calc working matrices...done (4272ms) 
   -calc level 0 ridge...done (5414ms) 
 block [409] : 1000 snps  (67596ms) 
   -residualizing and scaling genotypes...done (15474ms) 
   -calc working matrices...done (4215ms) 
   -calc level 0 ridge...done (5253ms) 
 block [410] : 1000 snps  (68228ms) 
   -residualizing and scaling genotypes...done (15294ms) 
   -calc working matrices...done (4355ms) 
   -calc level 0 ridge...done (5034ms) 
 block [411] : 1000 snps  (67002ms) 
   -residualizing and scaling genotypes...done (15354ms) 
   -calc working matrices...done (4005ms) 
   -calc level 0 ridge...done (5114ms) 
 block [412] : 1000 snps  (92112ms) 
   -residualizing and scaling genotypes...done (13238ms) 
   -calc working matrices...done (4262ms) 
   -calc level 0 ridge...done (3940ms) 
 block [413] : 1000 snps  (89211ms) 
   -residualizing and scaling genotypes...done (16346ms) 
   -calc working matrices...done (4007ms) 
   -calc level 0 ridge...done (5012ms) 
 block [414] : 1000 snps  (80392ms) 
   -residualizing and scaling genotypes...done (16193ms) 
   -calc working matrices...done (4109ms) 
   -calc level 0 ridge...done (5045ms) 
 block [415] : 1000 snps  (80209ms) 
   -residualizing and scaling genotypes...done (16119ms) 
   -calc working matrices...done (4123ms) 
   -calc level 0 ridge...done (4908ms) 
 block [416] : 1000 snps  (80226ms) 
   -residualizing and scaling genotypes...done (16172ms) 
   -calc working matrices...done (4020ms) 
   -calc level 0 ridge...done (4911ms) 
 block [417] : 1000 snps  (79978ms) 
   -residualizing and scaling genotypes...done (16135ms) 
   -calc working matrices...done (3991ms) 
   -calc level 0 ridge...done (4971ms) 
 block [418] : 1000 snps  (80291ms) 
   -residualizing and scaling genotypes...done (16285ms) 
   -calc working matrices...done (4111ms) 
   -calc level 0 ridge...done (5112ms) 
 block [419] : 1000 snps  (80232ms) 
   -residualizing and scaling genotypes...done (16219ms) 
   -calc working matrices...done (4134ms) 
   -calc level 0 ridge...done (5087ms) 
 block [420] : 1000 snps  (80545ms) 
   -residualizing and scaling genotypes...done (16080ms) 
   -calc working matrices...done (4150ms) 
   -calc level 0 ridge...done (5122ms) 
 block [421] : 1000 snps  (80943ms) 
   -residualizing and scaling genotypes...done (15986ms) 
   -calc working matrices...done (4160ms) 
   -calc level 0 ridge...done (5128ms) 
 block [422] : 1000 snps  (81711ms) 
   -residualizing and scaling genotypes...done (16241ms) 
   -calc working matrices...done (4093ms) 
   -calc level 0 ridge...done (5114ms) 
 block [423] : 404 snps  (27637ms) 
   -residualizing and scaling genotypes...done (3871ms) 
   -calc working matrices...done (961ms) 
   -calc level 0 ridge...done (1967ms) 
Chromosome 17
 block [424] : 1000 snps  (85402ms) 
   -residualizing and scaling genotypes...done (16918ms) 
   -calc working matrices...done (4092ms) 
   -calc level 0 ridge...done (5081ms) 
 block [425] : 1000 snps  (80682ms) 
   -residualizing and scaling genotypes...done (16957ms) 
   -calc working matrices...done (3990ms) 
   -calc level 0 ridge...done (4885ms) 
 block [426] : 1000 snps  (82470ms) 
   -residualizing and scaling genotypes...done (17047ms) 
   -calc working matrices...done (4026ms) 
   -calc level 0 ridge...done (5143ms) 
 block [427] : 1000 snps  (80507ms) 
   -residualizing and scaling genotypes...done (16751ms) 
   -calc working matrices...done (4176ms) 
   -calc level 0 ridge...done (5118ms) 
 block [428] : 1000 snps  (80472ms) 
   -residualizing and scaling genotypes...done (16851ms) 
   -calc working matrices...done (4071ms) 
   -calc level 0 ridge...done (5061ms) 
 block [429] : 1000 snps  (82566ms) 
   -residualizing and scaling genotypes...done (17008ms) 
   -calc working matrices...done (4079ms) 
   -calc level 0 ridge...done (5158ms) 
 block [430] : 1000 snps  (80668ms) 
   -residualizing and scaling genotypes...done (16856ms) 
   -calc working matrices...done (4125ms) 
   -calc level 0 ridge...done (4794ms) 
 block [431] : 1000 snps  (81042ms) 
   -residualizing and scaling genotypes...done (16727ms) 
   -calc working matrices...done (4106ms) 
   -calc level 0 ridge...done (4909ms) 
 block [432] : 1000 snps  (80995ms) 
   -residualizing and scaling genotypes...done (16685ms) 
   -calc working matrices...done (4133ms) 
   -calc level 0 ridge...done (4755ms) 
 block [433] : 1000 snps  (77623ms) 
   -residualizing and scaling genotypes...done (17065ms) 
   -calc working matrices...done (4167ms) 
   -calc level 0 ridge...done (4970ms) 
 block [434] : 1000 snps  (74600ms) 
   -residualizing and scaling genotypes...done (17043ms) 
   -calc working matrices...done (4098ms) 
   -calc level 0 ridge...done (4853ms) 
 block [435] : 1000 snps  (74021ms) 
   -residualizing and scaling genotypes...done (17768ms) 
   -calc working matrices...done (4008ms) 
   -calc level 0 ridge...done (4278ms) 
 block [436] : 1000 snps  (86541ms) 
   -residualizing and scaling genotypes...done (17494ms) 
   -calc working matrices...done (3898ms) 
   -calc level 0 ridge...done (4859ms) 
 block [437] : 1000 snps  (76422ms) 
   -residualizing and scaling genotypes...done (17334ms) 
   -calc working matrices...done (4085ms) 
   -calc level 0 ridge...done (4781ms) 
 block [438] : 1000 snps  (75664ms) 
   -residualizing and scaling genotypes...done (17136ms) 
   -calc working matrices...done (4116ms) 
   -calc level 0 ridge...done (4801ms) 
 block [439] : 798 snps  (52293ms) 
   -residualizing and scaling genotypes...done (10819ms) 
   -calc working matrices...done (3044ms) 
   -calc level 0 ridge...done (4301ms) 
Chromosome 18
 block [440] : 1000 snps  (79492ms) 
   -residualizing and scaling genotypes...done (16337ms) 
   -calc working matrices...done (4260ms) 
   -calc level 0 ridge...done (4916ms) 
 block [441] : 1000 snps  (73374ms) 
   -residualizing and scaling genotypes...done (16164ms) 
   -calc working matrices...done (4226ms) 
   -calc level 0 ridge...done (5051ms) 
 block [442] : 1000 snps  (92286ms) 
   -residualizing and scaling genotypes...done (17363ms) 
   -calc working matrices...done (4155ms) 
   -calc level 0 ridge...done (4757ms) 
 block [443] : 1000 snps  (80337ms) 
   -residualizing and scaling genotypes...done (19843ms) 
   -calc working matrices...done (4271ms) 
   -calc level 0 ridge...done (4923ms) 
 block [444] : 1000 snps  (86026ms) 
   -residualizing and scaling genotypes...done (18204ms) 
   -calc working matrices...done (4197ms) 
   -calc level 0 ridge...done (5271ms) 
 block [445] : 1000 snps  (84580ms) 
   -residualizing and scaling genotypes...done (18082ms) 
   -calc working matrices...done (4119ms) 
   -calc level 0 ridge...done (5209ms) 
 block [446] : 1000 snps  (82848ms) 
   -residualizing and scaling genotypes...done (18191ms) 
   -calc working matrices...done (4132ms) 
   -calc level 0 ridge...done (5119ms) 
 block [447] : 1000 snps  (91270ms) 
   -residualizing and scaling genotypes...done (18109ms) 
   -calc working matrices...done (4017ms) 
   -calc level 0 ridge...done (5107ms) 
 block [448] : 1000 snps  (86219ms) 
   -residualizing and scaling genotypes...done (18254ms) 
   -calc working matrices...done (3984ms) 
   -calc level 0 ridge...done (5132ms) 
 block [449] : 1000 snps  (84073ms) 
   -residualizing and scaling genotypes...done (17962ms) 
   -calc working matrices...done (3996ms) 
   -calc level 0 ridge...done (4674ms) 
 block [450] : 1000 snps  (87455ms) 
   -residualizing and scaling genotypes...done (18086ms) 
   -calc working matrices...done (4107ms) 
   -calc level 0 ridge...done (4605ms) 
 block [451] : 1000 snps  (86447ms) 
   -residualizing and scaling genotypes...done (18214ms) 
   -calc working matrices...done (4148ms) 
   -calc level 0 ridge...done (4269ms) 
 block [452] : 1000 snps  (85299ms) 
   -residualizing and scaling genotypes...done (18207ms) 
   -calc working matrices...done (4124ms) 
   -calc level 0 ridge...done (4274ms) 
 block [453] : 1000 snps  (85995ms) 
   -residualizing and scaling genotypes...done (18158ms) 
   -calc working matrices...done (4163ms) 
   -calc level 0 ridge...done (4334ms) 
 block [454] : 1000 snps  (85624ms) 
   -residualizing and scaling genotypes...done (18302ms) 
   -calc working matrices...done (4071ms) 
   -calc level 0 ridge...done (4423ms) 
 block [455] : 133 snps  (8672ms) 
   -residualizing and scaling genotypes...done (1192ms) 
   -calc working matrices...done (165ms) 
   -calc level 0 ridge...done (699ms) 
Chromosome 19
 block [456] : 1000 snps  (92176ms) 
   -residualizing and scaling genotypes...done (18999ms) 
   -calc working matrices...done (4359ms) 
   -calc level 0 ridge...done (4561ms) 
 block [457] : 1000 snps  (93694ms) 
   -residualizing and scaling genotypes...done (19486ms) 
   -calc working matrices...done (4079ms) 
   -calc level 0 ridge...done (4380ms) 
 block [458] : 1000 snps  (89222ms) 
   -residualizing and scaling genotypes...done (19484ms) 
   -calc working matrices...done (4088ms) 
   -calc level 0 ridge...done (4186ms) 
 block [459] : 1000 snps  (97503ms) 
   -residualizing and scaling genotypes...done (16649ms) 
   -calc working matrices...done (4189ms) 
   -calc level 0 ridge...done (3978ms) 
 block [460] : 1000 snps  (86043ms) 
   -residualizing and scaling genotypes...done (14617ms) 
   -calc working matrices...done (4161ms) 
   -calc level 0 ridge...done (5057ms) 
 block [461] : 1000 snps  (83136ms) 
   -residualizing and scaling genotypes...done (14488ms) 
   -calc working matrices...done (4150ms) 
   -calc level 0 ridge...done (5530ms) 
 block [462] : 1000 snps  (74193ms) 
   -residualizing and scaling genotypes...done (14628ms) 
   -calc working matrices...done (4276ms) 
   -calc level 0 ridge...done (5492ms) 
 block [463] : 1000 snps  (74233ms) 
   -residualizing and scaling genotypes...done (14391ms) 
   -calc working matrices...done (4169ms) 
   -calc level 0 ridge...done (5523ms) 
 block [464] : 1000 snps  (74235ms) 
   -residualizing and scaling genotypes...done (14608ms) 
   -calc working matrices...done (4028ms) 
   -calc level 0 ridge...done (5574ms) 
 block [465] : 1000 snps  (99897ms) 
   -residualizing and scaling genotypes...done (19137ms) 
   -calc working matrices...done (4148ms) 
   -calc level 0 ridge...done (5089ms) 
 block [466] : 1000 snps  (86891ms) 
   -residualizing and scaling genotypes...done (15065ms) 
   -calc working matrices...done (4211ms) 
   -calc level 0 ridge...done (5707ms) 
 block [467] : 1000 snps  (65526ms) 
   -residualizing and scaling genotypes...done (14594ms) 
   -calc working matrices...done (4252ms) 
   -calc level 0 ridge...done (5744ms) 
 block [468] : 551 snps  (29961ms) 
   -residualizing and scaling genotypes...done (5087ms) 
   -calc working matrices...done (1457ms) 
   -calc level 0 ridge...done (2749ms) 
Chromosome 20
 block [469] : 1000 snps  (83991ms) 
   -residualizing and scaling genotypes...done (19286ms) 
   -calc working matrices...done (4054ms) 
   -calc level 0 ridge...done (4747ms) 
 block [470] : 1000 snps  (81821ms) 
   -residualizing and scaling genotypes...done (19234ms) 
   -calc working matrices...done (4133ms) 
   -calc level 0 ridge...done (4686ms) 
 block [471] : 1000 snps  (82329ms) 
   -residualizing and scaling genotypes...done (19780ms) 
   -calc working matrices...done (4142ms) 
   -calc level 0 ridge...done (4647ms) 
 block [472] : 1000 snps  (83791ms) 
   -residualizing and scaling genotypes...done (19239ms) 
   -calc working matrices...done (4122ms) 
   -calc level 0 ridge...done (4514ms) 
 block [473] : 1000 snps  (88319ms) 
   -residualizing and scaling genotypes...done (15014ms) 
   -calc working matrices...done (4207ms) 
   -calc level 0 ridge...done (5518ms) 
 block [474] : 1000 snps  (79700ms) 
   -residualizing and scaling genotypes...done (15142ms) 
   -calc working matrices...done (4203ms) 
   -calc level 0 ridge...done (5675ms) 
 block [475] : 1000 snps  (74823ms) 
   -residualizing and scaling genotypes...done (15103ms) 
   -calc working matrices...done (4354ms) 
   -calc level 0 ridge...done (5618ms) 
 block [476] : 1000 snps  (74682ms) 
   -residualizing and scaling genotypes...done (15106ms) 
   -calc working matrices...done (4173ms) 
   -calc level 0 ridge...done (5696ms) 
 block [477] : 1000 snps  (74977ms) 
   -residualizing and scaling genotypes...done (15096ms) 
   -calc working matrices...done (4185ms) 
   -calc level 0 ridge...done (5655ms) 
 block [478] : 1000 snps  (74861ms) 
   -residualizing and scaling genotypes...done (15130ms) 
   -calc working matrices...done (4153ms) 
   -calc level 0 ridge...done (5599ms) 
 block [479] : 1000 snps  (83788ms) 
   -residualizing and scaling genotypes...done (14777ms) 
   -calc working matrices...done (4199ms) 
   -calc level 0 ridge...done (5739ms) 
 block [480] : 1000 snps  (71710ms) 
   -residualizing and scaling genotypes...done (20395ms) 
   -calc working matrices...done (4144ms) 
   -calc level 0 ridge...done (5567ms) 
 block [481] : 1000 snps  (94104ms) 
   -residualizing and scaling genotypes...done (19760ms) 
   -calc working matrices...done (4081ms) 
   -calc level 0 ridge...done (4518ms) 
 block [482] : 299 snps  (20332ms) 
   -residualizing and scaling genotypes...done (2913ms) 
   -calc working matrices...done (565ms) 
   -calc level 0 ridge...done (1440ms) 
Chromosome 21
 block [483] : 1000 snps  (96595ms) 
   -residualizing and scaling genotypes...done (19661ms) 
   -calc working matrices...done (4084ms) 
   -calc level 0 ridge...done (4586ms) 
 block [484] : 1000 snps  (92080ms) 
   -residualizing and scaling genotypes...done (20074ms) 
   -calc working matrices...done (4646ms) 
   -calc level 0 ridge...done (3782ms) 
 block [485] : 1000 snps  (92467ms) 
   -residualizing and scaling genotypes...done (19818ms) 
   -calc working matrices...done (3982ms) 
   -calc level 0 ridge...done (3895ms) 
 block [486] : 1000 snps  (91250ms) 
   -residualizing and scaling genotypes...done (19712ms) 
   -calc working matrices...done (4039ms) 
   -calc level 0 ridge...done (3667ms) 
 block [487] : 1000 snps  (91123ms) 
   -residualizing and scaling genotypes...done (19673ms) 
   -calc working matrices...done (4142ms) 
   -calc level 0 ridge...done (4340ms) 
 block [488] : 1000 snps  (95293ms) 
   -residualizing and scaling genotypes...done (20062ms) 
   -calc working matrices...done (3991ms) 
   -calc level 0 ridge...done (3697ms) 
 block [489] : 1000 snps  (93652ms) 
   -residualizing and scaling genotypes...done (19920ms) 
   -calc working matrices...done (4067ms) 
   -calc level 0 ridge...done (3786ms) 
 block [490] : 550 snps  (38820ms) 
   -residualizing and scaling genotypes...done (6838ms) 
   -calc working matrices...done (1377ms) 
   -calc level 0 ridge...done (2751ms) 
Chromosome 22
 block [491] : 1000 snps  (97620ms) 
   -residualizing and scaling genotypes...done (19925ms) 
   -calc working matrices...done (4137ms) 
   -calc level 0 ridge...done (4134ms) 
 block [492] : 1000 snps  (92465ms) 
   -residualizing and scaling genotypes...done (20129ms) 
   -calc working matrices...done (4071ms) 
   -calc level 0 ridge...done (3985ms) 
 block [493] : 1000 snps  (91818ms) 
   -residualizing and scaling genotypes...done (20252ms) 
   -calc working matrices...done (3936ms) 
   -calc level 0 ridge...done (3858ms) 
 block [494] : 1000 snps  (91637ms) 
   -residualizing and scaling genotypes...done (20164ms) 
   -calc working matrices...done (3926ms) 
   -calc level 0 ridge...done (3867ms) 
 block [495] : 1000 snps  (92077ms) 
   -residualizing and scaling genotypes...done (20323ms) 
   -calc working matrices...done (4257ms) 
   -calc level 0 ridge...done (3908ms) 
 block [496] : 1000 snps  (88935ms) 
   -residualizing and scaling genotypes...done (18316ms) 
   -calc working matrices...done (4382ms) 
   -calc level 0 ridge...done (5511ms) 
 block [497] : 1000 snps  (75756ms) 
   -residualizing and scaling genotypes...done (15543ms) 
   -calc working matrices...done (4000ms) 
   -calc level 0 ridge...done (5702ms) 
 block [498] : 967 snps  (86654ms) 
   -residualizing and scaling genotypes...done (19742ms) 
   -calc working matrices...done (4172ms) 
   -calc level 0 ridge...done (4004ms) 

 Level 1 ridge...
   -on phenotype 1 (ltfh)...done (29329ms) 

Output
------
phenotype 1 (ltfh) : 
  0.01  : Rsq = 0.00882097, MSE = 0.991176
  0.25  : Rsq = 0.00990205, MSE = 0.990467
  0.5   : Rsq = 0.010153, MSE = 0.990396
  0.75  : Rsq = 0.0103524, MSE = 0.990397
  0.99  : Rsq = 0.01088, MSE = 0.990364<- min value
  * making predictions...writing LOCO predictions...done (8302ms) 

List of blup files written to: [regenie_output/PCa_ukb_step1_ltfh_pred.list]

Elapsed time : 44842.3s
End time: Mon Dec 13 10:46:24 2021

