Start time: Sun Dec 12 22:19:28 2021

              |=============================|
              |      REGENIE v2.0.2.gz      |
              |=============================|

Copyright (c) 2020 Joelle Mbatchou and Jonathan Marchini.
Distributed under the MIT License.
Compiled with Boost Iostream library.
Using Intel MKL with Eigen.

Log of output saved in file : regenie_output/PCa_ukb_step1_ltfh.log

Options in effect:
  --step 1 \
  --bed /mnt/stsi/stsi1/ptseng/UKBB_Resources/filtered_noimpute_bed/ukb_cal_allChrs_prune \
  --phenoFile regenie_input/PCa_ltfh.txt \
  --covarFile regenie_input/PCa_covar.txt \
  --remove /gpfs/home/ptseng/Torkamani_Projects/20210901_PD_UKBB/ukbb_relatedness/king_output/king_degree_5_unrelatedunrelated_toberemoved.txt \
  --exclude /mnt/stsi/stsi1/ptseng/UKBB_Resources/ID_list/ICLD_low-complexity.exclude \
  --bsize 1000 \
  --out regenie_output/PCa_ukb_step1_ltfh

Fitting null model
 * bim              : [/mnt/stsi/stsi1/ptseng/UKBB_Resources/filtered_noimpute_bed/ukb_cal_allChrs_prune.bim] n_snps = 487427
   -removing variants specified in [/mnt/stsi/stsi1/ptseng/UKBB_Resources/ID_list/ICLD_low-complexity.exclude]
     +number of variants remaining in the analysis = 487427
 * fam              : [/mnt/stsi/stsi1/ptseng/UKBB_Resources/filtered_noimpute_bed/ukb_cal_allChrs_prune.fam] n_samples = 460108
   -removing individuals specified in [/gpfs/home/ptseng/Torkamani_Projects/20210901_PD_UKBB/ukbb_relatedness/king_output/king_degree_5_unrelatedunrelated_toberemoved.txt]
     +number of genotyped individuals to exclude from the analysis = 34787
 * bed              : [/mnt/stsi/stsi1/ptseng/UKBB_Resources/filtered_noimpute_bed/ukb_cal_allChrs_prune.bed]
 * phenotypes       : [regenie_input/PCa_ltfh.txt] n_pheno = 1
   -dropping observations with missing values at any of the phenotypes
   -number of phenotyped individuals = 425107
   -number of individuals remaining with non-missing phenotypes = 425107
 * covariates       : [regenie_input/PCa_covar.txt] n_cov = 21
   -number of individuals with covariate data = 425140
 * number of individuals used in analysis = 425107
   -residualizing and scaling phenotypes...done (16ms) 
 * # threads        : [15]
 * block size       : [1000]
 * # blocks         : [498]
 * # CV folds       : [5]
 * ridge data_l0    : [5 : 0.01 0.25 0.5 0.75 0.99 ]
 * ridge data_l1    : [5 : 0.01 0.25 0.5 0.75 0.99 ]
 * approximate memory usage : 12GB
 * setting memory...done

Chromosome 1
 block [1] : 1000 snps  (59555ms) 
   -residualizing and scaling genotypes...done (25708ms) 
   -calc working matrices...done (3019ms) 
   -calc level 0 ridge...done (6356ms) 
 block [2] : 1000 snps  (68732ms) 
   -residualizing and scaling genotypes...done (17511ms) 
   -calc working matrices...done (3359ms) 
   -calc level 0 ridge...done (6410ms) 
 block [3] : 1000 snps  (65127ms) 
   -residualizing and scaling genotypes...done (18117ms) 
   -calc working matrices...done (2892ms) 
   -calc level 0 ridge...done (6052ms) 
 block [4] : 1000 snps  (77250ms) 
   -residualizing and scaling genotypes...done (22065ms) 
   -calc working matrices...done (2893ms) 
   -calc level 0 ridge...done (6456ms) 
 block [5] : 1000 snps  (69821ms) 
   -residualizing and scaling genotypes...done (15559ms) 
   -calc working matrices...done (2842ms) 
   -calc level 0 ridge...done (6383ms) 
 block [6] : 1000 snps  (60118ms) 
   -residualizing and scaling genotypes...done (15337ms) 
   -calc working matrices...done (2908ms) 
   -calc level 0 ridge...done (6215ms) 
 block [7] : 1000 snps  (61838ms) 
   -residualizing and scaling genotypes...done (15309ms) 
   -calc working matrices...done (3011ms) 
   -calc level 0 ridge...done (6114ms) 
 block [8] : 1000 snps  (59975ms) 
   -residualizing and scaling genotypes...done (15498ms) 
   -calc working matrices...done (2911ms) 
   -calc level 0 ridge...done (6298ms) 
 block [9] : 1000 snps  (60098ms) 
   -residualizing and scaling genotypes...done (15299ms) 
   -calc working matrices...done (2935ms) 
   -calc level 0 ridge...done (6323ms) 
 block [10] : 1000 snps  (60073ms) 
   -residualizing and scaling genotypes...done (15318ms) 
   -calc working matrices...done (3041ms) 
   -calc level 0 ridge...done (6356ms) 
 block [11] : 1000 snps  (60041ms) 
   -residualizing and scaling genotypes...done (15244ms) 
   -calc working matrices...done (2933ms) 
   -calc level 0 ridge...done (6137ms) 
 block [12] : 1000 snps  (59748ms) 
   -residualizing and scaling genotypes...done (15586ms) 
   -calc working matrices...done (2828ms) 
   -calc level 0 ridge...done (6213ms) 
 block [13] : 1000 snps  (59948ms) 
   -residualizing and scaling genotypes...done (15461ms) 
   -calc working matrices...done (3094ms) 
   -calc level 0 ridge...done (6218ms) 
 block [14] : 1000 snps  (64118ms) 
   -residualizing and scaling genotypes...done (15353ms) 
   -calc working matrices...done (3087ms) 
   -calc level 0 ridge...done (6307ms) 
 block [15] : 1000 snps  (61532ms) 
   -residualizing and scaling genotypes...done (15472ms) 
   -calc working matrices...done (2980ms) 
   -calc level 0 ridge...done (6272ms) 
 block [16] : 1000 snps  (59856ms) 
   -residualizing and scaling genotypes...done (15249ms) 
   -calc working matrices...done (2982ms) 
   -calc level 0 ridge...done (6553ms) 
 block [17] : 1000 snps  (64875ms) 
   -residualizing and scaling genotypes...done (15446ms) 
   -calc working matrices...done (3038ms) 
   -calc level 0 ridge...done (6404ms) 
 block [18] : 1000 snps  (62737ms) 
   -residualizing and scaling genotypes...done (15100ms) 
   -calc working matrices...done (2933ms) 
   -calc level 0 ridge...done (6231ms) 
 block [19] : 1000 snps  (60614ms) 
   -residualizing and scaling genotypes...done (15410ms) 
   -calc working matrices...done (2866ms) 
   -calc level 0 ridge...done (6192ms) 
 block [20] : 1000 snps  (60225ms) 
   -residualizing and scaling genotypes...done (15316ms) 
   -calc working matrices...done (2948ms) 
   -calc level 0 ridge...done (6319ms) 
 block [21] : 1000 snps  (71595ms) 
   -residualizing and scaling genotypes...done (16182ms) 
   -calc working matrices...done (2946ms) 
   -calc level 0 ridge...done (6284ms) 
 block [22] : 1000 snps  (76352ms) 
   -residualizing and scaling genotypes...done (15691ms) 
   -calc working matrices...done (2911ms) 
   -calc level 0 ridge...done (6244ms) 
 block [23] : 1000 snps  (62652ms) 
   -residualizing and scaling genotypes...done (15705ms) 
   -calc working matrices...done (2895ms) 
   -calc level 0 ridge...done (6098ms) 
 block [24] : 1000 snps  (74462ms) 
   -residualizing and scaling genotypes...done (16303ms) 
   -calc working matrices...done (2830ms) 
   -calc level 0 ridge...done (4814ms) 
 block [25] : 1000 snps  (76829ms) 
   -residualizing and scaling genotypes...done (19418ms) 
   -calc working matrices...done (3075ms) 
   -calc level 0 ridge...done (6515ms) 
 block [26] : 1000 snps  (67510ms) 
   -residualizing and scaling genotypes...done (18902ms) 
   -calc working matrices...done (2865ms) 
   -calc level 0 ridge...done (6503ms) 
 block [27] : 1000 snps  (65900ms) 
   -residualizing and scaling genotypes...done (19051ms) 
   -calc working matrices...done (2841ms) 
   -calc level 0 ridge...done (6216ms) 
 block [28] : 1000 snps  (65695ms) 
   -residualizing and scaling genotypes...done (18772ms) 
   -calc working matrices...done (2879ms) 
   -calc level 0 ridge...done (6073ms) 
 block [29] : 1000 snps  (65304ms) 
   -residualizing and scaling genotypes...done (19014ms) 
   -calc working matrices...done (2969ms) 
   -calc level 0 ridge...done (6244ms) 
 block [30] : 1000 snps  (65299ms) 
   -residualizing and scaling genotypes...done (18925ms) 
   -calc working matrices...done (2860ms) 
   -calc level 0 ridge...done (6273ms) 
 block [31] : 1000 snps  (65484ms) 
   -residualizing and scaling genotypes...done (18758ms) 
   -calc working matrices...done (2925ms) 
   -calc level 0 ridge...done (6223ms) 
 block [32] : 1000 snps  (65461ms) 
   -residualizing and scaling genotypes...done (18759ms) 
   -calc working matrices...done (2975ms) 
   -calc level 0 ridge...done (6179ms) 
 block [33] : 1000 snps  (65422ms) 
   -residualizing and scaling genotypes...done (18750ms) 
   -calc working matrices...done (3061ms) 
   -calc level 0 ridge...done (6259ms) 
 block [34] : 1000 snps  (65310ms) 
   -residualizing and scaling genotypes...done (18829ms) 
   -calc working matrices...done (3162ms) 
   -calc level 0 ridge...done (6140ms) 
 block [35] : 1000 snps  (65367ms) 
   -residualizing and scaling genotypes...done (19085ms) 
   -calc working matrices...done (2782ms) 
   -calc level 0 ridge...done (6235ms) 
 block [36] : 1000 snps  (65367ms) 
   -residualizing and scaling genotypes...done (18990ms) 
   -calc working matrices...done (3007ms) 
   -calc level 0 ridge...done (6145ms) 
 block [37] : 1000 snps  (65274ms) 
   -residualizing and scaling genotypes...done (18766ms) 
   -calc working matrices...done (2981ms) 
   -calc level 0 ridge...done (6216ms) 
 block [38] : 1000 snps  (65403ms) 
   -residualizing and scaling genotypes...done (19030ms) 
   -calc working matrices...done (3090ms) 
   -calc level 0 ridge...done (6100ms) 
 block [39] : 862 snps  (41465ms) 
   -residualizing and scaling genotypes...done (6341ms) 
   -calc working matrices...done (2143ms) 
   -calc level 0 ridge...done (5316ms) 
Chromosome 2
 block [40] : 1000 snps  (48149ms) 
   -residualizing and scaling genotypes...done (7295ms) 
   -calc working matrices...done (2772ms) 
   -calc level 0 ridge...done (6063ms) 
 block [41] : 1000 snps  (48096ms) 
   -residualizing and scaling genotypes...done (7275ms) 
   -calc working matrices...done (2856ms) 
   -calc level 0 ridge...done (5971ms) 
 block [42] : 1000 snps  (48209ms) 
   -residualizing and scaling genotypes...done (7262ms) 
   -calc working matrices...done (2892ms) 
   -calc level 0 ridge...done (6039ms) 
 block [43] : 1000 snps  (47965ms) 
   -residualizing and scaling genotypes...done (7278ms) 
   -calc working matrices...done (2780ms) 
   -calc level 0 ridge...done (5996ms) 
 block [44] : 1000 snps  (48201ms) 
   -residualizing and scaling genotypes...done (7257ms) 
   -calc working matrices...done (2769ms) 
   -calc level 0 ridge...done (6055ms) 
 block [45] : 1000 snps  (47797ms) 
   -residualizing and scaling genotypes...done (7269ms) 
   -calc working matrices...done (2875ms) 
   -calc level 0 ridge...done (6044ms) 
 block [46] : 1000 snps  (48570ms) 
   -residualizing and scaling genotypes...done (7310ms) 
   -calc working matrices...done (2928ms) 
   -calc level 0 ridge...done (5674ms) 
 block [47] : 1000 snps  (49914ms) 
   -residualizing and scaling genotypes...done (7281ms) 
   -calc working matrices...done (2843ms) 
   -calc level 0 ridge...done (5716ms) 
 block [48] : 1000 snps  (50053ms) 
   -residualizing and scaling genotypes...done (7305ms) 
   -calc working matrices...done (2876ms) 
   -calc level 0 ridge...done (5967ms) 
 block [49] : 1000 snps  (48433ms) 
   -residualizing and scaling genotypes...done (7239ms) 
   -calc working matrices...done (2841ms) 
   -calc level 0 ridge...done (6085ms) 
 block [50] : 1000 snps  (47853ms) 
   -residualizing and scaling genotypes...done (7232ms) 
   -calc working matrices...done (2854ms) 
   -calc level 0 ridge...done (6004ms) 
 block [51] : 1000 snps  (47826ms) 
   -residualizing and scaling genotypes...done (7258ms) 
   -calc working matrices...done (2913ms) 
   -calc level 0 ridge...done (6050ms) 
 block [52] : 1000 snps  (47965ms) 
   -residualizing and scaling genotypes...done (7277ms) 
   -calc working matrices...done (2917ms) 
   -calc level 0 ridge...done (5993ms) 
 block [53] : 1000 snps  (48026ms) 
   -residualizing and scaling genotypes...done (7278ms) 
   -calc working matrices...done (2851ms) 
   -calc level 0 ridge...done (6110ms) 
 block [54] : 1000 snps  (47863ms) 
   -residualizing and scaling genotypes...done (7276ms) 
   -calc working matrices...done (2847ms) 
   -calc level 0 ridge...done (6150ms) 
 block [55] : 1000 snps  (47756ms) 
   -residualizing and scaling genotypes...done (7301ms) 
   -calc working matrices...done (2943ms) 
   -calc level 0 ridge...done (5989ms) 
 block [56] : 1000 snps  (74302ms) 
   -residualizing and scaling genotypes...done (11543ms) 
   -calc working matrices...done (2841ms) 
   -calc level 0 ridge...done (5083ms) 
 block [57] : 1000 snps  (73959ms) 
   -residualizing and scaling genotypes...done (11706ms) 
   -calc working matrices...done (2974ms) 
   -calc level 0 ridge...done (4987ms) 
 block [58] : 1000 snps  (74378ms) 
   -residualizing and scaling genotypes...done (12328ms) 
   -calc working matrices...done (2929ms) 
   -calc level 0 ridge...done (4991ms) 
 block [59] : 1000 snps  (74106ms) 
   -residualizing and scaling genotypes...done (11612ms) 
   -calc working matrices...done (2841ms) 
   -calc level 0 ridge...done (4973ms) 
 block [60] : 1000 snps  (74156ms) 
   -residualizing and scaling genotypes...done (8564ms) 
   -calc working matrices...done (2960ms) 
   -calc level 0 ridge...done (6082ms) 
 block [61] : 1000 snps  (48129ms) 
   -residualizing and scaling genotypes...done (7285ms) 
   -calc working matrices...done (2954ms) 
   -calc level 0 ridge...done (6081ms) 
 block [62] : 1000 snps  (48017ms) 
   -residualizing and scaling genotypes...done (7288ms) 
   -calc working matrices...done (2936ms) 
   -calc level 0 ridge...done (6002ms) 
 block [63] : 1000 snps  (50525ms) 
   -residualizing and scaling genotypes...done (7341ms) 
   -calc working matrices...done (2897ms) 
   -calc level 0 ridge...done (5925ms) 
 block [64] : 1000 snps  (50981ms) 
   -residualizing and scaling genotypes...done (7308ms) 
   -calc working matrices...done (2892ms) 
   -calc level 0 ridge...done (5953ms) 
 block [65] : 1000 snps  (48982ms) 
   -residualizing and scaling genotypes...done (7313ms) 
   -calc working matrices...done (2888ms) 
   -calc level 0 ridge...done (5846ms) 
 block [66] : 1000 snps  (74172ms) 
   -residualizing and scaling genotypes...done (11440ms) 
   -calc working matrices...done (2823ms) 
   -calc level 0 ridge...done (5344ms) 
 block [67] : 1000 snps  (48707ms) 
   -residualizing and scaling genotypes...done (8408ms) 
   -calc working matrices...done (2990ms) 
   -calc level 0 ridge...done (5865ms) 
 block [68] : 1000 snps  (73715ms) 
   -residualizing and scaling genotypes...done (10468ms) 
   -calc working matrices...done (2873ms) 
   -calc level 0 ridge...done (5843ms) 
 block [69] : 1000 snps  (47838ms) 
   -residualizing and scaling genotypes...done (7281ms) 
   -calc working matrices...done (2897ms) 
   -calc level 0 ridge...done (5358ms) 
 block [70] : 1000 snps  (50391ms) 
   -residualizing and scaling genotypes...done (7283ms) 
   -calc working matrices...done (2833ms) 
   -calc level 0 ridge...done (6118ms) 
 block [71] : 1000 snps  (47864ms) 
   -residualizing and scaling genotypes...done (7287ms) 
   -calc working matrices...done (2845ms) 
   -calc level 0 ridge...done (6038ms) 
 block [72] : 1000 snps  (47894ms) 
   -residualizing and scaling genotypes...done (7276ms) 
   -calc working matrices...done (3001ms) 
   -calc level 0 ridge...done (6019ms) 
 block [73] : 1000 snps  (47834ms) 
   -residualizing and scaling genotypes...done (7285ms) 
   -calc working matrices...done (2978ms) 
   -calc level 0 ridge...done (6083ms) 
 block [74] : 1000 snps  (47821ms) 
   -residualizing and scaling genotypes...done (7294ms) 
   -calc working matrices...done (2821ms) 
   -calc level 0 ridge...done (5962ms) 
 block [75] : 1000 snps  (47751ms) 
   -residualizing and scaling genotypes...done (7271ms) 
   -calc working matrices...done (2765ms) 
   -calc level 0 ridge...done (5878ms) 
 block [76] : 1000 snps  (73542ms) 
   -residualizing and scaling genotypes...done (12150ms) 
   -calc working matrices...done (2878ms) 
   -calc level 0 ridge...done (5051ms) 
 block [77] : 1000 snps  (73186ms) 
   -residualizing and scaling genotypes...done (8513ms) 
   -calc working matrices...done (3049ms) 
   -calc level 0 ridge...done (5811ms) 
 block [78] : 1000 snps  (48984ms) 
   -residualizing and scaling genotypes...done (7261ms) 
   -calc working matrices...done (2962ms) 
   -calc level 0 ridge...done (5974ms) 
 block [79] : 403 snps  (20043ms) 
   -residualizing and scaling genotypes...done (3007ms) 
   -calc working matrices...done (570ms) 
   -calc level 0 ridge...done (2448ms) 
Chromosome 3
 block [80] : 1000 snps  (47891ms) 
   -residualizing and scaling genotypes...done (7234ms) 
   -calc working matrices...done (2970ms) 
   -calc level 0 ridge...done (6121ms) 
 block [81] : 1000 snps  (47836ms) 
   -residualizing and scaling genotypes...done (7250ms) 
   -calc working matrices...done (2799ms) 
   -calc level 0 ridge...done (5988ms) 
 block [82] : 1000 snps  (73309ms) 
   -residualizing and scaling genotypes...done (8514ms) 
   -calc working matrices...done (2981ms) 
   -calc level 0 ridge...done (4925ms) 
 block [83] : 1000 snps  (72341ms) 
   -residualizing and scaling genotypes...done (11511ms) 
   -calc working matrices...done (2968ms) 
   -calc level 0 ridge...done (4757ms) 
 block [84] : 1000 snps  (48494ms) 
   -residualizing and scaling genotypes...done (9145ms) 
   -calc working matrices...done (2973ms) 
   -calc level 0 ridge...done (5631ms) 
 block [85] : 1000 snps  (49717ms) 
   -residualizing and scaling genotypes...done (7243ms) 
   -calc working matrices...done (2923ms) 
   -calc level 0 ridge...done (5922ms) 
 block [86] : 1000 snps  (48549ms) 
   -residualizing and scaling genotypes...done (7262ms) 
   -calc working matrices...done (2923ms) 
   -calc level 0 ridge...done (5909ms) 
 block [87] : 1000 snps  (48260ms) 
   -residualizing and scaling genotypes...done (10954ms) 
   -calc working matrices...done (2885ms) 
   -calc level 0 ridge...done (5274ms) 
 block [88] : 1000 snps  (72140ms) 
   -residualizing and scaling genotypes...done (11374ms) 
   -calc working matrices...done (2919ms) 
   -calc level 0 ridge...done (4871ms) 
 block [89] : 1000 snps  (72152ms) 
   -residualizing and scaling genotypes...done (11374ms) 
   -calc working matrices...done (2968ms) 
   -calc level 0 ridge...done (4835ms) 
 block [90] : 1000 snps  (72307ms) 
   -residualizing and scaling genotypes...done (11423ms) 
   -calc working matrices...done (2875ms) 
   -calc level 0 ridge...done (4816ms) 
 block [91] : 1000 snps  (48574ms) 
   -residualizing and scaling genotypes...done (7228ms) 
   -calc working matrices...done (2945ms) 
   -calc level 0 ridge...done (5993ms) 
 block [92] : 1000 snps  (72856ms) 
   -residualizing and scaling genotypes...done (11251ms) 
   -calc working matrices...done (2810ms) 
   -calc level 0 ridge...done (4500ms) 
 block [93] : 1000 snps  (50473ms) 
   -residualizing and scaling genotypes...done (8306ms) 
   -calc working matrices...done (2891ms) 
   -calc level 0 ridge...done (6067ms) 
 block [94] : 1000 snps  (48381ms) 
   -residualizing and scaling genotypes...done (7244ms) 
   -calc working matrices...done (3005ms) 
   -calc level 0 ridge...done (6121ms) 
 block [95] : 1000 snps  (48465ms) 
   -residualizing and scaling genotypes...done (7261ms) 
   -calc working matrices...done (2956ms) 
   -calc level 0 ridge...done (6259ms) 
 block [96] : 1000 snps  (47560ms) 
   -residualizing and scaling genotypes...done (7233ms) 
   -calc working matrices...done (2857ms) 
   -calc level 0 ridge...done (5840ms) 
 block [97] : 1000 snps  (52193ms) 
   -residualizing and scaling genotypes...done (7292ms) 
   -calc working matrices...done (2894ms) 
   -calc level 0 ridge...done (5237ms) 
 block [98] : 1000 snps  (71362ms) 
   -residualizing and scaling genotypes...done (11207ms) 
   -calc working matrices...done (2854ms) 
   -calc level 0 ridge...done (4328ms) 
 block [99] : 1000 snps  (62535ms) 
   -residualizing and scaling genotypes...done (7232ms) 
   -calc working matrices...done (2889ms) 
   -calc level 0 ridge...done (6008ms) 
 block [100] : 1000 snps  (47730ms) 
   -residualizing and scaling genotypes...done (7234ms) 
   -calc working matrices...done (2883ms) 
   -calc level 0 ridge...done (6057ms) 
 block [101] : 1000 snps  (47763ms) 
   -residualizing and scaling genotypes...done (7252ms) 
   -calc working matrices...done (2869ms) 
   -calc level 0 ridge...done (5972ms) 
 block [102] : 1000 snps  (47814ms) 
   -residualizing and scaling genotypes...done (7243ms) 
   -calc working matrices...done (2862ms) 
   -calc level 0 ridge...done (6094ms) 
 block [103] : 1000 snps  (47704ms) 
   -residualizing and scaling genotypes...done (7218ms) 
   -calc working matrices...done (2821ms) 
   -calc level 0 ridge...done (6001ms) 
 block [104] : 1000 snps  (47778ms) 
   -residualizing and scaling genotypes...done (7224ms) 
   -calc working matrices...done (2894ms) 
   -calc level 0 ridge...done (6098ms) 
 block [105] : 1000 snps  (47753ms) 
   -residualizing and scaling genotypes...done (7243ms) 
   -calc working matrices...done (2881ms) 
   -calc level 0 ridge...done (6084ms) 
 block [106] : 1000 snps  (49830ms) 
   -residualizing and scaling genotypes...done (7285ms) 
   -calc working matrices...done (2898ms) 
   -calc level 0 ridge...done (6096ms) 
 block [107] : 1000 snps  (48179ms) 
   -residualizing and scaling genotypes...done (7281ms) 
   -calc working matrices...done (2860ms) 
   -calc level 0 ridge...done (5928ms) 
 block [108] : 1000 snps  (71270ms) 
   -residualizing and scaling genotypes...done (11098ms) 
   -calc working matrices...done (2961ms) 
   -calc level 0 ridge...done (4324ms) 
 block [109] : 1000 snps  (64768ms) 
   -residualizing and scaling genotypes...done (7533ms) 
   -calc working matrices...done (2726ms) 
   -calc level 0 ridge...done (5745ms) 
 block [110] : 1000 snps  (48318ms) 
   -residualizing and scaling genotypes...done (7260ms) 
   -calc working matrices...done (2982ms) 
   -calc level 0 ridge...done (6077ms) 
 block [111] : 1000 snps  (47538ms) 
   -residualizing and scaling genotypes...done (7259ms) 
   -calc working matrices...done (2879ms) 
   -calc level 0 ridge...done (6069ms) 
 block [112] : 1000 snps  (47825ms) 
   -residualizing and scaling genotypes...done (7254ms) 
   -calc working matrices...done (3037ms) 
   -calc level 0 ridge...done (6106ms) 
 block [113] : 332 snps  (16365ms) 
   -residualizing and scaling genotypes...done (2446ms) 
   -calc working matrices...done (369ms) 
   -calc level 0 ridge...done (2076ms) 
Chromosome 4
 block [114] : 1000 snps  (47754ms) 
   -residualizing and scaling genotypes...done (7255ms) 
   -calc working matrices...done (2870ms) 
   -calc level 0 ridge...done (6091ms) 
 block [115] : 1000 snps  (48436ms) 
   -residualizing and scaling genotypes...done (7273ms) 
   -calc working matrices...done (2867ms) 
   -calc level 0 ridge...done (6081ms) 
 block [116] : 1000 snps  (47821ms) 
   -residualizing and scaling genotypes...done (7272ms) 
   -calc working matrices...done (2906ms) 
   -calc level 0 ridge...done (6002ms) 
 block [117] : 1000 snps  (47705ms) 
   -residualizing and scaling genotypes...done (7295ms) 
   -calc working matrices...done (2824ms) 
   -calc level 0 ridge...done (6117ms) 
 block [118] : 1000 snps  (49678ms) 
   -residualizing and scaling genotypes...done (7286ms) 
   -calc working matrices...done (2987ms) 
   -calc level 0 ridge...done (5995ms) 
 block [119] : 1000 snps  (48599ms) 
   -residualizing and scaling genotypes...done (7267ms) 
   -calc working matrices...done (3044ms) 
   -calc level 0 ridge...done (6081ms) 
 block [120] : 1000 snps  (47463ms) 
   -residualizing and scaling genotypes...done (7274ms) 
   -calc working matrices...done (3041ms) 
   -calc level 0 ridge...done (4771ms) 
 block [121] : 1000 snps  (52042ms) 
   -residualizing and scaling genotypes...done (7296ms) 
   -calc working matrices...done (2948ms) 
   -calc level 0 ridge...done (5950ms) 
 block [122] : 1000 snps  (48608ms) 
   -residualizing and scaling genotypes...done (7253ms) 
   -calc working matrices...done (3069ms) 
   -calc level 0 ridge...done (6022ms) 
 block [123] : 1000 snps  (47488ms) 
   -residualizing and scaling genotypes...done (7246ms) 
   -calc working matrices...done (3065ms) 
   -calc level 0 ridge...done (6079ms) 
 block [124] : 1000 snps  (47593ms) 
   -residualizing and scaling genotypes...done (7287ms) 
   -calc working matrices...done (2797ms) 
   -calc level 0 ridge...done (6042ms) 
 block [125] : 1000 snps  (47482ms) 
   -residualizing and scaling genotypes...done (7272ms) 
   -calc working matrices...done (2868ms) 
   -calc level 0 ridge...done (5930ms) 
 block [126] : 1000 snps  (47941ms) 
   -residualizing and scaling genotypes...done (7255ms) 
   -calc working matrices...done (3060ms) 
   -calc level 0 ridge...done (5911ms) 
 block [127] : 1000 snps  (71461ms) 
   -residualizing and scaling genotypes...done (10912ms) 
   -calc working matrices...done (2802ms) 
   -calc level 0 ridge...done (4482ms) 
 block [128] : 1000 snps  (69229ms) 
   -residualizing and scaling genotypes...done (10916ms) 
   -calc working matrices...done (2842ms) 
   -calc level 0 ridge...done (3966ms) 
 block [129] : 1000 snps  (69279ms) 
   -residualizing and scaling genotypes...done (11024ms) 
   -calc working matrices...done (2926ms) 
   -calc level 0 ridge...done (4126ms) 
 block [130] : 1000 snps  (49120ms) 
   -residualizing and scaling genotypes...done (10791ms) 
   -calc working matrices...done (2933ms) 
   -calc level 0 ridge...done (5845ms) 
 block [131] : 1000 snps  (49491ms) 
   -residualizing and scaling genotypes...done (7308ms) 
   -calc working matrices...done (2892ms) 
   -calc level 0 ridge...done (5831ms) 
 block [132] : 1000 snps  (49911ms) 
   -residualizing and scaling genotypes...done (7250ms) 
   -calc working matrices...done (2867ms) 
   -calc level 0 ridge...done (6082ms) 
 block [133] : 1000 snps  (48198ms) 
   -residualizing and scaling genotypes...done (7236ms) 
   -calc working matrices...done (2880ms) 
   -calc level 0 ridge...done (6039ms) 
 block [134] : 1000 snps  (69906ms) 
   -residualizing and scaling genotypes...done (10114ms) 
   -calc working matrices...done (2854ms) 
   -calc level 0 ridge...done (4033ms) 
 block [135] : 1000 snps  (53171ms) 
   -residualizing and scaling genotypes...done (7364ms) 
   -calc working matrices...done (3034ms) 
   -calc level 0 ridge...done (5161ms) 
 block [136] : 1000 snps  (53999ms) 
   -residualizing and scaling genotypes...done (7396ms) 
   -calc working matrices...done (3113ms) 
   -calc level 0 ridge...done (5972ms) 
 block [137] : 1000 snps  (50484ms) 
   -residualizing and scaling genotypes...done (7269ms) 
   -calc working matrices...done (3029ms) 
   -calc level 0 ridge...done (6033ms) 
 block [138] : 1000 snps  (68624ms) 
   -residualizing and scaling genotypes...done (10740ms) 
   -calc working matrices...done (2756ms) 
   -calc level 0 ridge...done (3873ms) 
 block [139] : 1000 snps  (54458ms) 
   -residualizing and scaling genotypes...done (10821ms) 
   -calc working matrices...done (2966ms) 
   -calc level 0 ridge...done (5864ms) 
 block [140] : 1000 snps  (68741ms) 
   -residualizing and scaling genotypes...done (9894ms) 
   -calc working matrices...done (2969ms) 
   -calc level 0 ridge...done (4238ms) 
 block [141] : 1000 snps  (68074ms) 
   -residualizing and scaling genotypes...done (10734ms) 
   -calc working matrices...done (2877ms) 
   -calc level 0 ridge...done (3805ms) 
 block [142] : 1000 snps  (68151ms) 
   -residualizing and scaling genotypes...done (10724ms) 
   -calc working matrices...done (2858ms) 
   -calc level 0 ridge...done (4559ms) 
 block [143] : 1000 snps  (54669ms) 
   -residualizing and scaling genotypes...done (7426ms) 
   -calc working matrices...done (2886ms) 
   -calc level 0 ridge...done (5774ms) 
 block [144] : 1000 snps  (48755ms) 
   -residualizing and scaling genotypes...done (7261ms) 
   -calc working matrices...done (2908ms) 
   -calc level 0 ridge...done (5614ms) 
 block [145] : 195 snps  (9461ms) 
   -residualizing and scaling genotypes...done (1449ms) 
   -calc working matrices...done (176ms) 
   -calc level 0 ridge...done (1342ms) 
Chromosome 5
 block [146] : 1000 snps  (47968ms) 
   -residualizing and scaling genotypes...done (7272ms) 
   -calc working matrices...done (2854ms) 
   -calc level 0 ridge...done (5435ms) 
 block [147] : 1000 snps  (51802ms) 
   -residualizing and scaling genotypes...done (7299ms) 
   -calc working matrices...done (2879ms) 
   -calc level 0 ridge...done (5566ms) 
 block [148] : 1000 snps  (48159ms) 
   -residualizing and scaling genotypes...done (7248ms) 
   -calc working matrices...done (2777ms) 
   -calc level 0 ridge...done (6066ms) 
 block [149] : 1000 snps  (47701ms) 
   -residualizing and scaling genotypes...done (7266ms) 
   -calc working matrices...done (2872ms) 
   -calc level 0 ridge...done (6039ms) 
 block [150] : 1000 snps  (47646ms) 
   -residualizing and scaling genotypes...done (7243ms) 
   -calc working matrices...done (2972ms) 
   -calc level 0 ridge...done (5999ms) 
 block [151] : 1000 snps  (68938ms) 
   -residualizing and scaling genotypes...done (10614ms) 
   -calc working matrices...done (2708ms) 
   -calc level 0 ridge...done (3882ms) 
 block [152] : 1000 snps  (53844ms) 
   -residualizing and scaling genotypes...done (7314ms) 
   -calc working matrices...done (2943ms) 
   -calc level 0 ridge...done (6041ms) 
 block [153] : 1000 snps  (47642ms) 
   -residualizing and scaling genotypes...done (7253ms) 
   -calc working matrices...done (2765ms) 
   -calc level 0 ridge...done (6039ms) 
 block [154] : 1000 snps  (47532ms) 
   -residualizing and scaling genotypes...done (7245ms) 
   -calc working matrices...done (2922ms) 
   -calc level 0 ridge...done (6062ms) 
 block [155] : 1000 snps  (47790ms) 
   -residualizing and scaling genotypes...done (7251ms) 
   -calc working matrices...done (2887ms) 
   -calc level 0 ridge...done (6023ms) 
 block [156] : 1000 snps  (47632ms) 
   -residualizing and scaling genotypes...done (7258ms) 
   -calc working matrices...done (2924ms) 
   -calc level 0 ridge...done (5969ms) 
 block [157] : 1000 snps  (67453ms) 
   -residualizing and scaling genotypes...done (10620ms) 
   -calc working matrices...done (2805ms) 
   -calc level 0 ridge...done (3649ms) 
 block [158] : 1000 snps  (55027ms) 
   -residualizing and scaling genotypes...done (10751ms) 
   -calc working matrices...done (2819ms) 
   -calc level 0 ridge...done (4988ms) 
 block [159] : 1000 snps  (48406ms) 
   -residualizing and scaling genotypes...done (8080ms) 
   -calc working matrices...done (2786ms) 
   -calc level 0 ridge...done (6041ms) 
 block [160] : 1000 snps  (47517ms) 
   -residualizing and scaling genotypes...done (7242ms) 
   -calc working matrices...done (2780ms) 
   -calc level 0 ridge...done (5927ms) 
 block [161] : 1000 snps  (47650ms) 
   -residualizing and scaling genotypes...done (7237ms) 
   -calc working matrices...done (2942ms) 
   -calc level 0 ridge...done (5956ms) 
 block [162] : 1000 snps  (68507ms) 
   -residualizing and scaling genotypes...done (10600ms) 
   -calc working matrices...done (2803ms) 
   -calc level 0 ridge...done (3963ms) 
 block [163] : 1000 snps  (53465ms) 
   -residualizing and scaling genotypes...done (10443ms) 
   -calc working matrices...done (2786ms) 
   -calc level 0 ridge...done (4064ms) 
 block [164] : 1000 snps  (49300ms) 
   -residualizing and scaling genotypes...done (7362ms) 
   -calc working matrices...done (2827ms) 
   -calc level 0 ridge...done (6032ms) 
 block [165] : 1000 snps  (47647ms) 
   -residualizing and scaling genotypes...done (7264ms) 
   -calc working matrices...done (2885ms) 
   -calc level 0 ridge...done (6089ms) 
 block [166] : 1000 snps  (47614ms) 
   -residualizing and scaling genotypes...done (7245ms) 
   -calc working matrices...done (2835ms) 
   -calc level 0 ridge...done (6024ms) 
 block [167] : 1000 snps  (47389ms) 
   -residualizing and scaling genotypes...done (7228ms) 
   -calc working matrices...done (2718ms) 
   -calc level 0 ridge...done (6071ms) 
 block [168] : 1000 snps  (47727ms) 
   -residualizing and scaling genotypes...done (7283ms) 
   -calc working matrices...done (2751ms) 
   -calc level 0 ridge...done (5977ms) 
 block [169] : 1000 snps  (56188ms) 
   -residualizing and scaling genotypes...done (11454ms) 
   -calc working matrices...done (2839ms) 
   -calc level 0 ridge...done (4616ms) 
 block [170] : 1000 snps  (50243ms) 
   -residualizing and scaling genotypes...done (10848ms) 
   -calc working matrices...done (2835ms) 
   -calc level 0 ridge...done (5626ms) 
 block [171] : 1000 snps  (54516ms) 
   -residualizing and scaling genotypes...done (10244ms) 
   -calc working matrices...done (2983ms) 
   -calc level 0 ridge...done (3421ms) 
 block [172] : 1000 snps  (65736ms) 
   -residualizing and scaling genotypes...done (10416ms) 
   -calc working matrices...done (2867ms) 
   -calc level 0 ridge...done (2959ms) 
 block [173] : 1000 snps  (65778ms) 
   -residualizing and scaling genotypes...done (9916ms) 
   -calc working matrices...done (2834ms) 
   -calc level 0 ridge...done (3010ms) 
 block [174] : 1000 snps  (63947ms) 
   -residualizing and scaling genotypes...done (10297ms) 
   -calc working matrices...done (2838ms) 
   -calc level 0 ridge...done (2636ms) 
 block [175] : 940 snps  (59242ms) 
   -residualizing and scaling genotypes...done (10178ms) 
   -calc working matrices...done (2629ms) 
   -calc level 0 ridge...done (3907ms) 
Chromosome 6
 block [176] : 1000 snps  (47750ms) 
   -residualizing and scaling genotypes...done (7239ms) 
   -calc working matrices...done (2908ms) 
   -calc level 0 ridge...done (6095ms) 
 block [177] : 1000 snps  (47787ms) 
   -residualizing and scaling genotypes...done (7264ms) 
   -calc working matrices...done (2787ms) 
   -calc level 0 ridge...done (6038ms) 
 block [178] : 1000 snps  (47751ms) 
   -residualizing and scaling genotypes...done (10731ms) 
   -calc working matrices...done (2849ms) 
   -calc level 0 ridge...done (6071ms) 
 block [179] : 1000 snps  (48034ms) 
   -residualizing and scaling genotypes...done (7250ms) 
   -calc working matrices...done (2849ms) 
   -calc level 0 ridge...done (6085ms) 
 block [180] : 1000 snps  (47764ms) 
   -residualizing and scaling genotypes...done (7243ms) 
   -calc working matrices...done (2876ms) 
   -calc level 0 ridge...done (6036ms) 
 block [181] : 1000 snps  (47779ms) 
   -residualizing and scaling genotypes...done (10699ms) 
   -calc working matrices...done (2921ms) 
   -calc level 0 ridge...done (5383ms) 
 block [182] : 1000 snps  (66533ms) 
   -residualizing and scaling genotypes...done (10361ms) 
   -calc working matrices...done (2716ms) 
   -calc level 0 ridge...done (4106ms) 
 block [183] : 1000 snps  (65474ms) 
   -residualizing and scaling genotypes...done (9966ms) 
   -calc working matrices...done (2884ms) 
   -calc level 0 ridge...done (5815ms) 
 block [184] : 1000 snps  (48290ms) 
   -residualizing and scaling genotypes...done (7276ms) 
   -calc working matrices...done (2816ms) 
   -calc level 0 ridge...done (6039ms) 
 block [185] : 1000 snps  (48050ms) 
   -residualizing and scaling genotypes...done (7294ms) 
   -calc working matrices...done (2937ms) 
   -calc level 0 ridge...done (6042ms) 
 block [186] : 1000 snps  (47917ms) 
   -residualizing and scaling genotypes...done (7249ms) 
   -calc working matrices...done (2923ms) 
   -calc level 0 ridge...done (6019ms) 
 block [187] : 1000 snps  (49643ms) 
   -residualizing and scaling genotypes...done (7284ms) 
   -calc working matrices...done (2919ms) 
   -calc level 0 ridge...done (5676ms) 
 block [188] : 1000 snps  (50038ms) 
   -residualizing and scaling genotypes...done (7271ms) 
   -calc working matrices...done (2851ms) 
   -calc level 0 ridge...done (6037ms) 
 block [189] : 1000 snps  (47685ms) 
   -residualizing and scaling genotypes...done (7257ms) 
   -calc working matrices...done (2882ms) 
   -calc level 0 ridge...done (6064ms) 
 block [190] : 1000 snps  (47711ms) 
   -residualizing and scaling genotypes...done (7299ms) 
   -calc working matrices...done (3064ms) 
   -calc level 0 ridge...done (5627ms) 
 block [191] : 1000 snps  (53647ms) 
   -residualizing and scaling genotypes...done (7351ms) 
   -calc working matrices...done (2842ms) 
   -calc level 0 ridge...done (5844ms) 
 block [192] : 1000 snps  (50008ms) 
   -residualizing and scaling genotypes...done (7253ms) 
   -calc working matrices...done (2854ms) 
   -calc level 0 ridge...done (6148ms) 
 block [193] : 1000 snps  (47693ms) 
   -residualizing and scaling genotypes...done (7246ms) 
   -calc working matrices...done (2846ms) 
   -calc level 0 ridge...done (6074ms) 
 block [194] : 1000 snps  (47735ms) 
   -residualizing and scaling genotypes...done (7260ms) 
   -calc working matrices...done (2896ms) 
   -calc level 0 ridge...done (5977ms) 
 block [195] : 1000 snps  (66312ms) 
   -residualizing and scaling genotypes...done (10186ms) 
   -calc working matrices...done (2678ms) 
   -calc level 0 ridge...done (3230ms) 
 block [196] : 1000 snps  (63751ms) 
   -residualizing and scaling genotypes...done (10276ms) 
   -calc working matrices...done (2801ms) 
   -calc level 0 ridge...done (3222ms) 
 block [197] : 1000 snps  (55999ms) 
   -residualizing and scaling genotypes...done (7333ms) 
   -calc working matrices...done (2893ms) 
   -calc level 0 ridge...done (5776ms) 
 block [198] : 1000 snps  (64509ms) 
   -residualizing and scaling genotypes...done (10235ms) 
   -calc working matrices...done (2832ms) 
   -calc level 0 ridge...done (3392ms) 
 block [199] : 1000 snps  (63661ms) 
   -residualizing and scaling genotypes...done (10171ms) 
   -calc working matrices...done (2791ms) 
   -calc level 0 ridge...done (3061ms) 
 block [200] : 1000 snps  (60831ms) 
   -residualizing and scaling genotypes...done (7695ms) 
   -calc working matrices...done (2919ms) 
   -calc level 0 ridge...done (5576ms) 
 block [201] : 1000 snps  (56662ms) 
   -residualizing and scaling genotypes...done (7275ms) 
   -calc working matrices...done (3058ms) 
   -calc level 0 ridge...done (5967ms) 
 block [202] : 1000 snps  (48014ms) 
   -residualizing and scaling genotypes...done (7274ms) 
   -calc working matrices...done (2922ms) 
   -calc level 0 ridge...done (6033ms) 
 block [203] : 1000 snps  (47990ms) 
   -residualizing and scaling genotypes...done (7278ms) 
   -calc working matrices...done (2942ms) 
   -calc level 0 ridge...done (6003ms) 
 block [204] : 1000 snps  (48073ms) 
   -residualizing and scaling genotypes...done (7299ms) 
   -calc working matrices...done (2927ms) 
   -calc level 0 ridge...done (6099ms) 
 block [205] : 625 snps  (30402ms) 
   -residualizing and scaling genotypes...done (6736ms) 
   -calc working matrices...done (1297ms) 
   -calc level 0 ridge...done (3185ms) 
Chromosome 7
 block [206] : 1000 snps  (47734ms) 
   -residualizing and scaling genotypes...done (7959ms) 
   -calc working matrices...done (2879ms) 
   -calc level 0 ridge...done (5344ms) 
 block [207] : 1000 snps  (64754ms) 
   -residualizing and scaling genotypes...done (10203ms) 
   -calc working matrices...done (2873ms) 
   -calc level 0 ridge...done (2922ms) 
 block [208] : 1000 snps  (62803ms) 
   -residualizing and scaling genotypes...done (10195ms) 
   -calc working matrices...done (2709ms) 
   -calc level 0 ridge...done (2795ms) 
 block [209] : 1000 snps  (64109ms) 
   -residualizing and scaling genotypes...done (10173ms) 
   -calc working matrices...done (2844ms) 
   -calc level 0 ridge...done (3306ms) 
 block [210] : 1000 snps  (63933ms) 
   -residualizing and scaling genotypes...done (10068ms) 
   -calc working matrices...done (2841ms) 
   -calc level 0 ridge...done (4734ms) 
 block [211] : 1000 snps  (54459ms) 
   -residualizing and scaling genotypes...done (7273ms) 
   -calc working matrices...done (2949ms) 
   -calc level 0 ridge...done (6059ms) 
 block [212] : 1000 snps  (47986ms) 
   -residualizing and scaling genotypes...done (7279ms) 
   -calc working matrices...done (3047ms) 
   -calc level 0 ridge...done (5978ms) 
 block [213] : 1000 snps  (64316ms) 
   -residualizing and scaling genotypes...done (10122ms) 
   -calc working matrices...done (2852ms) 
   -calc level 0 ridge...done (3127ms) 
 block [214] : 1000 snps  (63322ms) 
   -residualizing and scaling genotypes...done (10459ms) 
   -calc working matrices...done (2933ms) 
   -calc level 0 ridge...done (5819ms) 
 block [215] : 1000 snps  (53406ms) 
   -residualizing and scaling genotypes...done (7544ms) 
   -calc working matrices...done (2896ms) 
   -calc level 0 ridge...done (4600ms) 
 block [216] : 1000 snps  (64216ms) 
   -residualizing and scaling genotypes...done (10198ms) 
   -calc working matrices...done (2854ms) 
   -calc level 0 ridge...done (2091ms) 
 block [217] : 1000 snps  (49179ms) 
   -residualizing and scaling genotypes...done (10621ms) 
   -calc working matrices...done (2950ms) 
   -calc level 0 ridge...done (5797ms) 
 block [218] : 1000 snps  (64883ms) 
   -residualizing and scaling genotypes...done (10155ms) 
   -calc working matrices...done (2859ms) 
   -calc level 0 ridge...done (3731ms) 
 block [219] : 1000 snps  (49116ms) 
   -residualizing and scaling genotypes...done (7236ms) 
   -calc working matrices...done (2864ms) 
   -calc level 0 ridge...done (6077ms) 
 block [220] : 1000 snps  (47732ms) 
   -residualizing and scaling genotypes...done (7243ms) 
   -calc working matrices...done (2871ms) 
   -calc level 0 ridge...done (6046ms) 
 block [221] : 1000 snps  (47715ms) 
   -residualizing and scaling genotypes...done (7252ms) 
   -calc working matrices...done (2886ms) 
   -calc level 0 ridge...done (6014ms) 
 block [222] : 1000 snps  (49121ms) 
   -residualizing and scaling genotypes...done (7243ms) 
   -calc working matrices...done (2940ms) 
   -calc level 0 ridge...done (6029ms) 
 block [223] : 1000 snps  (47859ms) 
   -residualizing and scaling genotypes...done (7250ms) 
   -calc working matrices...done (2872ms) 
   -calc level 0 ridge...done (6086ms) 
 block [224] : 1000 snps  (47648ms) 
   -residualizing and scaling genotypes...done (7268ms) 
   -calc working matrices...done (2866ms) 
   -calc level 0 ridge...done (5017ms) 
 block [225] : 1000 snps  (53902ms) 
   -residualizing and scaling genotypes...done (7348ms) 
   -calc working matrices...done (2841ms) 
   -calc level 0 ridge...done (5300ms) 
 block [226] : 1000 snps  (50719ms) 
   -residualizing and scaling genotypes...done (7260ms) 
   -calc working matrices...done (2837ms) 
   -calc level 0 ridge...done (5848ms) 
 block [227] : 1000 snps  (49529ms) 
   -residualizing and scaling genotypes...done (7266ms) 
   -calc working matrices...done (2930ms) 
   -calc level 0 ridge...done (5433ms) 
 block [228] : 1000 snps  (50669ms) 
   -residualizing and scaling genotypes...done (7251ms) 
   -calc working matrices...done (2886ms) 
   -calc level 0 ridge...done (6105ms) 
 block [229] : 1000 snps  (47730ms) 
   -residualizing and scaling genotypes...done (7272ms) 
   -calc working matrices...done (2889ms) 
   -calc level 0 ridge...done (5734ms) 
 block [230] : 1000 snps  (66990ms) 
   -residualizing and scaling genotypes...done (8917ms) 
   -calc working matrices...done (2741ms) 
   -calc level 0 ridge...done (3604ms) 
 block [231] : 1000 snps  (55155ms) 
   -residualizing and scaling genotypes...done (10486ms) 
   -calc working matrices...done (2904ms) 
   -calc level 0 ridge...done (5613ms) 
 block [232] : 1000 snps  (64665ms) 
   -residualizing and scaling genotypes...done (9997ms) 
   -calc working matrices...done (2805ms) 
   -calc level 0 ridge...done (2900ms) 
 block [233] : 128 snps  (6495ms) 
   -residualizing and scaling genotypes...done (1018ms) 
   -calc working matrices...done (96ms) 
   -calc level 0 ridge...done (921ms) 
Chromosome 8
 block [234] : 1000 snps  (55737ms) 
   -residualizing and scaling genotypes...done (11571ms) 
   -calc working matrices...done (2923ms) 
   -calc level 0 ridge...done (5278ms) 
 block [235] : 1000 snps  (70424ms) 
   -residualizing and scaling genotypes...done (13476ms) 
   -calc working matrices...done (2916ms) 
   -calc level 0 ridge...done (3735ms) 
 block [236] : 1000 snps  (63956ms) 
   -residualizing and scaling genotypes...done (11726ms) 
   -calc working matrices...done (2798ms) 
   -calc level 0 ridge...done (6090ms) 
 block [237] : 1000 snps  (56378ms) 
   -residualizing and scaling genotypes...done (11820ms) 
   -calc working matrices...done (3145ms) 
   -calc level 0 ridge...done (5577ms) 
 block [238] : 1000 snps  (63437ms) 
   -residualizing and scaling genotypes...done (11986ms) 
   -calc working matrices...done (3005ms) 
   -calc level 0 ridge...done (6311ms) 
 block [239] : 1000 snps  (60834ms) 
   -residualizing and scaling genotypes...done (11551ms) 
   -calc working matrices...done (3020ms) 
   -calc level 0 ridge...done (5821ms) 
 block [240] : 1000 snps  (59177ms) 
   -residualizing and scaling genotypes...done (11428ms) 
   -calc working matrices...done (2821ms) 
   -calc level 0 ridge...done (6269ms) 
 block [241] : 1000 snps  (58697ms) 
   -residualizing and scaling genotypes...done (11565ms) 
   -calc working matrices...done (2863ms) 
   -calc level 0 ridge...done (6113ms) 
 block [242] : 1000 snps  (56195ms) 
   -residualizing and scaling genotypes...done (11461ms) 
   -calc working matrices...done (2878ms) 
   -calc level 0 ridge...done (6194ms) 
 block [243] : 1000 snps  (54708ms) 
   -residualizing and scaling genotypes...done (11633ms) 
   -calc working matrices...done (2883ms) 
   -calc level 0 ridge...done (6227ms) 
 block [244] : 1000 snps  (54683ms) 
   -residualizing and scaling genotypes...done (11697ms) 
   -calc working matrices...done (2903ms) 
   -calc level 0 ridge...done (6191ms) 
 block [245] : 1000 snps  (54547ms) 
   -residualizing and scaling genotypes...done (11341ms) 
   -calc working matrices...done (2835ms) 
   -calc level 0 ridge...done (6219ms) 
 block [246] : 1000 snps  (54520ms) 
   -residualizing and scaling genotypes...done (11584ms) 
   -calc working matrices...done (2926ms) 
   -calc level 0 ridge...done (6044ms) 
 block [247] : 1000 snps  (54817ms) 
   -residualizing and scaling genotypes...done (11198ms) 
   -calc working matrices...done (2807ms) 
   -calc level 0 ridge...done (6166ms) 
 block [248] : 1000 snps  (56568ms) 
   -residualizing and scaling genotypes...done (11390ms) 
   -calc working matrices...done (2687ms) 
   -calc level 0 ridge...done (6260ms) 
 block [249] : 1000 snps  (54539ms) 
   -residualizing and scaling genotypes...done (11518ms) 
   -calc working matrices...done (2910ms) 
   -calc level 0 ridge...done (6093ms) 
 block [250] : 1000 snps  (54738ms) 
   -residualizing and scaling genotypes...done (11656ms) 
   -calc working matrices...done (2833ms) 
   -calc level 0 ridge...done (6165ms) 
 block [251] : 1000 snps  (54671ms) 
   -residualizing and scaling genotypes...done (11642ms) 
   -calc working matrices...done (2836ms) 
   -calc level 0 ridge...done (6052ms) 
 block [252] : 1000 snps  (54654ms) 
   -residualizing and scaling genotypes...done (11559ms) 
   -calc working matrices...done (2758ms) 
   -calc level 0 ridge...done (6161ms) 
 block [253] : 1000 snps  (54489ms) 
   -residualizing and scaling genotypes...done (11618ms) 
   -calc working matrices...done (2795ms) 
   -calc level 0 ridge...done (6160ms) 
 block [254] : 1000 snps  (54578ms) 
   -residualizing and scaling genotypes...done (11675ms) 
   -calc working matrices...done (3020ms) 
   -calc level 0 ridge...done (6211ms) 
 block [255] : 1000 snps  (54753ms) 
   -residualizing and scaling genotypes...done (11420ms) 
   -calc working matrices...done (2788ms) 
   -calc level 0 ridge...done (6286ms) 
 block [256] : 1000 snps  (69119ms) 
   -residualizing and scaling genotypes...done (11258ms) 
   -calc working matrices...done (2887ms) 
   -calc level 0 ridge...done (6341ms) 
 block [257] : 1000 snps  (55402ms) 
   -residualizing and scaling genotypes...done (11197ms) 
   -calc working matrices...done (2761ms) 
   -calc level 0 ridge...done (6107ms) 
 block [258] : 1000 snps  (60737ms) 
   -residualizing and scaling genotypes...done (11706ms) 
   -calc working matrices...done (3040ms) 
   -calc level 0 ridge...done (5959ms) 
 block [259] : 794 snps  (38115ms) 
   -residualizing and scaling genotypes...done (8328ms) 
   -calc working matrices...done (1768ms) 
   -calc level 0 ridge...done (4434ms) 
Chromosome 9
 block [260] : 1000 snps  (47651ms) 
   -residualizing and scaling genotypes...done (7211ms) 
   -calc working matrices...done (2835ms) 
   -calc level 0 ridge...done (5586ms) 
 block [261] : 1000 snps  (52854ms) 
   -residualizing and scaling genotypes...done (7345ms) 
   -calc working matrices...done (2841ms) 
   -calc level 0 ridge...done (5332ms) 
 block [262] : 1000 snps  (53727ms) 
   -residualizing and scaling genotypes...done (7451ms) 
   -calc working matrices...done (2953ms) 
   -calc level 0 ridge...done (5180ms) 
 block [263] : 1000 snps  (52700ms) 
   -residualizing and scaling genotypes...done (7397ms) 
   -calc working matrices...done (3038ms) 
   -calc level 0 ridge...done (5627ms) 
 block [264] : 1000 snps  (48475ms) 
   -residualizing and scaling genotypes...done (7299ms) 
   -calc working matrices...done (2866ms) 
   -calc level 0 ridge...done (6000ms) 
 block [265] : 1000 snps  (48732ms) 
   -residualizing and scaling genotypes...done (7242ms) 
   -calc working matrices...done (3098ms) 
   -calc level 0 ridge...done (6057ms) 
 block [266] : 1000 snps  (47759ms) 
   -residualizing and scaling genotypes...done (7290ms) 
   -calc working matrices...done (3066ms) 
   -calc level 0 ridge...done (6130ms) 
 block [267] : 1000 snps  (47850ms) 
   -residualizing and scaling genotypes...done (7258ms) 
   -calc working matrices...done (2985ms) 
   -calc level 0 ridge...done (6128ms) 
 block [268] : 1000 snps  (47834ms) 
   -residualizing and scaling genotypes...done (7250ms) 
   -calc working matrices...done (3001ms) 
   -calc level 0 ridge...done (6093ms) 
 block [269] : 1000 snps  (47825ms) 
   -residualizing and scaling genotypes...done (7279ms) 
   -calc working matrices...done (2817ms) 
   -calc level 0 ridge...done (6087ms) 
 block [270] : 1000 snps  (47718ms) 
   -residualizing and scaling genotypes...done (7265ms) 
   -calc working matrices...done (2973ms) 
   -calc level 0 ridge...done (6051ms) 
 block [271] : 1000 snps  (47784ms) 
   -residualizing and scaling genotypes...done (7269ms) 
   -calc working matrices...done (2915ms) 
   -calc level 0 ridge...done (6053ms) 
 block [272] : 1000 snps  (47699ms) 
   -residualizing and scaling genotypes...done (7266ms) 
   -calc working matrices...done (2810ms) 
   -calc level 0 ridge...done (5975ms) 
 block [273] : 1000 snps  (61284ms) 
   -residualizing and scaling genotypes...done (9790ms) 
   -calc working matrices...done (2876ms) 
   -calc level 0 ridge...done (4059ms) 
 block [274] : 1000 snps  (60534ms) 
   -residualizing and scaling genotypes...done (9789ms) 
   -calc working matrices...done (2782ms) 
   -calc level 0 ridge...done (3223ms) 
 block [275] : 1000 snps  (61188ms) 
   -residualizing and scaling genotypes...done (9751ms) 
   -calc working matrices...done (2868ms) 
   -calc level 0 ridge...done (3012ms) 
 block [276] : 1000 snps  (61061ms) 
   -residualizing and scaling genotypes...done (9753ms) 
   -calc working matrices...done (2840ms) 
   -calc level 0 ridge...done (3195ms) 
 block [277] : 1000 snps  (62884ms) 
   -residualizing and scaling genotypes...done (10457ms) 
   -calc working matrices...done (2899ms) 
   -calc level 0 ridge...done (5164ms) 
 block [278] : 1000 snps  (48424ms) 
   -residualizing and scaling genotypes...done (7257ms) 
   -calc working matrices...done (3153ms) 
   -calc level 0 ridge...done (6112ms) 
 block [279] : 1000 snps  (47860ms) 
   -residualizing and scaling genotypes...done (7274ms) 
   -calc working matrices...done (2961ms) 
   -calc level 0 ridge...done (6029ms) 
 block [280] : 1000 snps  (48003ms) 
   -residualizing and scaling genotypes...done (7303ms) 
   -calc working matrices...done (2861ms) 
   -calc level 0 ridge...done (6177ms) 
 block [281] : 841 snps  (40150ms) 
   -residualizing and scaling genotypes...done (6179ms) 
   -calc working matrices...done (1959ms) 
   -calc level 0 ridge...done (5091ms) 
Chromosome 10
 block [282] : 1000 snps  (47879ms) 
   -residualizing and scaling genotypes...done (7289ms) 
   -calc working matrices...done (2820ms) 
   -calc level 0 ridge...done (6129ms) 
 block [283] : 1000 snps  (47969ms) 
   -residualizing and scaling genotypes...done (7244ms) 
   -calc working matrices...done (2826ms) 
   -calc level 0 ridge...done (6012ms) 
 block [284] : 1000 snps  (47969ms) 
   -residualizing and scaling genotypes...done (7276ms) 
   -calc working matrices...done (2828ms) 
   -calc level 0 ridge...done (6044ms) 
 block [285] : 1000 snps  (48059ms) 
   -residualizing and scaling genotypes...done (7261ms) 
   -calc working matrices...done (2800ms) 
   -calc level 0 ridge...done (6021ms) 
 block [286] : 1000 snps  (47941ms) 
   -residualizing and scaling genotypes...done (7270ms) 
   -calc working matrices...done (2946ms) 
   -calc level 0 ridge...done (6088ms) 
 block [287] : 1000 snps  (47783ms) 
   -residualizing and scaling genotypes...done (7288ms) 
   -calc working matrices...done (2869ms) 
   -calc level 0 ridge...done (5076ms) 
 block [288] : 1000 snps  (52889ms) 
   -residualizing and scaling genotypes...done (7335ms) 
   -calc working matrices...done (2848ms) 
   -calc level 0 ridge...done (5852ms) 
 block [289] : 1000 snps  (49169ms) 
   -residualizing and scaling genotypes...done (7253ms) 
   -calc working matrices...done (3007ms) 
   -calc level 0 ridge...done (5880ms) 
 block [290] : 1000 snps  (50743ms) 
   -residualizing and scaling genotypes...done (7300ms) 
   -calc working matrices...done (2860ms) 
   -calc level 0 ridge...done (5855ms) 
 block [291] : 1000 snps  (51017ms) 
   -residualizing and scaling genotypes...done (7353ms) 
   -calc working matrices...done (2857ms) 
   -calc level 0 ridge...done (5945ms) 
 block [292] : 1000 snps  (48874ms) 
   -residualizing and scaling genotypes...done (7293ms) 
   -calc working matrices...done (2989ms) 
   -calc level 0 ridge...done (6059ms) 
 block [293] : 1000 snps  (47883ms) 
   -residualizing and scaling genotypes...done (7299ms) 
   -calc working matrices...done (2892ms) 
   -calc level 0 ridge...done (6066ms) 
 block [294] : 1000 snps  (48416ms) 
   -residualizing and scaling genotypes...done (7269ms) 
   -calc working matrices...done (2836ms) 
   -calc level 0 ridge...done (5783ms) 
 block [295] : 1000 snps  (50715ms) 
   -residualizing and scaling genotypes...done (7245ms) 
   -calc working matrices...done (2853ms) 
   -calc level 0 ridge...done (6043ms) 
 block [296] : 1000 snps  (50620ms) 
   -residualizing and scaling genotypes...done (7305ms) 
   -calc working matrices...done (2865ms) 
   -calc level 0 ridge...done (5856ms) 
 block [297] : 1000 snps  (48229ms) 
   -residualizing and scaling genotypes...done (7277ms) 
   -calc working matrices...done (2880ms) 
   -calc level 0 ridge...done (5564ms) 
 block [298] : 1000 snps  (64649ms) 
   -residualizing and scaling genotypes...done (9562ms) 
   -calc working matrices...done (2893ms) 
   -calc level 0 ridge...done (3564ms) 
 block [299] : 1000 snps  (58841ms) 
   -residualizing and scaling genotypes...done (9560ms) 
   -calc working matrices...done (2840ms) 
   -calc level 0 ridge...done (3258ms) 
 block [300] : 1000 snps  (59433ms) 
   -residualizing and scaling genotypes...done (9547ms) 
   -calc working matrices...done (2902ms) 
   -calc level 0 ridge...done (3254ms) 
 block [301] : 1000 snps  (58574ms) 
   -residualizing and scaling genotypes...done (9553ms) 
   -calc working matrices...done (2887ms) 
   -calc level 0 ridge...done (3158ms) 
 block [302] : 1000 snps  (58716ms) 
   -residualizing and scaling genotypes...done (9540ms) 
   -calc working matrices...done (2850ms) 
   -calc level 0 ridge...done (3273ms) 
 block [303] : 1000 snps  (58914ms) 
   -residualizing and scaling genotypes...done (9540ms) 
   -calc working matrices...done (2876ms) 
   -calc level 0 ridge...done (3139ms) 
 block [304] : 1000 snps  (58741ms) 
   -residualizing and scaling genotypes...done (9527ms) 
   -calc working matrices...done (2853ms) 
   -calc level 0 ridge...done (3081ms) 
 block [305] : 1000 snps  (58719ms) 
   -residualizing and scaling genotypes...done (9535ms) 
   -calc working matrices...done (2875ms) 
   -calc level 0 ridge...done (3371ms) 
 block [306] : 487 snps  (24695ms) 
   -residualizing and scaling genotypes...done (3968ms) 
   -calc working matrices...done (791ms) 
   -calc level 0 ridge...done (2978ms) 
Chromosome 11
 block [307] : 1000 snps  (53905ms) 
   -residualizing and scaling genotypes...done (10491ms) 
   -calc working matrices...done (2914ms) 
   -calc level 0 ridge...done (6077ms) 
 block [308] : 1000 snps  (68423ms) 
   -residualizing and scaling genotypes...done (10185ms) 
   -calc working matrices...done (2867ms) 
   -calc level 0 ridge...done (6150ms) 
 block [309] : 1000 snps  (51345ms) 
   -residualizing and scaling genotypes...done (10044ms) 
   -calc working matrices...done (3094ms) 
   -calc level 0 ridge...done (5950ms) 
 block [310] : 1000 snps  (51293ms) 
   -residualizing and scaling genotypes...done (10121ms) 
   -calc working matrices...done (3035ms) 
   -calc level 0 ridge...done (6060ms) 
 block [311] : 1000 snps  (52056ms) 
   -residualizing and scaling genotypes...done (10180ms) 
   -calc working matrices...done (2986ms) 
   -calc level 0 ridge...done (6140ms) 
 block [312] : 1000 snps  (50987ms) 
   -residualizing and scaling genotypes...done (10241ms) 
   -calc working matrices...done (3019ms) 
   -calc level 0 ridge...done (5932ms) 
 block [313] : 1000 snps  (68317ms) 
   -residualizing and scaling genotypes...done (11262ms) 
   -calc working matrices...done (3065ms) 
   -calc level 0 ridge...done (4136ms) 
 block [314] : 1000 snps  (61858ms) 
   -residualizing and scaling genotypes...done (11448ms) 
   -calc working matrices...done (2918ms) 
   -calc level 0 ridge...done (4666ms) 
 block [315] : 1000 snps  (59267ms) 
   -residualizing and scaling genotypes...done (11168ms) 
   -calc working matrices...done (2938ms) 
   -calc level 0 ridge...done (4783ms) 
 block [316] : 1000 snps  (58477ms) 
   -residualizing and scaling genotypes...done (11361ms) 
   -calc working matrices...done (2891ms) 
   -calc level 0 ridge...done (4721ms) 
 block [317] : 1000 snps  (58743ms) 
   -residualizing and scaling genotypes...done (11212ms) 
   -calc working matrices...done (2889ms) 
   -calc level 0 ridge...done (4553ms) 
 block [318] : 1000 snps  (58695ms) 
   -residualizing and scaling genotypes...done (11107ms) 
   -calc working matrices...done (2907ms) 
   -calc level 0 ridge...done (4620ms) 
 block [319] : 1000 snps  (58566ms) 
   -residualizing and scaling genotypes...done (11104ms) 
   -calc working matrices...done (2930ms) 
   -calc level 0 ridge...done (4906ms) 
 block [320] : 1000 snps  (58338ms) 
   -residualizing and scaling genotypes...done (11190ms) 
   -calc working matrices...done (2796ms) 
   -calc level 0 ridge...done (4806ms) 
 block [321] : 1000 snps  (58353ms) 
   -residualizing and scaling genotypes...done (11324ms) 
   -calc working matrices...done (2938ms) 
   -calc level 0 ridge...done (4709ms) 
 block [322] : 1000 snps  (58453ms) 
   -residualizing and scaling genotypes...done (11219ms) 
   -calc working matrices...done (2987ms) 
   -calc level 0 ridge...done (4847ms) 
 block [323] : 1000 snps  (58275ms) 
   -residualizing and scaling genotypes...done (11240ms) 
   -calc working matrices...done (3064ms) 
   -calc level 0 ridge...done (4767ms) 
 block [324] : 1000 snps  (58704ms) 
   -residualizing and scaling genotypes...done (11324ms) 
   -calc working matrices...done (2925ms) 
   -calc level 0 ridge...done (4715ms) 
 block [325] : 1000 snps  (58474ms) 
   -residualizing and scaling genotypes...done (11209ms) 
   -calc working matrices...done (2922ms) 
   -calc level 0 ridge...done (4555ms) 
 block [326] : 1000 snps  (58501ms) 
   -residualizing and scaling genotypes...done (11247ms) 
   -calc working matrices...done (2952ms) 
   -calc level 0 ridge...done (4720ms) 
 block [327] : 1000 snps  (68368ms) 
   -residualizing and scaling genotypes...done (10462ms) 
   -calc working matrices...done (2877ms) 
   -calc level 0 ridge...done (6119ms) 
 block [328] : 1000 snps  (65826ms) 
   -residualizing and scaling genotypes...done (11150ms) 
   -calc working matrices...done (2949ms) 
   -calc level 0 ridge...done (4770ms) 
 block [329] : 1000 snps  (59361ms) 
   -residualizing and scaling genotypes...done (11164ms) 
   -calc working matrices...done (3079ms) 
   -calc level 0 ridge...done (4581ms) 
 block [330] : 937 snps  (51466ms) 
   -residualizing and scaling genotypes...done (10598ms) 
   -calc working matrices...done (2680ms) 
   -calc level 0 ridge...done (6033ms) 
Chromosome 12
 block [331] : 1000 snps  (57583ms) 
   -residualizing and scaling genotypes...done (11993ms) 
   -calc working matrices...done (2877ms) 
   -calc level 0 ridge...done (6318ms) 
 block [332] : 1000 snps  (60254ms) 
   -residualizing and scaling genotypes...done (12029ms) 
   -calc working matrices...done (2854ms) 
   -calc level 0 ridge...done (6344ms) 
 block [333] : 1000 snps  (57224ms) 
   -residualizing and scaling genotypes...done (11969ms) 
   -calc working matrices...done (2797ms) 
   -calc level 0 ridge...done (5816ms) 
 block [334] : 1000 snps  (58463ms) 
   -residualizing and scaling genotypes...done (11835ms) 
   -calc working matrices...done (3059ms) 
   -calc level 0 ridge...done (6071ms) 
 block [335] : 1000 snps  (59007ms) 
   -residualizing and scaling genotypes...done (12103ms) 
   -calc working matrices...done (2929ms) 
   -calc level 0 ridge...done (6139ms) 
 block [336] : 1000 snps  (57133ms) 
   -residualizing and scaling genotypes...done (11836ms) 
   -calc working matrices...done (2810ms) 
   -calc level 0 ridge...done (6115ms) 
 block [337] : 1000 snps  (56902ms) 
   -residualizing and scaling genotypes...done (11942ms) 
   -calc working matrices...done (2814ms) 
   -calc level 0 ridge...done (6162ms) 
 block [338] : 1000 snps  (56720ms) 
   -residualizing and scaling genotypes...done (12036ms) 
   -calc working matrices...done (2899ms) 
   -calc level 0 ridge...done (6028ms) 
 block [339] : 1000 snps  (57143ms) 
   -residualizing and scaling genotypes...done (11992ms) 
   -calc working matrices...done (2803ms) 
   -calc level 0 ridge...done (6072ms) 
 block [340] : 1000 snps  (56796ms) 
   -residualizing and scaling genotypes...done (12142ms) 
   -calc working matrices...done (2913ms) 
   -calc level 0 ridge...done (6122ms) 
 block [341] : 1000 snps  (65925ms) 
   -residualizing and scaling genotypes...done (15631ms) 
   -calc working matrices...done (3238ms) 
   -calc level 0 ridge...done (4195ms) 
 block [342] : 1000 snps  (62278ms) 
   -residualizing and scaling genotypes...done (11809ms) 
   -calc working matrices...done (3228ms) 
   -calc level 0 ridge...done (6314ms) 
 block [343] : 1000 snps  (59608ms) 
   -residualizing and scaling genotypes...done (11747ms) 
   -calc working matrices...done (3008ms) 
   -calc level 0 ridge...done (5904ms) 
 block [344] : 1000 snps  (56753ms) 
   -residualizing and scaling genotypes...done (11045ms) 
   -calc working matrices...done (3096ms) 
   -calc level 0 ridge...done (5696ms) 
 block [345] : 1000 snps  (56114ms) 
   -residualizing and scaling genotypes...done (10662ms) 
   -calc working matrices...done (2753ms) 
   -calc level 0 ridge...done (6170ms) 
 block [346] : 1000 snps  (57005ms) 
   -residualizing and scaling genotypes...done (10255ms) 
   -calc working matrices...done (3051ms) 
   -calc level 0 ridge...done (5791ms) 
 block [347] : 1000 snps  (57704ms) 
   -residualizing and scaling genotypes...done (9859ms) 
   -calc working matrices...done (2782ms) 
   -calc level 0 ridge...done (6062ms) 
 block [348] : 1000 snps  (52754ms) 
   -residualizing and scaling genotypes...done (9419ms) 
   -calc working matrices...done (3046ms) 
   -calc level 0 ridge...done (4801ms) 
 block [349] : 1000 snps  (58169ms) 
   -residualizing and scaling genotypes...done (9143ms) 
   -calc working matrices...done (2902ms) 
   -calc level 0 ridge...done (5676ms) 
 block [350] : 1000 snps  (69815ms) 
   -residualizing and scaling genotypes...done (9584ms) 
   -calc working matrices...done (2957ms) 
   -calc level 0 ridge...done (4939ms) 
 block [351] : 1000 snps  (57356ms) 
   -residualizing and scaling genotypes...done (8516ms) 
   -calc working matrices...done (2936ms) 
   -calc level 0 ridge...done (5650ms) 
 block [352] : 1000 snps  (54192ms) 
   -residualizing and scaling genotypes...done (8102ms) 
   -calc working matrices...done (2868ms) 
   -calc level 0 ridge...done (6051ms) 
 block [353] : 1000 snps  (57708ms) 
   -residualizing and scaling genotypes...done (7898ms) 
   -calc working matrices...done (3041ms) 
   -calc level 0 ridge...done (5897ms) 
 block [354] : 482 snps  (24237ms) 
   -residualizing and scaling genotypes...done (3599ms) 
   -calc working matrices...done (791ms) 
   -calc level 0 ridge...done (2842ms) 
Chromosome 13
 block [355] : 1000 snps  (70682ms) 
   -residualizing and scaling genotypes...done (11719ms) 
   -calc working matrices...done (2822ms) 
   -calc level 0 ridge...done (5963ms) 
 block [356] : 1000 snps  (54157ms) 
   -residualizing and scaling genotypes...done (11658ms) 
   -calc working matrices...done (2822ms) 
   -calc level 0 ridge...done (6102ms) 
 block [357] : 1000 snps  (53934ms) 
   -residualizing and scaling genotypes...done (11334ms) 
   -calc working matrices...done (2872ms) 
   -calc level 0 ridge...done (6150ms) 
 block [358] : 1000 snps  (53745ms) 
   -residualizing and scaling genotypes...done (11393ms) 
   -calc working matrices...done (2877ms) 
   -calc level 0 ridge...done (6079ms) 
 block [359] : 1000 snps  (55637ms) 
   -residualizing and scaling genotypes...done (11626ms) 
   -calc working matrices...done (2807ms) 
   -calc level 0 ridge...done (6171ms) 
 block [360] : 1000 snps  (56724ms) 
   -residualizing and scaling genotypes...done (11899ms) 
   -calc working matrices...done (2770ms) 
   -calc level 0 ridge...done (6235ms) 
 block [361] : 1000 snps  (55322ms) 
   -residualizing and scaling genotypes...done (11981ms) 
   -calc working matrices...done (2997ms) 
   -calc level 0 ridge...done (5998ms) 
 block [362] : 1000 snps  (54463ms) 
   -residualizing and scaling genotypes...done (11950ms) 
   -calc working matrices...done (2816ms) 
   -calc level 0 ridge...done (6093ms) 
 block [363] : 1000 snps  (54434ms) 
   -residualizing and scaling genotypes...done (11912ms) 
   -calc working matrices...done (2806ms) 
   -calc level 0 ridge...done (5985ms) 
 block [364] : 1000 snps  (55648ms) 
   -residualizing and scaling genotypes...done (11718ms) 
   -calc working matrices...done (2701ms) 
   -calc level 0 ridge...done (6191ms) 
 block [365] : 1000 snps  (54553ms) 
   -residualizing and scaling genotypes...done (11836ms) 
   -calc working matrices...done (2766ms) 
   -calc level 0 ridge...done (6037ms) 
 block [366] : 1000 snps  (54585ms) 
   -residualizing and scaling genotypes...done (11823ms) 
   -calc working matrices...done (2774ms) 
   -calc level 0 ridge...done (6034ms) 
 block [367] : 1000 snps  (54755ms) 
   -residualizing and scaling genotypes...done (11696ms) 
   -calc working matrices...done (2786ms) 
   -calc level 0 ridge...done (6060ms) 
 block [368] : 1000 snps  (54671ms) 
   -residualizing and scaling genotypes...done (11767ms) 
   -calc working matrices...done (2772ms) 
   -calc level 0 ridge...done (6055ms) 
 block [369] : 1000 snps  (54666ms) 
   -residualizing and scaling genotypes...done (11775ms) 
   -calc working matrices...done (2745ms) 
   -calc level 0 ridge...done (5982ms) 
 block [370] : 1000 snps  (54734ms) 
   -residualizing and scaling genotypes...done (11767ms) 
   -calc working matrices...done (2826ms) 
   -calc level 0 ridge...done (6117ms) 
 block [371] : 1000 snps  (55528ms) 
   -residualizing and scaling genotypes...done (11745ms) 
   -calc working matrices...done (2759ms) 
   -calc level 0 ridge...done (6147ms) 
 block [372] : 207 snps  (9948ms) 
   -residualizing and scaling genotypes...done (1540ms) 
   -calc working matrices...done (187ms) 
   -calc level 0 ridge...done (1155ms) 
Chromosome 14
 block [373] : 1000 snps  (48718ms) 
   -residualizing and scaling genotypes...done (7283ms) 
   -calc working matrices...done (2799ms) 
   -calc level 0 ridge...done (6031ms) 
 block [374] : 1000 snps  (48517ms) 
   -residualizing and scaling genotypes...done (7280ms) 
   -calc working matrices...done (2834ms) 
   -calc level 0 ridge...done (5751ms) 
 block [375] : 1000 snps  (50194ms) 
   -residualizing and scaling genotypes...done (7252ms) 
   -calc working matrices...done (2816ms) 
   -calc level 0 ridge...done (5589ms) 
 block [376] : 1000 snps  (50749ms) 
   -residualizing and scaling genotypes...done (7321ms) 
   -calc working matrices...done (2794ms) 
   -calc level 0 ridge...done (5467ms) 
 block [377] : 1000 snps  (51085ms) 
   -residualizing and scaling genotypes...done (7278ms) 
   -calc working matrices...done (2840ms) 
   -calc level 0 ridge...done (5983ms) 
 block [378] : 1000 snps  (48494ms) 
   -residualizing and scaling genotypes...done (7251ms) 
   -calc working matrices...done (2825ms) 
   -calc level 0 ridge...done (6005ms) 
 block [379] : 1000 snps  (48047ms) 
   -residualizing and scaling genotypes...done (7243ms) 
   -calc working matrices...done (2827ms) 
   -calc level 0 ridge...done (5682ms) 
 block [380] : 1000 snps  (53110ms) 
   -residualizing and scaling genotypes...done (7365ms) 
   -calc working matrices...done (2820ms) 
   -calc level 0 ridge...done (5391ms) 
 block [381] : 1000 snps  (52642ms) 
   -residualizing and scaling genotypes...done (7354ms) 
   -calc working matrices...done (2801ms) 
   -calc level 0 ridge...done (5842ms) 
 block [382] : 1000 snps  (50862ms) 
   -residualizing and scaling genotypes...done (7282ms) 
   -calc working matrices...done (2900ms) 
   -calc level 0 ridge...done (5842ms) 
 block [383] : 1000 snps  (52208ms) 
   -residualizing and scaling genotypes...done (7329ms) 
   -calc working matrices...done (2994ms) 
   -calc level 0 ridge...done (5796ms) 
 block [384] : 1000 snps  (52080ms) 
   -residualizing and scaling genotypes...done (7315ms) 
   -calc working matrices...done (2794ms) 
   -calc level 0 ridge...done (5865ms) 
 block [385] : 1000 snps  (48522ms) 
   -residualizing and scaling genotypes...done (7259ms) 
   -calc working matrices...done (3051ms) 
   -calc level 0 ridge...done (6068ms) 
 block [386] : 1000 snps  (48301ms) 
   -residualizing and scaling genotypes...done (7274ms) 
   -calc working matrices...done (3017ms) 
   -calc level 0 ridge...done (6074ms) 
 block [387] : 1000 snps  (49372ms) 
   -residualizing and scaling genotypes...done (7246ms) 
   -calc working matrices...done (2902ms) 
   -calc level 0 ridge...done (6052ms) 
 block [388] : 1000 snps  (48183ms) 
   -residualizing and scaling genotypes...done (7255ms) 
   -calc working matrices...done (2840ms) 
   -calc level 0 ridge...done (5636ms) 
 block [389] : 106 snps  (5049ms) 
   -residualizing and scaling genotypes...done (788ms) 
   -calc working matrices...done (80ms) 
   -calc level 0 ridge...done (738ms) 
Chromosome 15
 block [390] : 1000 snps  (48484ms) 
   -residualizing and scaling genotypes...done (7280ms) 
   -calc working matrices...done (3096ms) 
   -calc level 0 ridge...done (5681ms) 
 block [391] : 1000 snps  (48969ms) 
   -residualizing and scaling genotypes...done (7244ms) 
   -calc working matrices...done (2787ms) 
   -calc level 0 ridge...done (5712ms) 
 block [392] : 1000 snps  (52408ms) 
   -residualizing and scaling genotypes...done (7366ms) 
   -calc working matrices...done (2823ms) 
   -calc level 0 ridge...done (5658ms) 
 block [393] : 1000 snps  (63800ms) 
   -residualizing and scaling genotypes...done (9732ms) 
   -calc working matrices...done (2811ms) 
   -calc level 0 ridge...done (3006ms) 
 block [394] : 1000 snps  (50933ms) 
   -residualizing and scaling genotypes...done (7311ms) 
   -calc working matrices...done (2925ms) 
   -calc level 0 ridge...done (5892ms) 
 block [395] : 1000 snps  (49595ms) 
   -residualizing and scaling genotypes...done (7341ms) 
   -calc working matrices...done (2893ms) 
   -calc level 0 ridge...done (5911ms) 
 block [396] : 1000 snps  (52055ms) 
   -residualizing and scaling genotypes...done (7494ms) 
   -calc working matrices...done (2951ms) 
   -calc level 0 ridge...done (5602ms) 
 block [397] : 1000 snps  (49507ms) 
   -residualizing and scaling genotypes...done (7260ms) 
   -calc working matrices...done (2804ms) 
   -calc level 0 ridge...done (5960ms) 
 block [398] : 1000 snps  (47978ms) 
   -residualizing and scaling genotypes...done (7276ms) 
   -calc working matrices...done (2930ms) 
   -calc level 0 ridge...done (5974ms) 
 block [399] : 1000 snps  (48078ms) 
   -residualizing and scaling genotypes...done (7282ms) 
   -calc working matrices...done (2703ms) 
   -calc level 0 ridge...done (6039ms) 
 block [400] : 1000 snps  (48180ms) 
   -residualizing and scaling genotypes...done (7266ms) 
   -calc working matrices...done (2717ms) 
   -calc level 0 ridge...done (5926ms) 
 block [401] : 1000 snps  (60889ms) 
   -residualizing and scaling genotypes...done (9904ms) 
   -calc working matrices...done (2727ms) 
   -calc level 0 ridge...done (3999ms) 
 block [402] : 1000 snps  (59783ms) 
   -residualizing and scaling genotypes...done (9610ms) 
   -calc working matrices...done (2794ms) 
   -calc level 0 ridge...done (3660ms) 
 block [403] : 1000 snps  (59953ms) 
   -residualizing and scaling genotypes...done (9615ms) 
   -calc working matrices...done (2791ms) 
   -calc level 0 ridge...done (3691ms) 
 block [404] : 1000 snps  (59859ms) 
   -residualizing and scaling genotypes...done (9598ms) 
   -calc working matrices...done (2798ms) 
   -calc level 0 ridge...done (3445ms) 
 block [405] : 386 snps  (19309ms) 
   -residualizing and scaling genotypes...done (3018ms) 
   -calc working matrices...done (755ms) 
   -calc level 0 ridge...done (2169ms) 
Chromosome 16
 block [406] : 1000 snps  (55917ms) 
   -residualizing and scaling genotypes...done (13616ms) 
   -calc working matrices...done (3257ms) 
   -calc level 0 ridge...done (4664ms) 
 block [407] : 1000 snps  (60038ms) 
   -residualizing and scaling genotypes...done (10836ms) 
   -calc working matrices...done (2872ms) 
   -calc level 0 ridge...done (6191ms) 
 block [408] : 1000 snps  (57573ms) 
   -residualizing and scaling genotypes...done (10910ms) 
   -calc working matrices...done (2876ms) 
   -calc level 0 ridge...done (5924ms) 
 block [409] : 1000 snps  (54781ms) 
   -residualizing and scaling genotypes...done (10843ms) 
   -calc working matrices...done (2869ms) 
   -calc level 0 ridge...done (6014ms) 
 block [410] : 1000 snps  (54481ms) 
   -residualizing and scaling genotypes...done (10723ms) 
   -calc working matrices...done (2691ms) 
   -calc level 0 ridge...done (6122ms) 
 block [411] : 1000 snps  (54237ms) 
   -residualizing and scaling genotypes...done (10891ms) 
   -calc working matrices...done (2767ms) 
   -calc level 0 ridge...done (6129ms) 
 block [412] : 1000 snps  (58094ms) 
   -residualizing and scaling genotypes...done (10894ms) 
   -calc working matrices...done (2779ms) 
   -calc level 0 ridge...done (5800ms) 
 block [413] : 1000 snps  (56497ms) 
   -residualizing and scaling genotypes...done (10828ms) 
   -calc working matrices...done (2775ms) 
   -calc level 0 ridge...done (5911ms) 
 block [414] : 1000 snps  (56412ms) 
   -residualizing and scaling genotypes...done (10877ms) 
   -calc working matrices...done (2924ms) 
   -calc level 0 ridge...done (6096ms) 
 block [415] : 1000 snps  (54599ms) 
   -residualizing and scaling genotypes...done (11214ms) 
   -calc working matrices...done (2783ms) 
   -calc level 0 ridge...done (6132ms) 
 block [416] : 1000 snps  (54370ms) 
   -residualizing and scaling genotypes...done (10947ms) 
   -calc working matrices...done (2903ms) 
   -calc level 0 ridge...done (6129ms) 
 block [417] : 1000 snps  (54484ms) 
   -residualizing and scaling genotypes...done (10737ms) 
   -calc working matrices...done (2854ms) 
   -calc level 0 ridge...done (6033ms) 
 block [418] : 1000 snps  (54216ms) 
   -residualizing and scaling genotypes...done (11190ms) 
   -calc working matrices...done (2781ms) 
   -calc level 0 ridge...done (6129ms) 
 block [419] : 1000 snps  (54304ms) 
   -residualizing and scaling genotypes...done (11054ms) 
   -calc working matrices...done (2913ms) 
   -calc level 0 ridge...done (6132ms) 
 block [420] : 1000 snps  (54454ms) 
   -residualizing and scaling genotypes...done (10705ms) 
   -calc working matrices...done (2986ms) 
   -calc level 0 ridge...done (6062ms) 
 block [421] : 1000 snps  (54472ms) 
   -residualizing and scaling genotypes...done (10682ms) 
   -calc working matrices...done (3014ms) 
   -calc level 0 ridge...done (6185ms) 
 block [422] : 1000 snps  (54538ms) 
   -residualizing and scaling genotypes...done (10693ms) 
   -calc working matrices...done (2830ms) 
   -calc level 0 ridge...done (6242ms) 
 block [423] : 404 snps  (20225ms) 
   -residualizing and scaling genotypes...done (3399ms) 
   -calc working matrices...done (573ms) 
   -calc level 0 ridge...done (2451ms) 
Chromosome 17
 block [424] : 1000 snps  (54847ms) 
   -residualizing and scaling genotypes...done (11008ms) 
   -calc working matrices...done (2761ms) 
   -calc level 0 ridge...done (6125ms) 
 block [425] : 1000 snps  (54622ms) 
   -residualizing and scaling genotypes...done (10972ms) 
   -calc working matrices...done (2907ms) 
   -calc level 0 ridge...done (6082ms) 
 block [426] : 1000 snps  (57660ms) 
   -residualizing and scaling genotypes...done (10762ms) 
   -calc working matrices...done (2696ms) 
   -calc level 0 ridge...done (5919ms) 
 block [427] : 1000 snps  (62828ms) 
   -residualizing and scaling genotypes...done (11160ms) 
   -calc working matrices...done (2689ms) 
   -calc level 0 ridge...done (6317ms) 
 block [428] : 1000 snps  (57595ms) 
   -residualizing and scaling genotypes...done (10985ms) 
   -calc working matrices...done (2933ms) 
   -calc level 0 ridge...done (5832ms) 
 block [429] : 1000 snps  (57473ms) 
   -residualizing and scaling genotypes...done (10816ms) 
   -calc working matrices...done (2977ms) 
   -calc level 0 ridge...done (5973ms) 
 block [430] : 1000 snps  (56296ms) 
   -residualizing and scaling genotypes...done (11086ms) 
   -calc working matrices...done (2691ms) 
   -calc level 0 ridge...done (6093ms) 
 block [431] : 1000 snps  (55657ms) 
   -residualizing and scaling genotypes...done (10774ms) 
   -calc working matrices...done (2846ms) 
   -calc level 0 ridge...done (6212ms) 
 block [432] : 1000 snps  (54310ms) 
   -residualizing and scaling genotypes...done (10823ms) 
   -calc working matrices...done (2888ms) 
   -calc level 0 ridge...done (6127ms) 
 block [433] : 1000 snps  (53815ms) 
   -residualizing and scaling genotypes...done (10806ms) 
   -calc working matrices...done (2849ms) 
   -calc level 0 ridge...done (6154ms) 
 block [434] : 1000 snps  (53764ms) 
   -residualizing and scaling genotypes...done (10830ms) 
   -calc working matrices...done (2940ms) 
   -calc level 0 ridge...done (5999ms) 
 block [435] : 1000 snps  (69273ms) 
   -residualizing and scaling genotypes...done (10562ms) 
   -calc working matrices...done (2791ms) 
   -calc level 0 ridge...done (6134ms) 
 block [436] : 1000 snps  (53842ms) 
   -residualizing and scaling genotypes...done (10549ms) 
   -calc working matrices...done (2902ms) 
   -calc level 0 ridge...done (6095ms) 
 block [437] : 1000 snps  (54609ms) 
   -residualizing and scaling genotypes...done (10582ms) 
   -calc working matrices...done (3130ms) 
   -calc level 0 ridge...done (5998ms) 
 block [438] : 1000 snps  (54078ms) 
   -residualizing and scaling genotypes...done (10829ms) 
   -calc working matrices...done (2741ms) 
   -calc level 0 ridge...done (6004ms) 
 block [439] : 798 snps  (40065ms) 
   -residualizing and scaling genotypes...done (7469ms) 
   -calc working matrices...done (1893ms) 
   -calc level 0 ridge...done (4442ms) 
Chromosome 18
 block [440] : 1000 snps  (47984ms) 
   -residualizing and scaling genotypes...done (7270ms) 
   -calc working matrices...done (2828ms) 
   -calc level 0 ridge...done (5060ms) 
 block [441] : 1000 snps  (54669ms) 
   -residualizing and scaling genotypes...done (7522ms) 
   -calc working matrices...done (2806ms) 
   -calc level 0 ridge...done (5610ms) 
 block [442] : 1000 snps  (49412ms) 
   -residualizing and scaling genotypes...done (7275ms) 
   -calc working matrices...done (2819ms) 
   -calc level 0 ridge...done (5938ms) 
 block [443] : 1000 snps  (58634ms) 
   -residualizing and scaling genotypes...done (10428ms) 
   -calc working matrices...done (2867ms) 
   -calc level 0 ridge...done (5516ms) 
 block [444] : 1000 snps  (59816ms) 
   -residualizing and scaling genotypes...done (9574ms) 
   -calc working matrices...done (2792ms) 
   -calc level 0 ridge...done (3512ms) 
 block [445] : 1000 snps  (58979ms) 
   -residualizing and scaling genotypes...done (9575ms) 
   -calc working matrices...done (2821ms) 
   -calc level 0 ridge...done (3515ms) 
 block [446] : 1000 snps  (60209ms) 
   -residualizing and scaling genotypes...done (8889ms) 
   -calc working matrices...done (2840ms) 
   -calc level 0 ridge...done (4090ms) 
 block [447] : 1000 snps  (58995ms) 
   -residualizing and scaling genotypes...done (10481ms) 
   -calc working matrices...done (2831ms) 
   -calc level 0 ridge...done (3978ms) 
 block [448] : 1000 snps  (58698ms) 
   -residualizing and scaling genotypes...done (9870ms) 
   -calc working matrices...done (2843ms) 
   -calc level 0 ridge...done (3919ms) 
 block [449] : 1000 snps  (59308ms) 
   -residualizing and scaling genotypes...done (9687ms) 
   -calc working matrices...done (2816ms) 
   -calc level 0 ridge...done (3900ms) 
 block [450] : 1000 snps  (58517ms) 
   -residualizing and scaling genotypes...done (9501ms) 
   -calc working matrices...done (2732ms) 
   -calc level 0 ridge...done (3867ms) 
 block [451] : 1000 snps  (58554ms) 
   -residualizing and scaling genotypes...done (9469ms) 
   -calc working matrices...done (2712ms) 
   -calc level 0 ridge...done (3836ms) 
 block [452] : 1000 snps  (58529ms) 
   -residualizing and scaling genotypes...done (9465ms) 
   -calc working matrices...done (2736ms) 
   -calc level 0 ridge...done (3827ms) 
 block [453] : 1000 snps  (58593ms) 
   -residualizing and scaling genotypes...done (9473ms) 
   -calc working matrices...done (2668ms) 
   -calc level 0 ridge...done (3995ms) 
 block [454] : 1000 snps  (58586ms) 
   -residualizing and scaling genotypes...done (9473ms) 
   -calc working matrices...done (2812ms) 
   -calc level 0 ridge...done (4051ms) 
 block [455] : 133 snps  (6418ms) 
   -residualizing and scaling genotypes...done (987ms) 
   -calc working matrices...done (107ms) 
   -calc level 0 ridge...done (977ms) 
Chromosome 19
 block [456] : 1000 snps  (54080ms) 
   -residualizing and scaling genotypes...done (10493ms) 
   -calc working matrices...done (2901ms) 
   -calc level 0 ridge...done (5800ms) 
 block [457] : 1000 snps  (65562ms) 
   -residualizing and scaling genotypes...done (11475ms) 
   -calc working matrices...done (3038ms) 
   -calc level 0 ridge...done (4872ms) 
 block [458] : 1000 snps  (58428ms) 
   -residualizing and scaling genotypes...done (10764ms) 
   -calc working matrices...done (2792ms) 
   -calc level 0 ridge...done (6073ms) 
 block [459] : 1000 snps  (55272ms) 
   -residualizing and scaling genotypes...done (10556ms) 
   -calc working matrices...done (2835ms) 
   -calc level 0 ridge...done (4943ms) 
 block [460] : 1000 snps  (62003ms) 
   -residualizing and scaling genotypes...done (11075ms) 
   -calc working matrices...done (2794ms) 
   -calc level 0 ridge...done (6001ms) 
 block [461] : 1000 snps  (56447ms) 
   -residualizing and scaling genotypes...done (10728ms) 
   -calc working matrices...done (2922ms) 
   -calc level 0 ridge...done (5981ms) 
 block [462] : 1000 snps  (54902ms) 
   -residualizing and scaling genotypes...done (10569ms) 
   -calc working matrices...done (2837ms) 
   -calc level 0 ridge...done (6075ms) 
 block [463] : 1000 snps  (54644ms) 
   -residualizing and scaling genotypes...done (10767ms) 
   -calc working matrices...done (2950ms) 
   -calc level 0 ridge...done (6191ms) 
 block [464] : 1000 snps  (54793ms) 
   -residualizing and scaling genotypes...done (10603ms) 
   -calc working matrices...done (2738ms) 
   -calc level 0 ridge...done (6035ms) 
 block [465] : 1000 snps  (54631ms) 
   -residualizing and scaling genotypes...done (10546ms) 
   -calc working matrices...done (2871ms) 
   -calc level 0 ridge...done (6146ms) 
 block [466] : 1000 snps  (54818ms) 
   -residualizing and scaling genotypes...done (10633ms) 
   -calc working matrices...done (2844ms) 
   -calc level 0 ridge...done (6041ms) 
 block [467] : 1000 snps  (54740ms) 
   -residualizing and scaling genotypes...done (10548ms) 
   -calc working matrices...done (2827ms) 
   -calc level 0 ridge...done (6262ms) 
 block [468] : 551 snps  (27209ms) 
   -residualizing and scaling genotypes...done (4100ms) 
   -calc working matrices...done (917ms) 
   -calc level 0 ridge...done (3306ms) 
Chromosome 20
 block [469] : 1000 snps  (48083ms) 
   -residualizing and scaling genotypes...done (7242ms) 
   -calc working matrices...done (2941ms) 
   -calc level 0 ridge...done (5438ms) 
 block [470] : 1000 snps  (53049ms) 
   -residualizing and scaling genotypes...done (7385ms) 
   -calc working matrices...done (2823ms) 
   -calc level 0 ridge...done (5915ms) 
 block [471] : 1000 snps  (48324ms) 
   -residualizing and scaling genotypes...done (7261ms) 
   -calc working matrices...done (2743ms) 
   -calc level 0 ridge...done (6158ms) 
 block [472] : 1000 snps  (49368ms) 
   -residualizing and scaling genotypes...done (7270ms) 
   -calc working matrices...done (2811ms) 
   -calc level 0 ridge...done (6057ms) 
 block [473] : 1000 snps  (47932ms) 
   -residualizing and scaling genotypes...done (7260ms) 
   -calc working matrices...done (2860ms) 
   -calc level 0 ridge...done (6043ms) 
 block [474] : 1000 snps  (47590ms) 
   -residualizing and scaling genotypes...done (7294ms) 
   -calc working matrices...done (2701ms) 
   -calc level 0 ridge...done (5944ms) 
 block [475] : 1000 snps  (47650ms) 
   -residualizing and scaling genotypes...done (7276ms) 
   -calc working matrices...done (2846ms) 
   -calc level 0 ridge...done (5935ms) 
 block [476] : 1000 snps  (65660ms) 
   -residualizing and scaling genotypes...done (9260ms) 
   -calc working matrices...done (2747ms) 
   -calc level 0 ridge...done (4250ms) 
 block [477] : 1000 snps  (56460ms) 
   -residualizing and scaling genotypes...done (9257ms) 
   -calc working matrices...done (2729ms) 
   -calc level 0 ridge...done (4281ms) 
 block [478] : 1000 snps  (56450ms) 
   -residualizing and scaling genotypes...done (9242ms) 
   -calc working matrices...done (2805ms) 
   -calc level 0 ridge...done (4237ms) 
 block [479] : 1000 snps  (56460ms) 
   -residualizing and scaling genotypes...done (9236ms) 
   -calc working matrices...done (2704ms) 
   -calc level 0 ridge...done (4101ms) 
 block [480] : 1000 snps  (59901ms) 
   -residualizing and scaling genotypes...done (8681ms) 
   -calc working matrices...done (2756ms) 
   -calc level 0 ridge...done (3823ms) 
 block [481] : 1000 snps  (57162ms) 
   -residualizing and scaling genotypes...done (9341ms) 
   -calc working matrices...done (2735ms) 
   -calc level 0 ridge...done (3754ms) 
 block [482] : 299 snps  (14980ms) 
   -residualizing and scaling genotypes...done (2202ms) 
   -calc working matrices...done (308ms) 
   -calc level 0 ridge...done (1899ms) 
Chromosome 21
 block [483] : 1000 snps  (52625ms) 
   -residualizing and scaling genotypes...done (10595ms) 
   -calc working matrices...done (2705ms) 
   -calc level 0 ridge...done (5579ms) 
 block [484] : 1000 snps  (56186ms) 
   -residualizing and scaling genotypes...done (10179ms) 
   -calc working matrices...done (2744ms) 
   -calc level 0 ridge...done (6203ms) 
 block [485] : 1000 snps  (54932ms) 
   -residualizing and scaling genotypes...done (10402ms) 
   -calc working matrices...done (2708ms) 
   -calc level 0 ridge...done (6046ms) 
 block [486] : 1000 snps  (52449ms) 
   -residualizing and scaling genotypes...done (10154ms) 
   -calc working matrices...done (2717ms) 
   -calc level 0 ridge...done (6282ms) 
 block [487] : 1000 snps  (52407ms) 
   -residualizing and scaling genotypes...done (10140ms) 
   -calc working matrices...done (2851ms) 
   -calc level 0 ridge...done (6096ms) 
 block [488] : 1000 snps  (52410ms) 
   -residualizing and scaling genotypes...done (10130ms) 
   -calc working matrices...done (2768ms) 
   -calc level 0 ridge...done (6264ms) 
 block [489] : 1000 snps  (52596ms) 
   -residualizing and scaling genotypes...done (10124ms) 
   -calc working matrices...done (2743ms) 
   -calc level 0 ridge...done (6133ms) 
 block [490] : 550 snps  (27390ms) 
   -residualizing and scaling genotypes...done (6206ms) 
   -calc working matrices...done (971ms) 
   -calc level 0 ridge...done (3269ms) 
Chromosome 22
 block [491] : 1000 snps  (65841ms) 
   -residualizing and scaling genotypes...done (9473ms) 
   -calc working matrices...done (2673ms) 
   -calc level 0 ridge...done (4279ms) 
 block [492] : 1000 snps  (57897ms) 
   -residualizing and scaling genotypes...done (9420ms) 
   -calc working matrices...done (2727ms) 
   -calc level 0 ridge...done (4287ms) 
 block [493] : 1000 snps  (57846ms) 
   -residualizing and scaling genotypes...done (9446ms) 
   -calc working matrices...done (2995ms) 
   -calc level 0 ridge...done (3882ms) 
 block [494] : 1000 snps  (57744ms) 
   -residualizing and scaling genotypes...done (9390ms) 
   -calc working matrices...done (2836ms) 
   -calc level 0 ridge...done (3980ms) 
 block [495] : 1000 snps  (58051ms) 
   -residualizing and scaling genotypes...done (9382ms) 
   -calc working matrices...done (2796ms) 
   -calc level 0 ridge...done (3849ms) 
 block [496] : 1000 snps  (57803ms) 
   -residualizing and scaling genotypes...done (9385ms) 
   -calc working matrices...done (2900ms) 
   -calc level 0 ridge...done (3823ms) 
 block [497] : 1000 snps  (57749ms) 
   -residualizing and scaling genotypes...done (9388ms) 
   -calc working matrices...done (2763ms) 
   -calc level 0 ridge...done (3917ms) 
 block [498] : 967 snps  (51364ms) 
   -residualizing and scaling genotypes...done (9571ms) 
   -calc working matrices...done (2659ms) 
   -calc level 0 ridge...done (6076ms) 

 Level 1 ridge...
   -on phenotype 1 (ltfh)...done (20601ms) 

Output
------
phenotype 1 (ltfh) : 
  0.01  : Rsq = 0.00882097, MSE = 0.991176
  0.25  : Rsq = 0.00990205, MSE = 0.990467
  0.5   : Rsq = 0.010153, MSE = 0.990396
  0.75  : Rsq = 0.0103524, MSE = 0.990397
  0.99  : Rsq = 0.01088, MSE = 0.990364<- min value
  * making predictions...writing LOCO predictions...done (7971ms) 

List of blup files written to: [regenie_output/PCa_ukb_step1_ltfh_pred.list]

Elapsed time : 36332.5s
End time: Mon Dec 13 08:25:01 2021

