Start time: Fri Dec  3 17:50:50 2021

              |=============================|
              |      REGENIE v2.0.2.gz      |
              |=============================|

Copyright (c) 2020 Joelle Mbatchou and Jonathan Marchini.
Distributed under the MIT License.
Compiled with Boost Iostream library.
Using Intel MKL with Eigen.

Log of output saved in file : regenie_output/PCa_ukb_step1_ltfh.log

Options in effect:
  --step 1 \
  --bed /mnt/stsi/stsi1/ptseng/UKBB_Resources/filtered_noimpute_bed/ukb_cal_allChrs_prune \
  --phenoFile regenie_input/PCa_ltfh.txt \
  --covarFile regenie_input/PCa_covar.txt \
  --remove /gpfs/home/ptseng/Torkamani_Projects/20210901_PD_UKBB/ukbb_relatedness/king_output/king_degree_2_unrelated_unrelated_toberemoved.txt \
  --exclude /mnt/stsi/stsi1/ptseng/UKBB_Resources/ID_list/ICLD_low-complexity.exclude \
  --bsize 1000 \
  --out regenie_output/PCa_ukb_step1_ltfh

Fitting null model
 * bim              : [/mnt/stsi/stsi1/ptseng/UKBB_Resources/filtered_noimpute_bed/ukb_cal_allChrs_prune.bim] n_snps = 487427
   -removing variants specified in [/mnt/stsi/stsi1/ptseng/UKBB_Resources/ID_list/ICLD_low-complexity.exclude]
     +number of variants remaining in the analysis = 487427
 * fam              : [/mnt/stsi/stsi1/ptseng/UKBB_Resources/filtered_noimpute_bed/ukb_cal_allChrs_prune.fam] n_samples = 460108
   -removing individuals specified in [/gpfs/home/ptseng/Torkamani_Projects/20210901_PD_UKBB/ukbb_relatedness/king_output/king_degree_2_unrelated_unrelated_toberemoved.txt]
     +number of genotyped individuals to exclude from the analysis = 34787
 * bed              : [/mnt/stsi/stsi1/ptseng/UKBB_Resources/filtered_noimpute_bed/ukb_cal_allChrs_prune.bed]
 * phenotypes       : [regenie_input/PCa_ltfh.txt] n_pheno = 1
   -dropping observations with missing values at any of the phenotypes
   -number of phenotyped individuals = 425107
   -number of individuals remaining with non-missing phenotypes = 425107
 * covariates       : [regenie_input/PCa_covar.txt] n_cov = 21
   -number of individuals with covariate data = 425140
 * number of individuals used in analysis = 425107
   -residualizing and scaling phenotypes...done (14ms) 
 * # threads        : [15]
 * block size       : [1000]
 * # blocks         : [498]
 * # CV folds       : [5]
 * ridge data_l0    : [5 : 0.01 0.25 0.5 0.75 0.99 ]
 * ridge data_l1    : [5 : 0.01 0.25 0.5 0.75 0.99 ]
 * approximate memory usage : 12GB
 * setting memory...done

Chromosome 1
 block [1] : 1000 snps  (48694ms) 
   -residualizing and scaling genotypes...done (10059ms) 
   -calc working matrices...done (2745ms) 
   -calc level 0 ridge...done (4745ms) 
 block [2] : 1000 snps  (50767ms) 
   -residualizing and scaling genotypes...done (7236ms) 
   -calc working matrices...done (2761ms) 
   -calc level 0 ridge...done (5898ms) 
 block [3] : 1000 snps  (58642ms) 
   -residualizing and scaling genotypes...done (7261ms) 
   -calc working matrices...done (2770ms) 
   -calc level 0 ridge...done (5897ms) 
 block [4] : 1000 snps  (51498ms) 
   -residualizing and scaling genotypes...done (10036ms) 
   -calc working matrices...done (2764ms) 
   -calc level 0 ridge...done (5299ms) 
 block [5] : 1000 snps  (57604ms) 
   -residualizing and scaling genotypes...done (7273ms) 
   -calc working matrices...done (2778ms) 
   -calc level 0 ridge...done (5290ms) 
 block [6] : 1000 snps  (54223ms) 
   -residualizing and scaling genotypes...done (7375ms) 
   -calc working matrices...done (2740ms) 
   -calc level 0 ridge...done (5796ms) 
 block [7] : 1000 snps  (50258ms) 
   -residualizing and scaling genotypes...done (7314ms) 
   -calc working matrices...done (2777ms) 
   -calc level 0 ridge...done (5372ms) 
 block [8] : 1000 snps  (52571ms) 
   -residualizing and scaling genotypes...done (7308ms) 
   -calc working matrices...done (2831ms) 
   -calc level 0 ridge...done (5379ms) 
 block [9] : 1000 snps  (53274ms) 
   -residualizing and scaling genotypes...done (9890ms) 
   -calc working matrices...done (2825ms) 
   -calc level 0 ridge...done (4307ms) 
 block [10] : 1000 snps  (58074ms) 
   -residualizing and scaling genotypes...done (7238ms) 
   -calc working matrices...done (2914ms) 
   -calc level 0 ridge...done (6179ms) 
 block [11] : 1000 snps  (48186ms) 
   -residualizing and scaling genotypes...done (7275ms) 
   -calc working matrices...done (2805ms) 
   -calc level 0 ridge...done (5983ms) 
 block [12] : 1000 snps  (50724ms) 
   -residualizing and scaling genotypes...done (7263ms) 
   -calc working matrices...done (2798ms) 
   -calc level 0 ridge...done (5491ms) 
 block [13] : 1000 snps  (50862ms) 
   -residualizing and scaling genotypes...done (7284ms) 
   -calc working matrices...done (2753ms) 
   -calc level 0 ridge...done (5936ms) 
 block [14] : 1000 snps  (51633ms) 
   -residualizing and scaling genotypes...done (7328ms) 
   -calc working matrices...done (2811ms) 
   -calc level 0 ridge...done (6007ms) 
 block [15] : 1000 snps  (48719ms) 
   -residualizing and scaling genotypes...done (7293ms) 
   -calc working matrices...done (2717ms) 
   -calc level 0 ridge...done (6039ms) 
 block [16] : 1000 snps  (50418ms) 
   -residualizing and scaling genotypes...done (8383ms) 
   -calc working matrices...done (2737ms) 
   -calc level 0 ridge...done (4583ms) 
 block [17] : 1000 snps  (54770ms) 
   -residualizing and scaling genotypes...done (7372ms) 
   -calc working matrices...done (2788ms) 
   -calc level 0 ridge...done (5662ms) 
 block [18] : 1000 snps  (49672ms) 
   -residualizing and scaling genotypes...done (7329ms) 
   -calc working matrices...done (2672ms) 
   -calc level 0 ridge...done (6105ms) 
 block [19] : 1000 snps  (51352ms) 
   -residualizing and scaling genotypes...done (7277ms) 
   -calc working matrices...done (2777ms) 
   -calc level 0 ridge...done (6040ms) 
 block [20] : 1000 snps  (51847ms) 
   -residualizing and scaling genotypes...done (7287ms) 
   -calc working matrices...done (2737ms) 
   -calc level 0 ridge...done (6065ms) 
 block [21] : 1000 snps  (49292ms) 
   -residualizing and scaling genotypes...done (7289ms) 
   -calc working matrices...done (2689ms) 
   -calc level 0 ridge...done (5992ms) 
 block [22] : 1000 snps  (48506ms) 
   -residualizing and scaling genotypes...done (7291ms) 
   -calc working matrices...done (2756ms) 
   -calc level 0 ridge...done (6114ms) 
 block [23] : 1000 snps  (51200ms) 
   -residualizing and scaling genotypes...done (7357ms) 
   -calc working matrices...done (2771ms) 
   -calc level 0 ridge...done (5901ms) 
 block [24] : 1000 snps  (49220ms) 
   -residualizing and scaling genotypes...done (7278ms) 
   -calc working matrices...done (2748ms) 
   -calc level 0 ridge...done (6065ms) 
 block [25] : 1000 snps  (48519ms) 
   -residualizing and scaling genotypes...done (7295ms) 
   -calc working matrices...done (2779ms) 
   -calc level 0 ridge...done (6081ms) 
 block [26] : 1000 snps  (48400ms) 
   -residualizing and scaling genotypes...done (7263ms) 
   -calc working matrices...done (2773ms) 
   -calc level 0 ridge...done (6092ms) 
 block [27] : 1000 snps  (48424ms) 
   -residualizing and scaling genotypes...done (7285ms) 
   -calc working matrices...done (2712ms) 
   -calc level 0 ridge...done (5915ms) 
 block [28] : 1000 snps  (50904ms) 
   -residualizing and scaling genotypes...done (7382ms) 
   -calc working matrices...done (2782ms) 
   -calc level 0 ridge...done (5974ms) 
 block [29] : 1000 snps  (48474ms) 
   -residualizing and scaling genotypes...done (7242ms) 
   -calc working matrices...done (2784ms) 
   -calc level 0 ridge...done (6049ms) 
 block [30] : 1000 snps  (64708ms) 
   -residualizing and scaling genotypes...done (7272ms) 
   -calc working matrices...done (2749ms) 
   -calc level 0 ridge...done (5930ms) 
 block [31] : 1000 snps  (60739ms) 
   -residualizing and scaling genotypes...done (7350ms) 
   -calc working matrices...done (2753ms) 
   -calc level 0 ridge...done (5249ms) 
 block [32] : 1000 snps  (55764ms) 
   -residualizing and scaling genotypes...done (7482ms) 
   -calc working matrices...done (2737ms) 
   -calc level 0 ridge...done (5731ms) 
 block [33] : 1000 snps  (50988ms) 
   -residualizing and scaling genotypes...done (7293ms) 
   -calc working matrices...done (2777ms) 
   -calc level 0 ridge...done (5510ms) 
 block [34] : 1000 snps  (52166ms) 
   -residualizing and scaling genotypes...done (7367ms) 
   -calc working matrices...done (2755ms) 
   -calc level 0 ridge...done (5910ms) 
 block [35] : 1000 snps  (48820ms) 
   -residualizing and scaling genotypes...done (7260ms) 
   -calc working matrices...done (2722ms) 
   -calc level 0 ridge...done (5982ms) 
 block [36] : 1000 snps  (49712ms) 
   -residualizing and scaling genotypes...done (7349ms) 
   -calc working matrices...done (2723ms) 
   -calc level 0 ridge...done (6007ms) 
 block [37] : 1000 snps  (51258ms) 
   -residualizing and scaling genotypes...done (7291ms) 
   -calc working matrices...done (2730ms) 
   -calc level 0 ridge...done (6063ms) 
 block [38] : 1000 snps  (48652ms) 
   -residualizing and scaling genotypes...done (7294ms) 
   -calc working matrices...done (2778ms) 
   -calc level 0 ridge...done (6064ms) 
 block [39] : 862 snps  (41533ms) 
   -residualizing and scaling genotypes...done (6265ms) 
   -calc working matrices...done (2106ms) 
   -calc level 0 ridge...done (5300ms) 
Chromosome 2
 block [40] : 1000 snps  (47842ms) 
   -residualizing and scaling genotypes...done (7227ms) 
   -calc working matrices...done (2748ms) 
   -calc level 0 ridge...done (5944ms) 
 block [41] : 1000 snps  (50404ms) 
   -residualizing and scaling genotypes...done (10051ms) 
   -calc working matrices...done (2761ms) 
   -calc level 0 ridge...done (6006ms) 
 block [42] : 1000 snps  (47981ms) 
   -residualizing and scaling genotypes...done (10019ms) 
   -calc working matrices...done (2819ms) 
   -calc level 0 ridge...done (5072ms) 
 block [43] : 1000 snps  (48612ms) 
   -residualizing and scaling genotypes...done (7253ms) 
   -calc working matrices...done (2866ms) 
   -calc level 0 ridge...done (6099ms) 
 block [44] : 1000 snps  (49189ms) 
   -residualizing and scaling genotypes...done (7367ms) 
   -calc working matrices...done (2815ms) 
   -calc level 0 ridge...done (5355ms) 
 block [45] : 1000 snps  (53087ms) 
   -residualizing and scaling genotypes...done (7344ms) 
   -calc working matrices...done (2766ms) 
   -calc level 0 ridge...done (5778ms) 
 block [46] : 1000 snps  (48440ms) 
   -residualizing and scaling genotypes...done (7234ms) 
   -calc working matrices...done (2897ms) 
   -calc level 0 ridge...done (5950ms) 
 block [47] : 1000 snps  (47731ms) 
   -residualizing and scaling genotypes...done (7249ms) 
   -calc working matrices...done (2780ms) 
   -calc level 0 ridge...done (5901ms) 
 block [48] : 1000 snps  (49488ms) 
   -residualizing and scaling genotypes...done (7255ms) 
   -calc working matrices...done (2953ms) 
   -calc level 0 ridge...done (5781ms) 
 block [49] : 1000 snps  (52854ms) 
   -residualizing and scaling genotypes...done (7353ms) 
   -calc working matrices...done (2834ms) 
   -calc level 0 ridge...done (5744ms) 
 block [50] : 1000 snps  (62362ms) 
   -residualizing and scaling genotypes...done (7422ms) 
   -calc working matrices...done (2800ms) 
   -calc level 0 ridge...done (6071ms) 
 block [51] : 1000 snps  (48566ms) 
   -residualizing and scaling genotypes...done (7288ms) 
   -calc working matrices...done (2829ms) 
   -calc level 0 ridge...done (6089ms) 
 block [52] : 1000 snps  (48758ms) 
   -residualizing and scaling genotypes...done (7307ms) 
   -calc working matrices...done (2802ms) 
   -calc level 0 ridge...done (6129ms) 
 block [53] : 1000 snps  (48907ms) 
   -residualizing and scaling genotypes...done (7281ms) 
   -calc working matrices...done (2784ms) 
   -calc level 0 ridge...done (6094ms) 
 block [54] : 1000 snps  (48601ms) 
   -residualizing and scaling genotypes...done (7287ms) 
   -calc working matrices...done (2759ms) 
   -calc level 0 ridge...done (5723ms) 
 block [55] : 1000 snps  (49651ms) 
   -residualizing and scaling genotypes...done (7243ms) 
   -calc working matrices...done (2891ms) 
   -calc level 0 ridge...done (6074ms) 
 block [56] : 1000 snps  (47851ms) 
   -residualizing and scaling genotypes...done (7259ms) 
   -calc working matrices...done (2796ms) 
   -calc level 0 ridge...done (5944ms) 
 block [57] : 1000 snps  (49410ms) 
   -residualizing and scaling genotypes...done (7265ms) 
   -calc working matrices...done (2763ms) 
   -calc level 0 ridge...done (6126ms) 
 block [58] : 1000 snps  (47900ms) 
   -residualizing and scaling genotypes...done (7269ms) 
   -calc working matrices...done (2755ms) 
   -calc level 0 ridge...done (5979ms) 
 block [59] : 1000 snps  (48913ms) 
   -residualizing and scaling genotypes...done (7249ms) 
   -calc working matrices...done (2882ms) 
   -calc level 0 ridge...done (5953ms) 
 block [60] : 1000 snps  (47675ms) 
   -residualizing and scaling genotypes...done (7247ms) 
   -calc working matrices...done (2843ms) 
   -calc level 0 ridge...done (6002ms) 
 block [61] : 1000 snps  (47896ms) 
   -residualizing and scaling genotypes...done (7241ms) 
   -calc working matrices...done (2846ms) 
   -calc level 0 ridge...done (6054ms) 
 block [62] : 1000 snps  (47754ms) 
   -residualizing and scaling genotypes...done (7237ms) 
   -calc working matrices...done (2929ms) 
   -calc level 0 ridge...done (5399ms) 
 block [63] : 1000 snps  (48072ms) 
   -residualizing and scaling genotypes...done (10110ms) 
   -calc working matrices...done (2856ms) 
   -calc level 0 ridge...done (5508ms) 
 block [64] : 1000 snps  (48483ms) 
   -residualizing and scaling genotypes...done (7251ms) 
   -calc working matrices...done (2841ms) 
   -calc level 0 ridge...done (5168ms) 
 block [65] : 1000 snps  (54607ms) 
   -residualizing and scaling genotypes...done (7408ms) 
   -calc working matrices...done (2841ms) 
   -calc level 0 ridge...done (5290ms) 
 block [66] : 1000 snps  (52184ms) 
   -residualizing and scaling genotypes...done (7347ms) 
   -calc working matrices...done (2840ms) 
   -calc level 0 ridge...done (5552ms) 
 block [67] : 1000 snps  (52443ms) 
   -residualizing and scaling genotypes...done (7357ms) 
   -calc working matrices...done (2852ms) 
   -calc level 0 ridge...done (5640ms) 
 block [68] : 1000 snps  (53002ms) 
   -residualizing and scaling genotypes...done (7350ms) 
   -calc working matrices...done (2883ms) 
   -calc level 0 ridge...done (5581ms) 
 block [69] : 1000 snps  (61839ms) 
   -residualizing and scaling genotypes...done (7510ms) 
   -calc working matrices...done (2822ms) 
   -calc level 0 ridge...done (6309ms) 
 block [70] : 1000 snps  (47588ms) 
   -residualizing and scaling genotypes...done (7267ms) 
   -calc working matrices...done (2872ms) 
   -calc level 0 ridge...done (5993ms) 
 block [71] : 1000 snps  (63799ms) 
   -residualizing and scaling genotypes...done (7321ms) 
   -calc working matrices...done (2867ms) 
   -calc level 0 ridge...done (5639ms) 
 block [72] : 1000 snps  (48508ms) 
   -residualizing and scaling genotypes...done (7247ms) 
   -calc working matrices...done (2785ms) 
   -calc level 0 ridge...done (5949ms) 
 block [73] : 1000 snps  (63054ms) 
   -residualizing and scaling genotypes...done (7256ms) 
   -calc working matrices...done (2759ms) 
   -calc level 0 ridge...done (5997ms) 
 block [74] : 1000 snps  (48873ms) 
   -residualizing and scaling genotypes...done (7248ms) 
   -calc working matrices...done (2922ms) 
   -calc level 0 ridge...done (5741ms) 
 block [75] : 1000 snps  (61025ms) 
   -residualizing and scaling genotypes...done (7419ms) 
   -calc working matrices...done (2760ms) 
   -calc level 0 ridge...done (5666ms) 
 block [76] : 1000 snps  (49095ms) 
   -residualizing and scaling genotypes...done (7262ms) 
   -calc working matrices...done (2863ms) 
   -calc level 0 ridge...done (5541ms) 
 block [77] : 1000 snps  (48328ms) 
   -residualizing and scaling genotypes...done (7383ms) 
   -calc working matrices...done (2843ms) 
   -calc level 0 ridge...done (4846ms) 
 block [78] : 1000 snps  (51638ms) 
   -residualizing and scaling genotypes...done (7252ms) 
   -calc working matrices...done (2880ms) 
   -calc level 0 ridge...done (5899ms) 
 block [79] : 403 snps  (20312ms) 
   -residualizing and scaling genotypes...done (3008ms) 
   -calc working matrices...done (583ms) 
   -calc level 0 ridge...done (2471ms) 
Chromosome 3
 block [80] : 1000 snps  (48902ms) 
   -residualizing and scaling genotypes...done (7264ms) 
   -calc working matrices...done (2861ms) 
   -calc level 0 ridge...done (6112ms) 
 block [81] : 1000 snps  (48778ms) 
   -residualizing and scaling genotypes...done (7271ms) 
   -calc working matrices...done (2818ms) 
   -calc level 0 ridge...done (6073ms) 
 block [82] : 1000 snps  (48984ms) 
   -residualizing and scaling genotypes...done (7275ms) 
   -calc working matrices...done (2778ms) 
   -calc level 0 ridge...done (5734ms) 
 block [83] : 1000 snps  (51380ms) 
   -residualizing and scaling genotypes...done (7276ms) 
   -calc working matrices...done (2803ms) 
   -calc level 0 ridge...done (5721ms) 
 block [84] : 1000 snps  (55152ms) 
   -residualizing and scaling genotypes...done (9933ms) 
   -calc working matrices...done (2834ms) 
   -calc level 0 ridge...done (5442ms) 
 block [85] : 1000 snps  (49997ms) 
   -residualizing and scaling genotypes...done (7292ms) 
   -calc working matrices...done (2880ms) 
   -calc level 0 ridge...done (6071ms) 
 block [86] : 1000 snps  (48834ms) 
   -residualizing and scaling genotypes...done (7326ms) 
   -calc working matrices...done (2860ms) 
   -calc level 0 ridge...done (6157ms) 
 block [87] : 1000 snps  (48808ms) 
   -residualizing and scaling genotypes...done (7301ms) 
   -calc working matrices...done (2763ms) 
   -calc level 0 ridge...done (6122ms) 
 block [88] : 1000 snps  (48637ms) 
   -residualizing and scaling genotypes...done (7292ms) 
   -calc working matrices...done (2747ms) 
   -calc level 0 ridge...done (6166ms) 
 block [89] : 1000 snps  (48663ms) 
   -residualizing and scaling genotypes...done (7297ms) 
   -calc working matrices...done (2875ms) 
   -calc level 0 ridge...done (5967ms) 
 block [90] : 1000 snps  (48881ms) 
   -residualizing and scaling genotypes...done (7307ms) 
   -calc working matrices...done (2757ms) 
   -calc level 0 ridge...done (6106ms) 
 block [91] : 1000 snps  (48934ms) 
   -residualizing and scaling genotypes...done (7311ms) 
   -calc working matrices...done (2915ms) 
   -calc level 0 ridge...done (6009ms) 
 block [92] : 1000 snps  (62487ms) 
   -residualizing and scaling genotypes...done (7280ms) 
   -calc working matrices...done (2881ms) 
   -calc level 0 ridge...done (6063ms) 
 block [93] : 1000 snps  (47950ms) 
   -residualizing and scaling genotypes...done (7257ms) 
   -calc working matrices...done (2829ms) 
   -calc level 0 ridge...done (5958ms) 
 block [94] : 1000 snps  (48059ms) 
   -residualizing and scaling genotypes...done (7270ms) 
   -calc working matrices...done (2919ms) 
   -calc level 0 ridge...done (6063ms) 
 block [95] : 1000 snps  (50446ms) 
   -residualizing and scaling genotypes...done (7282ms) 
   -calc working matrices...done (2802ms) 
   -calc level 0 ridge...done (6143ms) 
 block [96] : 1000 snps  (60227ms) 
   -residualizing and scaling genotypes...done (7251ms) 
   -calc working matrices...done (2803ms) 
   -calc level 0 ridge...done (6078ms) 
 block [97] : 1000 snps  (47945ms) 
   -residualizing and scaling genotypes...done (7262ms) 
   -calc working matrices...done (2769ms) 
   -calc level 0 ridge...done (6071ms) 
 block [98] : 1000 snps  (48949ms) 
   -residualizing and scaling genotypes...done (7290ms) 
   -calc working matrices...done (2769ms) 
   -calc level 0 ridge...done (5451ms) 
 block [99] : 1000 snps  (56024ms) 
   -residualizing and scaling genotypes...done (7298ms) 
   -calc working matrices...done (2812ms) 
   -calc level 0 ridge...done (5992ms) 
 block [100] : 1000 snps  (48168ms) 
   -residualizing and scaling genotypes...done (10188ms) 
   -calc working matrices...done (2786ms) 
   -calc level 0 ridge...done (6009ms) 
 block [101] : 1000 snps  (57610ms) 
   -residualizing and scaling genotypes...done (7311ms) 
   -calc working matrices...done (2745ms) 
   -calc level 0 ridge...done (5984ms) 
 block [102] : 1000 snps  (62582ms) 
   -residualizing and scaling genotypes...done (7912ms) 
   -calc working matrices...done (2784ms) 
   -calc level 0 ridge...done (4618ms) 
 block [103] : 1000 snps  (59858ms) 
   -residualizing and scaling genotypes...done (7366ms) 
   -calc working matrices...done (2876ms) 
   -calc level 0 ridge...done (5609ms) 
 block [104] : 1000 snps  (62115ms) 
   -residualizing and scaling genotypes...done (9237ms) 
   -calc working matrices...done (2837ms) 
   -calc level 0 ridge...done (4017ms) 
 block [105] : 1000 snps  (51822ms) 
   -residualizing and scaling genotypes...done (7234ms) 
   -calc working matrices...done (2770ms) 
   -calc level 0 ridge...done (6086ms) 
 block [106] : 1000 snps  (47762ms) 
   -residualizing and scaling genotypes...done (7221ms) 
   -calc working matrices...done (2892ms) 
   -calc level 0 ridge...done (5978ms) 
 block [107] : 1000 snps  (63104ms) 
   -residualizing and scaling genotypes...done (7435ms) 
   -calc working matrices...done (2807ms) 
   -calc level 0 ridge...done (5425ms) 
 block [108] : 1000 snps  (59615ms) 
   -residualizing and scaling genotypes...done (7352ms) 
   -calc working matrices...done (2874ms) 
   -calc level 0 ridge...done (5640ms) 
 block [109] : 1000 snps  (51465ms) 
   -residualizing and scaling genotypes...done (10007ms) 
   -calc working matrices...done (2878ms) 
   -calc level 0 ridge...done (5018ms) 
 block [110] : 1000 snps  (55468ms) 
   -residualizing and scaling genotypes...done (7296ms) 
   -calc working matrices...done (2872ms) 
   -calc level 0 ridge...done (6134ms) 
 block [111] : 1000 snps  (48577ms) 
   -residualizing and scaling genotypes...done (7293ms) 
   -calc working matrices...done (2749ms) 
   -calc level 0 ridge...done (5831ms) 
 block [112] : 1000 snps  (51005ms) 
   -residualizing and scaling genotypes...done (7276ms) 
   -calc working matrices...done (2836ms) 
   -calc level 0 ridge...done (5582ms) 
 block [113] : 332 snps  (16567ms) 
   -residualizing and scaling genotypes...done (2452ms) 
   -calc working matrices...done (375ms) 
   -calc level 0 ridge...done (2075ms) 
Chromosome 4
 block [114] : 1000 snps  (48738ms) 
   -residualizing and scaling genotypes...done (7318ms) 
   -calc working matrices...done (2756ms) 
   -calc level 0 ridge...done (5971ms) 
 block [115] : 1000 snps  (60176ms) 
   -residualizing and scaling genotypes...done (7260ms) 
   -calc working matrices...done (2770ms) 
   -calc level 0 ridge...done (6031ms) 
 block [116] : 1000 snps  (48227ms) 
   -residualizing and scaling genotypes...done (7226ms) 
   -calc working matrices...done (2833ms) 
   -calc level 0 ridge...done (4438ms) 
 block [117] : 1000 snps  (52845ms) 
   -residualizing and scaling genotypes...done (7248ms) 
   -calc working matrices...done (2784ms) 
   -calc level 0 ridge...done (5692ms) 
 block [118] : 1000 snps  (63642ms) 
   -residualizing and scaling genotypes...done (7535ms) 
   -calc working matrices...done (2828ms) 
   -calc level 0 ridge...done (6069ms) 
 block [119] : 1000 snps  (48660ms) 
   -residualizing and scaling genotypes...done (7317ms) 
   -calc working matrices...done (2803ms) 
   -calc level 0 ridge...done (5506ms) 
 block [120] : 1000 snps  (50416ms) 
   -residualizing and scaling genotypes...done (7310ms) 
   -calc working matrices...done (2809ms) 
   -calc level 0 ridge...done (5978ms) 
 block [121] : 1000 snps  (50159ms) 
   -residualizing and scaling genotypes...done (7296ms) 
   -calc working matrices...done (2860ms) 
   -calc level 0 ridge...done (5920ms) 
 block [122] : 1000 snps  (51682ms) 
   -residualizing and scaling genotypes...done (7312ms) 
   -calc working matrices...done (2852ms) 
   -calc level 0 ridge...done (5780ms) 
 block [123] : 1000 snps  (59500ms) 
   -residualizing and scaling genotypes...done (7304ms) 
   -calc working matrices...done (2837ms) 
   -calc level 0 ridge...done (6111ms) 
 block [124] : 1000 snps  (48776ms) 
   -residualizing and scaling genotypes...done (7276ms) 
   -calc working matrices...done (2818ms) 
   -calc level 0 ridge...done (5840ms) 
 block [125] : 1000 snps  (51156ms) 
   -residualizing and scaling genotypes...done (7301ms) 
   -calc working matrices...done (2829ms) 
   -calc level 0 ridge...done (6079ms) 
 block [126] : 1000 snps  (48289ms) 
   -residualizing and scaling genotypes...done (7273ms) 
   -calc working matrices...done (2805ms) 
   -calc level 0 ridge...done (5990ms) 
 block [127] : 1000 snps  (48231ms) 
   -residualizing and scaling genotypes...done (7277ms) 
   -calc working matrices...done (2797ms) 
   -calc level 0 ridge...done (6221ms) 
 block [128] : 1000 snps  (49402ms) 
   -residualizing and scaling genotypes...done (7332ms) 
   -calc working matrices...done (2864ms) 
   -calc level 0 ridge...done (6120ms) 
 block [129] : 1000 snps  (48292ms) 
   -residualizing and scaling genotypes...done (7280ms) 
   -calc working matrices...done (2826ms) 
   -calc level 0 ridge...done (5964ms) 
 block [130] : 1000 snps  (58986ms) 
   -residualizing and scaling genotypes...done (7453ms) 
   -calc working matrices...done (2852ms) 
   -calc level 0 ridge...done (5702ms) 
 block [131] : 1000 snps  (49445ms) 
   -residualizing and scaling genotypes...done (7284ms) 
   -calc working matrices...done (2884ms) 
   -calc level 0 ridge...done (6076ms) 
 block [132] : 1000 snps  (48733ms) 
   -residualizing and scaling genotypes...done (7312ms) 
   -calc working matrices...done (2846ms) 
   -calc level 0 ridge...done (5573ms) 
 block [133] : 1000 snps  (54785ms) 
   -residualizing and scaling genotypes...done (7459ms) 
   -calc working matrices...done (2809ms) 
   -calc level 0 ridge...done (4654ms) 
 block [134] : 1000 snps  (57183ms) 
   -residualizing and scaling genotypes...done (7455ms) 
   -calc working matrices...done (2870ms) 
   -calc level 0 ridge...done (4979ms) 
 block [135] : 1000 snps  (60078ms) 
   -residualizing and scaling genotypes...done (7556ms) 
   -calc working matrices...done (2883ms) 
   -calc level 0 ridge...done (4541ms) 
 block [136] : 1000 snps  (57141ms) 
   -residualizing and scaling genotypes...done (7504ms) 
   -calc working matrices...done (2861ms) 
   -calc level 0 ridge...done (5867ms) 
 block [137] : 1000 snps  (49059ms) 
   -residualizing and scaling genotypes...done (7287ms) 
   -calc working matrices...done (2783ms) 
   -calc level 0 ridge...done (4840ms) 
 block [138] : 1000 snps  (58434ms) 
   -residualizing and scaling genotypes...done (7298ms) 
   -calc working matrices...done (2797ms) 
   -calc level 0 ridge...done (5941ms) 
 block [139] : 1000 snps  (50178ms) 
   -residualizing and scaling genotypes...done (7290ms) 
   -calc working matrices...done (2904ms) 
   -calc level 0 ridge...done (5919ms) 
 block [140] : 1000 snps  (49747ms) 
   -residualizing and scaling genotypes...done (7254ms) 
   -calc working matrices...done (2862ms) 
   -calc level 0 ridge...done (4799ms) 
 block [141] : 1000 snps  (55728ms) 
   -residualizing and scaling genotypes...done (7417ms) 
   -calc working matrices...done (2877ms) 
   -calc level 0 ridge...done (5598ms) 
 block [142] : 1000 snps  (51619ms) 
   -residualizing and scaling genotypes...done (7259ms) 
   -calc working matrices...done (2876ms) 
   -calc level 0 ridge...done (5901ms) 
 block [143] : 1000 snps  (48971ms) 
   -residualizing and scaling genotypes...done (7255ms) 
   -calc working matrices...done (2794ms) 
   -calc level 0 ridge...done (6141ms) 
 block [144] : 1000 snps  (48307ms) 
   -residualizing and scaling genotypes...done (7257ms) 
   -calc working matrices...done (2871ms) 
   -calc level 0 ridge...done (6217ms) 
 block [145] : 195 snps  (9471ms) 
   -residualizing and scaling genotypes...done (1440ms) 
   -calc working matrices...done (175ms) 
   -calc level 0 ridge...done (1051ms) 
Chromosome 5
 block [146] : 1000 snps  (57850ms) 
   -residualizing and scaling genotypes...done (7423ms) 
   -calc working matrices...done (2783ms) 
   -calc level 0 ridge...done (5045ms) 
 block [147] : 1000 snps  (54791ms) 
   -residualizing and scaling genotypes...done (7396ms) 
   -calc working matrices...done (2754ms) 
   -calc level 0 ridge...done (5952ms) 
 block [148] : 1000 snps  (49041ms) 
   -residualizing and scaling genotypes...done (7259ms) 
   -calc working matrices...done (2805ms) 
   -calc level 0 ridge...done (5980ms) 
 block [149] : 1000 snps  (51829ms) 
   -residualizing and scaling genotypes...done (10071ms) 
   -calc working matrices...done (2675ms) 
   -calc level 0 ridge...done (5925ms) 
 block [150] : 1000 snps  (48265ms) 
   -residualizing and scaling genotypes...done (7273ms) 
   -calc working matrices...done (2845ms) 
   -calc level 0 ridge...done (6070ms) 
 block [151] : 1000 snps  (48213ms) 
   -residualizing and scaling genotypes...done (7266ms) 
   -calc working matrices...done (2696ms) 
   -calc level 0 ridge...done (6047ms) 
 block [152] : 1000 snps  (50372ms) 
   -residualizing and scaling genotypes...done (7222ms) 
   -calc working matrices...done (2791ms) 
   -calc level 0 ridge...done (5843ms) 
 block [153] : 1000 snps  (51020ms) 
   -residualizing and scaling genotypes...done (7307ms) 
   -calc working matrices...done (2724ms) 
   -calc level 0 ridge...done (5724ms) 
 block [154] : 1000 snps  (68822ms) 
   -residualizing and scaling genotypes...done (9487ms) 
   -calc working matrices...done (2722ms) 
   -calc level 0 ridge...done (4177ms) 
 block [155] : 1000 snps  (61232ms) 
   -residualizing and scaling genotypes...done (9630ms) 
   -calc working matrices...done (2738ms) 
   -calc level 0 ridge...done (4176ms) 
 block [156] : 1000 snps  (56653ms) 
   -residualizing and scaling genotypes...done (7650ms) 
   -calc working matrices...done (2723ms) 
   -calc level 0 ridge...done (5105ms) 
 block [157] : 1000 snps  (50451ms) 
   -residualizing and scaling genotypes...done (7282ms) 
   -calc working matrices...done (2755ms) 
   -calc level 0 ridge...done (5901ms) 
 block [158] : 1000 snps  (48834ms) 
   -residualizing and scaling genotypes...done (7259ms) 
   -calc working matrices...done (2751ms) 
   -calc level 0 ridge...done (5719ms) 
 block [159] : 1000 snps  (52567ms) 
   -residualizing and scaling genotypes...done (7349ms) 
   -calc working matrices...done (2725ms) 
   -calc level 0 ridge...done (5867ms) 
 block [160] : 1000 snps  (61825ms) 
   -residualizing and scaling genotypes...done (7408ms) 
   -calc working matrices...done (2746ms) 
   -calc level 0 ridge...done (6054ms) 
 block [161] : 1000 snps  (50809ms) 
   -residualizing and scaling genotypes...done (9986ms) 
   -calc working matrices...done (2765ms) 
   -calc level 0 ridge...done (6117ms) 
 block [162] : 1000 snps  (48764ms) 
   -residualizing and scaling genotypes...done (7272ms) 
   -calc working matrices...done (2738ms) 
   -calc level 0 ridge...done (5996ms) 
 block [163] : 1000 snps  (48622ms) 
   -residualizing and scaling genotypes...done (7284ms) 
   -calc working matrices...done (2722ms) 
   -calc level 0 ridge...done (4750ms) 
 block [164] : 1000 snps  (54641ms) 
   -residualizing and scaling genotypes...done (7415ms) 
   -calc working matrices...done (2743ms) 
   -calc level 0 ridge...done (5513ms) 
 block [165] : 1000 snps  (52862ms) 
   -residualizing and scaling genotypes...done (7324ms) 
   -calc working matrices...done (2679ms) 
   -calc level 0 ridge...done (5955ms) 
 block [166] : 1000 snps  (48913ms) 
   -residualizing and scaling genotypes...done (7290ms) 
   -calc working matrices...done (2692ms) 
   -calc level 0 ridge...done (5971ms) 
 block [167] : 1000 snps  (65479ms) 
   -residualizing and scaling genotypes...done (7263ms) 
   -calc working matrices...done (2734ms) 
   -calc level 0 ridge...done (5831ms) 
 block [168] : 1000 snps  (49019ms) 
   -residualizing and scaling genotypes...done (7251ms) 
   -calc working matrices...done (2701ms) 
   -calc level 0 ridge...done (5826ms) 
 block [169] : 1000 snps  (57781ms) 
   -residualizing and scaling genotypes...done (7387ms) 
   -calc working matrices...done (2738ms) 
   -calc level 0 ridge...done (5302ms) 
 block [170] : 1000 snps  (48417ms) 
   -residualizing and scaling genotypes...done (7265ms) 
   -calc working matrices...done (2815ms) 
   -calc level 0 ridge...done (5567ms) 
 block [171] : 1000 snps  (50650ms) 
   -residualizing and scaling genotypes...done (7308ms) 
   -calc working matrices...done (2808ms) 
   -calc level 0 ridge...done (5788ms) 
 block [172] : 1000 snps  (48271ms) 
   -residualizing and scaling genotypes...done (7225ms) 
   -calc working matrices...done (2717ms) 
   -calc level 0 ridge...done (6026ms) 
 block [173] : 1000 snps  (48008ms) 
   -residualizing and scaling genotypes...done (7235ms) 
   -calc working matrices...done (2786ms) 
   -calc level 0 ridge...done (5974ms) 
 block [174] : 1000 snps  (47947ms) 
   -residualizing and scaling genotypes...done (7230ms) 
   -calc working matrices...done (2703ms) 
   -calc level 0 ridge...done (5735ms) 
 block [175] : 940 snps  (44946ms) 
   -residualizing and scaling genotypes...done (6880ms) 
   -calc working matrices...done (2560ms) 
   -calc level 0 ridge...done (5482ms) 
Chromosome 6
 block [176] : 1000 snps  (48481ms) 
   -residualizing and scaling genotypes...done (7246ms) 
   -calc working matrices...done (2764ms) 
   -calc level 0 ridge...done (6086ms) 
 block [177] : 1000 snps  (48556ms) 
   -residualizing and scaling genotypes...done (7269ms) 
   -calc working matrices...done (2853ms) 
   -calc level 0 ridge...done (5962ms) 
 block [178] : 1000 snps  (50825ms) 
   -residualizing and scaling genotypes...done (7343ms) 
   -calc working matrices...done (2830ms) 
   -calc level 0 ridge...done (5519ms) 
 block [179] : 1000 snps  (62618ms) 
   -residualizing and scaling genotypes...done (7530ms) 
   -calc working matrices...done (2800ms) 
   -calc level 0 ridge...done (6133ms) 
 block [180] : 1000 snps  (48287ms) 
   -residualizing and scaling genotypes...done (7268ms) 
   -calc working matrices...done (2859ms) 
   -calc level 0 ridge...done (6030ms) 
 block [181] : 1000 snps  (48332ms) 
   -residualizing and scaling genotypes...done (7274ms) 
   -calc working matrices...done (2826ms) 
   -calc level 0 ridge...done (6044ms) 
 block [182] : 1000 snps  (50500ms) 
   -residualizing and scaling genotypes...done (7249ms) 
   -calc working matrices...done (2873ms) 
   -calc level 0 ridge...done (6029ms) 
 block [183] : 1000 snps  (48118ms) 
   -residualizing and scaling genotypes...done (7251ms) 
   -calc working matrices...done (2807ms) 
   -calc level 0 ridge...done (5962ms) 
 block [184] : 1000 snps  (48543ms) 
   -residualizing and scaling genotypes...done (7280ms) 
   -calc working matrices...done (2762ms) 
   -calc level 0 ridge...done (5201ms) 
 block [185] : 1000 snps  (52879ms) 
   -residualizing and scaling genotypes...done (7328ms) 
   -calc working matrices...done (2884ms) 
   -calc level 0 ridge...done (6027ms) 
 block [186] : 1000 snps  (48070ms) 
   -residualizing and scaling genotypes...done (7262ms) 
   -calc working matrices...done (2770ms) 
   -calc level 0 ridge...done (5905ms) 
 block [187] : 1000 snps  (48066ms) 
   -residualizing and scaling genotypes...done (7272ms) 
   -calc working matrices...done (2814ms) 
   -calc level 0 ridge...done (5641ms) 
 block [188] : 1000 snps  (60955ms) 
   -residualizing and scaling genotypes...done (7409ms) 
   -calc working matrices...done (2764ms) 
   -calc level 0 ridge...done (6260ms) 
 block [189] : 1000 snps  (48156ms) 
   -residualizing and scaling genotypes...done (7254ms) 
   -calc working matrices...done (2870ms) 
   -calc level 0 ridge...done (5778ms) 
 block [190] : 1000 snps  (49600ms) 
   -residualizing and scaling genotypes...done (7278ms) 
   -calc working matrices...done (2858ms) 
   -calc level 0 ridge...done (5496ms) 
 block [191] : 1000 snps  (53489ms) 
   -residualizing and scaling genotypes...done (7384ms) 
   -calc working matrices...done (2759ms) 
   -calc level 0 ridge...done (5764ms) 
 block [192] : 1000 snps  (48798ms) 
   -residualizing and scaling genotypes...done (7291ms) 
   -calc working matrices...done (2908ms) 
   -calc level 0 ridge...done (5954ms) 
 block [193] : 1000 snps  (48115ms) 
   -residualizing and scaling genotypes...done (7412ms) 
   -calc working matrices...done (2750ms) 
   -calc level 0 ridge...done (5416ms) 
 block [194] : 1000 snps  (48712ms) 
   -residualizing and scaling genotypes...done (7419ms) 
   -calc working matrices...done (2839ms) 
   -calc level 0 ridge...done (5989ms) 
 block [195] : 1000 snps  (48323ms) 
   -residualizing and scaling genotypes...done (7302ms) 
   -calc working matrices...done (2827ms) 
   -calc level 0 ridge...done (6113ms) 
 block [196] : 1000 snps  (54623ms) 
   -residualizing and scaling genotypes...done (10062ms) 
   -calc working matrices...done (2794ms) 
   -calc level 0 ridge...done (5982ms) 
 block [197] : 1000 snps  (48605ms) 
   -residualizing and scaling genotypes...done (7302ms) 
   -calc working matrices...done (2833ms) 
   -calc level 0 ridge...done (5634ms) 
 block [198] : 1000 snps  (51158ms) 
   -residualizing and scaling genotypes...done (10156ms) 
   -calc working matrices...done (2783ms) 
   -calc level 0 ridge...done (5521ms) 
 block [199] : 1000 snps  (53912ms) 
   -residualizing and scaling genotypes...done (7273ms) 
   -calc working matrices...done (2845ms) 
   -calc level 0 ridge...done (6005ms) 
 block [200] : 1000 snps  (48177ms) 
   -residualizing and scaling genotypes...done (7288ms) 
   -calc working matrices...done (2911ms) 
   -calc level 0 ridge...done (5576ms) 
 block [201] : 1000 snps  (53811ms) 
   -residualizing and scaling genotypes...done (7303ms) 
   -calc working matrices...done (2819ms) 
   -calc level 0 ridge...done (5910ms) 
 block [202] : 1000 snps  (56461ms) 
   -residualizing and scaling genotypes...done (7249ms) 
   -calc working matrices...done (2837ms) 
   -calc level 0 ridge...done (5994ms) 
 block [203] : 1000 snps  (50643ms) 
   -residualizing and scaling genotypes...done (7255ms) 
   -calc working matrices...done (2830ms) 
   -calc level 0 ridge...done (5407ms) 
 block [204] : 1000 snps  (53331ms) 
   -residualizing and scaling genotypes...done (7341ms) 
   -calc working matrices...done (2906ms) 
   -calc level 0 ridge...done (5474ms) 
 block [205] : 625 snps  (30538ms) 
   -residualizing and scaling genotypes...done (4593ms) 
   -calc working matrices...done (1223ms) 
   -calc level 0 ridge...done (3750ms) 
Chromosome 7
 block [206] : 1000 snps  (47927ms) 
   -residualizing and scaling genotypes...done (7237ms) 
   -calc working matrices...done (2864ms) 
   -calc level 0 ridge...done (5846ms) 
 block [207] : 1000 snps  (62106ms) 
   -residualizing and scaling genotypes...done (7336ms) 
   -calc working matrices...done (2755ms) 
   -calc level 0 ridge...done (5621ms) 
 block [208] : 1000 snps  (54768ms) 
   -residualizing and scaling genotypes...done (7514ms) 
   -calc working matrices...done (2764ms) 
   -calc level 0 ridge...done (4790ms) 
 block [209] : 1000 snps  (66965ms) 
   -residualizing and scaling genotypes...done (8999ms) 
   -calc working matrices...done (2720ms) 
   -calc level 0 ridge...done (3471ms) 
 block [210] : 1000 snps  (60775ms) 
   -residualizing and scaling genotypes...done (7839ms) 
   -calc working matrices...done (2818ms) 
   -calc level 0 ridge...done (5810ms) 
 block [211] : 1000 snps  (48088ms) 
   -residualizing and scaling genotypes...done (7216ms) 
   -calc working matrices...done (2964ms) 
   -calc level 0 ridge...done (5615ms) 
 block [212] : 1000 snps  (52273ms) 
   -residualizing and scaling genotypes...done (9986ms) 
   -calc working matrices...done (2852ms) 
   -calc level 0 ridge...done (5111ms) 
 block [213] : 1000 snps  (55134ms) 
   -residualizing and scaling genotypes...done (7301ms) 
   -calc working matrices...done (2838ms) 
   -calc level 0 ridge...done (5967ms) 
 block [214] : 1000 snps  (51190ms) 
   -residualizing and scaling genotypes...done (7366ms) 
   -calc working matrices...done (2722ms) 
   -calc level 0 ridge...done (5966ms) 
 block [215] : 1000 snps  (49439ms) 
   -residualizing and scaling genotypes...done (7314ms) 
   -calc working matrices...done (2712ms) 
   -calc level 0 ridge...done (5967ms) 
 block [216] : 1000 snps  (48953ms) 
   -residualizing and scaling genotypes...done (7306ms) 
   -calc working matrices...done (2737ms) 
   -calc level 0 ridge...done (6020ms) 
 block [217] : 1000 snps  (62874ms) 
   -residualizing and scaling genotypes...done (7224ms) 
   -calc working matrices...done (2793ms) 
   -calc level 0 ridge...done (6013ms) 
 block [218] : 1000 snps  (52044ms) 
   -residualizing and scaling genotypes...done (7327ms) 
   -calc working matrices...done (2780ms) 
   -calc level 0 ridge...done (5710ms) 
 block [219] : 1000 snps  (50546ms) 
   -residualizing and scaling genotypes...done (7219ms) 
   -calc working matrices...done (2737ms) 
   -calc level 0 ridge...done (6098ms) 
 block [220] : 1000 snps  (47548ms) 
   -residualizing and scaling genotypes...done (7231ms) 
   -calc working matrices...done (2763ms) 
   -calc level 0 ridge...done (5534ms) 
 block [221] : 1000 snps  (52820ms) 
   -residualizing and scaling genotypes...done (7405ms) 
   -calc working matrices...done (2836ms) 
   -calc level 0 ridge...done (5429ms) 
 block [222] : 1000 snps  (54256ms) 
   -residualizing and scaling genotypes...done (7615ms) 
   -calc working matrices...done (2876ms) 
   -calc level 0 ridge...done (4733ms) 
 block [223] : 1000 snps  (56270ms) 
   -residualizing and scaling genotypes...done (10002ms) 
   -calc working matrices...done (2824ms) 
   -calc level 0 ridge...done (5122ms) 
 block [224] : 1000 snps  (51841ms) 
   -residualizing and scaling genotypes...done (7266ms) 
   -calc working matrices...done (2850ms) 
   -calc level 0 ridge...done (4686ms) 
 block [225] : 1000 snps  (60250ms) 
   -residualizing and scaling genotypes...done (9582ms) 
   -calc working matrices...done (2758ms) 
   -calc level 0 ridge...done (3690ms) 
 block [226] : 1000 snps  (48933ms) 
   -residualizing and scaling genotypes...done (10063ms) 
   -calc working matrices...done (2787ms) 
   -calc level 0 ridge...done (5993ms) 
 block [227] : 1000 snps  (48016ms) 
   -residualizing and scaling genotypes...done (7248ms) 
   -calc working matrices...done (2866ms) 
   -calc level 0 ridge...done (5975ms) 
 block [228] : 1000 snps  (48092ms) 
   -residualizing and scaling genotypes...done (7272ms) 
   -calc working matrices...done (2845ms) 
   -calc level 0 ridge...done (6039ms) 
 block [229] : 1000 snps  (47972ms) 
   -residualizing and scaling genotypes...done (7255ms) 
   -calc working matrices...done (2796ms) 
   -calc level 0 ridge...done (6033ms) 
 block [230] : 1000 snps  (48153ms) 
   -residualizing and scaling genotypes...done (7221ms) 
   -calc working matrices...done (2830ms) 
   -calc level 0 ridge...done (5970ms) 
 block [231] : 1000 snps  (48284ms) 
   -residualizing and scaling genotypes...done (7262ms) 
   -calc working matrices...done (2764ms) 
   -calc level 0 ridge...done (5982ms) 
 block [232] : 1000 snps  (48138ms) 
   -residualizing and scaling genotypes...done (7250ms) 
   -calc working matrices...done (2809ms) 
   -calc level 0 ridge...done (5856ms) 
 block [233] : 128 snps  (6567ms) 
   -residualizing and scaling genotypes...done (1020ms) 
   -calc working matrices...done (94ms) 
   -calc level 0 ridge...done (932ms) 
Chromosome 8
 block [234] : 1000 snps  (47768ms) 
   -residualizing and scaling genotypes...done (7309ms) 
   -calc working matrices...done (2848ms) 
   -calc level 0 ridge...done (5410ms) 
 block [235] : 1000 snps  (52271ms) 
   -residualizing and scaling genotypes...done (7254ms) 
   -calc working matrices...done (2671ms) 
   -calc level 0 ridge...done (4921ms) 
 block [236] : 1000 snps  (49115ms) 
   -residualizing and scaling genotypes...done (7211ms) 
   -calc working matrices...done (2732ms) 
   -calc level 0 ridge...done (5790ms) 
 block [237] : 1000 snps  (51124ms) 
   -residualizing and scaling genotypes...done (7292ms) 
   -calc working matrices...done (2754ms) 
   -calc level 0 ridge...done (4992ms) 
 block [238] : 1000 snps  (61243ms) 
   -residualizing and scaling genotypes...done (7737ms) 
   -calc working matrices...done (2735ms) 
   -calc level 0 ridge...done (5722ms) 
 block [239] : 1000 snps  (48645ms) 
   -residualizing and scaling genotypes...done (10114ms) 
   -calc working matrices...done (2668ms) 
   -calc level 0 ridge...done (5880ms) 
 block [240] : 1000 snps  (51507ms) 
   -residualizing and scaling genotypes...done (9982ms) 
   -calc working matrices...done (2700ms) 
   -calc level 0 ridge...done (5056ms) 
 block [241] : 1000 snps  (54155ms) 
   -residualizing and scaling genotypes...done (7427ms) 
   -calc working matrices...done (2668ms) 
   -calc level 0 ridge...done (5711ms) 
 block [242] : 1000 snps  (49527ms) 
   -residualizing and scaling genotypes...done (7265ms) 
   -calc working matrices...done (2676ms) 
   -calc level 0 ridge...done (5984ms) 
 block [243] : 1000 snps  (49666ms) 
   -residualizing and scaling genotypes...done (7254ms) 
   -calc working matrices...done (2736ms) 
   -calc level 0 ridge...done (6110ms) 
 block [244] : 1000 snps  (47520ms) 
   -residualizing and scaling genotypes...done (7252ms) 
   -calc working matrices...done (2690ms) 
   -calc level 0 ridge...done (5934ms) 
 block [245] : 1000 snps  (63315ms) 
   -residualizing and scaling genotypes...done (7420ms) 
   -calc working matrices...done (2708ms) 
   -calc level 0 ridge...done (5119ms) 
 block [246] : 1000 snps  (51298ms) 
   -residualizing and scaling genotypes...done (7217ms) 
   -calc working matrices...done (2814ms) 
   -calc level 0 ridge...done (5903ms) 
 block [247] : 1000 snps  (51047ms) 
   -residualizing and scaling genotypes...done (7384ms) 
   -calc working matrices...done (2769ms) 
   -calc level 0 ridge...done (5657ms) 
 block [248] : 1000 snps  (48325ms) 
   -residualizing and scaling genotypes...done (7223ms) 
   -calc working matrices...done (2768ms) 
   -calc level 0 ridge...done (5710ms) 
 block [249] : 1000 snps  (52185ms) 
   -residualizing and scaling genotypes...done (7322ms) 
   -calc working matrices...done (2779ms) 
   -calc level 0 ridge...done (5825ms) 
 block [250] : 1000 snps  (64164ms) 
   -residualizing and scaling genotypes...done (7436ms) 
   -calc working matrices...done (2791ms) 
   -calc level 0 ridge...done (6002ms) 
 block [251] : 1000 snps  (48753ms) 
   -residualizing and scaling genotypes...done (7297ms) 
   -calc working matrices...done (2715ms) 
   -calc level 0 ridge...done (4612ms) 
 block [252] : 1000 snps  (54982ms) 
   -residualizing and scaling genotypes...done (9936ms) 
   -calc working matrices...done (2758ms) 
   -calc level 0 ridge...done (4744ms) 
 block [253] : 1000 snps  (49623ms) 
   -residualizing and scaling genotypes...done (7245ms) 
   -calc working matrices...done (2823ms) 
   -calc level 0 ridge...done (5416ms) 
 block [254] : 1000 snps  (53409ms) 
   -residualizing and scaling genotypes...done (7412ms) 
   -calc working matrices...done (2762ms) 
   -calc level 0 ridge...done (5676ms) 
 block [255] : 1000 snps  (52067ms) 
   -residualizing and scaling genotypes...done (9992ms) 
   -calc working matrices...done (2790ms) 
   -calc level 0 ridge...done (5558ms) 
 block [256] : 1000 snps  (48625ms) 
   -residualizing and scaling genotypes...done (7243ms) 
   -calc working matrices...done (2748ms) 
   -calc level 0 ridge...done (5517ms) 
 block [257] : 1000 snps  (51685ms) 
   -residualizing and scaling genotypes...done (7248ms) 
   -calc working matrices...done (2761ms) 
   -calc level 0 ridge...done (5859ms) 
 block [258] : 1000 snps  (52983ms) 
   -residualizing and scaling genotypes...done (7267ms) 
   -calc working matrices...done (2716ms) 
   -calc level 0 ridge...done (5623ms) 
 block [259] : 794 snps  (49036ms) 
   -residualizing and scaling genotypes...done (8454ms) 
   -calc working matrices...done (1797ms) 
   -calc level 0 ridge...done (3088ms) 
Chromosome 9
 block [260] : 1000 snps  (48120ms) 
   -residualizing and scaling genotypes...done (7236ms) 
   -calc working matrices...done (2773ms) 
   -calc level 0 ridge...done (5356ms) 
 block [261] : 1000 snps  (59615ms) 
   -residualizing and scaling genotypes...done (7263ms) 
   -calc working matrices...done (2832ms) 
   -calc level 0 ridge...done (5759ms) 
 block [262] : 1000 snps  (51930ms) 
   -residualizing and scaling genotypes...done (7282ms) 
   -calc working matrices...done (2732ms) 
   -calc level 0 ridge...done (5777ms) 
 block [263] : 1000 snps  (53665ms) 
   -residualizing and scaling genotypes...done (7356ms) 
   -calc working matrices...done (2823ms) 
   -calc level 0 ridge...done (5772ms) 
 block [264] : 1000 snps  (51016ms) 
   -residualizing and scaling genotypes...done (7240ms) 
   -calc working matrices...done (2836ms) 
   -calc level 0 ridge...done (5965ms) 
 block [265] : 1000 snps  (47728ms) 
   -residualizing and scaling genotypes...done (7235ms) 
   -calc working matrices...done (2875ms) 
   -calc level 0 ridge...done (6028ms) 
 block [266] : 1000 snps  (47748ms) 
   -residualizing and scaling genotypes...done (7221ms) 
   -calc working matrices...done (2799ms) 
   -calc level 0 ridge...done (5843ms) 
 block [267] : 1000 snps  (63699ms) 
   -residualizing and scaling genotypes...done (7315ms) 
   -calc working matrices...done (2787ms) 
   -calc level 0 ridge...done (6023ms) 
 block [268] : 1000 snps  (50033ms) 
   -residualizing and scaling genotypes...done (7278ms) 
   -calc working matrices...done (2784ms) 
   -calc level 0 ridge...done (5320ms) 
 block [269] : 1000 snps  (53949ms) 
   -residualizing and scaling genotypes...done (7376ms) 
   -calc working matrices...done (2881ms) 
   -calc level 0 ridge...done (5560ms) 
 block [270] : 1000 snps  (59230ms) 
   -residualizing and scaling genotypes...done (7412ms) 
   -calc working matrices...done (2777ms) 
   -calc level 0 ridge...done (5577ms) 
 block [271] : 1000 snps  (50998ms) 
   -residualizing and scaling genotypes...done (7209ms) 
   -calc working matrices...done (2858ms) 
   -calc level 0 ridge...done (5764ms) 
 block [272] : 1000 snps  (63136ms) 
   -residualizing and scaling genotypes...done (7510ms) 
   -calc working matrices...done (2778ms) 
   -calc level 0 ridge...done (6134ms) 
 block [273] : 1000 snps  (48910ms) 
   -residualizing and scaling genotypes...done (7332ms) 
   -calc working matrices...done (2736ms) 
   -calc level 0 ridge...done (6129ms) 
 block [274] : 1000 snps  (48726ms) 
   -residualizing and scaling genotypes...done (7315ms) 
   -calc working matrices...done (2731ms) 
   -calc level 0 ridge...done (6101ms) 
 block [275] : 1000 snps  (48902ms) 
   -residualizing and scaling genotypes...done (7323ms) 
   -calc working matrices...done (2728ms) 
   -calc level 0 ridge...done (6174ms) 
 block [276] : 1000 snps  (49037ms) 
   -residualizing and scaling genotypes...done (7320ms) 
   -calc working matrices...done (2765ms) 
   -calc level 0 ridge...done (6000ms) 
 block [277] : 1000 snps  (48796ms) 
   -residualizing and scaling genotypes...done (7298ms) 
   -calc working matrices...done (2731ms) 
   -calc level 0 ridge...done (6204ms) 
 block [278] : 1000 snps  (48958ms) 
   -residualizing and scaling genotypes...done (7309ms) 
   -calc working matrices...done (2745ms) 
   -calc level 0 ridge...done (6090ms) 
 block [279] : 1000 snps  (49033ms) 
   -residualizing and scaling genotypes...done (7298ms) 
   -calc working matrices...done (2794ms) 
   -calc level 0 ridge...done (6190ms) 
 block [280] : 1000 snps  (49144ms) 
   -residualizing and scaling genotypes...done (7306ms) 
   -calc working matrices...done (2721ms) 
   -calc level 0 ridge...done (6017ms) 
 block [281] : 841 snps  (40268ms) 
   -residualizing and scaling genotypes...done (6122ms) 
   -calc working matrices...done (2078ms) 
   -calc level 0 ridge...done (5050ms) 
Chromosome 10
 block [282] : 1000 snps  (47916ms) 
   -residualizing and scaling genotypes...done (7242ms) 
   -calc working matrices...done (2763ms) 
   -calc level 0 ridge...done (5256ms) 
 block [283] : 1000 snps  (48353ms) 
   -residualizing and scaling genotypes...done (7239ms) 
   -calc working matrices...done (2827ms) 
   -calc level 0 ridge...done (5866ms) 
 block [284] : 1000 snps  (51019ms) 
   -residualizing and scaling genotypes...done (9969ms) 
   -calc working matrices...done (2788ms) 
   -calc level 0 ridge...done (4899ms) 
 block [285] : 1000 snps  (59486ms) 
   -residualizing and scaling genotypes...done (7346ms) 
   -calc working matrices...done (2810ms) 
   -calc level 0 ridge...done (6155ms) 
 block [286] : 1000 snps  (49107ms) 
   -residualizing and scaling genotypes...done (7315ms) 
   -calc working matrices...done (2744ms) 
   -calc level 0 ridge...done (6121ms) 
 block [287] : 1000 snps  (49151ms) 
   -residualizing and scaling genotypes...done (7331ms) 
   -calc working matrices...done (2831ms) 
   -calc level 0 ridge...done (6011ms) 
 block [288] : 1000 snps  (48754ms) 
   -residualizing and scaling genotypes...done (7320ms) 
   -calc working matrices...done (2867ms) 
   -calc level 0 ridge...done (6065ms) 
 block [289] : 1000 snps  (48708ms) 
   -residualizing and scaling genotypes...done (7302ms) 
   -calc working matrices...done (2778ms) 
   -calc level 0 ridge...done (6070ms) 
 block [290] : 1000 snps  (48743ms) 
   -residualizing and scaling genotypes...done (7308ms) 
   -calc working matrices...done (2812ms) 
   -calc level 0 ridge...done (6021ms) 
 block [291] : 1000 snps  (48780ms) 
   -residualizing and scaling genotypes...done (7297ms) 
   -calc working matrices...done (2724ms) 
   -calc level 0 ridge...done (6059ms) 
 block [292] : 1000 snps  (48597ms) 
   -residualizing and scaling genotypes...done (7292ms) 
   -calc working matrices...done (2754ms) 
   -calc level 0 ridge...done (6048ms) 
 block [293] : 1000 snps  (48547ms) 
   -residualizing and scaling genotypes...done (7298ms) 
   -calc working matrices...done (2856ms) 
   -calc level 0 ridge...done (6116ms) 
 block [294] : 1000 snps  (48979ms) 
   -residualizing and scaling genotypes...done (7317ms) 
   -calc working matrices...done (2809ms) 
   -calc level 0 ridge...done (6174ms) 
 block [295] : 1000 snps  (48411ms) 
   -residualizing and scaling genotypes...done (7274ms) 
   -calc working matrices...done (2834ms) 
   -calc level 0 ridge...done (6033ms) 
 block [296] : 1000 snps  (48569ms) 
   -residualizing and scaling genotypes...done (7311ms) 
   -calc working matrices...done (2716ms) 
   -calc level 0 ridge...done (6110ms) 
 block [297] : 1000 snps  (48592ms) 
   -residualizing and scaling genotypes...done (7295ms) 
   -calc working matrices...done (2761ms) 
   -calc level 0 ridge...done (5527ms) 
 block [298] : 1000 snps  (51883ms) 
   -residualizing and scaling genotypes...done (7318ms) 
   -calc working matrices...done (2731ms) 
   -calc level 0 ridge...done (5144ms) 
 block [299] : 1000 snps  (55240ms) 
   -residualizing and scaling genotypes...done (7542ms) 
   -calc working matrices...done (2736ms) 
   -calc level 0 ridge...done (5311ms) 
 block [300] : 1000 snps  (55923ms) 
   -residualizing and scaling genotypes...done (7571ms) 
   -calc working matrices...done (2735ms) 
   -calc level 0 ridge...done (5520ms) 
 block [301] : 1000 snps  (51290ms) 
   -residualizing and scaling genotypes...done (7400ms) 
   -calc working matrices...done (2715ms) 
   -calc level 0 ridge...done (5979ms) 
 block [302] : 1000 snps  (49231ms) 
   -residualizing and scaling genotypes...done (7324ms) 
   -calc working matrices...done (2770ms) 
   -calc level 0 ridge...done (6109ms) 
 block [303] : 1000 snps  (48980ms) 
   -residualizing and scaling genotypes...done (7316ms) 
   -calc working matrices...done (2720ms) 
   -calc level 0 ridge...done (6144ms) 
 block [304] : 1000 snps  (48822ms) 
   -residualizing and scaling genotypes...done (7299ms) 
   -calc working matrices...done (2744ms) 
   -calc level 0 ridge...done (6012ms) 
 block [305] : 1000 snps  (48877ms) 
   -residualizing and scaling genotypes...done (7311ms) 
   -calc working matrices...done (2725ms) 
   -calc level 0 ridge...done (6186ms) 
 block [306] : 487 snps  (24644ms) 
   -residualizing and scaling genotypes...done (3628ms) 
   -calc working matrices...done (845ms) 
   -calc level 0 ridge...done (2966ms) 
Chromosome 11
 block [307] : 1000 snps  (48813ms) 
   -residualizing and scaling genotypes...done (7401ms) 
   -calc working matrices...done (2799ms) 
   -calc level 0 ridge...done (5922ms) 
 block [308] : 1000 snps  (49269ms) 
   -residualizing and scaling genotypes...done (7294ms) 
   -calc working matrices...done (2775ms) 
   -calc level 0 ridge...done (5881ms) 
 block [309] : 1000 snps  (60626ms) 
   -residualizing and scaling genotypes...done (7365ms) 
   -calc working matrices...done (2745ms) 
   -calc level 0 ridge...done (6150ms) 
 block [310] : 1000 snps  (49102ms) 
   -residualizing and scaling genotypes...done (7254ms) 
   -calc working matrices...done (2844ms) 
   -calc level 0 ridge...done (5801ms) 
 block [311] : 1000 snps  (52376ms) 
   -residualizing and scaling genotypes...done (7251ms) 
   -calc working matrices...done (2731ms) 
   -calc level 0 ridge...done (6004ms) 
 block [312] : 1000 snps  (48163ms) 
   -residualizing and scaling genotypes...done (7263ms) 
   -calc working matrices...done (2829ms) 
   -calc level 0 ridge...done (4905ms) 
 block [313] : 1000 snps  (54251ms) 
   -residualizing and scaling genotypes...done (7342ms) 
   -calc working matrices...done (2790ms) 
   -calc level 0 ridge...done (5986ms) 
 block [314] : 1000 snps  (48382ms) 
   -residualizing and scaling genotypes...done (7258ms) 
   -calc working matrices...done (2758ms) 
   -calc level 0 ridge...done (5986ms) 
 block [315] : 1000 snps  (48047ms) 
   -residualizing and scaling genotypes...done (7243ms) 
   -calc working matrices...done (2761ms) 
   -calc level 0 ridge...done (6067ms) 
 block [316] : 1000 snps  (47988ms) 
   -residualizing and scaling genotypes...done (7242ms) 
   -calc working matrices...done (2831ms) 
   -calc level 0 ridge...done (6007ms) 
 block [317] : 1000 snps  (48114ms) 
   -residualizing and scaling genotypes...done (7245ms) 
   -calc working matrices...done (2716ms) 
   -calc level 0 ridge...done (4967ms) 
 block [318] : 1000 snps  (55936ms) 
   -residualizing and scaling genotypes...done (7481ms) 
   -calc working matrices...done (2851ms) 
   -calc level 0 ridge...done (5484ms) 
 block [319] : 1000 snps  (60424ms) 
   -residualizing and scaling genotypes...done (7218ms) 
   -calc working matrices...done (2858ms) 
   -calc level 0 ridge...done (5609ms) 
 block [320] : 1000 snps  (50843ms) 
   -residualizing and scaling genotypes...done (7216ms) 
   -calc working matrices...done (2802ms) 
   -calc level 0 ridge...done (6052ms) 
 block [321] : 1000 snps  (47740ms) 
   -residualizing and scaling genotypes...done (7241ms) 
   -calc working matrices...done (2814ms) 
   -calc level 0 ridge...done (5934ms) 
 block [322] : 1000 snps  (50875ms) 
   -residualizing and scaling genotypes...done (7240ms) 
   -calc working matrices...done (2800ms) 
   -calc level 0 ridge...done (5683ms) 
 block [323] : 1000 snps  (60647ms) 
   -residualizing and scaling genotypes...done (7393ms) 
   -calc working matrices...done (2855ms) 
   -calc level 0 ridge...done (5655ms) 
 block [324] : 1000 snps  (49423ms) 
   -residualizing and scaling genotypes...done (7284ms) 
   -calc working matrices...done (2769ms) 
   -calc level 0 ridge...done (5728ms) 
 block [325] : 1000 snps  (55902ms) 
   -residualizing and scaling genotypes...done (7311ms) 
   -calc working matrices...done (2788ms) 
   -calc level 0 ridge...done (5994ms) 
 block [326] : 1000 snps  (63570ms) 
   -residualizing and scaling genotypes...done (10468ms) 
   -calc working matrices...done (2801ms) 
   -calc level 0 ridge...done (4382ms) 
 block [327] : 1000 snps  (56291ms) 
   -residualizing and scaling genotypes...done (7561ms) 
   -calc working matrices...done (2895ms) 
   -calc level 0 ridge...done (5403ms) 
 block [328] : 1000 snps  (49689ms) 
   -residualizing and scaling genotypes...done (7239ms) 
   -calc working matrices...done (2807ms) 
   -calc level 0 ridge...done (6030ms) 
 block [329] : 1000 snps  (48042ms) 
   -residualizing and scaling genotypes...done (7230ms) 
   -calc working matrices...done (2849ms) 
   -calc level 0 ridge...done (6138ms) 
 block [330] : 937 snps  (44923ms) 
   -residualizing and scaling genotypes...done (6884ms) 
   -calc working matrices...done (2533ms) 
   -calc level 0 ridge...done (5688ms) 
Chromosome 12
 block [331] : 1000 snps  (47761ms) 
   -residualizing and scaling genotypes...done (7234ms) 
   -calc working matrices...done (2785ms) 
   -calc level 0 ridge...done (6003ms) 
 block [332] : 1000 snps  (47938ms) 
   -residualizing and scaling genotypes...done (7248ms) 
   -calc working matrices...done (2706ms) 
   -calc level 0 ridge...done (6032ms) 
 block [333] : 1000 snps  (47855ms) 
   -residualizing and scaling genotypes...done (7357ms) 
   -calc working matrices...done (2746ms) 
   -calc level 0 ridge...done (6131ms) 
 block [334] : 1000 snps  (47811ms) 
   -residualizing and scaling genotypes...done (7235ms) 
   -calc working matrices...done (2755ms) 
   -calc level 0 ridge...done (6031ms) 
 block [335] : 1000 snps  (47643ms) 
   -residualizing and scaling genotypes...done (7253ms) 
   -calc working matrices...done (2708ms) 
   -calc level 0 ridge...done (4984ms) 
 block [336] : 1000 snps  (49825ms) 
   -residualizing and scaling genotypes...done (7251ms) 
   -calc working matrices...done (2717ms) 
   -calc level 0 ridge...done (5638ms) 
 block [337] : 1000 snps  (53765ms) 
   -residualizing and scaling genotypes...done (7368ms) 
   -calc working matrices...done (2705ms) 
   -calc level 0 ridge...done (5256ms) 
 block [338] : 1000 snps  (51713ms) 
   -residualizing and scaling genotypes...done (7487ms) 
   -calc working matrices...done (2786ms) 
   -calc level 0 ridge...done (5740ms) 
 block [339] : 1000 snps  (60327ms) 
   -residualizing and scaling genotypes...done (7449ms) 
   -calc working matrices...done (2697ms) 
   -calc level 0 ridge...done (6035ms) 
 block [340] : 1000 snps  (48657ms) 
   -residualizing and scaling genotypes...done (7307ms) 
   -calc working matrices...done (2683ms) 
   -calc level 0 ridge...done (6017ms) 
 block [341] : 1000 snps  (48915ms) 
   -residualizing and scaling genotypes...done (7320ms) 
   -calc working matrices...done (2770ms) 
   -calc level 0 ridge...done (6005ms) 
 block [342] : 1000 snps  (48741ms) 
   -residualizing and scaling genotypes...done (7322ms) 
   -calc working matrices...done (2876ms) 
   -calc level 0 ridge...done (6165ms) 
 block [343] : 1000 snps  (48690ms) 
   -residualizing and scaling genotypes...done (7338ms) 
   -calc working matrices...done (2762ms) 
   -calc level 0 ridge...done (6077ms) 
 block [344] : 1000 snps  (48420ms) 
   -residualizing and scaling genotypes...done (7317ms) 
   -calc working matrices...done (2834ms) 
   -calc level 0 ridge...done (6032ms) 
 block [345] : 1000 snps  (48579ms) 
   -residualizing and scaling genotypes...done (7309ms) 
   -calc working matrices...done (2657ms) 
   -calc level 0 ridge...done (6496ms) 
 block [346] : 1000 snps  (49264ms) 
   -residualizing and scaling genotypes...done (7303ms) 
   -calc working matrices...done (2711ms) 
   -calc level 0 ridge...done (6093ms) 
 block [347] : 1000 snps  (63508ms) 
   -residualizing and scaling genotypes...done (7389ms) 
   -calc working matrices...done (2666ms) 
   -calc level 0 ridge...done (5452ms) 
 block [348] : 1000 snps  (54435ms) 
   -residualizing and scaling genotypes...done (7362ms) 
   -calc working matrices...done (2675ms) 
   -calc level 0 ridge...done (5698ms) 
 block [349] : 1000 snps  (49053ms) 
   -residualizing and scaling genotypes...done (7248ms) 
   -calc working matrices...done (2757ms) 
   -calc level 0 ridge...done (6096ms) 
 block [350] : 1000 snps  (48211ms) 
   -residualizing and scaling genotypes...done (7366ms) 
   -calc working matrices...done (2731ms) 
   -calc level 0 ridge...done (6015ms) 
 block [351] : 1000 snps  (48007ms) 
   -residualizing and scaling genotypes...done (7262ms) 
   -calc working matrices...done (2741ms) 
   -calc level 0 ridge...done (5960ms) 
 block [352] : 1000 snps  (48128ms) 
   -residualizing and scaling genotypes...done (7369ms) 
   -calc working matrices...done (2746ms) 
   -calc level 0 ridge...done (4785ms) 
 block [353] : 1000 snps  (49233ms) 
   -residualizing and scaling genotypes...done (7251ms) 
   -calc working matrices...done (2777ms) 
   -calc level 0 ridge...done (5826ms) 
 block [354] : 482 snps  (24406ms) 
   -residualizing and scaling genotypes...done (3627ms) 
   -calc working matrices...done (788ms) 
   -calc level 0 ridge...done (2968ms) 
Chromosome 13
 block [355] : 1000 snps  (48796ms) 
   -residualizing and scaling genotypes...done (7316ms) 
   -calc working matrices...done (2718ms) 
   -calc level 0 ridge...done (5978ms) 
 block [356] : 1000 snps  (52058ms) 
   -residualizing and scaling genotypes...done (7370ms) 
   -calc working matrices...done (2717ms) 
   -calc level 0 ridge...done (5938ms) 
 block [357] : 1000 snps  (49026ms) 
   -residualizing and scaling genotypes...done (7298ms) 
   -calc working matrices...done (2797ms) 
   -calc level 0 ridge...done (5918ms) 
 block [358] : 1000 snps  (49560ms) 
   -residualizing and scaling genotypes...done (10118ms) 
   -calc working matrices...done (2774ms) 
   -calc level 0 ridge...done (6095ms) 
 block [359] : 1000 snps  (48480ms) 
   -residualizing and scaling genotypes...done (7292ms) 
   -calc working matrices...done (2748ms) 
   -calc level 0 ridge...done (5946ms) 
 block [360] : 1000 snps  (48530ms) 
   -residualizing and scaling genotypes...done (7299ms) 
   -calc working matrices...done (2716ms) 
   -calc level 0 ridge...done (6122ms) 
 block [361] : 1000 snps  (48513ms) 
   -residualizing and scaling genotypes...done (10027ms) 
   -calc working matrices...done (2759ms) 
   -calc level 0 ridge...done (5904ms) 
 block [362] : 1000 snps  (48420ms) 
   -residualizing and scaling genotypes...done (7296ms) 
   -calc working matrices...done (2709ms) 
   -calc level 0 ridge...done (6072ms) 
 block [363] : 1000 snps  (49134ms) 
   -residualizing and scaling genotypes...done (7282ms) 
   -calc working matrices...done (2771ms) 
   -calc level 0 ridge...done (6045ms) 
 block [364] : 1000 snps  (48584ms) 
   -residualizing and scaling genotypes...done (7312ms) 
   -calc working matrices...done (2725ms) 
   -calc level 0 ridge...done (6205ms) 
 block [365] : 1000 snps  (48476ms) 
   -residualizing and scaling genotypes...done (7290ms) 
   -calc working matrices...done (2683ms) 
   -calc level 0 ridge...done (6054ms) 
 block [366] : 1000 snps  (48551ms) 
   -residualizing and scaling genotypes...done (7313ms) 
   -calc working matrices...done (2713ms) 
   -calc level 0 ridge...done (6110ms) 
 block [367] : 1000 snps  (48459ms) 
   -residualizing and scaling genotypes...done (7274ms) 
   -calc working matrices...done (2699ms) 
   -calc level 0 ridge...done (5933ms) 
 block [368] : 1000 snps  (51068ms) 
   -residualizing and scaling genotypes...done (7295ms) 
   -calc working matrices...done (2742ms) 
   -calc level 0 ridge...done (5847ms) 
 block [369] : 1000 snps  (60400ms) 
   -residualizing and scaling genotypes...done (7252ms) 
   -calc working matrices...done (2709ms) 
   -calc level 0 ridge...done (5115ms) 
 block [370] : 1000 snps  (54844ms) 
   -residualizing and scaling genotypes...done (7459ms) 
   -calc working matrices...done (2745ms) 
   -calc level 0 ridge...done (5680ms) 
 block [371] : 1000 snps  (52722ms) 
   -residualizing and scaling genotypes...done (7322ms) 
   -calc working matrices...done (2737ms) 
   -calc level 0 ridge...done (4679ms) 
 block [372] : 207 snps  (9941ms) 
   -residualizing and scaling genotypes...done (1532ms) 
   -calc working matrices...done (188ms) 
   -calc level 0 ridge...done (1405ms) 
Chromosome 14
 block [373] : 1000 snps  (48184ms) 
   -residualizing and scaling genotypes...done (7229ms) 
   -calc working matrices...done (2848ms) 
   -calc level 0 ridge...done (4760ms) 
 block [374] : 1000 snps  (54048ms) 
   -residualizing and scaling genotypes...done (7305ms) 
   -calc working matrices...done (2846ms) 
   -calc level 0 ridge...done (5944ms) 
 block [375] : 1000 snps  (48472ms) 
   -residualizing and scaling genotypes...done (7249ms) 
   -calc working matrices...done (2786ms) 
   -calc level 0 ridge...done (6006ms) 
 block [376] : 1000 snps  (63612ms) 
   -residualizing and scaling genotypes...done (7300ms) 
   -calc working matrices...done (2766ms) 
   -calc level 0 ridge...done (6072ms) 
 block [377] : 1000 snps  (48564ms) 
   -residualizing and scaling genotypes...done (7261ms) 
   -calc working matrices...done (2734ms) 
   -calc level 0 ridge...done (5160ms) 
 block [378] : 1000 snps  (53331ms) 
   -residualizing and scaling genotypes...done (7359ms) 
   -calc working matrices...done (2828ms) 
   -calc level 0 ridge...done (6011ms) 
 block [379] : 1000 snps  (48985ms) 
   -residualizing and scaling genotypes...done (7329ms) 
   -calc working matrices...done (2727ms) 
   -calc level 0 ridge...done (5778ms) 
 block [380] : 1000 snps  (51503ms) 
   -residualizing and scaling genotypes...done (7346ms) 
   -calc working matrices...done (2787ms) 
   -calc level 0 ridge...done (5387ms) 
 block [381] : 1000 snps  (55195ms) 
   -residualizing and scaling genotypes...done (7383ms) 
   -calc working matrices...done (2771ms) 
   -calc level 0 ridge...done (6106ms) 
 block [382] : 1000 snps  (49808ms) 
   -residualizing and scaling genotypes...done (7282ms) 
   -calc working matrices...done (2794ms) 
   -calc level 0 ridge...done (5924ms) 
 block [383] : 1000 snps  (51684ms) 
   -residualizing and scaling genotypes...done (7359ms) 
   -calc working matrices...done (2734ms) 
   -calc level 0 ridge...done (5650ms) 
 block [384] : 1000 snps  (50704ms) 
   -residualizing and scaling genotypes...done (7329ms) 
   -calc working matrices...done (2734ms) 
   -calc level 0 ridge...done (6137ms) 
 block [385] : 1000 snps  (49311ms) 
   -residualizing and scaling genotypes...done (7303ms) 
   -calc working matrices...done (2769ms) 
   -calc level 0 ridge...done (6030ms) 
 block [386] : 1000 snps  (48814ms) 
   -residualizing and scaling genotypes...done (7312ms) 
   -calc working matrices...done (2741ms) 
   -calc level 0 ridge...done (6091ms) 
 block [387] : 1000 snps  (48976ms) 
   -residualizing and scaling genotypes...done (7314ms) 
   -calc working matrices...done (2852ms) 
   -calc level 0 ridge...done (6048ms) 
 block [388] : 1000 snps  (48580ms) 
   -residualizing and scaling genotypes...done (7309ms) 
   -calc working matrices...done (2803ms) 
   -calc level 0 ridge...done (6184ms) 
 block [389] : 106 snps  (5053ms) 
   -residualizing and scaling genotypes...done (954ms) 
   -calc working matrices...done (78ms) 
   -calc level 0 ridge...done (697ms) 
Chromosome 15
 block [390] : 1000 snps  (48559ms) 
   -residualizing and scaling genotypes...done (7282ms) 
   -calc working matrices...done (2788ms) 
   -calc level 0 ridge...done (4401ms) 
 block [391] : 1000 snps  (55343ms) 
   -residualizing and scaling genotypes...done (7351ms) 
   -calc working matrices...done (2850ms) 
   -calc level 0 ridge...done (5871ms) 
 block [392] : 1000 snps  (59131ms) 
   -residualizing and scaling genotypes...done (10889ms) 
   -calc working matrices...done (2725ms) 
   -calc level 0 ridge...done (4377ms) 
 block [393] : 1000 snps  (54502ms) 
   -residualizing and scaling genotypes...done (7267ms) 
   -calc working matrices...done (2722ms) 
   -calc level 0 ridge...done (5656ms) 
 block [394] : 1000 snps  (52799ms) 
   -residualizing and scaling genotypes...done (7331ms) 
   -calc working matrices...done (2686ms) 
   -calc level 0 ridge...done (5409ms) 
 block [395] : 1000 snps  (55250ms) 
   -residualizing and scaling genotypes...done (9852ms) 
   -calc working matrices...done (2738ms) 
   -calc level 0 ridge...done (5180ms) 
 block [396] : 1000 snps  (50319ms) 
   -residualizing and scaling genotypes...done (7282ms) 
   -calc working matrices...done (2695ms) 
   -calc level 0 ridge...done (6053ms) 
 block [397] : 1000 snps  (48288ms) 
   -residualizing and scaling genotypes...done (7261ms) 
   -calc working matrices...done (2720ms) 
   -calc level 0 ridge...done (6045ms) 
 block [398] : 1000 snps  (48208ms) 
   -residualizing and scaling genotypes...done (7285ms) 
   -calc working matrices...done (2670ms) 
   -calc level 0 ridge...done (5803ms) 
 block [399] : 1000 snps  (61461ms) 
   -residualizing and scaling genotypes...done (7409ms) 
   -calc working matrices...done (2753ms) 
   -calc level 0 ridge...done (5952ms) 
 block [400] : 1000 snps  (52269ms) 
   -residualizing and scaling genotypes...done (7321ms) 
   -calc working matrices...done (2688ms) 
   -calc level 0 ridge...done (6140ms) 
 block [401] : 1000 snps  (49680ms) 
   -residualizing and scaling genotypes...done (7332ms) 
   -calc working matrices...done (2729ms) 
   -calc level 0 ridge...done (6046ms) 
 block [402] : 1000 snps  (49598ms) 
   -residualizing and scaling genotypes...done (7280ms) 
   -calc working matrices...done (2711ms) 
   -calc level 0 ridge...done (6222ms) 
 block [403] : 1000 snps  (48998ms) 
   -residualizing and scaling genotypes...done (7301ms) 
   -calc working matrices...done (2667ms) 
   -calc level 0 ridge...done (6168ms) 
 block [404] : 1000 snps  (49099ms) 
   -residualizing and scaling genotypes...done (7294ms) 
   -calc working matrices...done (2756ms) 
   -calc level 0 ridge...done (6126ms) 
 block [405] : 386 snps  (19383ms) 
   -residualizing and scaling genotypes...done (2841ms) 
   -calc working matrices...done (543ms) 
   -calc level 0 ridge...done (2051ms) 
Chromosome 16
 block [406] : 1000 snps  (48972ms) 
   -residualizing and scaling genotypes...done (7337ms) 
   -calc working matrices...done (2696ms) 
   -calc level 0 ridge...done (5919ms) 
 block [407] : 1000 snps  (49819ms) 
   -residualizing and scaling genotypes...done (7235ms) 
   -calc working matrices...done (2819ms) 
   -calc level 0 ridge...done (5061ms) 
 block [408] : 1000 snps  (59332ms) 
   -residualizing and scaling genotypes...done (7405ms) 
   -calc working matrices...done (2815ms) 
   -calc level 0 ridge...done (5168ms) 
 block [409] : 1000 snps  (54094ms) 
   -residualizing and scaling genotypes...done (7426ms) 
   -calc working matrices...done (2785ms) 
   -calc level 0 ridge...done (5663ms) 
 block [410] : 1000 snps  (51605ms) 
   -residualizing and scaling genotypes...done (7275ms) 
   -calc working matrices...done (2766ms) 
   -calc level 0 ridge...done (6097ms) 
 block [411] : 1000 snps  (48378ms) 
   -residualizing and scaling genotypes...done (7295ms) 
   -calc working matrices...done (2670ms) 
   -calc level 0 ridge...done (6121ms) 
 block [412] : 1000 snps  (48545ms) 
   -residualizing and scaling genotypes...done (7267ms) 
   -calc working matrices...done (2752ms) 
   -calc level 0 ridge...done (5996ms) 
 block [413] : 1000 snps  (59810ms) 
   -residualizing and scaling genotypes...done (7257ms) 
   -calc working matrices...done (2906ms) 
   -calc level 0 ridge...done (5965ms) 
 block [414] : 1000 snps  (51113ms) 
   -residualizing and scaling genotypes...done (7270ms) 
   -calc working matrices...done (2687ms) 
   -calc level 0 ridge...done (5088ms) 
 block [415] : 1000 snps  (57781ms) 
   -residualizing and scaling genotypes...done (7253ms) 
   -calc working matrices...done (2720ms) 
   -calc level 0 ridge...done (5634ms) 
 block [416] : 1000 snps  (54389ms) 
   -residualizing and scaling genotypes...done (7296ms) 
   -calc working matrices...done (2786ms) 
   -calc level 0 ridge...done (5886ms) 
 block [417] : 1000 snps  (49260ms) 
   -residualizing and scaling genotypes...done (7240ms) 
   -calc working matrices...done (2876ms) 
   -calc level 0 ridge...done (5108ms) 
 block [418] : 1000 snps  (52552ms) 
   -residualizing and scaling genotypes...done (7240ms) 
   -calc working matrices...done (2765ms) 
   -calc level 0 ridge...done (5291ms) 
 block [419] : 1000 snps  (51543ms) 
   -residualizing and scaling genotypes...done (10036ms) 
   -calc working matrices...done (2788ms) 
   -calc level 0 ridge...done (5871ms) 
 block [420] : 1000 snps  (48158ms) 
   -residualizing and scaling genotypes...done (7269ms) 
   -calc working matrices...done (2807ms) 
   -calc level 0 ridge...done (5426ms) 
 block [421] : 1000 snps  (53189ms) 
   -residualizing and scaling genotypes...done (7322ms) 
   -calc working matrices...done (2780ms) 
   -calc level 0 ridge...done (5840ms) 
 block [422] : 1000 snps  (48539ms) 
   -residualizing and scaling genotypes...done (7238ms) 
   -calc working matrices...done (2668ms) 
   -calc level 0 ridge...done (6005ms) 
 block [423] : 404 snps  (20094ms) 
   -residualizing and scaling genotypes...done (3191ms) 
   -calc working matrices...done (625ms) 
   -calc level 0 ridge...done (2421ms) 
Chromosome 17
 block [424] : 1000 snps  (57586ms) 
   -residualizing and scaling genotypes...done (10337ms) 
   -calc working matrices...done (2622ms) 
   -calc level 0 ridge...done (4464ms) 
 block [425] : 1000 snps  (56663ms) 
   -residualizing and scaling genotypes...done (7454ms) 
   -calc working matrices...done (2666ms) 
   -calc level 0 ridge...done (5997ms) 
 block [426] : 1000 snps  (48574ms) 
   -residualizing and scaling genotypes...done (7258ms) 
   -calc working matrices...done (2686ms) 
   -calc level 0 ridge...done (6059ms) 
 block [427] : 1000 snps  (51318ms) 
   -residualizing and scaling genotypes...done (7358ms) 
   -calc working matrices...done (2654ms) 
   -calc level 0 ridge...done (5879ms) 
 block [428] : 1000 snps  (48440ms) 
   -residualizing and scaling genotypes...done (7283ms) 
   -calc working matrices...done (2726ms) 
   -calc level 0 ridge...done (6105ms) 
 block [429] : 1000 snps  (48256ms) 
   -residualizing and scaling genotypes...done (7266ms) 
   -calc working matrices...done (2678ms) 
   -calc level 0 ridge...done (6028ms) 
 block [430] : 1000 snps  (48297ms) 
   -residualizing and scaling genotypes...done (7261ms) 
   -calc working matrices...done (2714ms) 
   -calc level 0 ridge...done (5896ms) 
 block [431] : 1000 snps  (51322ms) 
   -residualizing and scaling genotypes...done (7227ms) 
   -calc working matrices...done (2662ms) 
   -calc level 0 ridge...done (5426ms) 
 block [432] : 1000 snps  (48945ms) 
   -residualizing and scaling genotypes...done (7273ms) 
   -calc working matrices...done (2680ms) 
   -calc level 0 ridge...done (6012ms) 
 block [433] : 1000 snps  (49840ms) 
   -residualizing and scaling genotypes...done (7296ms) 
   -calc working matrices...done (2870ms) 
   -calc level 0 ridge...done (5825ms) 
 block [434] : 1000 snps  (50878ms) 
   -residualizing and scaling genotypes...done (7284ms) 
   -calc working matrices...done (2707ms) 
   -calc level 0 ridge...done (6018ms) 
 block [435] : 1000 snps  (49855ms) 
   -residualizing and scaling genotypes...done (7272ms) 
   -calc working matrices...done (2718ms) 
   -calc level 0 ridge...done (5989ms) 
 block [436] : 1000 snps  (48180ms) 
   -residualizing and scaling genotypes...done (7257ms) 
   -calc working matrices...done (2756ms) 
   -calc level 0 ridge...done (6049ms) 
 block [437] : 1000 snps  (48158ms) 
   -residualizing and scaling genotypes...done (7249ms) 
   -calc working matrices...done (2697ms) 
   -calc level 0 ridge...done (5985ms) 
 block [438] : 1000 snps  (48321ms) 
   -residualizing and scaling genotypes...done (7250ms) 
   -calc working matrices...done (2727ms) 
   -calc level 0 ridge...done (5976ms) 
 block [439] : 798 snps  (38704ms) 
   -residualizing and scaling genotypes...done (5861ms) 
   -calc working matrices...done (1825ms) 
   -calc level 0 ridge...done (4653ms) 
Chromosome 18
 block [440] : 1000 snps  (48843ms) 
   -residualizing and scaling genotypes...done (7274ms) 
   -calc working matrices...done (2858ms) 
   -calc level 0 ridge...done (6021ms) 
 block [441] : 1000 snps  (48982ms) 
   -residualizing and scaling genotypes...done (7290ms) 
   -calc working matrices...done (2813ms) 
   -calc level 0 ridge...done (6118ms) 
 block [442] : 1000 snps  (65431ms) 
   -residualizing and scaling genotypes...done (8073ms) 
   -calc working matrices...done (2766ms) 
   -calc level 0 ridge...done (4722ms) 
 block [443] : 1000 snps  (51070ms) 
   -residualizing and scaling genotypes...done (7239ms) 
   -calc working matrices...done (2869ms) 
   -calc level 0 ridge...done (6046ms) 
 block [444] : 1000 snps  (47835ms) 
   -residualizing and scaling genotypes...done (7200ms) 
   -calc working matrices...done (2770ms) 
   -calc level 0 ridge...done (5997ms) 
 block [445] : 1000 snps  (47782ms) 
   -residualizing and scaling genotypes...done (7248ms) 
   -calc working matrices...done (2757ms) 
   -calc level 0 ridge...done (5912ms) 
 block [446] : 1000 snps  (63580ms) 
   -residualizing and scaling genotypes...done (7287ms) 
   -calc working matrices...done (2824ms) 
   -calc level 0 ridge...done (5469ms) 
 block [447] : 1000 snps  (49331ms) 
   -residualizing and scaling genotypes...done (7253ms) 
   -calc working matrices...done (2819ms) 
   -calc level 0 ridge...done (6079ms) 
 block [448] : 1000 snps  (64364ms) 
   -residualizing and scaling genotypes...done (7370ms) 
   -calc working matrices...done (2734ms) 
   -calc level 0 ridge...done (5539ms) 
 block [449] : 1000 snps  (52808ms) 
   -residualizing and scaling genotypes...done (7323ms) 
   -calc working matrices...done (2791ms) 
   -calc level 0 ridge...done (4452ms) 
 block [450] : 1000 snps  (54963ms) 
   -residualizing and scaling genotypes...done (7407ms) 
   -calc working matrices...done (2723ms) 
   -calc level 0 ridge...done (5801ms) 
 block [451] : 1000 snps  (50811ms) 
   -residualizing and scaling genotypes...done (7300ms) 
   -calc working matrices...done (2816ms) 
   -calc level 0 ridge...done (6092ms) 
 block [452] : 1000 snps  (48592ms) 
   -residualizing and scaling genotypes...done (7288ms) 
   -calc working matrices...done (2771ms) 
   -calc level 0 ridge...done (6009ms) 
 block [453] : 1000 snps  (63746ms) 
   -residualizing and scaling genotypes...done (7418ms) 
   -calc working matrices...done (2807ms) 
   -calc level 0 ridge...done (5934ms) 
 block [454] : 1000 snps  (48340ms) 
   -residualizing and scaling genotypes...done (7260ms) 
   -calc working matrices...done (2810ms) 
   -calc level 0 ridge...done (5747ms) 
 block [455] : 133 snps  (6381ms) 
   -residualizing and scaling genotypes...done (988ms) 
   -calc working matrices...done (106ms) 
   -calc level 0 ridge...done (994ms) 
Chromosome 19
 block [456] : 1000 snps  (48159ms) 
   -residualizing and scaling genotypes...done (7232ms) 
   -calc working matrices...done (2845ms) 
   -calc level 0 ridge...done (4564ms) 
 block [457] : 1000 snps  (55582ms) 
   -residualizing and scaling genotypes...done (7483ms) 
   -calc working matrices...done (2696ms) 
   -calc level 0 ridge...done (4973ms) 
 block [458] : 1000 snps  (52986ms) 
   -residualizing and scaling genotypes...done (7307ms) 
   -calc working matrices...done (2705ms) 
   -calc level 0 ridge...done (6077ms) 
 block [459] : 1000 snps  (48513ms) 
   -residualizing and scaling genotypes...done (7257ms) 
   -calc working matrices...done (2751ms) 
   -calc level 0 ridge...done (5932ms) 
 block [460] : 1000 snps  (61600ms) 
   -residualizing and scaling genotypes...done (7354ms) 
   -calc working matrices...done (2685ms) 
   -calc level 0 ridge...done (5942ms) 
 block [461] : 1000 snps  (48967ms) 
   -residualizing and scaling genotypes...done (7257ms) 
   -calc working matrices...done (2664ms) 
   -calc level 0 ridge...done (5416ms) 
 block [462] : 1000 snps  (53659ms) 
   -residualizing and scaling genotypes...done (7395ms) 
   -calc working matrices...done (2860ms) 
   -calc level 0 ridge...done (5878ms) 
 block [463] : 1000 snps  (49008ms) 
   -residualizing and scaling genotypes...done (7293ms) 
   -calc working matrices...done (2732ms) 
   -calc level 0 ridge...done (6043ms) 
 block [464] : 1000 snps  (48869ms) 
   -residualizing and scaling genotypes...done (7291ms) 
   -calc working matrices...done (2731ms) 
   -calc level 0 ridge...done (5994ms) 
 block [465] : 1000 snps  (63731ms) 
   -residualizing and scaling genotypes...done (7265ms) 
   -calc working matrices...done (2780ms) 
   -calc level 0 ridge...done (5855ms) 
 block [466] : 1000 snps  (49429ms) 
   -residualizing and scaling genotypes...done (7211ms) 
   -calc working matrices...done (2787ms) 
   -calc level 0 ridge...done (6091ms) 
 block [467] : 1000 snps  (47892ms) 
   -residualizing and scaling genotypes...done (7203ms) 
   -calc working matrices...done (2670ms) 
   -calc level 0 ridge...done (5968ms) 
 block [468] : 551 snps  (27256ms) 
   -residualizing and scaling genotypes...done (4109ms) 
   -calc working matrices...done (947ms) 
   -calc level 0 ridge...done (3349ms) 
Chromosome 20
 block [469] : 1000 snps  (48141ms) 
   -residualizing and scaling genotypes...done (7237ms) 
   -calc working matrices...done (2810ms) 
   -calc level 0 ridge...done (5937ms) 
 block [470] : 1000 snps  (51384ms) 
   -residualizing and scaling genotypes...done (7295ms) 
   -calc working matrices...done (2812ms) 
   -calc level 0 ridge...done (5677ms) 
 block [471] : 1000 snps  (49647ms) 
   -residualizing and scaling genotypes...done (7291ms) 
   -calc working matrices...done (2727ms) 
   -calc level 0 ridge...done (5737ms) 
 block [472] : 1000 snps  (53374ms) 
   -residualizing and scaling genotypes...done (7320ms) 
   -calc working matrices...done (2717ms) 
   -calc level 0 ridge...done (5514ms) 
 block [473] : 1000 snps  (52503ms) 
   -residualizing and scaling genotypes...done (7339ms) 
   -calc working matrices...done (2780ms) 
   -calc level 0 ridge...done (5702ms) 
 block [474] : 1000 snps  (53397ms) 
   -residualizing and scaling genotypes...done (7387ms) 
   -calc working matrices...done (2721ms) 
   -calc level 0 ridge...done (6014ms) 
 block [475] : 1000 snps  (51592ms) 
   -residualizing and scaling genotypes...done (7309ms) 
   -calc working matrices...done (2720ms) 
   -calc level 0 ridge...done (5561ms) 
 block [476] : 1000 snps  (61088ms) 
   -residualizing and scaling genotypes...done (7461ms) 
   -calc working matrices...done (2765ms) 
   -calc level 0 ridge...done (6040ms) 
 block [477] : 1000 snps  (48188ms) 
   -residualizing and scaling genotypes...done (7221ms) 
   -calc working matrices...done (2728ms) 
   -calc level 0 ridge...done (6117ms) 
 block [478] : 1000 snps  (48576ms) 
   -residualizing and scaling genotypes...done (7252ms) 
   -calc working matrices...done (2798ms) 
   -calc level 0 ridge...done (6120ms) 
 block [479] : 1000 snps  (50171ms) 
   -residualizing and scaling genotypes...done (7278ms) 
   -calc working matrices...done (2753ms) 
   -calc level 0 ridge...done (5518ms) 
 block [480] : 1000 snps  (56123ms) 
   -residualizing and scaling genotypes...done (7447ms) 
   -calc working matrices...done (2790ms) 
   -calc level 0 ridge...done (5799ms) 
 block [481] : 1000 snps  (49175ms) 
   -residualizing and scaling genotypes...done (7241ms) 
   -calc working matrices...done (2781ms) 
   -calc level 0 ridge...done (6076ms) 
 block [482] : 299 snps  (14771ms) 
   -residualizing and scaling genotypes...done (2187ms) 
   -calc working matrices...done (310ms) 
   -calc level 0 ridge...done (1883ms) 
Chromosome 21
 block [483] : 1000 snps  (47610ms) 
   -residualizing and scaling genotypes...done (7228ms) 
   -calc working matrices...done (2774ms) 
   -calc level 0 ridge...done (5968ms) 
 block [484] : 1000 snps  (62383ms) 
   -residualizing and scaling genotypes...done (7307ms) 
   -calc working matrices...done (2702ms) 
   -calc level 0 ridge...done (5823ms) 
 block [485] : 1000 snps  (53825ms) 
   -residualizing and scaling genotypes...done (7434ms) 
   -calc working matrices...done (2697ms) 
   -calc level 0 ridge...done (4425ms) 
 block [486] : 1000 snps  (53871ms) 
   -residualizing and scaling genotypes...done (7354ms) 
   -calc working matrices...done (2817ms) 
   -calc level 0 ridge...done (6014ms) 
 block [487] : 1000 snps  (48887ms) 
   -residualizing and scaling genotypes...done (7341ms) 
   -calc working matrices...done (2758ms) 
   -calc level 0 ridge...done (6093ms) 
 block [488] : 1000 snps  (48966ms) 
   -residualizing and scaling genotypes...done (7322ms) 
   -calc working matrices...done (2670ms) 
   -calc level 0 ridge...done (6138ms) 
 block [489] : 1000 snps  (49082ms) 
   -residualizing and scaling genotypes...done (7298ms) 
   -calc working matrices...done (2663ms) 
   -calc level 0 ridge...done (5985ms) 
 block [490] : 550 snps  (27515ms) 
   -residualizing and scaling genotypes...done (4115ms) 
   -calc working matrices...done (1036ms) 
   -calc level 0 ridge...done (3314ms) 
Chromosome 22
 block [491] : 1000 snps  (47815ms) 
   -residualizing and scaling genotypes...done (7206ms) 
   -calc working matrices...done (2818ms) 
   -calc level 0 ridge...done (6218ms) 
 block [492] : 1000 snps  (49693ms) 
   -residualizing and scaling genotypes...done (7180ms) 
   -calc working matrices...done (2797ms) 
   -calc level 0 ridge...done (5907ms) 
 block [493] : 1000 snps  (62049ms) 
   -residualizing and scaling genotypes...done (7300ms) 
   -calc working matrices...done (2799ms) 
   -calc level 0 ridge...done (5505ms) 
 block [494] : 1000 snps  (61090ms) 
   -residualizing and scaling genotypes...done (7404ms) 
   -calc working matrices...done (2831ms) 
   -calc level 0 ridge...done (5862ms) 
 block [495] : 1000 snps  (50052ms) 
   -residualizing and scaling genotypes...done (7251ms) 
   -calc working matrices...done (2832ms) 
   -calc level 0 ridge...done (5860ms) 
 block [496] : 1000 snps  (62395ms) 
   -residualizing and scaling genotypes...done (9768ms) 
   -calc working matrices...done (2758ms) 
   -calc level 0 ridge...done (4071ms) 
 block [497] : 1000 snps  (55965ms) 
   -residualizing and scaling genotypes...done (7390ms) 
   -calc working matrices...done (2741ms) 
   -calc level 0 ridge...done (4777ms) 
 block [498] : 967 snps  (47570ms) 
   -residualizing and scaling genotypes...done (7109ms) 
   -calc working matrices...done (2751ms) 
   -calc level 0 ridge...done (5986ms) 

 Level 1 ridge...
   -on phenotype 1 (ltfh)...done (20404ms) 

Output
------
phenotype 1 (ltfh) : 
  0.01  : Rsq = 0.00882097, MSE = 0.991176
  0.25  : Rsq = 0.00990205, MSE = 0.990467
  0.5   : Rsq = 0.010153, MSE = 0.990396
  0.75  : Rsq = 0.0103524, MSE = 0.990397
  0.99  : Rsq = 0.01088, MSE = 0.990364<- min value
  * making predictions...writing LOCO predictions...done (6448ms) 

List of blup files written to: [regenie_output/PCa_ukb_step1_ltfh_pred.list]

Elapsed time : 33398.3s
End time: Sat Dec  4 03:07:29 2021

