Start time: Thu Sep  2 20:40:47 2021

              |=============================|
              |      REGENIE v2.0.2.gz      |
              |=============================|

Copyright (c) 2020 Joelle Mbatchou and Jonathan Marchini.
Distributed under the MIT License.
Compiled with Boost Iostream library.
Using Intel MKL with Eigen.

Log of output saved in file : /gpfs/home/ptseng/Torkamani_Projects/20210830_PCa_UKBB/regenie_analysis/PCa_ukb_step1_BT.log

Options in effect:
  --step 1 \
  --bed /mnt/stsi/stsi1/ptseng/UKBB_Resources/filtered_noimpute_bed/ukb_cal_allChrs_prune \
  --phenoFile /gpfs/home/ptseng/Torkamani_Projects/20210830_PCa_UKBB/regenie_analysis/PCa_pheno.txt \
  --covarFile /gpfs/home/ptseng/Torkamani_Projects/20210830_PCa_UKBB/regenie_analysis/PCa_covar.txt \
  --remove /gpfs/home/ptseng/Torkamani_Projects/20210830_PCa_UKBB/regenie_analysis/excluded_individuals.remove \
  --exclude /mnt/stsi/stsi1/ptseng/UKBB_Resources/ID_list/ICLD_low-complexity.exclude \
  --bsize 1000 \
  --out /gpfs/home/ptseng/Torkamani_Projects/20210830_PCa_UKBB/regenie_analysis/PCa_ukb_step1_BT

Fitting null model
 * bim              : [/mnt/stsi/stsi1/ptseng/UKBB_Resources/filtered_noimpute_bed/ukb_cal_allChrs_prune.bim] n_snps = 487427
   -removing variants specified in [/mnt/stsi/stsi1/ptseng/UKBB_Resources/ID_list/ICLD_low-complexity.exclude]
     +number of variants remaining in the analysis = 487427
 * fam              : [/mnt/stsi/stsi1/ptseng/UKBB_Resources/filtered_noimpute_bed/ukb_cal_allChrs_prune.fam] n_samples = 460108
   -removing individuals specified in [/gpfs/home/ptseng/Torkamani_Projects/20210830_PCa_UKBB/regenie_analysis/excluded_individuals.remove]
     +number of genotyped individuals to exclude from the analysis = 278171
 * bed              : [/mnt/stsi/stsi1/ptseng/UKBB_Resources/filtered_noimpute_bed/ukb_cal_allChrs_prune.bed]
 * phenotypes       : [/gpfs/home/ptseng/Torkamani_Projects/20210830_PCa_UKBB/regenie_analysis/PCa_pheno.txt] n_pheno = 1
   -dropping observations with missing values at any of the phenotypes
   -number of phenotyped individuals = 181937
   -number of individuals remaining with non-missing phenotypes = 181937
 * covariates       : [/gpfs/home/ptseng/Torkamani_Projects/20210830_PCa_UKBB/regenie_analysis/PCa_covar.txt] n_cov = 21
   -number of individuals with covariate data = 181937
 * number of individuals used in analysis = 181937
   -residualizing and scaling phenotypes...done (3ms) 
 * # threads        : [15]
 * block size       : [1000]
 * # blocks         : [498]
 * # CV folds       : [5]
 * ridge data_l0    : [5 : 0.01 0.25 0.5 0.75 0.99 ]
 * ridge data_l1    : [5 : 0.01 0.25 0.5 0.75 0.99 ]
 * approximate memory usage : 5GB
 * setting memory...done

Chromosome 1
 block [1] : 1000 snps  (12816ms) 
   -residualizing and scaling genotypes...done (5755ms) 
   -calc working matrices...done (1926ms) 
   -calc level 0 ridge...done (4025ms) 
 block [2] : 1000 snps  (14697ms) 
   -residualizing and scaling genotypes...done (6239ms) 
   -calc working matrices...done (1845ms) 
   -calc level 0 ridge...done (2435ms) 
 block [3] : 1000 snps  (18093ms) 
   -residualizing and scaling genotypes...done (6239ms) 
   -calc working matrices...done (1900ms) 
   -calc level 0 ridge...done (3381ms) 
 block [4] : 1000 snps  (14914ms) 
   -residualizing and scaling genotypes...done (5874ms) 
   -calc working matrices...done (1879ms) 
   -calc level 0 ridge...done (3555ms) 
 block [5] : 1000 snps  (19148ms) 
   -residualizing and scaling genotypes...done (6562ms) 
   -calc working matrices...done (1820ms) 
   -calc level 0 ridge...done (3104ms) 
 block [6] : 1000 snps  (16269ms) 
   -residualizing and scaling genotypes...done (5940ms) 
   -calc working matrices...done (1833ms) 
   -calc level 0 ridge...done (2581ms) 
 block [7] : 1000 snps  (15688ms) 
   -residualizing and scaling genotypes...done (6276ms) 
   -calc working matrices...done (1825ms) 
   -calc level 0 ridge...done (3184ms) 
 block [8] : 1000 snps  (14449ms) 
   -residualizing and scaling genotypes...done (5754ms) 
   -calc working matrices...done (1821ms) 
   -calc level 0 ridge...done (3295ms) 
 block [9] : 1000 snps  (14311ms) 
   -residualizing and scaling genotypes...done (5705ms) 
   -calc working matrices...done (1819ms) 
   -calc level 0 ridge...done (3119ms) 
 block [10] : 1000 snps  (14718ms) 
   -residualizing and scaling genotypes...done (5698ms) 
   -calc working matrices...done (1769ms) 
   -calc level 0 ridge...done (2791ms) 
 block [11] : 1000 snps  (15087ms) 
   -residualizing and scaling genotypes...done (5824ms) 
   -calc working matrices...done (1868ms) 
   -calc level 0 ridge...done (2956ms) 
 block [12] : 1000 snps  (15233ms) 
   -residualizing and scaling genotypes...done (6072ms) 
   -calc working matrices...done (1880ms) 
   -calc level 0 ridge...done (3288ms) 
 block [13] : 1000 snps  (14164ms) 
   -residualizing and scaling genotypes...done (5627ms) 
   -calc working matrices...done (1850ms) 
   -calc level 0 ridge...done (3337ms) 
 block [14] : 1000 snps  (14082ms) 
   -residualizing and scaling genotypes...done (5735ms) 
   -calc working matrices...done (1871ms) 
   -calc level 0 ridge...done (3325ms) 
 block [15] : 1000 snps  (14379ms) 
   -residualizing and scaling genotypes...done (5825ms) 
   -calc working matrices...done (1934ms) 
   -calc level 0 ridge...done (3283ms) 
 block [16] : 1000 snps  (14329ms) 
   -residualizing and scaling genotypes...done (5735ms) 
   -calc working matrices...done (1834ms) 
   -calc level 0 ridge...done (3327ms) 
 block [17] : 1000 snps  (14209ms) 
   -residualizing and scaling genotypes...done (5628ms) 
   -calc working matrices...done (1827ms) 
   -calc level 0 ridge...done (3170ms) 
 block [18] : 1000 snps  (14174ms) 
   -residualizing and scaling genotypes...done (5731ms) 
   -calc working matrices...done (1828ms) 
   -calc level 0 ridge...done (3238ms) 
 block [19] : 1000 snps  (14227ms) 
   -residualizing and scaling genotypes...done (5733ms) 
   -calc working matrices...done (1842ms) 
   -calc level 0 ridge...done (3324ms) 
 block [20] : 1000 snps  (14328ms) 
   -residualizing and scaling genotypes...done (5669ms) 
   -calc working matrices...done (1799ms) 
   -calc level 0 ridge...done (3326ms) 
 block [21] : 1000 snps  (14251ms) 
   -residualizing and scaling genotypes...done (5793ms) 
   -calc working matrices...done (1825ms) 
   -calc level 0 ridge...done (3314ms) 
 block [22] : 1000 snps  (14288ms) 
   -residualizing and scaling genotypes...done (5764ms) 
   -calc working matrices...done (1851ms) 
   -calc level 0 ridge...done (3243ms) 
 block [23] : 1000 snps  (14125ms) 
   -residualizing and scaling genotypes...done (5694ms) 
   -calc working matrices...done (1828ms) 
   -calc level 0 ridge...done (3245ms) 
 block [24] : 1000 snps  (14410ms) 
   -residualizing and scaling genotypes...done (5877ms) 
   -calc working matrices...done (1878ms) 
   -calc level 0 ridge...done (3304ms) 
 block [25] : 1000 snps  (14366ms) 
   -residualizing and scaling genotypes...done (5637ms) 
   -calc working matrices...done (1872ms) 
   -calc level 0 ridge...done (3368ms) 
 block [26] : 1000 snps  (14377ms) 
   -residualizing and scaling genotypes...done (5663ms) 
   -calc working matrices...done (1825ms) 
   -calc level 0 ridge...done (3305ms) 
 block [27] : 1000 snps  (14237ms) 
   -residualizing and scaling genotypes...done (5707ms) 
   -calc working matrices...done (1902ms) 
   -calc level 0 ridge...done (3373ms) 
 block [28] : 1000 snps  (14167ms) 
   -residualizing and scaling genotypes...done (5678ms) 
   -calc working matrices...done (1844ms) 
   -calc level 0 ridge...done (3290ms) 
 block [29] : 1000 snps  (15202ms) 
   -residualizing and scaling genotypes...done (6442ms) 
   -calc working matrices...done (1828ms) 
   -calc level 0 ridge...done (3267ms) 
 block [30] : 1000 snps  (15112ms) 
   -residualizing and scaling genotypes...done (6018ms) 
   -calc working matrices...done (1856ms) 
   -calc level 0 ridge...done (3342ms) 
 block [31] : 1000 snps  (14327ms) 
   -residualizing and scaling genotypes...done (5729ms) 
   -calc working matrices...done (1887ms) 
   -calc level 0 ridge...done (3246ms) 
 block [32] : 1000 snps  (14593ms) 
   -residualizing and scaling genotypes...done (5735ms) 
   -calc working matrices...done (1854ms) 
   -calc level 0 ridge...done (3199ms) 
 block [33] : 1000 snps  (15535ms) 
   -residualizing and scaling genotypes...done (5731ms) 
   -calc working matrices...done (1761ms) 
   -calc level 0 ridge...done (2641ms) 
 block [34] : 1000 snps  (15644ms) 
   -residualizing and scaling genotypes...done (5751ms) 
   -calc working matrices...done (1792ms) 
   -calc level 0 ridge...done (2720ms) 
 block [35] : 1000 snps  (15612ms) 
   -residualizing and scaling genotypes...done (6153ms) 
   -calc working matrices...done (1837ms) 
   -calc level 0 ridge...done (2931ms) 
 block [36] : 1000 snps  (15010ms) 
   -residualizing and scaling genotypes...done (5694ms) 
   -calc working matrices...done (1852ms) 
   -calc level 0 ridge...done (3036ms) 
 block [37] : 1000 snps  (15007ms) 
   -residualizing and scaling genotypes...done (5693ms) 
   -calc working matrices...done (1810ms) 
   -calc level 0 ridge...done (2954ms) 
 block [38] : 1000 snps  (15113ms) 
   -residualizing and scaling genotypes...done (6003ms) 
   -calc working matrices...done (1851ms) 
   -calc level 0 ridge...done (3190ms) 
 block [39] : 862 snps  (10544ms) 
   -residualizing and scaling genotypes...done (4716ms) 
   -calc working matrices...done (1591ms) 
   -calc level 0 ridge...done (2908ms) 
Chromosome 2
 block [40] : 1000 snps  (15335ms) 
   -residualizing and scaling genotypes...done (6048ms) 
   -calc working matrices...done (1914ms) 
   -calc level 0 ridge...done (3289ms) 
 block [41] : 1000 snps  (14502ms) 
   -residualizing and scaling genotypes...done (5659ms) 
   -calc working matrices...done (1918ms) 
   -calc level 0 ridge...done (3291ms) 
 block [42] : 1000 snps  (14608ms) 
   -residualizing and scaling genotypes...done (5652ms) 
   -calc working matrices...done (1916ms) 
   -calc level 0 ridge...done (3306ms) 
 block [43] : 1000 snps  (14570ms) 
   -residualizing and scaling genotypes...done (5863ms) 
   -calc working matrices...done (1959ms) 
   -calc level 0 ridge...done (3325ms) 
 block [44] : 1000 snps  (14444ms) 
   -residualizing and scaling genotypes...done (5653ms) 
   -calc working matrices...done (1966ms) 
   -calc level 0 ridge...done (3352ms) 
 block [45] : 1000 snps  (15377ms) 
   -residualizing and scaling genotypes...done (5725ms) 
   -calc working matrices...done (1927ms) 
   -calc level 0 ridge...done (3198ms) 
 block [46] : 1000 snps  (14914ms) 
   -residualizing and scaling genotypes...done (5781ms) 
   -calc working matrices...done (1910ms) 
   -calc level 0 ridge...done (2893ms) 
 block [47] : 1000 snps  (14934ms) 
   -residualizing and scaling genotypes...done (5675ms) 
   -calc working matrices...done (1903ms) 
   -calc level 0 ridge...done (2874ms) 
 block [48] : 1000 snps  (14997ms) 
   -residualizing and scaling genotypes...done (5912ms) 
   -calc working matrices...done (1971ms) 
   -calc level 0 ridge...done (3352ms) 
 block [49] : 1000 snps  (18527ms) 
   -residualizing and scaling genotypes...done (6344ms) 
   -calc working matrices...done (2295ms) 
   -calc level 0 ridge...done (2853ms) 
 block [50] : 1000 snps  (18175ms) 
   -residualizing and scaling genotypes...done (6254ms) 
   -calc working matrices...done (1998ms) 
   -calc level 0 ridge...done (3524ms) 
 block [51] : 1000 snps  (15043ms) 
   -residualizing and scaling genotypes...done (5943ms) 
   -calc working matrices...done (2115ms) 
   -calc level 0 ridge...done (2880ms) 
 block [52] : 1000 snps  (15176ms) 
   -residualizing and scaling genotypes...done (5678ms) 
   -calc working matrices...done (1933ms) 
   -calc level 0 ridge...done (3142ms) 
 block [53] : 1000 snps  (17672ms) 
   -residualizing and scaling genotypes...done (7168ms) 
   -calc working matrices...done (1987ms) 
   -calc level 0 ridge...done (3401ms) 
 block [54] : 1000 snps  (17470ms) 
   -residualizing and scaling genotypes...done (6129ms) 
   -calc working matrices...done (2023ms) 
   -calc level 0 ridge...done (3341ms) 
 block [55] : 1000 snps  (14363ms) 
   -residualizing and scaling genotypes...done (6008ms) 
   -calc working matrices...done (2082ms) 
   -calc level 0 ridge...done (3362ms) 
 block [56] : 1000 snps  (15160ms) 
   -residualizing and scaling genotypes...done (6023ms) 
   -calc working matrices...done (2049ms) 
   -calc level 0 ridge...done (3322ms) 
 block [57] : 1000 snps  (14311ms) 
   -residualizing and scaling genotypes...done (5836ms) 
   -calc working matrices...done (2089ms) 
   -calc level 0 ridge...done (3253ms) 
 block [58] : 1000 snps  (14336ms) 
   -residualizing and scaling genotypes...done (5772ms) 
   -calc working matrices...done (2130ms) 
   -calc level 0 ridge...done (3146ms) 
 block [59] : 1000 snps  (14771ms) 
   -residualizing and scaling genotypes...done (5794ms) 
   -calc working matrices...done (1895ms) 
   -calc level 0 ridge...done (3063ms) 
 block [60] : 1000 snps  (18036ms) 
   -residualizing and scaling genotypes...done (6561ms) 
   -calc working matrices...done (1835ms) 
   -calc level 0 ridge...done (2999ms) 
 block [61] : 1000 snps  (16258ms) 
   -residualizing and scaling genotypes...done (6022ms) 
   -calc working matrices...done (2017ms) 
   -calc level 0 ridge...done (3354ms) 
 block [62] : 1000 snps  (15571ms) 
   -residualizing and scaling genotypes...done (6502ms) 
   -calc working matrices...done (1996ms) 
   -calc level 0 ridge...done (3119ms) 
 block [63] : 1000 snps  (15841ms) 
   -residualizing and scaling genotypes...done (5835ms) 
   -calc working matrices...done (1980ms) 
   -calc level 0 ridge...done (3355ms) 
 block [64] : 1000 snps  (19959ms) 
   -residualizing and scaling genotypes...done (8709ms) 
   -calc working matrices...done (1908ms) 
   -calc level 0 ridge...done (2771ms) 
 block [65] : 1000 snps  (16681ms) 
   -residualizing and scaling genotypes...done (6200ms) 
   -calc working matrices...done (1985ms) 
   -calc level 0 ridge...done (3301ms) 
 block [66] : 1000 snps  (14016ms) 
   -residualizing and scaling genotypes...done (5853ms) 
   -calc working matrices...done (1977ms) 
   -calc level 0 ridge...done (3332ms) 
 block [67] : 1000 snps  (14224ms) 
   -residualizing and scaling genotypes...done (5804ms) 
   -calc working matrices...done (1996ms) 
   -calc level 0 ridge...done (3186ms) 
 block [68] : 1000 snps  (18071ms) 
   -residualizing and scaling genotypes...done (6519ms) 
   -calc working matrices...done (1932ms) 
   -calc level 0 ridge...done (3185ms) 
 block [69] : 1000 snps  (16988ms) 
   -residualizing and scaling genotypes...done (5880ms) 
   -calc working matrices...done (1898ms) 
   -calc level 0 ridge...done (3309ms) 
 block [70] : 1000 snps  (14529ms) 
   -residualizing and scaling genotypes...done (5937ms) 
   -calc working matrices...done (1989ms) 
   -calc level 0 ridge...done (3670ms) 
 block [71] : 1000 snps  (15541ms) 
   -residualizing and scaling genotypes...done (5707ms) 
   -calc working matrices...done (1841ms) 
   -calc level 0 ridge...done (2706ms) 
 block [72] : 1000 snps  (15547ms) 
   -residualizing and scaling genotypes...done (5761ms) 
   -calc working matrices...done (1873ms) 
   -calc level 0 ridge...done (2872ms) 
 block [73] : 1000 snps  (15933ms) 
   -residualizing and scaling genotypes...done (5792ms) 
   -calc working matrices...done (1840ms) 
   -calc level 0 ridge...done (2683ms) 
 block [74] : 1000 snps  (16287ms) 
   -residualizing and scaling genotypes...done (5801ms) 
   -calc working matrices...done (1824ms) 
   -calc level 0 ridge...done (2327ms) 
 block [75] : 1000 snps  (16617ms) 
   -residualizing and scaling genotypes...done (5807ms) 
   -calc working matrices...done (1888ms) 
   -calc level 0 ridge...done (2310ms) 
 block [76] : 1000 snps  (17139ms) 
   -residualizing and scaling genotypes...done (5912ms) 
   -calc working matrices...done (1948ms) 
   -calc level 0 ridge...done (3388ms) 
 block [77] : 1000 snps  (14685ms) 
   -residualizing and scaling genotypes...done (5907ms) 
   -calc working matrices...done (1918ms) 
   -calc level 0 ridge...done (3313ms) 
 block [78] : 1000 snps  (14662ms) 
   -residualizing and scaling genotypes...done (5694ms) 
   -calc working matrices...done (1898ms) 
   -calc level 0 ridge...done (3277ms) 
 block [79] : 403 snps  (5207ms) 
   -residualizing and scaling genotypes...done (1990ms) 
   -calc working matrices...done (422ms) 
   -calc level 0 ridge...done (1001ms) 
Chromosome 3
 block [80] : 1000 snps  (13621ms) 
   -residualizing and scaling genotypes...done (5612ms) 
   -calc working matrices...done (1840ms) 
   -calc level 0 ridge...done (3180ms) 
 block [81] : 1000 snps  (14945ms) 
   -residualizing and scaling genotypes...done (5685ms) 
   -calc working matrices...done (1784ms) 
   -calc level 0 ridge...done (2856ms) 
 block [82] : 1000 snps  (15025ms) 
   -residualizing and scaling genotypes...done (5711ms) 
   -calc working matrices...done (1814ms) 
   -calc level 0 ridge...done (2812ms) 
 block [83] : 1000 snps  (15336ms) 
   -residualizing and scaling genotypes...done (5890ms) 
   -calc working matrices...done (1874ms) 
   -calc level 0 ridge...done (3179ms) 
 block [84] : 1000 snps  (16962ms) 
   -residualizing and scaling genotypes...done (6075ms) 
   -calc working matrices...done (1855ms) 
   -calc level 0 ridge...done (3361ms) 
 block [85] : 1000 snps  (14622ms) 
   -residualizing and scaling genotypes...done (5849ms) 
   -calc working matrices...done (1896ms) 
   -calc level 0 ridge...done (3332ms) 
 block [86] : 1000 snps  (14333ms) 
   -residualizing and scaling genotypes...done (5669ms) 
   -calc working matrices...done (1852ms) 
   -calc level 0 ridge...done (3308ms) 
 block [87] : 1000 snps  (14360ms) 
   -residualizing and scaling genotypes...done (5703ms) 
   -calc working matrices...done (1924ms) 
   -calc level 0 ridge...done (3330ms) 
 block [88] : 1000 snps  (14493ms) 
   -residualizing and scaling genotypes...done (5862ms) 
   -calc working matrices...done (1863ms) 
   -calc level 0 ridge...done (3313ms) 
 block [89] : 1000 snps  (14402ms) 
   -residualizing and scaling genotypes...done (5642ms) 
   -calc working matrices...done (1863ms) 
   -calc level 0 ridge...done (3279ms) 
 block [90] : 1000 snps  (14529ms) 
   -residualizing and scaling genotypes...done (5697ms) 
   -calc working matrices...done (1873ms) 
   -calc level 0 ridge...done (3360ms) 
 block [91] : 1000 snps  (14627ms) 
   -residualizing and scaling genotypes...done (5715ms) 
   -calc working matrices...done (1866ms) 
   -calc level 0 ridge...done (3059ms) 
 block [92] : 1000 snps  (14928ms) 
   -residualizing and scaling genotypes...done (5736ms) 
   -calc working matrices...done (1885ms) 
   -calc level 0 ridge...done (3186ms) 
 block [93] : 1000 snps  (14724ms) 
   -residualizing and scaling genotypes...done (5699ms) 
   -calc working matrices...done (1805ms) 
   -calc level 0 ridge...done (3324ms) 
 block [94] : 1000 snps  (15478ms) 
   -residualizing and scaling genotypes...done (6229ms) 
   -calc working matrices...done (1763ms) 
   -calc level 0 ridge...done (2622ms) 
 block [95] : 1000 snps  (16853ms) 
   -residualizing and scaling genotypes...done (6169ms) 
   -calc working matrices...done (1875ms) 
   -calc level 0 ridge...done (3349ms) 
 block [96] : 1000 snps  (14587ms) 
   -residualizing and scaling genotypes...done (5880ms) 
   -calc working matrices...done (1929ms) 
   -calc level 0 ridge...done (3387ms) 
 block [97] : 1000 snps  (14901ms) 
   -residualizing and scaling genotypes...done (6304ms) 
   -calc working matrices...done (1840ms) 
   -calc level 0 ridge...done (3100ms) 
 block [98] : 1000 snps  (14877ms) 
   -residualizing and scaling genotypes...done (5659ms) 
   -calc working matrices...done (1778ms) 
   -calc level 0 ridge...done (2965ms) 
 block [99] : 1000 snps  (15127ms) 
   -residualizing and scaling genotypes...done (5672ms) 
   -calc working matrices...done (1834ms) 
   -calc level 0 ridge...done (2983ms) 
 block [100] : 1000 snps  (17097ms) 
   -residualizing and scaling genotypes...done (5761ms) 
   -calc working matrices...done (1980ms) 
   -calc level 0 ridge...done (2737ms) 
 block [101] : 1000 snps  (16531ms) 
   -residualizing and scaling genotypes...done (5999ms) 
   -calc working matrices...done (1838ms) 
   -calc level 0 ridge...done (2437ms) 
 block [102] : 1000 snps  (16554ms) 
   -residualizing and scaling genotypes...done (6097ms) 
   -calc working matrices...done (1836ms) 
   -calc level 0 ridge...done (3340ms) 
 block [103] : 1000 snps  (14849ms) 
   -residualizing and scaling genotypes...done (6448ms) 
   -calc working matrices...done (1848ms) 
   -calc level 0 ridge...done (3312ms) 
 block [104] : 1000 snps  (18395ms) 
   -residualizing and scaling genotypes...done (6556ms) 
   -calc working matrices...done (1853ms) 
   -calc level 0 ridge...done (2963ms) 
 block [105] : 1000 snps  (16783ms) 
   -residualizing and scaling genotypes...done (6149ms) 
   -calc working matrices...done (1867ms) 
   -calc level 0 ridge...done (2791ms) 
 block [106] : 1000 snps  (16573ms) 
   -residualizing and scaling genotypes...done (5792ms) 
   -calc working matrices...done (2009ms) 
   -calc level 0 ridge...done (2436ms) 
 block [107] : 1000 snps  (16379ms) 
   -residualizing and scaling genotypes...done (5745ms) 
   -calc working matrices...done (1784ms) 
   -calc level 0 ridge...done (2520ms) 
 block [108] : 1000 snps  (16476ms) 
   -residualizing and scaling genotypes...done (5766ms) 
   -calc working matrices...done (1813ms) 
   -calc level 0 ridge...done (2637ms) 
 block [109] : 1000 snps  (16617ms) 
   -residualizing and scaling genotypes...done (5956ms) 
   -calc working matrices...done (1824ms) 
   -calc level 0 ridge...done (2293ms) 
 block [110] : 1000 snps  (16718ms) 
   -residualizing and scaling genotypes...done (5802ms) 
   -calc working matrices...done (1832ms) 
   -calc level 0 ridge...done (2469ms) 
 block [111] : 1000 snps  (16510ms) 
   -residualizing and scaling genotypes...done (5763ms) 
   -calc working matrices...done (2018ms) 
   -calc level 0 ridge...done (2516ms) 
 block [112] : 1000 snps  (16745ms) 
   -residualizing and scaling genotypes...done (5786ms) 
   -calc working matrices...done (1843ms) 
   -calc level 0 ridge...done (2639ms) 
 block [113] : 332 snps  (3964ms) 
   -residualizing and scaling genotypes...done (1509ms) 
   -calc working matrices...done (279ms) 
   -calc level 0 ridge...done (1337ms) 
Chromosome 4
 block [114] : 1000 snps  (13642ms) 
   -residualizing and scaling genotypes...done (5613ms) 
   -calc working matrices...done (1940ms) 
   -calc level 0 ridge...done (3452ms) 
 block [115] : 1000 snps  (14619ms) 
   -residualizing and scaling genotypes...done (5694ms) 
   -calc working matrices...done (1905ms) 
   -calc level 0 ridge...done (3280ms) 
 block [116] : 1000 snps  (14430ms) 
   -residualizing and scaling genotypes...done (5670ms) 
   -calc working matrices...done (1935ms) 
   -calc level 0 ridge...done (3252ms) 
 block [117] : 1000 snps  (14427ms) 
   -residualizing and scaling genotypes...done (5714ms) 
   -calc working matrices...done (1959ms) 
   -calc level 0 ridge...done (3331ms) 
 block [118] : 1000 snps  (14226ms) 
   -residualizing and scaling genotypes...done (5703ms) 
   -calc working matrices...done (1938ms) 
   -calc level 0 ridge...done (3329ms) 
 block [119] : 1000 snps  (14446ms) 
   -residualizing and scaling genotypes...done (6541ms) 
   -calc working matrices...done (1916ms) 
   -calc level 0 ridge...done (3296ms) 
 block [120] : 1000 snps  (14138ms) 
   -residualizing and scaling genotypes...done (5733ms) 
   -calc working matrices...done (2018ms) 
   -calc level 0 ridge...done (3362ms) 
 block [121] : 1000 snps  (14554ms) 
   -residualizing and scaling genotypes...done (5615ms) 
   -calc working matrices...done (1907ms) 
   -calc level 0 ridge...done (3085ms) 
 block [122] : 1000 snps  (14815ms) 
   -residualizing and scaling genotypes...done (5941ms) 
   -calc working matrices...done (1895ms) 
   -calc level 0 ridge...done (2898ms) 
 block [123] : 1000 snps  (17998ms) 
   -residualizing and scaling genotypes...done (6037ms) 
   -calc working matrices...done (2023ms) 
   -calc level 0 ridge...done (3243ms) 
 block [124] : 1000 snps  (14543ms) 
   -residualizing and scaling genotypes...done (5795ms) 
   -calc working matrices...done (1962ms) 
   -calc level 0 ridge...done (3290ms) 
 block [125] : 1000 snps  (14535ms) 
   -residualizing and scaling genotypes...done (5773ms) 
   -calc working matrices...done (1859ms) 
   -calc level 0 ridge...done (3494ms) 
 block [126] : 1000 snps  (15234ms) 
   -residualizing and scaling genotypes...done (5767ms) 
   -calc working matrices...done (1814ms) 
   -calc level 0 ridge...done (2970ms) 
 block [127] : 1000 snps  (15819ms) 
   -residualizing and scaling genotypes...done (5834ms) 
   -calc working matrices...done (1897ms) 
   -calc level 0 ridge...done (2593ms) 
 block [128] : 1000 snps  (16001ms) 
   -residualizing and scaling genotypes...done (6190ms) 
   -calc working matrices...done (1942ms) 
   -calc level 0 ridge...done (2979ms) 
 block [129] : 1000 snps  (18011ms) 
   -residualizing and scaling genotypes...done (6596ms) 
   -calc working matrices...done (1850ms) 
   -calc level 0 ridge...done (2999ms) 
 block [130] : 1000 snps  (17914ms) 
   -residualizing and scaling genotypes...done (6962ms) 
   -calc working matrices...done (2048ms) 
   -calc level 0 ridge...done (2598ms) 
 block [131] : 1000 snps  (17979ms) 
   -residualizing and scaling genotypes...done (6252ms) 
   -calc working matrices...done (2080ms) 
   -calc level 0 ridge...done (3309ms) 
 block [132] : 1000 snps  (14839ms) 
   -residualizing and scaling genotypes...done (5894ms) 
   -calc working matrices...done (2004ms) 
   -calc level 0 ridge...done (3333ms) 
 block [133] : 1000 snps  (14559ms) 
   -residualizing and scaling genotypes...done (5794ms) 
   -calc working matrices...done (2024ms) 
   -calc level 0 ridge...done (3262ms) 
 block [134] : 1000 snps  (15013ms) 
   -residualizing and scaling genotypes...done (5807ms) 
   -calc working matrices...done (2011ms) 
   -calc level 0 ridge...done (3330ms) 
 block [135] : 1000 snps  (16648ms) 
   -residualizing and scaling genotypes...done (6027ms) 
   -calc working matrices...done (2022ms) 
   -calc level 0 ridge...done (3357ms) 
 block [136] : 1000 snps  (14562ms) 
   -residualizing and scaling genotypes...done (5998ms) 
   -calc working matrices...done (2010ms) 
   -calc level 0 ridge...done (3370ms) 
 block [137] : 1000 snps  (14727ms) 
   -residualizing and scaling genotypes...done (5862ms) 
   -calc working matrices...done (1987ms) 
   -calc level 0 ridge...done (3325ms) 
 block [138] : 1000 snps  (15261ms) 
   -residualizing and scaling genotypes...done (6182ms) 
   -calc working matrices...done (2003ms) 
   -calc level 0 ridge...done (3288ms) 
 block [139] : 1000 snps  (14649ms) 
   -residualizing and scaling genotypes...done (5712ms) 
   -calc working matrices...done (1882ms) 
   -calc level 0 ridge...done (3190ms) 
 block [140] : 1000 snps  (14592ms) 
   -residualizing and scaling genotypes...done (5643ms) 
   -calc working matrices...done (1851ms) 
   -calc level 0 ridge...done (3207ms) 
 block [141] : 1000 snps  (14864ms) 
   -residualizing and scaling genotypes...done (6491ms) 
   -calc working matrices...done (1868ms) 
   -calc level 0 ridge...done (3300ms) 
 block [142] : 1000 snps  (14887ms) 
   -residualizing and scaling genotypes...done (5827ms) 
   -calc working matrices...done (1892ms) 
   -calc level 0 ridge...done (3196ms) 
 block [143] : 1000 snps  (14839ms) 
   -residualizing and scaling genotypes...done (5636ms) 
   -calc working matrices...done (2101ms) 
   -calc level 0 ridge...done (3409ms) 
 block [144] : 1000 snps  (14893ms) 
   -residualizing and scaling genotypes...done (5710ms) 
   -calc working matrices...done (1932ms) 
   -calc level 0 ridge...done (3233ms) 
 block [145] : 195 snps  (2183ms) 
   -residualizing and scaling genotypes...done (826ms) 
   -calc working matrices...done (181ms) 
   -calc level 0 ridge...done (597ms) 
Chromosome 5
 block [146] : 1000 snps  (13452ms) 
   -residualizing and scaling genotypes...done (5616ms) 
   -calc working matrices...done (1960ms) 
   -calc level 0 ridge...done (2953ms) 
 block [147] : 1000 snps  (15679ms) 
   -residualizing and scaling genotypes...done (5969ms) 
   -calc working matrices...done (1943ms) 
   -calc level 0 ridge...done (2652ms) 
 block [148] : 1000 snps  (15895ms) 
   -residualizing and scaling genotypes...done (6277ms) 
   -calc working matrices...done (2010ms) 
   -calc level 0 ridge...done (3362ms) 
 block [149] : 1000 snps  (14566ms) 
   -residualizing and scaling genotypes...done (5870ms) 
   -calc working matrices...done (1976ms) 
   -calc level 0 ridge...done (2995ms) 
 block [150] : 1000 snps  (15511ms) 
   -residualizing and scaling genotypes...done (5911ms) 
   -calc working matrices...done (1964ms) 
   -calc level 0 ridge...done (2700ms) 
 block [151] : 1000 snps  (15586ms) 
   -residualizing and scaling genotypes...done (5797ms) 
   -calc working matrices...done (1884ms) 
   -calc level 0 ridge...done (3298ms) 
 block [152] : 1000 snps  (15441ms) 
   -residualizing and scaling genotypes...done (5764ms) 
   -calc working matrices...done (1849ms) 
   -calc level 0 ridge...done (2620ms) 
 block [153] : 1000 snps  (15581ms) 
   -residualizing and scaling genotypes...done (5741ms) 
   -calc working matrices...done (1865ms) 
   -calc level 0 ridge...done (2991ms) 
 block [154] : 1000 snps  (16998ms) 
   -residualizing and scaling genotypes...done (7094ms) 
   -calc working matrices...done (1922ms) 
   -calc level 0 ridge...done (3310ms) 
 block [155] : 1000 snps  (15803ms) 
   -residualizing and scaling genotypes...done (6072ms) 
   -calc working matrices...done (1872ms) 
   -calc level 0 ridge...done (3372ms) 
 block [156] : 1000 snps  (14243ms) 
   -residualizing and scaling genotypes...done (5827ms) 
   -calc working matrices...done (1877ms) 
   -calc level 0 ridge...done (3368ms) 
 block [157] : 1000 snps  (14557ms) 
   -residualizing and scaling genotypes...done (5732ms) 
   -calc working matrices...done (1961ms) 
   -calc level 0 ridge...done (3340ms) 
 block [158] : 1000 snps  (16215ms) 
   -residualizing and scaling genotypes...done (6037ms) 
   -calc working matrices...done (1932ms) 
   -calc level 0 ridge...done (3344ms) 
 block [159] : 1000 snps  (14769ms) 
   -residualizing and scaling genotypes...done (5969ms) 
   -calc working matrices...done (1983ms) 
   -calc level 0 ridge...done (3301ms) 
 block [160] : 1000 snps  (14727ms) 
   -residualizing and scaling genotypes...done (5844ms) 
   -calc working matrices...done (2048ms) 
   -calc level 0 ridge...done (3232ms) 
 block [161] : 1000 snps  (19005ms) 
   -residualizing and scaling genotypes...done (6613ms) 
   -calc working matrices...done (1937ms) 
   -calc level 0 ridge...done (3169ms) 
 block [162] : 1000 snps  (15182ms) 
   -residualizing and scaling genotypes...done (5628ms) 
   -calc working matrices...done (2018ms) 
   -calc level 0 ridge...done (3209ms) 
 block [163] : 1000 snps  (15401ms) 
   -residualizing and scaling genotypes...done (6512ms) 
   -calc working matrices...done (1993ms) 
   -calc level 0 ridge...done (3342ms) 
 block [164] : 1000 snps  (15218ms) 
   -residualizing and scaling genotypes...done (5828ms) 
   -calc working matrices...done (1951ms) 
   -calc level 0 ridge...done (3309ms) 
 block [165] : 1000 snps  (15995ms) 
   -residualizing and scaling genotypes...done (5993ms) 
   -calc working matrices...done (2050ms) 
   -calc level 0 ridge...done (3436ms) 
 block [166] : 1000 snps  (15272ms) 
   -residualizing and scaling genotypes...done (5946ms) 
   -calc working matrices...done (1924ms) 
   -calc level 0 ridge...done (3278ms) 
 block [167] : 1000 snps  (15067ms) 
   -residualizing and scaling genotypes...done (5646ms) 
   -calc working matrices...done (1825ms) 
   -calc level 0 ridge...done (3267ms) 
 block [168] : 1000 snps  (15160ms) 
   -residualizing and scaling genotypes...done (5721ms) 
   -calc working matrices...done (1825ms) 
   -calc level 0 ridge...done (3873ms) 
 block [169] : 1000 snps  (16226ms) 
   -residualizing and scaling genotypes...done (5735ms) 
   -calc working matrices...done (1960ms) 
   -calc level 0 ridge...done (2525ms) 
 block [170] : 1000 snps  (16680ms) 
   -residualizing and scaling genotypes...done (5774ms) 
   -calc working matrices...done (1889ms) 
   -calc level 0 ridge...done (2554ms) 
 block [171] : 1000 snps  (16331ms) 
   -residualizing and scaling genotypes...done (5973ms) 
   -calc working matrices...done (2111ms) 
   -calc level 0 ridge...done (2307ms) 
 block [172] : 1000 snps  (16964ms) 
   -residualizing and scaling genotypes...done (5786ms) 
   -calc working matrices...done (1831ms) 
   -calc level 0 ridge...done (2399ms) 
 block [173] : 1000 snps  (16765ms) 
   -residualizing and scaling genotypes...done (5784ms) 
   -calc working matrices...done (1783ms) 
   -calc level 0 ridge...done (2591ms) 
 block [174] : 1000 snps  (16837ms) 
   -residualizing and scaling genotypes...done (5997ms) 
   -calc working matrices...done (1861ms) 
   -calc level 0 ridge...done (2237ms) 
 block [175] : 940 snps  (12750ms) 
   -residualizing and scaling genotypes...done (5074ms) 
   -calc working matrices...done (1712ms) 
   -calc level 0 ridge...done (3247ms) 
Chromosome 6
 block [176] : 1000 snps  (13702ms) 
   -residualizing and scaling genotypes...done (5623ms) 
   -calc working matrices...done (1931ms) 
   -calc level 0 ridge...done (3352ms) 
 block [177] : 1000 snps  (16502ms) 
   -residualizing and scaling genotypes...done (6250ms) 
   -calc working matrices...done (2057ms) 
   -calc level 0 ridge...done (2516ms) 
 block [178] : 1000 snps  (17128ms) 
   -residualizing and scaling genotypes...done (6287ms) 
   -calc working matrices...done (1896ms) 
   -calc level 0 ridge...done (2752ms) 
 block [179] : 1000 snps  (17941ms) 
   -residualizing and scaling genotypes...done (6155ms) 
   -calc working matrices...done (1988ms) 
   -calc level 0 ridge...done (2573ms) 
 block [180] : 1000 snps  (15698ms) 
   -residualizing and scaling genotypes...done (6231ms) 
   -calc working matrices...done (1885ms) 
   -calc level 0 ridge...done (2781ms) 
 block [181] : 1000 snps  (17667ms) 
   -residualizing and scaling genotypes...done (6098ms) 
   -calc working matrices...done (1997ms) 
   -calc level 0 ridge...done (2853ms) 
 block [182] : 1000 snps  (18744ms) 
   -residualizing and scaling genotypes...done (6559ms) 
   -calc working matrices...done (1966ms) 
   -calc level 0 ridge...done (3292ms) 
 block [183] : 1000 snps  (15331ms) 
   -residualizing and scaling genotypes...done (6271ms) 
   -calc working matrices...done (1931ms) 
   -calc level 0 ridge...done (3229ms) 
 block [184] : 1000 snps  (19716ms) 
   -residualizing and scaling genotypes...done (6345ms) 
   -calc working matrices...done (1926ms) 
   -calc level 0 ridge...done (3391ms) 
 block [185] : 1000 snps  (16817ms) 
   -residualizing and scaling genotypes...done (5945ms) 
   -calc working matrices...done (1935ms) 
   -calc level 0 ridge...done (2567ms) 
 block [186] : 1000 snps  (16302ms) 
   -residualizing and scaling genotypes...done (5922ms) 
   -calc working matrices...done (1901ms) 
   -calc level 0 ridge...done (2381ms) 
 block [187] : 1000 snps  (16134ms) 
   -residualizing and scaling genotypes...done (6368ms) 
   -calc working matrices...done (1881ms) 
   -calc level 0 ridge...done (2738ms) 
 block [188] : 1000 snps  (17749ms) 
   -residualizing and scaling genotypes...done (6416ms) 
   -calc working matrices...done (1979ms) 
   -calc level 0 ridge...done (2618ms) 
 block [189] : 1000 snps  (15372ms) 
   -residualizing and scaling genotypes...done (7255ms) 
   -calc working matrices...done (1899ms) 
   -calc level 0 ridge...done (2769ms) 
 block [190] : 1000 snps  (17269ms) 
   -residualizing and scaling genotypes...done (5813ms) 
   -calc working matrices...done (1969ms) 
   -calc level 0 ridge...done (3071ms) 
 block [191] : 1000 snps  (16734ms) 
   -residualizing and scaling genotypes...done (5697ms) 
   -calc working matrices...done (1879ms) 
   -calc level 0 ridge...done (3239ms) 
 block [192] : 1000 snps  (14565ms) 
   -residualizing and scaling genotypes...done (5641ms) 
   -calc working matrices...done (1873ms) 
   -calc level 0 ridge...done (3281ms) 
 block [193] : 1000 snps  (14586ms) 
   -residualizing and scaling genotypes...done (5741ms) 
   -calc working matrices...done (1939ms) 
   -calc level 0 ridge...done (3300ms) 
 block [194] : 1000 snps  (14841ms) 
   -residualizing and scaling genotypes...done (6066ms) 
   -calc working matrices...done (1868ms) 
   -calc level 0 ridge...done (3342ms) 
 block [195] : 1000 snps  (14437ms) 
   -residualizing and scaling genotypes...done (5714ms) 
   -calc working matrices...done (1946ms) 
   -calc level 0 ridge...done (3413ms) 
 block [196] : 1000 snps  (18811ms) 
   -residualizing and scaling genotypes...done (6317ms) 
   -calc working matrices...done (1905ms) 
   -calc level 0 ridge...done (2979ms) 
 block [197] : 1000 snps  (17542ms) 
   -residualizing and scaling genotypes...done (6107ms) 
   -calc working matrices...done (2139ms) 
   -calc level 0 ridge...done (2767ms) 
 block [198] : 1000 snps  (17303ms) 
   -residualizing and scaling genotypes...done (5829ms) 
   -calc working matrices...done (1838ms) 
   -calc level 0 ridge...done (2721ms) 
 block [199] : 1000 snps  (17195ms) 
   -residualizing and scaling genotypes...done (5888ms) 
   -calc working matrices...done (1880ms) 
   -calc level 0 ridge...done (2448ms) 
 block [200] : 1000 snps  (19045ms) 
   -residualizing and scaling genotypes...done (6932ms) 
   -calc working matrices...done (1971ms) 
   -calc level 0 ridge...done (3287ms) 
 block [201] : 1000 snps  (16209ms) 
   -residualizing and scaling genotypes...done (6012ms) 
   -calc working matrices...done (1980ms) 
   -calc level 0 ridge...done (3317ms) 
 block [202] : 1000 snps  (15039ms) 
   -residualizing and scaling genotypes...done (5857ms) 
   -calc working matrices...done (1898ms) 
   -calc level 0 ridge...done (3305ms) 
 block [203] : 1000 snps  (16744ms) 
   -residualizing and scaling genotypes...done (5905ms) 
   -calc working matrices...done (1896ms) 
   -calc level 0 ridge...done (3265ms) 
 block [204] : 1000 snps  (15008ms) 
   -residualizing and scaling genotypes...done (5985ms) 
   -calc working matrices...done (1901ms) 
   -calc level 0 ridge...done (3288ms) 
 block [205] : 625 snps  (8454ms) 
   -residualizing and scaling genotypes...done (3325ms) 
   -calc working matrices...done (845ms) 
   -calc level 0 ridge...done (1709ms) 
Chromosome 7
 block [206] : 1000 snps  (18900ms) 
   -residualizing and scaling genotypes...done (6210ms) 
   -calc working matrices...done (1862ms) 
   -calc level 0 ridge...done (3271ms) 
 block [207] : 1000 snps  (19387ms) 
   -residualizing and scaling genotypes...done (7651ms) 
   -calc working matrices...done (1998ms) 
   -calc level 0 ridge...done (3252ms) 
 block [208] : 1000 snps  (14987ms) 
   -residualizing and scaling genotypes...done (6140ms) 
   -calc working matrices...done (1927ms) 
   -calc level 0 ridge...done (3261ms) 
 block [209] : 1000 snps  (15060ms) 
   -residualizing and scaling genotypes...done (6100ms) 
   -calc working matrices...done (1985ms) 
   -calc level 0 ridge...done (3239ms) 
 block [210] : 1000 snps  (15352ms) 
   -residualizing and scaling genotypes...done (6001ms) 
   -calc working matrices...done (1956ms) 
   -calc level 0 ridge...done (3259ms) 
 block [211] : 1000 snps  (15657ms) 
   -residualizing and scaling genotypes...done (5883ms) 
   -calc working matrices...done (1886ms) 
   -calc level 0 ridge...done (3376ms) 
 block [212] : 1000 snps  (15566ms) 
   -residualizing and scaling genotypes...done (6025ms) 
   -calc working matrices...done (1929ms) 
   -calc level 0 ridge...done (3299ms) 
 block [213] : 1000 snps  (15091ms) 
   -residualizing and scaling genotypes...done (6100ms) 
   -calc working matrices...done (1959ms) 
   -calc level 0 ridge...done (3300ms) 
 block [214] : 1000 snps  (15058ms) 
   -residualizing and scaling genotypes...done (5868ms) 
   -calc working matrices...done (1951ms) 
   -calc level 0 ridge...done (3286ms) 
 block [215] : 1000 snps  (15153ms) 
   -residualizing and scaling genotypes...done (6043ms) 
   -calc working matrices...done (1843ms) 
   -calc level 0 ridge...done (3415ms) 
 block [216] : 1000 snps  (16786ms) 
   -residualizing and scaling genotypes...done (5935ms) 
   -calc working matrices...done (1992ms) 
   -calc level 0 ridge...done (2960ms) 
 block [217] : 1000 snps  (15965ms) 
   -residualizing and scaling genotypes...done (5960ms) 
   -calc working matrices...done (1903ms) 
   -calc level 0 ridge...done (2982ms) 
 block [218] : 1000 snps  (15327ms) 
   -residualizing and scaling genotypes...done (6103ms) 
   -calc working matrices...done (1863ms) 
   -calc level 0 ridge...done (3382ms) 
 block [219] : 1000 snps  (15209ms) 
   -residualizing and scaling genotypes...done (5959ms) 
   -calc working matrices...done (1853ms) 
   -calc level 0 ridge...done (3351ms) 
 block [220] : 1000 snps  (14605ms) 
   -residualizing and scaling genotypes...done (6031ms) 
   -calc working matrices...done (1984ms) 
   -calc level 0 ridge...done (3308ms) 
 block [221] : 1000 snps  (18685ms) 
   -residualizing and scaling genotypes...done (6687ms) 
   -calc working matrices...done (1888ms) 
   -calc level 0 ridge...done (2980ms) 
 block [222] : 1000 snps  (18296ms) 
   -residualizing and scaling genotypes...done (6307ms) 
   -calc working matrices...done (2003ms) 
   -calc level 0 ridge...done (3294ms) 
 block [223] : 1000 snps  (15977ms) 
   -residualizing and scaling genotypes...done (5957ms) 
   -calc working matrices...done (1949ms) 
   -calc level 0 ridge...done (3289ms) 
 block [224] : 1000 snps  (15667ms) 
   -residualizing and scaling genotypes...done (5978ms) 
   -calc working matrices...done (1954ms) 
   -calc level 0 ridge...done (3259ms) 
 block [225] : 1000 snps  (15614ms) 
   -residualizing and scaling genotypes...done (5997ms) 
   -calc working matrices...done (1852ms) 
   -calc level 0 ridge...done (3278ms) 
 block [226] : 1000 snps  (15596ms) 
   -residualizing and scaling genotypes...done (6174ms) 
   -calc working matrices...done (1876ms) 
   -calc level 0 ridge...done (3311ms) 
 block [227] : 1000 snps  (15461ms) 
   -residualizing and scaling genotypes...done (6155ms) 
   -calc working matrices...done (1905ms) 
   -calc level 0 ridge...done (3354ms) 
 block [228] : 1000 snps  (15577ms) 
   -residualizing and scaling genotypes...done (5971ms) 
   -calc working matrices...done (1942ms) 
   -calc level 0 ridge...done (3367ms) 
 block [229] : 1000 snps  (15787ms) 
   -residualizing and scaling genotypes...done (5958ms) 
   -calc working matrices...done (1892ms) 
   -calc level 0 ridge...done (3252ms) 
 block [230] : 1000 snps  (19076ms) 
   -residualizing and scaling genotypes...done (6387ms) 
   -calc working matrices...done (1905ms) 
   -calc level 0 ridge...done (3735ms) 
 block [231] : 1000 snps  (19347ms) 
   -residualizing and scaling genotypes...done (6339ms) 
   -calc working matrices...done (1974ms) 
   -calc level 0 ridge...done (3628ms) 
 block [232] : 1000 snps  (16573ms) 
   -residualizing and scaling genotypes...done (6194ms) 
   -calc working matrices...done (1956ms) 
   -calc level 0 ridge...done (3407ms) 
 block [233] : 128 snps  (3247ms) 
   -residualizing and scaling genotypes...done (614ms) 
   -calc working matrices...done (71ms) 
   -calc level 0 ridge...done (325ms) 
Chromosome 8
 block [234] : 1000 snps  (12481ms) 
   -residualizing and scaling genotypes...done (5690ms) 
   -calc working matrices...done (1913ms) 
   -calc level 0 ridge...done (3118ms) 
 block [235] : 1000 snps  (15216ms) 
   -residualizing and scaling genotypes...done (5937ms) 
   -calc working matrices...done (1832ms) 
   -calc level 0 ridge...done (2438ms) 
 block [236] : 1000 snps  (15423ms) 
   -residualizing and scaling genotypes...done (5764ms) 
   -calc working matrices...done (1863ms) 
   -calc level 0 ridge...done (3550ms) 
 block [237] : 1000 snps  (16893ms) 
   -residualizing and scaling genotypes...done (6579ms) 
   -calc working matrices...done (1895ms) 
   -calc level 0 ridge...done (2393ms) 
 block [238] : 1000 snps  (16355ms) 
   -residualizing and scaling genotypes...done (6070ms) 
   -calc working matrices...done (1836ms) 
   -calc level 0 ridge...done (3036ms) 
 block [239] : 1000 snps  (16613ms) 
   -residualizing and scaling genotypes...done (6088ms) 
   -calc working matrices...done (2045ms) 
   -calc level 0 ridge...done (2571ms) 
 block [240] : 1000 snps  (17081ms) 
   -residualizing and scaling genotypes...done (6252ms) 
   -calc working matrices...done (1845ms) 
   -calc level 0 ridge...done (2309ms) 
 block [241] : 1000 snps  (15999ms) 
   -residualizing and scaling genotypes...done (5824ms) 
   -calc working matrices...done (1918ms) 
   -calc level 0 ridge...done (2415ms) 
 block [242] : 1000 snps  (16722ms) 
   -residualizing and scaling genotypes...done (6225ms) 
   -calc working matrices...done (1944ms) 
   -calc level 0 ridge...done (2488ms) 
 block [243] : 1000 snps  (17945ms) 
   -residualizing and scaling genotypes...done (6467ms) 
   -calc working matrices...done (2004ms) 
   -calc level 0 ridge...done (2720ms) 
 block [244] : 1000 snps  (16515ms) 
   -residualizing and scaling genotypes...done (6083ms) 
   -calc working matrices...done (1903ms) 
   -calc level 0 ridge...done (2396ms) 
 block [245] : 1000 snps  (19101ms) 
   -residualizing and scaling genotypes...done (6627ms) 
   -calc working matrices...done (1900ms) 
   -calc level 0 ridge...done (3290ms) 
 block [246] : 1000 snps  (20353ms) 
   -residualizing and scaling genotypes...done (7314ms) 
   -calc working matrices...done (1948ms) 
   -calc level 0 ridge...done (2758ms) 
 block [247] : 1000 snps  (21108ms) 
   -residualizing and scaling genotypes...done (6783ms) 
   -calc working matrices...done (1915ms) 
   -calc level 0 ridge...done (3256ms) 
 block [248] : 1000 snps  (15458ms) 
   -residualizing and scaling genotypes...done (6126ms) 
   -calc working matrices...done (2091ms) 
   -calc level 0 ridge...done (3197ms) 
 block [249] : 1000 snps  (17369ms) 
   -residualizing and scaling genotypes...done (6154ms) 
   -calc working matrices...done (1883ms) 
   -calc level 0 ridge...done (2320ms) 
 block [250] : 1000 snps  (19145ms) 
   -residualizing and scaling genotypes...done (6751ms) 
   -calc working matrices...done (1981ms) 
   -calc level 0 ridge...done (3306ms) 
 block [251] : 1000 snps  (15837ms) 
   -residualizing and scaling genotypes...done (6508ms) 
   -calc working matrices...done (1991ms) 
   -calc level 0 ridge...done (3424ms) 
 block [252] : 1000 snps  (15640ms) 
   -residualizing and scaling genotypes...done (6161ms) 
   -calc working matrices...done (1983ms) 
   -calc level 0 ridge...done (3402ms) 
 block [253] : 1000 snps  (19342ms) 
   -residualizing and scaling genotypes...done (6629ms) 
   -calc working matrices...done (1891ms) 
   -calc level 0 ridge...done (3325ms) 
 block [254] : 1000 snps  (19472ms) 
   -residualizing and scaling genotypes...done (6680ms) 
   -calc working matrices...done (1846ms) 
   -calc level 0 ridge...done (3343ms) 
 block [255] : 1000 snps  (17420ms) 
   -residualizing and scaling genotypes...done (7159ms) 
   -calc working matrices...done (2131ms) 
   -calc level 0 ridge...done (3353ms) 
 block [256] : 1000 snps  (16038ms) 
   -residualizing and scaling genotypes...done (5951ms) 
   -calc working matrices...done (2095ms) 
   -calc level 0 ridge...done (3376ms) 
 block [257] : 1000 snps  (16134ms) 
   -residualizing and scaling genotypes...done (6049ms) 
   -calc working matrices...done (1966ms) 
   -calc level 0 ridge...done (3362ms) 
 block [258] : 1000 snps  (16147ms) 
   -residualizing and scaling genotypes...done (6035ms) 
   -calc working matrices...done (1953ms) 
   -calc level 0 ridge...done (3385ms) 
 block [259] : 794 snps  (9844ms) 
   -residualizing and scaling genotypes...done (4383ms) 
   -calc working matrices...done (1292ms) 
   -calc level 0 ridge...done (2461ms) 
Chromosome 9
 block [260] : 1000 snps  (16653ms) 
   -residualizing and scaling genotypes...done (5776ms) 
   -calc working matrices...done (1901ms) 
   -calc level 0 ridge...done (3374ms) 
 block [261] : 1000 snps  (19741ms) 
   -residualizing and scaling genotypes...done (6439ms) 
   -calc working matrices...done (1859ms) 
   -calc level 0 ridge...done (2955ms) 
 block [262] : 1000 snps  (19253ms) 
   -residualizing and scaling genotypes...done (6594ms) 
   -calc working matrices...done (2099ms) 
   -calc level 0 ridge...done (2908ms) 
 block [263] : 1000 snps  (18425ms) 
   -residualizing and scaling genotypes...done (6389ms) 
   -calc working matrices...done (1829ms) 
   -calc level 0 ridge...done (2473ms) 
 block [264] : 1000 snps  (18775ms) 
   -residualizing and scaling genotypes...done (5915ms) 
   -calc working matrices...done (1796ms) 
   -calc level 0 ridge...done (2671ms) 
 block [265] : 1000 snps  (19741ms) 
   -residualizing and scaling genotypes...done (6230ms) 
   -calc working matrices...done (1943ms) 
   -calc level 0 ridge...done (3294ms) 
 block [266] : 1000 snps  (16778ms) 
   -residualizing and scaling genotypes...done (6069ms) 
   -calc working matrices...done (1978ms) 
   -calc level 0 ridge...done (3323ms) 
 block [267] : 1000 snps  (17152ms) 
   -residualizing and scaling genotypes...done (5993ms) 
   -calc working matrices...done (1929ms) 
   -calc level 0 ridge...done (3294ms) 
 block [268] : 1000 snps  (17205ms) 
   -residualizing and scaling genotypes...done (6016ms) 
   -calc working matrices...done (1968ms) 
   -calc level 0 ridge...done (3370ms) 
 block [269] : 1000 snps  (17044ms) 
   -residualizing and scaling genotypes...done (5937ms) 
   -calc working matrices...done (1955ms) 
   -calc level 0 ridge...done (3268ms) 
 block [270] : 1000 snps  (17098ms) 
   -residualizing and scaling genotypes...done (5848ms) 
   -calc working matrices...done (1961ms) 
   -calc level 0 ridge...done (3311ms) 
 block [271] : 1000 snps  (20766ms) 
   -residualizing and scaling genotypes...done (6470ms) 
   -calc working matrices...done (1953ms) 
   -calc level 0 ridge...done (3204ms) 
 block [272] : 1000 snps  (16413ms) 
   -residualizing and scaling genotypes...done (6028ms) 
   -calc working matrices...done (1920ms) 
   -calc level 0 ridge...done (3220ms) 
 block [273] : 1000 snps  (16351ms) 
   -residualizing and scaling genotypes...done (5777ms) 
   -calc working matrices...done (1928ms) 
   -calc level 0 ridge...done (3191ms) 
 block [274] : 1000 snps  (16555ms) 
   -residualizing and scaling genotypes...done (5888ms) 
   -calc working matrices...done (1918ms) 
   -calc level 0 ridge...done (3253ms) 
 block [275] : 1000 snps  (16630ms) 
   -residualizing and scaling genotypes...done (5733ms) 
   -calc working matrices...done (2000ms) 
   -calc level 0 ridge...done (3372ms) 
 block [276] : 1000 snps  (16672ms) 
   -residualizing and scaling genotypes...done (5820ms) 
   -calc working matrices...done (1969ms) 
   -calc level 0 ridge...done (3328ms) 
 block [277] : 1000 snps  (16615ms) 
   -residualizing and scaling genotypes...done (6011ms) 
   -calc working matrices...done (1965ms) 
   -calc level 0 ridge...done (3386ms) 
 block [278] : 1000 snps  (16570ms) 
   -residualizing and scaling genotypes...done (5795ms) 
   -calc working matrices...done (1999ms) 
   -calc level 0 ridge...done (3360ms) 
 block [279] : 1000 snps  (17407ms) 
   -residualizing and scaling genotypes...done (6218ms) 
   -calc working matrices...done (1988ms) 
   -calc level 0 ridge...done (3344ms) 
 block [280] : 1000 snps  (16665ms) 
   -residualizing and scaling genotypes...done (5895ms) 
   -calc working matrices...done (2026ms) 
   -calc level 0 ridge...done (3170ms) 
 block [281] : 841 snps  (10058ms) 
   -residualizing and scaling genotypes...done (4771ms) 
   -calc working matrices...done (1370ms) 
   -calc level 0 ridge...done (2668ms) 
Chromosome 10
 block [282] : 1000 snps  (14756ms) 
   -residualizing and scaling genotypes...done (5695ms) 
   -calc working matrices...done (2020ms) 
   -calc level 0 ridge...done (3419ms) 
 block [283] : 1000 snps  (19057ms) 
   -residualizing and scaling genotypes...done (7253ms) 
   -calc working matrices...done (1968ms) 
   -calc level 0 ridge...done (3920ms) 
 block [284] : 1000 snps  (16659ms) 
   -residualizing and scaling genotypes...done (6393ms) 
   -calc working matrices...done (1899ms) 
   -calc level 0 ridge...done (2670ms) 
 block [285] : 1000 snps  (16416ms) 
   -residualizing and scaling genotypes...done (6357ms) 
   -calc working matrices...done (2027ms) 
   -calc level 0 ridge...done (2675ms) 
 block [286] : 1000 snps  (16595ms) 
   -residualizing and scaling genotypes...done (6178ms) 
   -calc working matrices...done (1917ms) 
   -calc level 0 ridge...done (2768ms) 
 block [287] : 1000 snps  (16409ms) 
   -residualizing and scaling genotypes...done (6134ms) 
   -calc working matrices...done (1944ms) 
   -calc level 0 ridge...done (3344ms) 
 block [288] : 1000 snps  (15273ms) 
   -residualizing and scaling genotypes...done (6105ms) 
   -calc working matrices...done (1977ms) 
   -calc level 0 ridge...done (3314ms) 
 block [289] : 1000 snps  (15794ms) 
   -residualizing and scaling genotypes...done (6139ms) 
   -calc working matrices...done (1952ms) 
   -calc level 0 ridge...done (3281ms) 
 block [290] : 1000 snps  (15892ms) 
   -residualizing and scaling genotypes...done (6239ms) 
   -calc working matrices...done (1954ms) 
   -calc level 0 ridge...done (3070ms) 
 block [291] : 1000 snps  (15548ms) 
   -residualizing and scaling genotypes...done (6602ms) 
   -calc working matrices...done (1988ms) 
   -calc level 0 ridge...done (3336ms) 
 block [292] : 1000 snps  (20011ms) 
   -residualizing and scaling genotypes...done (6252ms) 
   -calc working matrices...done (2055ms) 
   -calc level 0 ridge...done (3548ms) 
 block [293] : 1000 snps  (16347ms) 
   -residualizing and scaling genotypes...done (6380ms) 
   -calc working matrices...done (1990ms) 
   -calc level 0 ridge...done (2798ms) 
 block [294] : 1000 snps  (15879ms) 
   -residualizing and scaling genotypes...done (6004ms) 
   -calc working matrices...done (2022ms) 
   -calc level 0 ridge...done (2520ms) 
 block [295] : 1000 snps  (16297ms) 
   -residualizing and scaling genotypes...done (5881ms) 
   -calc working matrices...done (1930ms) 
   -calc level 0 ridge...done (3244ms) 
 block [296] : 1000 snps  (16319ms) 
   -residualizing and scaling genotypes...done (5743ms) 
   -calc working matrices...done (2043ms) 
   -calc level 0 ridge...done (3283ms) 
 block [297] : 1000 snps  (16311ms) 
   -residualizing and scaling genotypes...done (5810ms) 
   -calc working matrices...done (1927ms) 
   -calc level 0 ridge...done (2633ms) 
 block [298] : 1000 snps  (16987ms) 
   -residualizing and scaling genotypes...done (5977ms) 
   -calc working matrices...done (1967ms) 
   -calc level 0 ridge...done (2355ms) 
 block [299] : 1000 snps  (17040ms) 
   -residualizing and scaling genotypes...done (6456ms) 
   -calc working matrices...done (2040ms) 
   -calc level 0 ridge...done (3055ms) 
 block [300] : 1000 snps  (19704ms) 
   -residualizing and scaling genotypes...done (6559ms) 
   -calc working matrices...done (1899ms) 
   -calc level 0 ridge...done (3127ms) 
 block [301] : 1000 snps  (17472ms) 
   -residualizing and scaling genotypes...done (6168ms) 
   -calc working matrices...done (2009ms) 
   -calc level 0 ridge...done (3420ms) 
 block [302] : 1000 snps  (17916ms) 
   -residualizing and scaling genotypes...done (6084ms) 
   -calc working matrices...done (2230ms) 
   -calc level 0 ridge...done (3341ms) 
 block [303] : 1000 snps  (16313ms) 
   -residualizing and scaling genotypes...done (5751ms) 
   -calc working matrices...done (1935ms) 
   -calc level 0 ridge...done (3355ms) 
 block [304] : 1000 snps  (16042ms) 
   -residualizing and scaling genotypes...done (5718ms) 
   -calc working matrices...done (1952ms) 
   -calc level 0 ridge...done (3324ms) 
 block [305] : 1000 snps  (19751ms) 
   -residualizing and scaling genotypes...done (5809ms) 
   -calc working matrices...done (1912ms) 
   -calc level 0 ridge...done (2766ms) 
 block [306] : 487 snps  (7029ms) 
   -residualizing and scaling genotypes...done (2503ms) 
   -calc working matrices...done (565ms) 
   -calc level 0 ridge...done (1243ms) 
Chromosome 11
 block [307] : 1000 snps  (13449ms) 
   -residualizing and scaling genotypes...done (5566ms) 
   -calc working matrices...done (2202ms) 
   -calc level 0 ridge...done (2896ms) 
 block [308] : 1000 snps  (15799ms) 
   -residualizing and scaling genotypes...done (5909ms) 
   -calc working matrices...done (2108ms) 
   -calc level 0 ridge...done (2403ms) 
 block [309] : 1000 snps  (18063ms) 
   -residualizing and scaling genotypes...done (6408ms) 
   -calc working matrices...done (1970ms) 
   -calc level 0 ridge...done (3286ms) 
 block [310] : 1000 snps  (15640ms) 
   -residualizing and scaling genotypes...done (6662ms) 
   -calc working matrices...done (1956ms) 
   -calc level 0 ridge...done (3378ms) 
 block [311] : 1000 snps  (20948ms) 
   -residualizing and scaling genotypes...done (6251ms) 
   -calc working matrices...done (1971ms) 
   -calc level 0 ridge...done (3037ms) 
 block [312] : 1000 snps  (21530ms) 
   -residualizing and scaling genotypes...done (6340ms) 
   -calc working matrices...done (1933ms) 
   -calc level 0 ridge...done (2862ms) 
 block [313] : 1000 snps  (19970ms) 
   -residualizing and scaling genotypes...done (6129ms) 
   -calc working matrices...done (1983ms) 
   -calc level 0 ridge...done (3306ms) 
 block [314] : 1000 snps  (15408ms) 
   -residualizing and scaling genotypes...done (5744ms) 
   -calc working matrices...done (2040ms) 
   -calc level 0 ridge...done (3253ms) 
 block [315] : 1000 snps  (15333ms) 
   -residualizing and scaling genotypes...done (5736ms) 
   -calc working matrices...done (1992ms) 
   -calc level 0 ridge...done (3229ms) 
 block [316] : 1000 snps  (15256ms) 
   -residualizing and scaling genotypes...done (5766ms) 
   -calc working matrices...done (1811ms) 
   -calc level 0 ridge...done (3165ms) 
 block [317] : 1000 snps  (15288ms) 
   -residualizing and scaling genotypes...done (5661ms) 
   -calc working matrices...done (1902ms) 
   -calc level 0 ridge...done (3477ms) 
 block [318] : 1000 snps  (15876ms) 
   -residualizing and scaling genotypes...done (5762ms) 
   -calc working matrices...done (1894ms) 
   -calc level 0 ridge...done (3139ms) 
 block [319] : 1000 snps  (16010ms) 
   -residualizing and scaling genotypes...done (5917ms) 
   -calc working matrices...done (1929ms) 
   -calc level 0 ridge...done (3167ms) 
 block [320] : 1000 snps  (16700ms) 
   -residualizing and scaling genotypes...done (5925ms) 
   -calc working matrices...done (1949ms) 
   -calc level 0 ridge...done (3156ms) 
 block [321] : 1000 snps  (18438ms) 
   -residualizing and scaling genotypes...done (5828ms) 
   -calc working matrices...done (1974ms) 
   -calc level 0 ridge...done (3304ms) 
 block [322] : 1000 snps  (17022ms) 
   -residualizing and scaling genotypes...done (5859ms) 
   -calc working matrices...done (2057ms) 
   -calc level 0 ridge...done (3093ms) 
 block [323] : 1000 snps  (15745ms) 
   -residualizing and scaling genotypes...done (5700ms) 
   -calc working matrices...done (2061ms) 
   -calc level 0 ridge...done (2855ms) 
 block [324] : 1000 snps  (15847ms) 
   -residualizing and scaling genotypes...done (5765ms) 
   -calc working matrices...done (2085ms) 
   -calc level 0 ridge...done (2621ms) 
 block [325] : 1000 snps  (16805ms) 
   -residualizing and scaling genotypes...done (5788ms) 
   -calc working matrices...done (1988ms) 
   -calc level 0 ridge...done (2412ms) 
 block [326] : 1000 snps  (16627ms) 
   -residualizing and scaling genotypes...done (5925ms) 
   -calc working matrices...done (2011ms) 
   -calc level 0 ridge...done (2451ms) 
 block [327] : 1000 snps  (16695ms) 
   -residualizing and scaling genotypes...done (5827ms) 
   -calc working matrices...done (1975ms) 
   -calc level 0 ridge...done (2403ms) 
 block [328] : 1000 snps  (17094ms) 
   -residualizing and scaling genotypes...done (6082ms) 
   -calc working matrices...done (2000ms) 
   -calc level 0 ridge...done (3058ms) 
 block [329] : 1000 snps  (16178ms) 
   -residualizing and scaling genotypes...done (6095ms) 
   -calc working matrices...done (2004ms) 
   -calc level 0 ridge...done (3155ms) 
 block [330] : 937 snps  (13887ms) 
   -residualizing and scaling genotypes...done (5874ms) 
   -calc working matrices...done (1697ms) 
   -calc level 0 ridge...done (3088ms) 
Chromosome 12
 block [331] : 1000 snps  (13794ms) 
   -residualizing and scaling genotypes...done (6032ms) 
   -calc working matrices...done (1875ms) 
   -calc level 0 ridge...done (3350ms) 
 block [332] : 1000 snps  (14207ms) 
   -residualizing and scaling genotypes...done (6045ms) 
   -calc working matrices...done (1894ms) 
   -calc level 0 ridge...done (3346ms) 
 block [333] : 1000 snps  (14398ms) 
   -residualizing and scaling genotypes...done (6164ms) 
   -calc working matrices...done (1891ms) 
   -calc level 0 ridge...done (3206ms) 
 block [334] : 1000 snps  (14467ms) 
   -residualizing and scaling genotypes...done (5971ms) 
   -calc working matrices...done (1946ms) 
   -calc level 0 ridge...done (3281ms) 
 block [335] : 1000 snps  (15035ms) 
   -residualizing and scaling genotypes...done (6021ms) 
   -calc working matrices...done (1898ms) 
   -calc level 0 ridge...done (3366ms) 
 block [336] : 1000 snps  (14086ms) 
   -residualizing and scaling genotypes...done (6097ms) 
   -calc working matrices...done (1951ms) 
   -calc level 0 ridge...done (3339ms) 
 block [337] : 1000 snps  (14028ms) 
   -residualizing and scaling genotypes...done (5990ms) 
   -calc working matrices...done (1848ms) 
   -calc level 0 ridge...done (3302ms) 
 block [338] : 1000 snps  (14014ms) 
   -residualizing and scaling genotypes...done (6167ms) 
   -calc working matrices...done (1895ms) 
   -calc level 0 ridge...done (3338ms) 
 block [339] : 1000 snps  (14220ms) 
   -residualizing and scaling genotypes...done (5970ms) 
   -calc working matrices...done (1901ms) 
   -calc level 0 ridge...done (3325ms) 
 block [340] : 1000 snps  (14119ms) 
   -residualizing and scaling genotypes...done (6030ms) 
   -calc working matrices...done (1887ms) 
   -calc level 0 ridge...done (3301ms) 
 block [341] : 1000 snps  (14125ms) 
   -residualizing and scaling genotypes...done (6117ms) 
   -calc working matrices...done (1882ms) 
   -calc level 0 ridge...done (3317ms) 
 block [342] : 1000 snps  (14122ms) 
   -residualizing and scaling genotypes...done (5971ms) 
   -calc working matrices...done (1864ms) 
   -calc level 0 ridge...done (3315ms) 
 block [343] : 1000 snps  (14286ms) 
   -residualizing and scaling genotypes...done (6176ms) 
   -calc working matrices...done (1900ms) 
   -calc level 0 ridge...done (3321ms) 
 block [344] : 1000 snps  (14058ms) 
   -residualizing and scaling genotypes...done (5950ms) 
   -calc working matrices...done (1875ms) 
   -calc level 0 ridge...done (3327ms) 
 block [345] : 1000 snps  (14061ms) 
   -residualizing and scaling genotypes...done (5950ms) 
   -calc working matrices...done (1883ms) 
   -calc level 0 ridge...done (3223ms) 
 block [346] : 1000 snps  (14251ms) 
   -residualizing and scaling genotypes...done (6034ms) 
   -calc working matrices...done (1952ms) 
   -calc level 0 ridge...done (3294ms) 
 block [347] : 1000 snps  (14131ms) 
   -residualizing and scaling genotypes...done (5924ms) 
   -calc working matrices...done (1948ms) 
   -calc level 0 ridge...done (3322ms) 
 block [348] : 1000 snps  (17004ms) 
   -residualizing and scaling genotypes...done (6669ms) 
   -calc working matrices...done (1946ms) 
   -calc level 0 ridge...done (2491ms) 
 block [349] : 1000 snps  (15811ms) 
   -residualizing and scaling genotypes...done (6009ms) 
   -calc working matrices...done (1885ms) 
   -calc level 0 ridge...done (2800ms) 
 block [350] : 1000 snps  (16391ms) 
   -residualizing and scaling genotypes...done (6043ms) 
   -calc working matrices...done (1970ms) 
   -calc level 0 ridge...done (2582ms) 
 block [351] : 1000 snps  (15952ms) 
   -residualizing and scaling genotypes...done (6103ms) 
   -calc working matrices...done (1903ms) 
   -calc level 0 ridge...done (2469ms) 
 block [352] : 1000 snps  (16070ms) 
   -residualizing and scaling genotypes...done (6071ms) 
   -calc working matrices...done (1892ms) 
   -calc level 0 ridge...done (2590ms) 
 block [353] : 1000 snps  (16205ms) 
   -residualizing and scaling genotypes...done (6156ms) 
   -calc working matrices...done (1865ms) 
   -calc level 0 ridge...done (2418ms) 
 block [354] : 482 snps  (6457ms) 
   -residualizing and scaling genotypes...done (2552ms) 
   -calc working matrices...done (558ms) 
   -calc level 0 ridge...done (1530ms) 
Chromosome 13
 block [355] : 1000 snps  (12659ms) 
   -residualizing and scaling genotypes...done (6059ms) 
   -calc working matrices...done (2028ms) 
   -calc level 0 ridge...done (3370ms) 
 block [356] : 1000 snps  (19317ms) 
   -residualizing and scaling genotypes...done (6375ms) 
   -calc working matrices...done (1878ms) 
   -calc level 0 ridge...done (3300ms) 
 block [357] : 1000 snps  (20942ms) 
   -residualizing and scaling genotypes...done (7104ms) 
   -calc working matrices...done (2021ms) 
   -calc level 0 ridge...done (2826ms) 
 block [358] : 1000 snps  (23478ms) 
   -residualizing and scaling genotypes...done (9641ms) 
   -calc working matrices...done (1965ms) 
   -calc level 0 ridge...done (2759ms) 
 block [359] : 1000 snps  (17722ms) 
   -residualizing and scaling genotypes...done (6601ms) 
   -calc working matrices...done (1970ms) 
   -calc level 0 ridge...done (3291ms) 
 block [360] : 1000 snps  (14508ms) 
   -residualizing and scaling genotypes...done (6572ms) 
   -calc working matrices...done (1943ms) 
   -calc level 0 ridge...done (3290ms) 
 block [361] : 1000 snps  (14222ms) 
   -residualizing and scaling genotypes...done (6437ms) 
   -calc working matrices...done (2050ms) 
   -calc level 0 ridge...done (3274ms) 
 block [362] : 1000 snps  (14127ms) 
   -residualizing and scaling genotypes...done (6205ms) 
   -calc working matrices...done (2018ms) 
   -calc level 0 ridge...done (3255ms) 
 block [363] : 1000 snps  (15763ms) 
   -residualizing and scaling genotypes...done (6292ms) 
   -calc working matrices...done (1873ms) 
   -calc level 0 ridge...done (3272ms) 
 block [364] : 1000 snps  (19359ms) 
   -residualizing and scaling genotypes...done (6008ms) 
   -calc working matrices...done (1940ms) 
   -calc level 0 ridge...done (2510ms) 
 block [365] : 1000 snps  (20339ms) 
   -residualizing and scaling genotypes...done (7000ms) 
   -calc working matrices...done (1957ms) 
   -calc level 0 ridge...done (3463ms) 
 block [366] : 1000 snps  (15707ms) 
   -residualizing and scaling genotypes...done (6576ms) 
   -calc working matrices...done (1948ms) 
   -calc level 0 ridge...done (2972ms) 
 block [367] : 1000 snps  (18756ms) 
   -residualizing and scaling genotypes...done (6124ms) 
   -calc working matrices...done (2104ms) 
   -calc level 0 ridge...done (3053ms) 
 block [368] : 1000 snps  (16696ms) 
   -residualizing and scaling genotypes...done (6080ms) 
   -calc working matrices...done (2296ms) 
   -calc level 0 ridge...done (2934ms) 
 block [369] : 1000 snps  (17538ms) 
   -residualizing and scaling genotypes...done (6457ms) 
   -calc working matrices...done (1888ms) 
   -calc level 0 ridge...done (3030ms) 
 block [370] : 1000 snps  (16840ms) 
   -residualizing and scaling genotypes...done (6630ms) 
   -calc working matrices...done (1920ms) 
   -calc level 0 ridge...done (2550ms) 
 block [371] : 1000 snps  (17364ms) 
   -residualizing and scaling genotypes...done (6485ms) 
   -calc working matrices...done (2042ms) 
   -calc level 0 ridge...done (3040ms) 
 block [372] : 207 snps  (2166ms) 
   -residualizing and scaling genotypes...done (968ms) 
   -calc working matrices...done (226ms) 
   -calc level 0 ridge...done (419ms) 
Chromosome 14
 block [373] : 1000 snps  (17577ms) 
   -residualizing and scaling genotypes...done (6473ms) 
   -calc working matrices...done (2086ms) 
   -calc level 0 ridge...done (3731ms) 
 block [374] : 1000 snps  (21264ms) 
   -residualizing and scaling genotypes...done (7265ms) 
   -calc working matrices...done (2084ms) 
   -calc level 0 ridge...done (3183ms) 
 block [375] : 1000 snps  (17839ms) 
   -residualizing and scaling genotypes...done (6595ms) 
   -calc working matrices...done (2076ms) 
   -calc level 0 ridge...done (2876ms) 
 block [376] : 1000 snps  (17949ms) 
   -residualizing and scaling genotypes...done (6793ms) 
   -calc working matrices...done (1834ms) 
   -calc level 0 ridge...done (2971ms) 
 block [377] : 1000 snps  (17842ms) 
   -residualizing and scaling genotypes...done (6890ms) 
   -calc working matrices...done (1827ms) 
   -calc level 0 ridge...done (3113ms) 
 block [378] : 1000 snps  (17806ms) 
   -residualizing and scaling genotypes...done (6522ms) 
   -calc working matrices...done (1845ms) 
   -calc level 0 ridge...done (2927ms) 
 block [379] : 1000 snps  (17244ms) 
   -residualizing and scaling genotypes...done (6646ms) 
   -calc working matrices...done (1882ms) 
   -calc level 0 ridge...done (2661ms) 
 block [380] : 1000 snps  (17930ms) 
   -residualizing and scaling genotypes...done (6455ms) 
   -calc working matrices...done (1894ms) 
   -calc level 0 ridge...done (2496ms) 
 block [381] : 1000 snps  (18102ms) 
   -residualizing and scaling genotypes...done (6786ms) 
   -calc working matrices...done (1999ms) 
   -calc level 0 ridge...done (2452ms) 
 block [382] : 1000 snps  (18691ms) 
   -residualizing and scaling genotypes...done (6703ms) 
   -calc working matrices...done (1842ms) 
   -calc level 0 ridge...done (2682ms) 
 block [383] : 1000 snps  (18222ms) 
   -residualizing and scaling genotypes...done (6666ms) 
   -calc working matrices...done (1855ms) 
   -calc level 0 ridge...done (2659ms) 
 block [384] : 1000 snps  (18125ms) 
   -residualizing and scaling genotypes...done (6908ms) 
   -calc working matrices...done (1915ms) 
   -calc level 0 ridge...done (2576ms) 
 block [385] : 1000 snps  (18267ms) 
   -residualizing and scaling genotypes...done (6901ms) 
   -calc working matrices...done (1876ms) 
   -calc level 0 ridge...done (2974ms) 
 block [386] : 1000 snps  (19622ms) 
   -residualizing and scaling genotypes...done (7335ms) 
   -calc working matrices...done (1843ms) 
   -calc level 0 ridge...done (2655ms) 
 block [387] : 1000 snps  (18636ms) 
   -residualizing and scaling genotypes...done (7010ms) 
   -calc working matrices...done (1978ms) 
   -calc level 0 ridge...done (2653ms) 
 block [388] : 1000 snps  (18660ms) 
   -residualizing and scaling genotypes...done (6955ms) 
   -calc working matrices...done (1830ms) 
   -calc level 0 ridge...done (2800ms) 
 block [389] : 106 snps  (1057ms) 
   -residualizing and scaling genotypes...done (537ms) 
   -calc working matrices...done (68ms) 
   -calc level 0 ridge...done (477ms) 
Chromosome 15
 block [390] : 1000 snps  (19918ms) 
   -residualizing and scaling genotypes...done (7427ms) 
   -calc working matrices...done (1939ms) 
   -calc level 0 ridge...done (2800ms) 
 block [391] : 1000 snps  (19589ms) 
   -residualizing and scaling genotypes...done (6990ms) 
   -calc working matrices...done (1924ms) 
   -calc level 0 ridge...done (3172ms) 
 block [392] : 1000 snps  (18664ms) 
   -residualizing and scaling genotypes...done (6700ms) 
   -calc working matrices...done (1915ms) 
   -calc level 0 ridge...done (2445ms) 
 block [393] : 1000 snps  (18573ms) 
   -residualizing and scaling genotypes...done (6689ms) 
   -calc working matrices...done (2117ms) 
   -calc level 0 ridge...done (2307ms) 
 block [394] : 1000 snps  (18785ms) 
   -residualizing and scaling genotypes...done (6556ms) 
   -calc working matrices...done (2041ms) 
   -calc level 0 ridge...done (2466ms) 
 block [395] : 1000 snps  (18414ms) 
   -residualizing and scaling genotypes...done (6560ms) 
   -calc working matrices...done (1893ms) 
   -calc level 0 ridge...done (2543ms) 
 block [396] : 1000 snps  (19010ms) 
   -residualizing and scaling genotypes...done (6692ms) 
   -calc working matrices...done (1942ms) 
   -calc level 0 ridge...done (2332ms) 
 block [397] : 1000 snps  (18869ms) 
   -residualizing and scaling genotypes...done (6780ms) 
   -calc working matrices...done (2005ms) 
   -calc level 0 ridge...done (2388ms) 
 block [398] : 1000 snps  (18994ms) 
   -residualizing and scaling genotypes...done (6929ms) 
   -calc working matrices...done (1867ms) 
   -calc level 0 ridge...done (2574ms) 
 block [399] : 1000 snps  (19009ms) 
   -residualizing and scaling genotypes...done (6857ms) 
   -calc working matrices...done (1902ms) 
   -calc level 0 ridge...done (2682ms) 
 block [400] : 1000 snps  (21676ms) 
   -residualizing and scaling genotypes...done (6842ms) 
   -calc working matrices...done (1877ms) 
   -calc level 0 ridge...done (2594ms) 
 block [401] : 1000 snps  (20635ms) 
   -residualizing and scaling genotypes...done (6955ms) 
   -calc working matrices...done (1910ms) 
   -calc level 0 ridge...done (2766ms) 
 block [402] : 1000 snps  (20712ms) 
   -residualizing and scaling genotypes...done (6434ms) 
   -calc working matrices...done (1896ms) 
   -calc level 0 ridge...done (2735ms) 
 block [403] : 1000 snps  (19638ms) 
   -residualizing and scaling genotypes...done (6439ms) 
   -calc working matrices...done (1852ms) 
   -calc level 0 ridge...done (2538ms) 
 block [404] : 1000 snps  (20641ms) 
   -residualizing and scaling genotypes...done (6587ms) 
   -calc working matrices...done (1996ms) 
   -calc level 0 ridge...done (2687ms) 
 block [405] : 386 snps  (6286ms) 
   -residualizing and scaling genotypes...done (1937ms) 
   -calc working matrices...done (369ms) 
   -calc level 0 ridge...done (814ms) 
Chromosome 16
 block [406] : 1000 snps  (16885ms) 
   -residualizing and scaling genotypes...done (6733ms) 
   -calc working matrices...done (1953ms) 
   -calc level 0 ridge...done (3652ms) 
 block [407] : 1000 snps  (17691ms) 
   -residualizing and scaling genotypes...done (6461ms) 
   -calc working matrices...done (1830ms) 
   -calc level 0 ridge...done (2926ms) 
 block [408] : 1000 snps  (17470ms) 
   -residualizing and scaling genotypes...done (6510ms) 
   -calc working matrices...done (1949ms) 
   -calc level 0 ridge...done (2402ms) 
 block [409] : 1000 snps  (18408ms) 
   -residualizing and scaling genotypes...done (6511ms) 
   -calc working matrices...done (1917ms) 
   -calc level 0 ridge...done (2824ms) 
 block [410] : 1000 snps  (18522ms) 
   -residualizing and scaling genotypes...done (6659ms) 
   -calc working matrices...done (1896ms) 
   -calc level 0 ridge...done (2513ms) 
 block [411] : 1000 snps  (17967ms) 
   -residualizing and scaling genotypes...done (6794ms) 
   -calc working matrices...done (2067ms) 
   -calc level 0 ridge...done (2702ms) 
 block [412] : 1000 snps  (21131ms) 
   -residualizing and scaling genotypes...done (7903ms) 
   -calc working matrices...done (1886ms) 
   -calc level 0 ridge...done (2654ms) 
 block [413] : 1000 snps  (18953ms) 
   -residualizing and scaling genotypes...done (6714ms) 
   -calc working matrices...done (1880ms) 
   -calc level 0 ridge...done (2507ms) 
 block [414] : 1000 snps  (18406ms) 
   -residualizing and scaling genotypes...done (6722ms) 
   -calc working matrices...done (1896ms) 
   -calc level 0 ridge...done (2466ms) 
 block [415] : 1000 snps  (18168ms) 
   -residualizing and scaling genotypes...done (6673ms) 
   -calc working matrices...done (1828ms) 
   -calc level 0 ridge...done (2522ms) 
 block [416] : 1000 snps  (17946ms) 
   -residualizing and scaling genotypes...done (6336ms) 
   -calc working matrices...done (1812ms) 
   -calc level 0 ridge...done (2533ms) 
 block [417] : 1000 snps  (18582ms) 
   -residualizing and scaling genotypes...done (6544ms) 
   -calc working matrices...done (1897ms) 
   -calc level 0 ridge...done (2591ms) 
 block [418] : 1000 snps  (19779ms) 
   -residualizing and scaling genotypes...done (6295ms) 
   -calc working matrices...done (2089ms) 
   -calc level 0 ridge...done (2554ms) 
 block [419] : 1000 snps  (17972ms) 
   -residualizing and scaling genotypes...done (6492ms) 
   -calc working matrices...done (1850ms) 
   -calc level 0 ridge...done (2425ms) 
 block [420] : 1000 snps  (18023ms) 
   -residualizing and scaling genotypes...done (6477ms) 
   -calc working matrices...done (1854ms) 
   -calc level 0 ridge...done (2340ms) 
 block [421] : 1000 snps  (18394ms) 
   -residualizing and scaling genotypes...done (6527ms) 
   -calc working matrices...done (1896ms) 
   -calc level 0 ridge...done (2699ms) 
 block [422] : 1000 snps  (18165ms) 
   -residualizing and scaling genotypes...done (6574ms) 
   -calc working matrices...done (1886ms) 
   -calc level 0 ridge...done (2604ms) 
 block [423] : 404 snps  (7309ms) 
   -residualizing and scaling genotypes...done (2188ms) 
   -calc working matrices...done (403ms) 
   -calc level 0 ridge...done (1333ms) 
Chromosome 17
 block [424] : 1000 snps  (18641ms) 
   -residualizing and scaling genotypes...done (6818ms) 
   -calc working matrices...done (1910ms) 
   -calc level 0 ridge...done (3286ms) 
 block [425] : 1000 snps  (18607ms) 
   -residualizing and scaling genotypes...done (7999ms) 
   -calc working matrices...done (1935ms) 
   -calc level 0 ridge...done (2866ms) 
 block [426] : 1000 snps  (20121ms) 
   -residualizing and scaling genotypes...done (6959ms) 
   -calc working matrices...done (2066ms) 
   -calc level 0 ridge...done (3410ms) 
 block [427] : 1000 snps  (17513ms) 
   -residualizing and scaling genotypes...done (5997ms) 
   -calc working matrices...done (1927ms) 
   -calc level 0 ridge...done (3201ms) 
 block [428] : 1000 snps  (17389ms) 
   -residualizing and scaling genotypes...done (5960ms) 
   -calc working matrices...done (1958ms) 
   -calc level 0 ridge...done (3357ms) 
 block [429] : 1000 snps  (17853ms) 
   -residualizing and scaling genotypes...done (6720ms) 
   -calc working matrices...done (1978ms) 
   -calc level 0 ridge...done (3339ms) 
 block [430] : 1000 snps  (17515ms) 
   -residualizing and scaling genotypes...done (6126ms) 
   -calc working matrices...done (1961ms) 
   -calc level 0 ridge...done (3333ms) 
 block [431] : 1000 snps  (17290ms) 
   -residualizing and scaling genotypes...done (7165ms) 
   -calc working matrices...done (1865ms) 
   -calc level 0 ridge...done (3277ms) 
 block [432] : 1000 snps  (26956ms) 
   -residualizing and scaling genotypes...done (7528ms) 
   -calc working matrices...done (2340ms) 
   -calc level 0 ridge...done (2991ms) 
 block [433] : 1000 snps  (17689ms) 
   -residualizing and scaling genotypes...done (6123ms) 
   -calc working matrices...done (1871ms) 
   -calc level 0 ridge...done (2507ms) 
 block [434] : 1000 snps  (18028ms) 
   -residualizing and scaling genotypes...done (6182ms) 
   -calc working matrices...done (1920ms) 
   -calc level 0 ridge...done (2608ms) 
 block [435] : 1000 snps  (22091ms) 
   -residualizing and scaling genotypes...done (7158ms) 
   -calc working matrices...done (1910ms) 
   -calc level 0 ridge...done (2744ms) 
 block [436] : 1000 snps  (21732ms) 
   -residualizing and scaling genotypes...done (6671ms) 
   -calc working matrices...done (1961ms) 
   -calc level 0 ridge...done (3238ms) 
 block [437] : 1000 snps  (17743ms) 
   -residualizing and scaling genotypes...done (6193ms) 
   -calc working matrices...done (1826ms) 
   -calc level 0 ridge...done (3337ms) 
 block [438] : 1000 snps  (17407ms) 
   -residualizing and scaling genotypes...done (6061ms) 
   -calc working matrices...done (2029ms) 
   -calc level 0 ridge...done (3384ms) 
 block [439] : 798 snps  (9650ms) 
   -residualizing and scaling genotypes...done (4139ms) 
   -calc working matrices...done (1273ms) 
   -calc level 0 ridge...done (2644ms) 
Chromosome 18
 block [440] : 1000 snps  (19219ms) 
   -residualizing and scaling genotypes...done (7783ms) 
   -calc working matrices...done (1829ms) 
   -calc level 0 ridge...done (2731ms) 
 block [441] : 1000 snps  (18277ms) 
   -residualizing and scaling genotypes...done (6938ms) 
   -calc working matrices...done (1894ms) 
   -calc level 0 ridge...done (2901ms) 
 block [442] : 1000 snps  (18715ms) 
   -residualizing and scaling genotypes...done (6600ms) 
   -calc working matrices...done (1852ms) 
   -calc level 0 ridge...done (2981ms) 
 block [443] : 1000 snps  (18550ms) 
   -residualizing and scaling genotypes...done (6499ms) 
   -calc working matrices...done (2018ms) 
   -calc level 0 ridge...done (2990ms) 
 block [444] : 1000 snps  (18293ms) 
   -residualizing and scaling genotypes...done (6514ms) 
   -calc working matrices...done (2364ms) 
   -calc level 0 ridge...done (2372ms) 
 block [445] : 1000 snps  (20972ms) 
   -residualizing and scaling genotypes...done (7318ms) 
   -calc working matrices...done (1873ms) 
   -calc level 0 ridge...done (2756ms) 
 block [446] : 1000 snps  (17196ms) 
   -residualizing and scaling genotypes...done (6792ms) 
   -calc working matrices...done (1817ms) 
   -calc level 0 ridge...done (2384ms) 
 block [447] : 1000 snps  (17083ms) 
   -residualizing and scaling genotypes...done (6309ms) 
   -calc working matrices...done (1952ms) 
   -calc level 0 ridge...done (2454ms) 
 block [448] : 1000 snps  (17410ms) 
   -residualizing and scaling genotypes...done (6430ms) 
   -calc working matrices...done (1845ms) 
   -calc level 0 ridge...done (2616ms) 
 block [449] : 1000 snps  (17279ms) 
   -residualizing and scaling genotypes...done (6680ms) 
   -calc working matrices...done (1844ms) 
   -calc level 0 ridge...done (2342ms) 
 block [450] : 1000 snps  (18103ms) 
   -residualizing and scaling genotypes...done (6738ms) 
   -calc working matrices...done (1818ms) 
   -calc level 0 ridge...done (2406ms) 
 block [451] : 1000 snps  (17781ms) 
   -residualizing and scaling genotypes...done (6627ms) 
   -calc working matrices...done (1972ms) 
   -calc level 0 ridge...done (2371ms) 
 block [452] : 1000 snps  (18634ms) 
   -residualizing and scaling genotypes...done (6497ms) 
   -calc working matrices...done (1827ms) 
   -calc level 0 ridge...done (2446ms) 
 block [453] : 1000 snps  (17904ms) 
   -residualizing and scaling genotypes...done (6654ms) 
   -calc working matrices...done (1828ms) 
   -calc level 0 ridge...done (2436ms) 
 block [454] : 1000 snps  (17803ms) 
   -residualizing and scaling genotypes...done (6448ms) 
   -calc working matrices...done (1816ms) 
   -calc level 0 ridge...done (2462ms) 
 block [455] : 133 snps  (1712ms) 
   -residualizing and scaling genotypes...done (626ms) 
   -calc working matrices...done (79ms) 
   -calc level 0 ridge...done (306ms) 
Chromosome 19
 block [456] : 1000 snps  (18904ms) 
   -residualizing and scaling genotypes...done (6685ms) 
   -calc working matrices...done (1915ms) 
   -calc level 0 ridge...done (3675ms) 
 block [457] : 1000 snps  (17590ms) 
   -residualizing and scaling genotypes...done (6442ms) 
   -calc working matrices...done (1889ms) 
   -calc level 0 ridge...done (2696ms) 
 block [458] : 1000 snps  (16803ms) 
   -residualizing and scaling genotypes...done (6349ms) 
   -calc working matrices...done (2035ms) 
   -calc level 0 ridge...done (2678ms) 
 block [459] : 1000 snps  (17124ms) 
   -residualizing and scaling genotypes...done (6465ms) 
   -calc working matrices...done (2092ms) 
   -calc level 0 ridge...done (2307ms) 
 block [460] : 1000 snps  (16832ms) 
   -residualizing and scaling genotypes...done (6561ms) 
   -calc working matrices...done (1920ms) 
   -calc level 0 ridge...done (2394ms) 
 block [461] : 1000 snps  (16970ms) 
   -residualizing and scaling genotypes...done (6478ms) 
   -calc working matrices...done (1893ms) 
   -calc level 0 ridge...done (2544ms) 
 block [462] : 1000 snps  (16740ms) 
   -residualizing and scaling genotypes...done (6550ms) 
   -calc working matrices...done (1859ms) 
   -calc level 0 ridge...done (2413ms) 
 block [463] : 1000 snps  (16753ms) 
   -residualizing and scaling genotypes...done (6292ms) 
   -calc working matrices...done (1840ms) 
   -calc level 0 ridge...done (2444ms) 
 block [464] : 1000 snps  (17036ms) 
   -residualizing and scaling genotypes...done (6277ms) 
   -calc working matrices...done (1885ms) 
   -calc level 0 ridge...done (2480ms) 
 block [465] : 1000 snps  (17938ms) 
   -residualizing and scaling genotypes...done (6440ms) 
   -calc working matrices...done (2013ms) 
   -calc level 0 ridge...done (2352ms) 
 block [466] : 1000 snps  (18251ms) 
   -residualizing and scaling genotypes...done (6486ms) 
   -calc working matrices...done (1904ms) 
   -calc level 0 ridge...done (2410ms) 
 block [467] : 1000 snps  (17909ms) 
   -residualizing and scaling genotypes...done (6727ms) 
   -calc working matrices...done (1966ms) 
   -calc level 0 ridge...done (2413ms) 
 block [468] : 551 snps  (7075ms) 
   -residualizing and scaling genotypes...done (2774ms) 
   -calc working matrices...done (664ms) 
   -calc level 0 ridge...done (1454ms) 
Chromosome 20
 block [469] : 1000 snps  (19084ms) 
   -residualizing and scaling genotypes...done (6857ms) 
   -calc working matrices...done (1810ms) 
   -calc level 0 ridge...done (3272ms) 
 block [470] : 1000 snps  (18943ms) 
   -residualizing and scaling genotypes...done (8071ms) 
   -calc working matrices...done (1892ms) 
   -calc level 0 ridge...done (2545ms) 
 block [471] : 1000 snps  (18497ms) 
   -residualizing and scaling genotypes...done (6664ms) 
   -calc working matrices...done (1850ms) 
   -calc level 0 ridge...done (2563ms) 
 block [472] : 1000 snps  (18517ms) 
   -residualizing and scaling genotypes...done (6725ms) 
   -calc working matrices...done (1964ms) 
   -calc level 0 ridge...done (2368ms) 
 block [473] : 1000 snps  (18842ms) 
   -residualizing and scaling genotypes...done (6481ms) 
   -calc working matrices...done (1804ms) 
   -calc level 0 ridge...done (2329ms) 
 block [474] : 1000 snps  (18615ms) 
   -residualizing and scaling genotypes...done (6693ms) 
   -calc working matrices...done (1828ms) 
   -calc level 0 ridge...done (2333ms) 
 block [475] : 1000 snps  (18567ms) 
   -residualizing and scaling genotypes...done (6778ms) 
   -calc working matrices...done (1809ms) 
   -calc level 0 ridge...done (2306ms) 
 block [476] : 1000 snps  (18403ms) 
   -residualizing and scaling genotypes...done (6567ms) 
   -calc working matrices...done (1836ms) 
   -calc level 0 ridge...done (2554ms) 
 block [477] : 1000 snps  (18500ms) 
   -residualizing and scaling genotypes...done (6447ms) 
   -calc working matrices...done (1823ms) 
   -calc level 0 ridge...done (2346ms) 
 block [478] : 1000 snps  (18681ms) 
   -residualizing and scaling genotypes...done (6430ms) 
   -calc working matrices...done (1781ms) 
   -calc level 0 ridge...done (2287ms) 
 block [479] : 1000 snps  (19053ms) 
   -residualizing and scaling genotypes...done (6707ms) 
   -calc working matrices...done (1828ms) 
   -calc level 0 ridge...done (2351ms) 
 block [480] : 1000 snps  (18887ms) 
   -residualizing and scaling genotypes...done (6695ms) 
   -calc working matrices...done (1886ms) 
   -calc level 0 ridge...done (2373ms) 
 block [481] : 1000 snps  (19723ms) 
   -residualizing and scaling genotypes...done (6507ms) 
   -calc working matrices...done (1817ms) 
   -calc level 0 ridge...done (2324ms) 
 block [482] : 299 snps  (4075ms) 
   -residualizing and scaling genotypes...done (1502ms) 
   -calc working matrices...done (270ms) 
   -calc level 0 ridge...done (694ms) 
Chromosome 21
 block [483] : 1000 snps  (18378ms) 
   -residualizing and scaling genotypes...done (6701ms) 
   -calc working matrices...done (1791ms) 
   -calc level 0 ridge...done (3184ms) 
 block [484] : 1000 snps  (17325ms) 
   -residualizing and scaling genotypes...done (6566ms) 
   -calc working matrices...done (1739ms) 
   -calc level 0 ridge...done (2270ms) 
 block [485] : 1000 snps  (17145ms) 
   -residualizing and scaling genotypes...done (6836ms) 
   -calc working matrices...done (2309ms) 
   -calc level 0 ridge...done (2319ms) 
 block [486] : 1000 snps  (17458ms) 
   -residualizing and scaling genotypes...done (6556ms) 
   -calc working matrices...done (1961ms) 
   -calc level 0 ridge...done (2443ms) 
 block [487] : 1000 snps  (16865ms) 
   -residualizing and scaling genotypes...done (6392ms) 
   -calc working matrices...done (1813ms) 
   -calc level 0 ridge...done (2397ms) 
 block [488] : 1000 snps  (17358ms) 
   -residualizing and scaling genotypes...done (6434ms) 
   -calc working matrices...done (1868ms) 
   -calc level 0 ridge...done (2437ms) 
 block [489] : 1000 snps  (17294ms) 
   -residualizing and scaling genotypes...done (6452ms) 
   -calc working matrices...done (1909ms) 
   -calc level 0 ridge...done (2489ms) 
 block [490] : 550 snps  (11088ms) 
   -residualizing and scaling genotypes...done (3417ms) 
   -calc working matrices...done (650ms) 
   -calc level 0 ridge...done (1397ms) 
Chromosome 22
 block [491] : 1000 snps  (18330ms) 
   -residualizing and scaling genotypes...done (7466ms) 
   -calc working matrices...done (2109ms) 
   -calc level 0 ridge...done (2527ms) 
 block [492] : 1000 snps  (17811ms) 
   -residualizing and scaling genotypes...done (6624ms) 
   -calc working matrices...done (1943ms) 
   -calc level 0 ridge...done (2482ms) 
 block [493] : 1000 snps  (17488ms) 
   -residualizing and scaling genotypes...done (6347ms) 
   -calc working matrices...done (2113ms) 
   -calc level 0 ridge...done (2494ms) 
 block [494] : 1000 snps  (18117ms) 
   -residualizing and scaling genotypes...done (6402ms) 
   -calc working matrices...done (1916ms) 
   -calc level 0 ridge...done (2462ms) 
 block [495] : 1000 snps  (18270ms) 
   -residualizing and scaling genotypes...done (6240ms) 
   -calc working matrices...done (1927ms) 
   -calc level 0 ridge...done (2449ms) 
 block [496] : 1000 snps  (17549ms) 
   -residualizing and scaling genotypes...done (6442ms) 
   -calc working matrices...done (1931ms) 
   -calc level 0 ridge...done (2360ms) 
 block [497] : 1000 snps  (17459ms) 
   -residualizing and scaling genotypes...done (6326ms) 
   -calc working matrices...done (1920ms) 
   -calc level 0 ridge...done (2423ms) 
 block [498] : 967 snps  (17677ms) 
   -residualizing and scaling genotypes...done (5971ms) 
   -calc working matrices...done (1902ms) 
   -calc level 0 ridge...done (3391ms) 

 Level 1 ridge...
   -on phenotype 1 (PCa)...done (18398ms) 

Output
------
phenotype 1 (PCa) : 
  0.01  : Rsq = 0.0117845, MSE = 0.988433
  0.25  : Rsq = 0.0146102, MSE = 0.986081<- min value
  0.5   : Rsq = 0.0150282, MSE = 0.986231
  0.75  : Rsq = 0.0154862, MSE = 0.986218
  0.99  : Rsq = 0.0166163, MSE = 0.986421
  * making predictions...writing LOCO predictions...done (3770ms) 

List of blup files written to: [/gpfs/home/ptseng/Torkamani_Projects/20210830_PCa_UKBB/regenie_analysis/PCa_ukb_step1_BT_pred.list]

Elapsed time : 13682.7s
End time: Fri Sep  3 00:28:50 2021

